[0.753s] Invoking command in '/home/ayush/Desktop/Learning_ROS2/ros2_ws/build/my_py_pkg': PYTHONPATH=/home/ayush/Desktop/Learning_ROS2/ros2_ws/build/my_py_pkg/prefix_override:/usr/lib/python3/dist-packages/colcon_core/task/python/colcon_distutils_commands:/home/ayush/Desktop/Learning_ROS2/ros2_ws/install/my_py_pkg/lib/python3.10/site-packages:${PYTHONPATH} /usr/bin/python3 -W ignore:setup.py install is deprecated setup.py develop --editable --build-directory /home/ayush/Desktop/Learning_ROS2/ros2_ws/build/my_py_pkg/build --no-deps symlink_data
[1.006s] running develop
[1.006s] /usr/lib/python3/dist-packages/setuptools/command/easy_install.py:158: EasyInstallDeprecationWarning: easy_install command is deprecated. Use build and pip and other standards-based tools.
[1.006s]   warnings.warn(
[1.191s] running egg_info
[1.192s] writing my_py_pkg.egg-info/PKG-INFO
[1.192s] writing dependency_links to my_py_pkg.egg-info/dependency_links.txt
[1.192s] writing entry points to my_py_pkg.egg-info/entry_points.txt
[1.192s] writing requirements to my_py_pkg.egg-info/requires.txt
[1.192s] writing top-level names to my_py_pkg.egg-info/top_level.txt
[1.195s] reading manifest file 'my_py_pkg.egg-info/SOURCES.txt'
[1.198s] writing manifest file 'my_py_pkg.egg-info/SOURCES.txt'
[1.270s] running build_ext
[1.270s] Creating /home/ayush/Desktop/Learning_ROS2/ros2_ws/install/my_py_pkg/lib/python3.10/site-packages/my-py-pkg.egg-link (link to .)
[1.271s] Installing py_node script to /home/ayush/Desktop/Learning_ROS2/ros2_ws/install/my_py_pkg/lib/my_py_pkg
[1.271s] Installing robot_news_station script to /home/ayush/Desktop/Learning_ROS2/ros2_ws/install/my_py_pkg/lib/my_py_pkg
[1.272s] 
[1.272s] Installed /home/ayush/Desktop/Learning_ROS2/ros2_ws/build/my_py_pkg
[1.272s] running symlink_data
[1.297s] Invoked command in '/home/ayush/Desktop/Learning_ROS2/ros2_ws/build/my_py_pkg' returned '0': PYTHONPATH=/home/ayush/Desktop/Learning_ROS2/ros2_ws/build/my_py_pkg/prefix_override:/usr/lib/python3/dist-packages/colcon_core/task/python/colcon_distutils_commands:/home/ayush/Desktop/Learning_ROS2/ros2_ws/install/my_py_pkg/lib/python3.10/site-packages:${PYTHONPATH} /usr/bin/python3 -W ignore:setup.py install is deprecated setup.py develop --editable --build-directory /home/ayush/Desktop/Learning_ROS2/ros2_ws/build/my_py_pkg/build --no-deps symlink_data
