[1.215s] Invoking command in '/home/ayush/Desktop/Learning_ROS2/ros2_ws/src/my_py_pkg': AMENT_PREFIX_PATH=/home/ayush/Desktop/Learning_ROS2/install/my_robot_interfaces:${AMENT_PREFIX_PATH} CMAKE_PREFIX_PATH=/home/ayush/Desktop/Learning_ROS2/install/my_robot_interfaces:${CMAKE_PREFIX_PATH} LD_LIBRARY_PATH=/home/ayush/Desktop/Learning_ROS2/install/my_robot_interfaces/lib:${LD_LIBRARY_PATH} PYTHONPATH=/home/ayush/Desktop/Learning_ROS2/build/my_py_pkg/prefix_override:/usr/lib/python3/dist-packages/colcon_core/task/python/colcon_distutils_commands:/home/ayush/Desktop/Learning_ROS2/install/my_py_pkg/lib/python3.10/site-packages:/home/ayush/Desktop/Learning_ROS2/install/my_robot_interfaces/local/lib/python3.10/dist-packages:${PYTHONPATH} /usr/bin/python3 -W ignore:setup.py install is deprecated setup.py egg_info --egg-base ../../../build/my_py_pkg build --build-base /home/ayush/Desktop/Learning_ROS2/build/my_py_pkg/build install --record /home/ayush/Desktop/Learning_ROS2/build/my_py_pkg/install.log --single-version-externally-managed install_data
[1.498s] running egg_info
[1.498s] creating ../../../build/my_py_pkg/my_py_pkg.egg-info
[1.499s] writing ../../../build/my_py_pkg/my_py_pkg.egg-info/PKG-INFO
[1.499s] writing dependency_links to ../../../build/my_py_pkg/my_py_pkg.egg-info/dependency_links.txt
[1.499s] writing entry points to ../../../build/my_py_pkg/my_py_pkg.egg-info/entry_points.txt
[1.499s] writing requirements to ../../../build/my_py_pkg/my_py_pkg.egg-info/requires.txt
[1.499s] writing top-level names to ../../../build/my_py_pkg/my_py_pkg.egg-info/top_level.txt
[1.499s] writing manifest file '../../../build/my_py_pkg/my_py_pkg.egg-info/SOURCES.txt'
[1.501s] reading manifest file '../../../build/my_py_pkg/my_py_pkg.egg-info/SOURCES.txt'
[1.502s] writing manifest file '../../../build/my_py_pkg/my_py_pkg.egg-info/SOURCES.txt'
[1.502s] running build
[1.502s] running build_py
[1.502s] creating /home/ayush/Desktop/Learning_ROS2/build/my_py_pkg/build
[1.503s] creating /home/ayush/Desktop/Learning_ROS2/build/my_py_pkg/build/lib
[1.503s] creating /home/ayush/Desktop/Learning_ROS2/build/my_py_pkg/build/lib/my_py_pkg
[1.503s] copying my_py_pkg/add_two_ints_client_no_oop.py -> /home/ayush/Desktop/Learning_ROS2/build/my_py_pkg/build/lib/my_py_pkg
[1.503s] copying my_py_pkg/add_two_ints_client.py -> /home/ayush/Desktop/Learning_ROS2/build/my_py_pkg/build/lib/my_py_pkg
[1.503s] copying my_py_pkg/robot_news_station.py -> /home/ayush/Desktop/Learning_ROS2/build/my_py_pkg/build/lib/my_py_pkg
[1.503s] copying my_py_pkg/smartphone.py -> /home/ayush/Desktop/Learning_ROS2/build/my_py_pkg/build/lib/my_py_pkg
[1.503s] copying my_py_pkg/number_counter.py -> /home/ayush/Desktop/Learning_ROS2/build/my_py_pkg/build/lib/my_py_pkg
[1.504s] copying my_py_pkg/template_node.py -> /home/ayush/Desktop/Learning_ROS2/build/my_py_pkg/build/lib/my_py_pkg
[1.504s] copying my_py_pkg/led_status_node.py -> /home/ayush/Desktop/Learning_ROS2/build/my_py_pkg/build/lib/my_py_pkg
[1.504s] copying my_py_pkg/my_first_node.py -> /home/ayush/Desktop/Learning_ROS2/build/my_py_pkg/build/lib/my_py_pkg
[1.504s] copying my_py_pkg/hw_status_publisher.py -> /home/ayush/Desktop/Learning_ROS2/build/my_py_pkg/build/lib/my_py_pkg
[1.504s] copying my_py_pkg/add_two_ints_server.py -> /home/ayush/Desktop/Learning_ROS2/build/my_py_pkg/build/lib/my_py_pkg
[1.504s] copying my_py_pkg/__init__.py -> /home/ayush/Desktop/Learning_ROS2/build/my_py_pkg/build/lib/my_py_pkg
[1.504s] copying my_py_pkg/battery.py -> /home/ayush/Desktop/Learning_ROS2/build/my_py_pkg/build/lib/my_py_pkg
[1.505s] running install
[1.505s] running install_lib
[1.506s] creating /home/ayush/Desktop/Learning_ROS2/install/my_py_pkg/lib/python3.10/site-packages/my_py_pkg
[1.506s] copying /home/ayush/Desktop/Learning_ROS2/build/my_py_pkg/build/lib/my_py_pkg/add_two_ints_client_no_oop.py -> /home/ayush/Desktop/Learning_ROS2/install/my_py_pkg/lib/python3.10/site-packages/my_py_pkg
[1.507s] copying /home/ayush/Desktop/Learning_ROS2/build/my_py_pkg/build/lib/my_py_pkg/add_two_ints_client.py -> /home/ayush/Desktop/Learning_ROS2/install/my_py_pkg/lib/python3.10/site-packages/my_py_pkg
[1.507s] copying /home/ayush/Desktop/Learning_ROS2/build/my_py_pkg/build/lib/my_py_pkg/robot_news_station.py -> /home/ayush/Desktop/Learning_ROS2/install/my_py_pkg/lib/python3.10/site-packages/my_py_pkg
[1.507s] copying /home/ayush/Desktop/Learning_ROS2/build/my_py_pkg/build/lib/my_py_pkg/smartphone.py -> /home/ayush/Desktop/Learning_ROS2/install/my_py_pkg/lib/python3.10/site-packages/my_py_pkg
[1.507s] copying /home/ayush/Desktop/Learning_ROS2/build/my_py_pkg/build/lib/my_py_pkg/number_counter.py -> /home/ayush/Desktop/Learning_ROS2/install/my_py_pkg/lib/python3.10/site-packages/my_py_pkg
[1.507s] copying /home/ayush/Desktop/Learning_ROS2/build/my_py_pkg/build/lib/my_py_pkg/template_node.py -> /home/ayush/Desktop/Learning_ROS2/install/my_py_pkg/lib/python3.10/site-packages/my_py_pkg
[1.507s] copying /home/ayush/Desktop/Learning_ROS2/build/my_py_pkg/build/lib/my_py_pkg/led_status_node.py -> /home/ayush/Desktop/Learning_ROS2/install/my_py_pkg/lib/python3.10/site-packages/my_py_pkg
[1.508s] copying /home/ayush/Desktop/Learning_ROS2/build/my_py_pkg/build/lib/my_py_pkg/my_first_node.py -> /home/ayush/Desktop/Learning_ROS2/install/my_py_pkg/lib/python3.10/site-packages/my_py_pkg
[1.508s] copying /home/ayush/Desktop/Learning_ROS2/build/my_py_pkg/build/lib/my_py_pkg/hw_status_publisher.py -> /home/ayush/Desktop/Learning_ROS2/install/my_py_pkg/lib/python3.10/site-packages/my_py_pkg
[1.508s] copying /home/ayush/Desktop/Learning_ROS2/build/my_py_pkg/build/lib/my_py_pkg/add_two_ints_server.py -> /home/ayush/Desktop/Learning_ROS2/install/my_py_pkg/lib/python3.10/site-packages/my_py_pkg
[1.508s] copying /home/ayush/Desktop/Learning_ROS2/build/my_py_pkg/build/lib/my_py_pkg/__init__.py -> /home/ayush/Desktop/Learning_ROS2/install/my_py_pkg/lib/python3.10/site-packages/my_py_pkg
[1.508s] copying /home/ayush/Desktop/Learning_ROS2/build/my_py_pkg/build/lib/my_py_pkg/battery.py -> /home/ayush/Desktop/Learning_ROS2/install/my_py_pkg/lib/python3.10/site-packages/my_py_pkg
[1.508s] byte-compiling /home/ayush/Desktop/Learning_ROS2/install/my_py_pkg/lib/python3.10/site-packages/my_py_pkg/add_two_ints_client_no_oop.py to add_two_ints_client_no_oop.cpython-310.pyc
[1.509s] byte-compiling /home/ayush/Desktop/Learning_ROS2/install/my_py_pkg/lib/python3.10/site-packages/my_py_pkg/add_two_ints_client.py to add_two_ints_client.cpython-310.pyc
[1.509s] byte-compiling /home/ayush/Desktop/Learning_ROS2/install/my_py_pkg/lib/python3.10/site-packages/my_py_pkg/robot_news_station.py to robot_news_station.cpython-310.pyc
[1.510s] byte-compiling /home/ayush/Desktop/Learning_ROS2/install/my_py_pkg/lib/python3.10/site-packages/my_py_pkg/smartphone.py to smartphone.cpython-310.pyc
[1.510s] byte-compiling /home/ayush/Desktop/Learning_ROS2/install/my_py_pkg/lib/python3.10/site-packages/my_py_pkg/number_counter.py to number_counter.cpython-310.pyc
[1.510s] byte-compiling /home/ayush/Desktop/Learning_ROS2/install/my_py_pkg/lib/python3.10/site-packages/my_py_pkg/template_node.py to template_node.cpython-310.pyc
[1.511s] byte-compiling /home/ayush/Desktop/Learning_ROS2/install/my_py_pkg/lib/python3.10/site-packages/my_py_pkg/led_status_node.py to led_status_node.cpython-310.pyc
[1.511s] byte-compiling /home/ayush/Desktop/Learning_ROS2/install/my_py_pkg/lib/python3.10/site-packages/my_py_pkg/my_first_node.py to my_first_node.cpython-310.pyc
[1.512s] byte-compiling /home/ayush/Desktop/Learning_ROS2/install/my_py_pkg/lib/python3.10/site-packages/my_py_pkg/hw_status_publisher.py to hw_status_publisher.cpython-310.pyc
[1.512s] byte-compiling /home/ayush/Desktop/Learning_ROS2/install/my_py_pkg/lib/python3.10/site-packages/my_py_pkg/add_two_ints_server.py to add_two_ints_server.cpython-310.pyc
[1.512s] byte-compiling /home/ayush/Desktop/Learning_ROS2/install/my_py_pkg/lib/python3.10/site-packages/my_py_pkg/__init__.py to __init__.cpython-310.pyc
[1.513s] byte-compiling /home/ayush/Desktop/Learning_ROS2/install/my_py_pkg/lib/python3.10/site-packages/my_py_pkg/battery.py to battery.cpython-310.pyc
[1.513s] running install_data
[1.513s] creating /home/ayush/Desktop/Learning_ROS2/install/my_py_pkg/share/ament_index
[1.514s] creating /home/ayush/Desktop/Learning_ROS2/install/my_py_pkg/share/ament_index/resource_index
[1.514s] creating /home/ayush/Desktop/Learning_ROS2/install/my_py_pkg/share/ament_index/resource_index/packages
[1.514s] copying resource/my_py_pkg -> /home/ayush/Desktop/Learning_ROS2/install/my_py_pkg/share/ament_index/resource_index/packages
[1.514s] copying package.xml -> /home/ayush/Desktop/Learning_ROS2/install/my_py_pkg/share/my_py_pkg
[1.514s] running install_egg_info
[1.515s] Copying ../../../build/my_py_pkg/my_py_pkg.egg-info to /home/ayush/Desktop/Learning_ROS2/install/my_py_pkg/lib/python3.10/site-packages/my_py_pkg-0.0.0-py3.10.egg-info
[1.516s] running install_scripts
[1.552s] Installing add_two_ints_client script to /home/ayush/Desktop/Learning_ROS2/install/my_py_pkg/lib/my_py_pkg
[1.552s] Installing add_two_ints_client_no_oop script to /home/ayush/Desktop/Learning_ROS2/install/my_py_pkg/lib/my_py_pkg
[1.553s] Installing add_two_ints_server script to /home/ayush/Desktop/Learning_ROS2/install/my_py_pkg/lib/my_py_pkg
[1.553s] Installing battery_node script to /home/ayush/Desktop/Learning_ROS2/install/my_py_pkg/lib/my_py_pkg
[1.553s] Installing hw_status_publisher script to /home/ayush/Desktop/Learning_ROS2/install/my_py_pkg/lib/my_py_pkg
[1.553s] Installing led_status_node script to /home/ayush/Desktop/Learning_ROS2/install/my_py_pkg/lib/my_py_pkg
[1.553s] Installing number_counter script to /home/ayush/Desktop/Learning_ROS2/install/my_py_pkg/lib/my_py_pkg
[1.553s] Installing py_node script to /home/ayush/Desktop/Learning_ROS2/install/my_py_pkg/lib/my_py_pkg
[1.553s] Installing robot_news_station script to /home/ayush/Desktop/Learning_ROS2/install/my_py_pkg/lib/my_py_pkg
[1.554s] Installing smartphone script to /home/ayush/Desktop/Learning_ROS2/install/my_py_pkg/lib/my_py_pkg
[1.554s] writing list of installed files to '/home/ayush/Desktop/Learning_ROS2/build/my_py_pkg/install.log'
[1.577s] Invoked command in '/home/ayush/Desktop/Learning_ROS2/ros2_ws/src/my_py_pkg' returned '0': AMENT_PREFIX_PATH=/home/ayush/Desktop/Learning_ROS2/install/my_robot_interfaces:${AMENT_PREFIX_PATH} CMAKE_PREFIX_PATH=/home/ayush/Desktop/Learning_ROS2/install/my_robot_interfaces:${CMAKE_PREFIX_PATH} LD_LIBRARY_PATH=/home/ayush/Desktop/Learning_ROS2/install/my_robot_interfaces/lib:${LD_LIBRARY_PATH} PYTHONPATH=/home/ayush/Desktop/Learning_ROS2/build/my_py_pkg/prefix_override:/usr/lib/python3/dist-packages/colcon_core/task/python/colcon_distutils_commands:/home/ayush/Desktop/Learning_ROS2/install/my_py_pkg/lib/python3.10/site-packages:/home/ayush/Desktop/Learning_ROS2/install/my_robot_interfaces/local/lib/python3.10/dist-packages:${PYTHONPATH} /usr/bin/python3 -W ignore:setup.py install is deprecated setup.py egg_info --egg-base ../../../build/my_py_pkg build --build-base /home/ayush/Desktop/Learning_ROS2/build/my_py_pkg/build install --record /home/ayush/Desktop/Learning_ROS2/build/my_py_pkg/install.log --single-version-externally-managed install_data
