[0.009s] Invoking command in '/home/ayush/Desktop/Learning_ROS2/ros2_ws/build/my_cpp_pkg': CMAKE_PREFIX_PATH=${CMAKE_PREFIX_PATH}:/home/ayush/Desktop/Learning_ROS2/ros2_ws/install/my_py_pkg:/opt/ros/humble /usr/bin/cmake --build /home/ayush/Desktop/Learning_ROS2/ros2_ws/build/my_cpp_pkg -- -j8 -l8
[0.058s] [35m[1mConsolidate compiler generated dependencies of target hw_status_cpp[0m
[0.073s] [ 25%] Built target robot_news_station
[0.073s] [ 50%] Built target smartphone
[0.075s] [ 75%] Built target cpp_node
[0.080s] [100%] Built target hw_status_cpp
[0.092s] Invoked command in '/home/ayush/Desktop/Learning_ROS2/ros2_ws/build/my_cpp_pkg' returned '0': CMAKE_PREFIX_PATH=${CMAKE_PREFIX_PATH}:/home/ayush/Desktop/Learning_ROS2/ros2_ws/install/my_py_pkg:/opt/ros/humble /usr/bin/cmake --build /home/ayush/Desktop/Learning_ROS2/ros2_ws/build/my_cpp_pkg -- -j8 -l8
[0.128s] Invoking command in '/home/ayush/Desktop/Learning_ROS2/ros2_ws/build/my_cpp_pkg': CMAKE_PREFIX_PATH=${CMAKE_PREFIX_PATH}:/home/ayush/Desktop/Learning_ROS2/ros2_ws/install/my_py_pkg:/opt/ros/humble /usr/bin/cmake --install /home/ayush/Desktop/Learning_ROS2/ros2_ws/build/my_cpp_pkg
[0.135s] -- Install configuration: ""
[0.135s] -- Execute custom install script
[0.136s] -- Up-to-date symlink: /home/ayush/Desktop/Learning_ROS2/ros2_ws/install/my_cpp_pkg/lib/my_cpp_pkg/cpp_node
[0.136s] -- Up-to-date symlink: /home/ayush/Desktop/Learning_ROS2/ros2_ws/install/my_cpp_pkg/lib/my_cpp_pkg/robot_news_station
[0.136s] -- Up-to-date symlink: /home/ayush/Desktop/Learning_ROS2/ros2_ws/install/my_cpp_pkg/lib/my_cpp_pkg/smartphone
[0.136s] -- Up-to-date symlink: /home/ayush/Desktop/Learning_ROS2/ros2_ws/install/my_cpp_pkg/share/ament_index/resource_index/package_run_dependencies/my_cpp_pkg
[0.136s] -- Up-to-date symlink: /home/ayush/Desktop/Learning_ROS2/ros2_ws/install/my_cpp_pkg/share/ament_index/resource_index/parent_prefix_path/my_cpp_pkg
[0.136s] -- Up-to-date symlink: /home/ayush/Desktop/Learning_ROS2/ros2_ws/install/my_cpp_pkg/share/my_cpp_pkg/environment/ament_prefix_path.sh
[0.137s] -- Up-to-date symlink: /home/ayush/Desktop/Learning_ROS2/ros2_ws/install/my_cpp_pkg/share/my_cpp_pkg/environment/ament_prefix_path.dsv
[0.137s] -- Up-to-date symlink: /home/ayush/Desktop/Learning_ROS2/ros2_ws/install/my_cpp_pkg/share/my_cpp_pkg/environment/path.sh
[0.137s] -- Up-to-date symlink: /home/ayush/Desktop/Learning_ROS2/ros2_ws/install/my_cpp_pkg/share/my_cpp_pkg/environment/path.dsv
[0.137s] -- Up-to-date symlink: /home/ayush/Desktop/Learning_ROS2/ros2_ws/install/my_cpp_pkg/share/my_cpp_pkg/local_setup.bash
[0.137s] -- Up-to-date symlink: /home/ayush/Desktop/Learning_ROS2/ros2_ws/install/my_cpp_pkg/share/my_cpp_pkg/local_setup.sh
[0.137s] -- Up-to-date symlink: /home/ayush/Desktop/Learning_ROS2/ros2_ws/install/my_cpp_pkg/share/my_cpp_pkg/local_setup.zsh
[0.138s] -- Up-to-date symlink: /home/ayush/Desktop/Learning_ROS2/ros2_ws/install/my_cpp_pkg/share/my_cpp_pkg/local_setup.dsv
[0.138s] -- Symlinking: /home/ayush/Desktop/Learning_ROS2/ros2_ws/install/my_cpp_pkg/share/my_cpp_pkg/package.dsv
[0.146s] -- Up-to-date symlink: /home/ayush/Desktop/Learning_ROS2/ros2_ws/install/my_cpp_pkg/share/ament_index/resource_index/packages/my_cpp_pkg
[0.147s] -- Up-to-date symlink: /home/ayush/Desktop/Learning_ROS2/ros2_ws/install/my_cpp_pkg/share/my_cpp_pkg/cmake/my_cpp_pkgConfig.cmake
[0.147s] -- Up-to-date symlink: /home/ayush/Desktop/Learning_ROS2/ros2_ws/install/my_cpp_pkg/share/my_cpp_pkg/cmake/my_cpp_pkgConfig-version.cmake
[0.147s] -- Up-to-date symlink: /home/ayush/Desktop/Learning_ROS2/ros2_ws/install/my_cpp_pkg/share/my_cpp_pkg/package.xml
[0.149s] Invoked command in '/home/ayush/Desktop/Learning_ROS2/ros2_ws/build/my_cpp_pkg' returned '0': CMAKE_PREFIX_PATH=${CMAKE_PREFIX_PATH}:/home/ayush/Desktop/Learning_ROS2/ros2_ws/install/my_py_pkg:/opt/ros/humble /usr/bin/cmake --install /home/ayush/Desktop/Learning_ROS2/ros2_ws/build/my_cpp_pkg
