running egg_info
writing ../../build/turtlesim_project/turtlesim_project.egg-info/PKG-INFO
writing dependency_links to ../../build/turtlesim_project/turtlesim_project.egg-info/dependency_links.txt
writing entry points to ../../build/turtlesim_project/turtlesim_project.egg-info/entry_points.txt
writing requirements to ../../build/turtlesim_project/turtlesim_project.egg-info/requires.txt
writing top-level names to ../../build/turtlesim_project/turtlesim_project.egg-info/top_level.txt
reading manifest file '../../build/turtlesim_project/turtlesim_project.egg-info/SOURCES.txt'
writing manifest file '../../build/turtlesim_project/turtlesim_project.egg-info/SOURCES.txt'
running build
running build_py
copying turtlesim_project/turtle_spawner.py -> /home/ayush/Desktop/Learning_ROS2/ros2_ws/build/turtlesim_project/build/lib/turtlesim_project
running install
running install_lib
copying /home/ayush/Desktop/Learning_ROS2/ros2_ws/build/turtlesim_project/build/lib/turtlesim_project/turtle_spawner.py -> /home/ayush/Desktop/Learning_ROS2/ros2_ws/install/turtlesim_project/lib/python3.10/site-packages/turtlesim_project
byte-compiling /home/ayush/Desktop/Learning_ROS2/ros2_ws/install/turtlesim_project/lib/python3.10/site-packages/turtlesim_project/turtle_spawner.py to turtle_spawner.cpython-310.pyc
running install_data
running install_egg_info
removing '/home/ayush/Desktop/Learning_ROS2/ros2_ws/install/turtlesim_project/lib/python3.10/site-packages/turtlesim_project-0.0.0-py3.10.egg-info' (and everything under it)
Copying ../../build/turtlesim_project/turtlesim_project.egg-info to /home/ayush/Desktop/Learning_ROS2/ros2_ws/install/turtlesim_project/lib/python3.10/site-packages/turtlesim_project-0.0.0-py3.10.egg-info
running install_scripts
Installing turtle_controller script to /home/ayush/Desktop/Learning_ROS2/ros2_ws/install/turtlesim_project/lib/turtlesim_project
Installing turtle_spawner script to /home/ayush/Desktop/Learning_ROS2/ros2_ws/install/turtlesim_project/lib/turtlesim_project
writing list of installed files to '/home/ayush/Desktop/Learning_ROS2/ros2_ws/build/turtlesim_project/install.log'
