[0.657s] Invoking command in '/home/ayush/Desktop/Learning_ROS2/ros2_ws/build/turtlesim_project': PYTHONPATH=/home/ayush/Desktop/Learning_ROS2/ros2_ws/build/turtlesim_project/prefix_override:/usr/lib/python3/dist-packages/colcon_core/task/python/colcon_distutils_commands:/home/ayush/Desktop/Learning_ROS2/ros2_ws/install/turtlesim_project/lib/python3.10/site-packages:${PYTHONPATH} /usr/bin/python3 -W ignore:setup.py install is deprecated setup.py develop --editable --build-directory /home/ayush/Desktop/Learning_ROS2/ros2_ws/build/turtlesim_project/build --no-deps symlink_data --force
[0.942s] running develop
[0.942s] /usr/lib/python3/dist-packages/setuptools/command/easy_install.py:158: EasyInstallDeprecationWarning: easy_install command is deprecated. Use build and pip and other standards-based tools.
[0.942s]   warnings.warn(
[1.166s] running egg_info
[1.167s] writing turtlesim_project.egg-info/PKG-INFO
[1.167s] writing dependency_links to turtlesim_project.egg-info/dependency_links.txt
[1.167s] writing entry points to turtlesim_project.egg-info/entry_points.txt
[1.167s] writing requirements to turtlesim_project.egg-info/requires.txt
[1.168s] writing top-level names to turtlesim_project.egg-info/top_level.txt
[1.170s] reading manifest file 'turtlesim_project.egg-info/SOURCES.txt'
[1.173s] writing manifest file 'turtlesim_project.egg-info/SOURCES.txt'
[1.237s] running build_ext
[1.237s] Creating /home/ayush/Desktop/Learning_ROS2/ros2_ws/install/turtlesim_project/lib/python3.10/site-packages/turtlesim-project.egg-link (link to .)
[1.238s] Installing turtle_controller script to /home/ayush/Desktop/Learning_ROS2/ros2_ws/install/turtlesim_project/lib/turtlesim_project
[1.238s] 
[1.239s] Installed /home/ayush/Desktop/Learning_ROS2/ros2_ws/build/turtlesim_project
[1.239s] running symlink_data
[1.239s] symbolically linking /home/ayush/Desktop/Learning_ROS2/ros2_ws/build/turtlesim_project/resource/turtlesim_project -> /home/ayush/Desktop/Learning_ROS2/ros2_ws/install/turtlesim_project/share/ament_index/resource_index/packages
[1.240s] symbolically linking /home/ayush/Desktop/Learning_ROS2/ros2_ws/build/turtlesim_project/package.xml -> /home/ayush/Desktop/Learning_ROS2/ros2_ws/install/turtlesim_project/share/turtlesim_project
[1.271s] Invoked command in '/home/ayush/Desktop/Learning_ROS2/ros2_ws/build/turtlesim_project' returned '0': PYTHONPATH=/home/ayush/Desktop/Learning_ROS2/ros2_ws/build/turtlesim_project/prefix_override:/usr/lib/python3/dist-packages/colcon_core/task/python/colcon_distutils_commands:/home/ayush/Desktop/Learning_ROS2/ros2_ws/install/turtlesim_project/lib/python3.10/site-packages:${PYTHONPATH} /usr/bin/python3 -W ignore:setup.py install is deprecated setup.py develop --editable --build-directory /home/ayush/Desktop/Learning_ROS2/ros2_ws/build/turtlesim_project/build --no-deps symlink_data --force
