[0.758s] Invoking command in '/home/ayush/Desktop/Learning_ROS2/ros2_ws/src/my_py_pkg': PYTHONPATH=/home/ayush/Desktop/Learning_ROS2/ros2_ws/build/my_py_pkg/prefix_override:/usr/lib/python3/dist-packages/colcon_core/task/python/colcon_distutils_commands:/home/ayush/Desktop/Learning_ROS2/ros2_ws/install/my_py_pkg/lib/python3.10/site-packages:${PYTHONPATH} /usr/bin/python3 -W ignore:setup.py install is deprecated setup.py egg_info --egg-base ../../build/my_py_pkg build --build-base /home/ayush/Desktop/Learning_ROS2/ros2_ws/build/my_py_pkg/build install --record /home/ayush/Desktop/Learning_ROS2/ros2_ws/build/my_py_pkg/install.log --single-version-externally-managed install_data
[1.030s] running egg_info
[1.030s] creating ../../build/my_py_pkg/my_py_pkg.egg-info
[1.030s] writing ../../build/my_py_pkg/my_py_pkg.egg-info/PKG-INFO
[1.031s] writing dependency_links to ../../build/my_py_pkg/my_py_pkg.egg-info/dependency_links.txt
[1.031s] writing entry points to ../../build/my_py_pkg/my_py_pkg.egg-info/entry_points.txt
[1.031s] writing requirements to ../../build/my_py_pkg/my_py_pkg.egg-info/requires.txt
[1.031s] writing top-level names to ../../build/my_py_pkg/my_py_pkg.egg-info/top_level.txt
[1.031s] writing manifest file '../../build/my_py_pkg/my_py_pkg.egg-info/SOURCES.txt'
[1.033s] reading manifest file '../../build/my_py_pkg/my_py_pkg.egg-info/SOURCES.txt'
[1.034s] writing manifest file '../../build/my_py_pkg/my_py_pkg.egg-info/SOURCES.txt'
[1.034s] running build
[1.034s] running build_py
[1.035s] creating /home/ayush/Desktop/Learning_ROS2/ros2_ws/build/my_py_pkg/build
[1.035s] creating /home/ayush/Desktop/Learning_ROS2/ros2_ws/build/my_py_pkg/build/lib
[1.035s] creating /home/ayush/Desktop/Learning_ROS2/ros2_ws/build/my_py_pkg/build/lib/my_py_pkg
[1.035s] copying my_py_pkg/__init__.py -> /home/ayush/Desktop/Learning_ROS2/ros2_ws/build/my_py_pkg/build/lib/my_py_pkg
[1.035s] running install
[1.035s] running install_lib
[1.036s] creating /home/ayush/Desktop/Learning_ROS2/ros2_ws/install/my_py_pkg/lib/python3.10/site-packages/my_py_pkg
[1.036s] copying /home/ayush/Desktop/Learning_ROS2/ros2_ws/build/my_py_pkg/build/lib/my_py_pkg/__init__.py -> /home/ayush/Desktop/Learning_ROS2/ros2_ws/install/my_py_pkg/lib/python3.10/site-packages/my_py_pkg
[1.036s] byte-compiling /home/ayush/Desktop/Learning_ROS2/ros2_ws/install/my_py_pkg/lib/python3.10/site-packages/my_py_pkg/__init__.py to __init__.cpython-310.pyc
[1.036s] running install_data
[1.036s] creating /home/ayush/Desktop/Learning_ROS2/ros2_ws/install/my_py_pkg/share/ament_index
[1.037s] creating /home/ayush/Desktop/Learning_ROS2/ros2_ws/install/my_py_pkg/share/ament_index/resource_index
[1.037s] creating /home/ayush/Desktop/Learning_ROS2/ros2_ws/install/my_py_pkg/share/ament_index/resource_index/packages
[1.037s] copying resource/my_py_pkg -> /home/ayush/Desktop/Learning_ROS2/ros2_ws/install/my_py_pkg/share/ament_index/resource_index/packages
[1.037s] copying package.xml -> /home/ayush/Desktop/Learning_ROS2/ros2_ws/install/my_py_pkg/share/my_py_pkg
[1.037s] running install_egg_info
[1.039s] Copying ../../build/my_py_pkg/my_py_pkg.egg-info to /home/ayush/Desktop/Learning_ROS2/ros2_ws/install/my_py_pkg/lib/python3.10/site-packages/my_py_pkg-0.0.0-py3.10.egg-info
[1.040s] running install_scripts
[1.061s] writing list of installed files to '/home/ayush/Desktop/Learning_ROS2/ros2_ws/build/my_py_pkg/install.log'
[1.081s] Invoked command in '/home/ayush/Desktop/Learning_ROS2/ros2_ws/src/my_py_pkg' returned '0': PYTHONPATH=/home/ayush/Desktop/Learning_ROS2/ros2_ws/build/my_py_pkg/prefix_override:/usr/lib/python3/dist-packages/colcon_core/task/python/colcon_distutils_commands:/home/ayush/Desktop/Learning_ROS2/ros2_ws/install/my_py_pkg/lib/python3.10/site-packages:${PYTHONPATH} /usr/bin/python3 -W ignore:setup.py install is deprecated setup.py egg_info --egg-base ../../build/my_py_pkg build --build-base /home/ayush/Desktop/Learning_ROS2/ros2_ws/build/my_py_pkg/build install --record /home/ayush/Desktop/Learning_ROS2/ros2_ws/build/my_py_pkg/install.log --single-version-externally-managed install_data
