[0.016s] Invoking command in '/home/ayush/Desktop/Learning_ROS2/ros2_ws/build/my_cpp_pkg': CMAKE_PREFIX_PATH=${CMAKE_PREFIX_PATH}:/opt/ros/humble /usr/bin/cmake --build /home/ayush/Desktop/Learning_ROS2/ros2_ws/build/my_cpp_pkg -- -j8 -l8
[0.070s] [35m[1mConsolidate compiler generated dependencies of target robot_news_station[0m
[0.070s] [35m[1mConsolidate compiler generated dependencies of target cpp_node[0m
[0.071s] [35m[1mConsolidate compiler generated dependencies of target smartphone[0m
[0.105s] [ 33%] Built target robot_news_station
[0.110s] [ 66%] Built target smartphone
[0.128s] [100%] Built target cpp_node
[0.147s] Invoked command in '/home/ayush/Desktop/Learning_ROS2/ros2_ws/build/my_cpp_pkg' returned '0': CMAKE_PREFIX_PATH=${CMAKE_PREFIX_PATH}:/opt/ros/humble /usr/bin/cmake --build /home/ayush/Desktop/Learning_ROS2/ros2_ws/build/my_cpp_pkg -- -j8 -l8
[0.202s] Invoking command in '/home/ayush/Desktop/Learning_ROS2/ros2_ws/build/my_cpp_pkg': CMAKE_PREFIX_PATH=${CMAKE_PREFIX_PATH}:/opt/ros/humble /usr/bin/cmake --install /home/ayush/Desktop/Learning_ROS2/ros2_ws/build/my_cpp_pkg
[0.214s] -- Install configuration: ""
[0.214s] -- Execute custom install script
[0.215s] -- Up-to-date symlink: /home/ayush/Desktop/Learning_ROS2/ros2_ws/install/my_cpp_pkg/lib/my_cpp_pkg/cpp_node
[0.215s] -- Up-to-date symlink: /home/ayush/Desktop/Learning_ROS2/ros2_ws/install/my_cpp_pkg/lib/my_cpp_pkg/robot_news_station
[0.216s] -- Up-to-date symlink: /home/ayush/Desktop/Learning_ROS2/ros2_ws/install/my_cpp_pkg/lib/my_cpp_pkg/smartphone
[0.217s] -- Up-to-date symlink: /home/ayush/Desktop/Learning_ROS2/ros2_ws/install/my_cpp_pkg/share/ament_index/resource_index/package_run_dependencies/my_cpp_pkg
[0.217s] -- Up-to-date symlink: /home/ayush/Desktop/Learning_ROS2/ros2_ws/install/my_cpp_pkg/share/ament_index/resource_index/parent_prefix_path/my_cpp_pkg
[0.217s] -- Up-to-date symlink: /home/ayush/Desktop/Learning_ROS2/ros2_ws/install/my_cpp_pkg/share/my_cpp_pkg/environment/ament_prefix_path.sh
[0.217s] -- Up-to-date symlink: /home/ayush/Desktop/Learning_ROS2/ros2_ws/install/my_cpp_pkg/share/my_cpp_pkg/environment/ament_prefix_path.dsv
[0.218s] -- Up-to-date symlink: /home/ayush/Desktop/Learning_ROS2/ros2_ws/install/my_cpp_pkg/share/my_cpp_pkg/environment/path.sh
[0.218s] -- Up-to-date symlink: /home/ayush/Desktop/Learning_ROS2/ros2_ws/install/my_cpp_pkg/share/my_cpp_pkg/environment/path.dsv
[0.219s] -- Up-to-date symlink: /home/ayush/Desktop/Learning_ROS2/ros2_ws/install/my_cpp_pkg/share/my_cpp_pkg/local_setup.bash
[0.219s] -- Up-to-date symlink: /home/ayush/Desktop/Learning_ROS2/ros2_ws/install/my_cpp_pkg/share/my_cpp_pkg/local_setup.sh
[0.219s] -- Up-to-date symlink: /home/ayush/Desktop/Learning_ROS2/ros2_ws/install/my_cpp_pkg/share/my_cpp_pkg/local_setup.zsh
[0.220s] -- Up-to-date symlink: /home/ayush/Desktop/Learning_ROS2/ros2_ws/install/my_cpp_pkg/share/my_cpp_pkg/local_setup.dsv
[0.220s] -- Symlinking: /home/ayush/Desktop/Learning_ROS2/ros2_ws/install/my_cpp_pkg/share/my_cpp_pkg/package.dsv
[0.232s] -- Up-to-date symlink: /home/ayush/Desktop/Learning_ROS2/ros2_ws/install/my_cpp_pkg/share/ament_index/resource_index/packages/my_cpp_pkg
[0.233s] -- Up-to-date symlink: /home/ayush/Desktop/Learning_ROS2/ros2_ws/install/my_cpp_pkg/share/my_cpp_pkg/cmake/my_cpp_pkgConfig.cmake
[0.233s] -- Up-to-date symlink: /home/ayush/Desktop/Learning_ROS2/ros2_ws/install/my_cpp_pkg/share/my_cpp_pkg/cmake/my_cpp_pkgConfig-version.cmake
[0.233s] -- Up-to-date symlink: /home/ayush/Desktop/Learning_ROS2/ros2_ws/install/my_cpp_pkg/share/my_cpp_pkg/package.xml
[0.236s] Invoked command in '/home/ayush/Desktop/Learning_ROS2/ros2_ws/build/my_cpp_pkg' returned '0': CMAKE_PREFIX_PATH=${CMAKE_PREFIX_PATH}:/opt/ros/humble /usr/bin/cmake --install /home/ayush/Desktop/Learning_ROS2/ros2_ws/build/my_cpp_pkg
