[0.013s] Invoking command in '/home/ayush/Desktop/Learning_ROS2/ros2_ws/build/my_cpp_pkg': AMENT_PREFIX_PATH=/home/ayush/Desktop/Learning_ROS2/ros2_ws/install/my_robot_interfaces:${AMENT_PREFIX_PATH} CMAKE_PREFIX_PATH=/home/ayush/Desktop/Learning_ROS2/ros2_ws/install/my_robot_interfaces:/opt/ros/humble LD_LIBRARY_PATH=/home/ayush/Desktop/Learning_ROS2/ros2_ws/install/my_robot_interfaces/lib:${LD_LIBRARY_PATH} PYTHONPATH=/home/ayush/Desktop/Learning_ROS2/ros2_ws/install/my_robot_interfaces/local/lib/python3.10/dist-packages:${PYTHONPATH} /usr/bin/cmake --build /home/ayush/Desktop/Learning_ROS2/ros2_ws/build/my_cpp_pkg -- -j8 -l8
[0.077s] [ 25%] Built target robot_news_station
[0.078s] [ 50%] Built target cpp_node
[0.078s] [ 75%] Built target smartphone
[0.085s] [ 87%] [32mBuilding CXX object CMakeFiles/hw_status_cpp.dir/src/hw_status_publisher.cpp.o[0m
[4.340s] [100%] [32m[1mLinking CXX executable hw_status_cpp[0m
[4.519s] [100%] Built target hw_status_cpp
[4.530s] Invoked command in '/home/ayush/Desktop/Learning_ROS2/ros2_ws/build/my_cpp_pkg' returned '0': AMENT_PREFIX_PATH=/home/ayush/Desktop/Learning_ROS2/ros2_ws/install/my_robot_interfaces:${AMENT_PREFIX_PATH} CMAKE_PREFIX_PATH=/home/ayush/Desktop/Learning_ROS2/ros2_ws/install/my_robot_interfaces:/opt/ros/humble LD_LIBRARY_PATH=/home/ayush/Desktop/Learning_ROS2/ros2_ws/install/my_robot_interfaces/lib:${LD_LIBRARY_PATH} PYTHONPATH=/home/ayush/Desktop/Learning_ROS2/ros2_ws/install/my_robot_interfaces/local/lib/python3.10/dist-packages:${PYTHONPATH} /usr/bin/cmake --build /home/ayush/Desktop/Learning_ROS2/ros2_ws/build/my_cpp_pkg -- -j8 -l8
[4.561s] Invoking command in '/home/ayush/Desktop/Learning_ROS2/ros2_ws/build/my_cpp_pkg': AMENT_PREFIX_PATH=/home/ayush/Desktop/Learning_ROS2/ros2_ws/install/my_robot_interfaces:${AMENT_PREFIX_PATH} CMAKE_PREFIX_PATH=/home/ayush/Desktop/Learning_ROS2/ros2_ws/install/my_robot_interfaces:/opt/ros/humble LD_LIBRARY_PATH=/home/ayush/Desktop/Learning_ROS2/ros2_ws/install/my_robot_interfaces/lib:${LD_LIBRARY_PATH} PYTHONPATH=/home/ayush/Desktop/Learning_ROS2/ros2_ws/install/my_robot_interfaces/local/lib/python3.10/dist-packages:${PYTHONPATH} /usr/bin/cmake --install /home/ayush/Desktop/Learning_ROS2/ros2_ws/build/my_cpp_pkg
[4.567s] -- Install configuration: ""
[4.567s] -- Execute custom install script
[4.567s] -- Up-to-date symlink: /home/ayush/Desktop/Learning_ROS2/ros2_ws/install/my_cpp_pkg/lib/my_cpp_pkg/cpp_node
[4.567s] -- Up-to-date symlink: /home/ayush/Desktop/Learning_ROS2/ros2_ws/install/my_cpp_pkg/lib/my_cpp_pkg/robot_news_station
[4.568s] -- Up-to-date symlink: /home/ayush/Desktop/Learning_ROS2/ros2_ws/install/my_cpp_pkg/lib/my_cpp_pkg/smartphone
[4.568s] -- Up-to-date symlink: /home/ayush/Desktop/Learning_ROS2/ros2_ws/install/my_cpp_pkg/lib/my_cpp_pkg/hw_status_cpp
[4.568s] -- Up-to-date symlink: /home/ayush/Desktop/Learning_ROS2/ros2_ws/install/my_cpp_pkg/share/ament_index/resource_index/package_run_dependencies/my_cpp_pkg
[4.568s] -- Up-to-date symlink: /home/ayush/Desktop/Learning_ROS2/ros2_ws/install/my_cpp_pkg/share/ament_index/resource_index/parent_prefix_path/my_cpp_pkg
[4.568s] -- Up-to-date symlink: /home/ayush/Desktop/Learning_ROS2/ros2_ws/install/my_cpp_pkg/share/my_cpp_pkg/environment/ament_prefix_path.sh
[4.568s] -- Up-to-date symlink: /home/ayush/Desktop/Learning_ROS2/ros2_ws/install/my_cpp_pkg/share/my_cpp_pkg/environment/ament_prefix_path.dsv
[4.568s] -- Up-to-date symlink: /home/ayush/Desktop/Learning_ROS2/ros2_ws/install/my_cpp_pkg/share/my_cpp_pkg/environment/path.sh
[4.568s] -- Up-to-date symlink: /home/ayush/Desktop/Learning_ROS2/ros2_ws/install/my_cpp_pkg/share/my_cpp_pkg/environment/path.dsv
[4.569s] -- Up-to-date symlink: /home/ayush/Desktop/Learning_ROS2/ros2_ws/install/my_cpp_pkg/share/my_cpp_pkg/local_setup.bash
[4.569s] -- Up-to-date symlink: /home/ayush/Desktop/Learning_ROS2/ros2_ws/install/my_cpp_pkg/share/my_cpp_pkg/local_setup.sh
[4.569s] -- Up-to-date symlink: /home/ayush/Desktop/Learning_ROS2/ros2_ws/install/my_cpp_pkg/share/my_cpp_pkg/local_setup.zsh
[4.569s] -- Up-to-date symlink: /home/ayush/Desktop/Learning_ROS2/ros2_ws/install/my_cpp_pkg/share/my_cpp_pkg/local_setup.dsv
[4.569s] -- Symlinking: /home/ayush/Desktop/Learning_ROS2/ros2_ws/install/my_cpp_pkg/share/my_cpp_pkg/package.dsv
[4.577s] -- Up-to-date symlink: /home/ayush/Desktop/Learning_ROS2/ros2_ws/install/my_cpp_pkg/share/ament_index/resource_index/packages/my_cpp_pkg
[4.577s] -- Up-to-date symlink: /home/ayush/Desktop/Learning_ROS2/ros2_ws/install/my_cpp_pkg/share/my_cpp_pkg/cmake/my_cpp_pkgConfig.cmake
[4.578s] -- Up-to-date symlink: /home/ayush/Desktop/Learning_ROS2/ros2_ws/install/my_cpp_pkg/share/my_cpp_pkg/cmake/my_cpp_pkgConfig-version.cmake
[4.578s] -- Up-to-date symlink: /home/ayush/Desktop/Learning_ROS2/ros2_ws/install/my_cpp_pkg/share/my_cpp_pkg/package.xml
[4.580s] Invoked command in '/home/ayush/Desktop/Learning_ROS2/ros2_ws/build/my_cpp_pkg' returned '0': AMENT_PREFIX_PATH=/home/ayush/Desktop/Learning_ROS2/ros2_ws/install/my_robot_interfaces:${AMENT_PREFIX_PATH} CMAKE_PREFIX_PATH=/home/ayush/Desktop/Learning_ROS2/ros2_ws/install/my_robot_interfaces:/opt/ros/humble LD_LIBRARY_PATH=/home/ayush/Desktop/Learning_ROS2/ros2_ws/install/my_robot_interfaces/lib:${LD_LIBRARY_PATH} PYTHONPATH=/home/ayush/Desktop/Learning_ROS2/ros2_ws/install/my_robot_interfaces/local/lib/python3.10/dist-packages:${PYTHONPATH} /usr/bin/cmake --install /home/ayush/Desktop/Learning_ROS2/ros2_ws/build/my_cpp_pkg
