running egg_info
creating ../../../build/turtlesim_project/turtlesim_project.egg-info
writing ../../../build/turtlesim_project/turtlesim_project.egg-info/PKG-INFO
writing dependency_links to ../../../build/turtlesim_project/turtlesim_project.egg-info/dependency_links.txt
writing entry points to ../../../build/turtlesim_project/turtlesim_project.egg-info/entry_points.txt
writing requirements to ../../../build/turtlesim_project/turtlesim_project.egg-info/requires.txt
writing top-level names to ../../../build/turtlesim_project/turtlesim_project.egg-info/top_level.txt
writing manifest file '../../../build/turtlesim_project/turtlesim_project.egg-info/SOURCES.txt'
reading manifest file '../../../build/turtlesim_project/turtlesim_project.egg-info/SOURCES.txt'
writing manifest file '../../../build/turtlesim_project/turtlesim_project.egg-info/SOURCES.txt'
running build
running build_py
creating /home/ayush/Desktop/Learning_ROS2/build/turtlesim_project/build
creating /home/ayush/Desktop/Learning_ROS2/build/turtlesim_project/build/lib
creating /home/ayush/Desktop/Learning_ROS2/build/turtlesim_project/build/lib/turtlesim_project
copying turtlesim_project/turtle_spawner.py -> /home/ayush/Desktop/Learning_ROS2/build/turtlesim_project/build/lib/turtlesim_project
copying turtlesim_project/turtle_controller.py -> /home/ayush/Desktop/Learning_ROS2/build/turtlesim_project/build/lib/turtlesim_project
copying turtlesim_project/__init__.py -> /home/ayush/Desktop/Learning_ROS2/build/turtlesim_project/build/lib/turtlesim_project
running install
running install_lib
creating /home/ayush/Desktop/Learning_ROS2/install/turtlesim_project/lib/python3.10/site-packages/turtlesim_project
copying /home/ayush/Desktop/Learning_ROS2/build/turtlesim_project/build/lib/turtlesim_project/turtle_spawner.py -> /home/ayush/Desktop/Learning_ROS2/install/turtlesim_project/lib/python3.10/site-packages/turtlesim_project
copying /home/ayush/Desktop/Learning_ROS2/build/turtlesim_project/build/lib/turtlesim_project/turtle_controller.py -> /home/ayush/Desktop/Learning_ROS2/install/turtlesim_project/lib/python3.10/site-packages/turtlesim_project
copying /home/ayush/Desktop/Learning_ROS2/build/turtlesim_project/build/lib/turtlesim_project/__init__.py -> /home/ayush/Desktop/Learning_ROS2/install/turtlesim_project/lib/python3.10/site-packages/turtlesim_project
byte-compiling /home/ayush/Desktop/Learning_ROS2/install/turtlesim_project/lib/python3.10/site-packages/turtlesim_project/turtle_spawner.py to turtle_spawner.cpython-310.pyc
byte-compiling /home/ayush/Desktop/Learning_ROS2/install/turtlesim_project/lib/python3.10/site-packages/turtlesim_project/turtle_controller.py to turtle_controller.cpython-310.pyc
byte-compiling /home/ayush/Desktop/Learning_ROS2/install/turtlesim_project/lib/python3.10/site-packages/turtlesim_project/__init__.py to __init__.cpython-310.pyc
running install_data
creating /home/ayush/Desktop/Learning_ROS2/install/turtlesim_project/share/ament_index
creating /home/ayush/Desktop/Learning_ROS2/install/turtlesim_project/share/ament_index/resource_index
creating /home/ayush/Desktop/Learning_ROS2/install/turtlesim_project/share/ament_index/resource_index/packages
copying resource/turtlesim_project -> /home/ayush/Desktop/Learning_ROS2/install/turtlesim_project/share/ament_index/resource_index/packages
copying package.xml -> /home/ayush/Desktop/Learning_ROS2/install/turtlesim_project/share/turtlesim_project
running install_egg_info
Copying ../../../build/turtlesim_project/turtlesim_project.egg-info to /home/ayush/Desktop/Learning_ROS2/install/turtlesim_project/lib/python3.10/site-packages/turtlesim_project-0.0.0-py3.10.egg-info
running install_scripts
Installing turtle_controller script to /home/ayush/Desktop/Learning_ROS2/install/turtlesim_project/lib/turtlesim_project
Installing turtle_spawner script to /home/ayush/Desktop/Learning_ROS2/install/turtlesim_project/lib/turtlesim_project
writing list of installed files to '/home/ayush/Desktop/Learning_ROS2/build/turtlesim_project/install.log'
