[1.232s] Invoking command in '/home/ayush/Desktop/Learning_ROS2/ros2_ws/src/turtlesim_project': AMENT_PREFIX_PATH=/home/ayush/Desktop/Learning_ROS2/install/my_robot_interfaces:${AMENT_PREFIX_PATH} CMAKE_PREFIX_PATH=/home/ayush/Desktop/Learning_ROS2/install/my_robot_interfaces:${CMAKE_PREFIX_PATH} LD_LIBRARY_PATH=/home/ayush/Desktop/Learning_ROS2/install/my_robot_interfaces/lib:${LD_LIBRARY_PATH} PYTHONPATH=/home/ayush/Desktop/Learning_ROS2/build/turtlesim_project/prefix_override:/usr/lib/python3/dist-packages/colcon_core/task/python/colcon_distutils_commands:/home/ayush/Desktop/Learning_ROS2/install/turtlesim_project/lib/python3.10/site-packages:/home/ayush/Desktop/Learning_ROS2/install/my_robot_interfaces/local/lib/python3.10/dist-packages:${PYTHONPATH} /usr/bin/python3 -W ignore:setup.py install is deprecated setup.py egg_info --egg-base ../../../build/turtlesim_project build --build-base /home/ayush/Desktop/Learning_ROS2/build/turtlesim_project/build install --record /home/ayush/Desktop/Learning_ROS2/build/turtlesim_project/install.log --single-version-externally-managed install_data
[1.519s] running egg_info
[1.520s] creating ../../../build/turtlesim_project/turtlesim_project.egg-info
[1.520s] writing ../../../build/turtlesim_project/turtlesim_project.egg-info/PKG-INFO
[1.521s] writing dependency_links to ../../../build/turtlesim_project/turtlesim_project.egg-info/dependency_links.txt
[1.521s] writing entry points to ../../../build/turtlesim_project/turtlesim_project.egg-info/entry_points.txt
[1.521s] writing requirements to ../../../build/turtlesim_project/turtlesim_project.egg-info/requires.txt
[1.521s] writing top-level names to ../../../build/turtlesim_project/turtlesim_project.egg-info/top_level.txt
[1.521s] writing manifest file '../../../build/turtlesim_project/turtlesim_project.egg-info/SOURCES.txt'
[1.525s] reading manifest file '../../../build/turtlesim_project/turtlesim_project.egg-info/SOURCES.txt'
[1.527s] writing manifest file '../../../build/turtlesim_project/turtlesim_project.egg-info/SOURCES.txt'
[1.528s] running build
[1.528s] running build_py
[1.528s] creating /home/ayush/Desktop/Learning_ROS2/build/turtlesim_project/build
[1.528s] creating /home/ayush/Desktop/Learning_ROS2/build/turtlesim_project/build/lib
[1.528s] creating /home/ayush/Desktop/Learning_ROS2/build/turtlesim_project/build/lib/turtlesim_project
[1.529s] copying turtlesim_project/turtle_spawner.py -> /home/ayush/Desktop/Learning_ROS2/build/turtlesim_project/build/lib/turtlesim_project
[1.532s] copying turtlesim_project/turtle_controller.py -> /home/ayush/Desktop/Learning_ROS2/build/turtlesim_project/build/lib/turtlesim_project
[1.532s] copying turtlesim_project/__init__.py -> /home/ayush/Desktop/Learning_ROS2/build/turtlesim_project/build/lib/turtlesim_project
[1.532s] running install
[1.532s] running install_lib
[1.532s] creating /home/ayush/Desktop/Learning_ROS2/install/turtlesim_project/lib/python3.10/site-packages/turtlesim_project
[1.533s] copying /home/ayush/Desktop/Learning_ROS2/build/turtlesim_project/build/lib/turtlesim_project/turtle_spawner.py -> /home/ayush/Desktop/Learning_ROS2/install/turtlesim_project/lib/python3.10/site-packages/turtlesim_project
[1.533s] copying /home/ayush/Desktop/Learning_ROS2/build/turtlesim_project/build/lib/turtlesim_project/turtle_controller.py -> /home/ayush/Desktop/Learning_ROS2/install/turtlesim_project/lib/python3.10/site-packages/turtlesim_project
[1.533s] copying /home/ayush/Desktop/Learning_ROS2/build/turtlesim_project/build/lib/turtlesim_project/__init__.py -> /home/ayush/Desktop/Learning_ROS2/install/turtlesim_project/lib/python3.10/site-packages/turtlesim_project
[1.533s] byte-compiling /home/ayush/Desktop/Learning_ROS2/install/turtlesim_project/lib/python3.10/site-packages/turtlesim_project/turtle_spawner.py to turtle_spawner.cpython-310.pyc
[1.533s] byte-compiling /home/ayush/Desktop/Learning_ROS2/install/turtlesim_project/lib/python3.10/site-packages/turtlesim_project/turtle_controller.py to turtle_controller.cpython-310.pyc
[1.534s] byte-compiling /home/ayush/Desktop/Learning_ROS2/install/turtlesim_project/lib/python3.10/site-packages/turtlesim_project/__init__.py to __init__.cpython-310.pyc
[1.535s] running install_data
[1.535s] creating /home/ayush/Desktop/Learning_ROS2/install/turtlesim_project/share/ament_index
[1.536s] creating /home/ayush/Desktop/Learning_ROS2/install/turtlesim_project/share/ament_index/resource_index
[1.536s] creating /home/ayush/Desktop/Learning_ROS2/install/turtlesim_project/share/ament_index/resource_index/packages
[1.536s] copying resource/turtlesim_project -> /home/ayush/Desktop/Learning_ROS2/install/turtlesim_project/share/ament_index/resource_index/packages
[1.536s] copying package.xml -> /home/ayush/Desktop/Learning_ROS2/install/turtlesim_project/share/turtlesim_project
[1.536s] running install_egg_info
[1.539s] Copying ../../../build/turtlesim_project/turtlesim_project.egg-info to /home/ayush/Desktop/Learning_ROS2/install/turtlesim_project/lib/python3.10/site-packages/turtlesim_project-0.0.0-py3.10.egg-info
[1.540s] running install_scripts
[1.580s] Installing turtle_controller script to /home/ayush/Desktop/Learning_ROS2/install/turtlesim_project/lib/turtlesim_project
[1.580s] Installing turtle_spawner script to /home/ayush/Desktop/Learning_ROS2/install/turtlesim_project/lib/turtlesim_project
[1.580s] writing list of installed files to '/home/ayush/Desktop/Learning_ROS2/build/turtlesim_project/install.log'
[1.615s] Invoked command in '/home/ayush/Desktop/Learning_ROS2/ros2_ws/src/turtlesim_project' returned '0': AMENT_PREFIX_PATH=/home/ayush/Desktop/Learning_ROS2/install/my_robot_interfaces:${AMENT_PREFIX_PATH} CMAKE_PREFIX_PATH=/home/ayush/Desktop/Learning_ROS2/install/my_robot_interfaces:${CMAKE_PREFIX_PATH} LD_LIBRARY_PATH=/home/ayush/Desktop/Learning_ROS2/install/my_robot_interfaces/lib:${LD_LIBRARY_PATH} PYTHONPATH=/home/ayush/Desktop/Learning_ROS2/build/turtlesim_project/prefix_override:/usr/lib/python3/dist-packages/colcon_core/task/python/colcon_distutils_commands:/home/ayush/Desktop/Learning_ROS2/install/turtlesim_project/lib/python3.10/site-packages:/home/ayush/Desktop/Learning_ROS2/install/my_robot_interfaces/local/lib/python3.10/dist-packages:${PYTHONPATH} /usr/bin/python3 -W ignore:setup.py install is deprecated setup.py egg_info --egg-base ../../../build/turtlesim_project build --build-base /home/ayush/Desktop/Learning_ROS2/build/turtlesim_project/build install --record /home/ayush/Desktop/Learning_ROS2/build/turtlesim_project/install.log --single-version-externally-managed install_data
