-- The C compiler identification is GNU 11.4.0
-- The CXX compiler identification is GNU 11.4.0
-- Detecting C compiler ABI info
-- Detecting C compiler ABI info - done
-- Check for working C compiler: /usr/bin/cc - skipped
-- Detecting C compile features
-- Detecting C compile features - done
-- Detecting CXX compiler ABI info
-- Detecting CXX compiler ABI info - done
-- Check for working CXX compiler: /usr/bin/c++ - skipped
-- Detecting CXX compile features
-- Detecting CXX compile features - done
-- Found ament_cmake: 1.3.10 (/opt/ros/humble/share/ament_cmake/cmake)
-- Found Python3: /usr/bin/python3 (found version "3.10.12") found components: Interpreter 
-- Found rosidl_default_generators: 1.2.0 (/opt/ros/humble/share/rosidl_default_generators/cmake)
-- Using all available rosidl_typesupport_c: rosidl_typesupport_fastrtps_c;rosidl_typesupport_introspection_c
-- Found rosidl_adapter: 3.1.5 (/opt/ros/humble/share/rosidl_adapter/cmake)
-- Using all available rosidl_typesupport_cpp: rosidl_typesupport_fastrtps_cpp;rosidl_typesupport_introspection_cpp
-- Found ament_cmake_ros: 0.10.0 (/opt/ros/humble/share/ament_cmake_ros/cmake)
-- Using all available rosidl_typesupport_c: rosidl_typesupport_fastrtps_c;rosidl_typesupport_introspection_c
-- Using all available rosidl_typesupport_cpp: rosidl_typesupport_fastrtps_cpp;rosidl_typesupport_introspection_cpp
-- Found PythonInterp: /usr/bin/python3 (found suitable version "3.10.12", minimum required is "3.6") 
-- Found python_cmake_module: 0.10.0 (/opt/ros/humble/share/python_cmake_module/cmake)
-- Found PythonLibs: /usr/lib/x86_64-linux-gnu/libpython3.10.so (found suitable version "3.10.12", minimum required is "3.5") 
-- Using PYTHON_EXECUTABLE: /usr/bin/python3
-- Using PYTHON_INCLUDE_DIRS: /usr/include/python3.10
-- Using PYTHON_LIBRARIES: /usr/lib/x86_64-linux-gnu/libpython3.10.so
-- Found PythonExtra: .so  
-- Configuring done
-- Generating done
-- Build files have been written to: /home/ayush/Desktop/Learning_ROS2/ros2_ws/build/my_robot_interfaces
[  1%] [34m[1mGenerating C code for ROS interfaces[0m
[  2%] [34m[1mGenerating C++ code for ROS interfaces[0m
[  2%] Built target ament_cmake_python_copy_my_robot_interfaces
running egg_info
creating my_robot_interfaces.egg-info
writing my_robot_interfaces.egg-info/PKG-INFO
writing dependency_links to my_robot_interfaces.egg-info/dependency_links.txt
writing top-level names to my_robot_interfaces.egg-info/top_level.txt
writing manifest file 'my_robot_interfaces.egg-info/SOURCES.txt'
reading manifest file 'my_robot_interfaces.egg-info/SOURCES.txt'
writing manifest file 'my_robot_interfaces.egg-info/SOURCES.txt'
[  2%] Built target ament_cmake_python_build_my_robot_interfaces_egg
[  2%] Built target my_robot_interfaces__cpp
[  5%] [34m[1mGenerating C++ introspection for ROS interfaces[0m
[  5%] [34m[1mGenerating C++ type support dispatch for ROS interfaces[0m
[  7%] [34m[1mGenerating C++ type support for eProsima Fast-RTPS[0m
[  8%] [32mBuilding C object CMakeFiles/my_robot_interfaces__rosidl_generator_c.dir/rosidl_generator_c/my_robot_interfaces/msg/detail/hardware_status__functions.c.o[0m
[  9%] [32mBuilding C object CMakeFiles/my_robot_interfaces__rosidl_generator_c.dir/rosidl_generator_c/my_robot_interfaces/msg/detail/led_status__functions.c.o[0m
[ 11%] [32mBuilding C object CMakeFiles/my_robot_interfaces__rosidl_generator_c.dir/rosidl_generator_c/my_robot_interfaces/msg/detail/turtle__functions.c.o[0m
[ 12%] [32mBuilding C object CMakeFiles/my_robot_interfaces__rosidl_generator_c.dir/rosidl_generator_c/my_robot_interfaces/msg/detail/turtle_array__functions.c.o[0m
[ 14%] [32mBuilding C object CMakeFiles/my_robot_interfaces__rosidl_generator_c.dir/rosidl_generator_c/my_robot_interfaces/srv/detail/area_of_rectangle__functions.c.o[0m
[ 15%] [32mBuilding C object CMakeFiles/my_robot_interfaces__rosidl_generator_c.dir/rosidl_generator_c/my_robot_interfaces/srv/detail/set_led__functions.c.o[0m
[ 16%] [32m[1mLinking C shared library libmy_robot_interfaces__rosidl_generator_c.so[0m
[ 16%] Built target my_robot_interfaces__rosidl_generator_c
[ 18%] [34m[1mGenerating C introspection for ROS interfaces[0m
[ 19%] [34m[1mGenerating C type support for eProsima Fast-RTPS[0m
[ 21%] [34m[1mGenerating C type support dispatch for ROS interfaces[0m
[ 22%] [32mBuilding CXX object CMakeFiles/my_robot_interfaces__rosidl_typesupport_cpp.dir/rosidl_typesupport_cpp/my_robot_interfaces/msg/hardware_status__type_support.cpp.o[0m
[ 23%] [32mBuilding CXX object CMakeFiles/my_robot_interfaces__rosidl_typesupport_cpp.dir/rosidl_typesupport_cpp/my_robot_interfaces/msg/led_status__type_support.cpp.o[0m
[ 25%] [32mBuilding CXX object CMakeFiles/my_robot_interfaces__rosidl_typesupport_cpp.dir/rosidl_typesupport_cpp/my_robot_interfaces/msg/turtle__type_support.cpp.o[0m
[ 26%] [32mBuilding CXX object CMakeFiles/my_robot_interfaces__rosidl_typesupport_introspection_cpp.dir/rosidl_typesupport_introspection_cpp/my_robot_interfaces/msg/detail/hardware_status__type_support.cpp.o[0m
[ 28%] [32mBuilding CXX object CMakeFiles/my_robot_interfaces__rosidl_typesupport_c.dir/rosidl_typesupport_c/my_robot_interfaces/msg/hardware_status__type_support.cpp.o[0m
[ 29%] [32mBuilding CXX object CMakeFiles/my_robot_interfaces__rosidl_typesupport_fastrtps_cpp.dir/rosidl_typesupport_fastrtps_cpp/my_robot_interfaces/msg/detail/dds_fastrtps/hardware_status__type_support.cpp.o[0m
[ 30%] [32mBuilding CXX object CMakeFiles/my_robot_interfaces__rosidl_typesupport_c.dir/rosidl_typesupport_c/my_robot_interfaces/msg/led_status__type_support.cpp.o[0m
[ 32%] [32mBuilding CXX object CMakeFiles/my_robot_interfaces__rosidl_typesupport_c.dir/rosidl_typesupport_c/my_robot_interfaces/msg/turtle__type_support.cpp.o[0m
[ 33%] [32mBuilding CXX object CMakeFiles/my_robot_interfaces__rosidl_typesupport_cpp.dir/rosidl_typesupport_cpp/my_robot_interfaces/msg/turtle_array__type_support.cpp.o[0m
[ 35%] [32mBuilding CXX object CMakeFiles/my_robot_interfaces__rosidl_typesupport_fastrtps_cpp.dir/rosidl_typesupport_fastrtps_cpp/my_robot_interfaces/msg/detail/dds_fastrtps/led_status__type_support.cpp.o[0m
[ 36%] [32mBuilding CXX object CMakeFiles/my_robot_interfaces__rosidl_typesupport_c.dir/rosidl_typesupport_c/my_robot_interfaces/msg/turtle_array__type_support.cpp.o[0m
[ 38%] [32mBuilding CXX object CMakeFiles/my_robot_interfaces__rosidl_typesupport_introspection_cpp.dir/rosidl_typesupport_introspection_cpp/my_robot_interfaces/msg/detail/led_status__type_support.cpp.o[0m
[ 39%] [32mBuilding CXX object CMakeFiles/my_robot_interfaces__rosidl_typesupport_c.dir/rosidl_typesupport_c/my_robot_interfaces/srv/area_of_rectangle__type_support.cpp.o[0m
[ 40%] [32mBuilding CXX object CMakeFiles/my_robot_interfaces__rosidl_typesupport_c.dir/rosidl_typesupport_c/my_robot_interfaces/srv/set_led__type_support.cpp.o[0m
[ 42%] [32mBuilding CXX object CMakeFiles/my_robot_interfaces__rosidl_typesupport_fastrtps_c.dir/rosidl_typesupport_fastrtps_c/my_robot_interfaces/msg/detail/hardware_status__type_support_c.cpp.o[0m
[ 43%] [32mBuilding C object CMakeFiles/my_robot_interfaces__rosidl_typesupport_introspection_c.dir/rosidl_typesupport_introspection_c/my_robot_interfaces/msg/detail/hardware_status__type_support.c.o[0m
[ 45%] [32m[1mLinking CXX shared library libmy_robot_interfaces__rosidl_typesupport_c.so[0m
[ 45%] Built target my_robot_interfaces__rosidl_typesupport_c
[ 46%] [32mBuilding CXX object CMakeFiles/my_robot_interfaces__rosidl_typesupport_cpp.dir/rosidl_typesupport_cpp/my_robot_interfaces/srv/area_of_rectangle__type_support.cpp.o[0m
[ 47%] [32mBuilding C object CMakeFiles/my_robot_interfaces__rosidl_typesupport_introspection_c.dir/rosidl_typesupport_introspection_c/my_robot_interfaces/msg/detail/led_status__type_support.c.o[0m
[ 49%] [32mBuilding C object CMakeFiles/my_robot_interfaces__rosidl_typesupport_introspection_c.dir/rosidl_typesupport_introspection_c/my_robot_interfaces/msg/detail/turtle__type_support.c.o[0m
[ 50%] [32mBuilding CXX object CMakeFiles/my_robot_interfaces__rosidl_typesupport_introspection_cpp.dir/rosidl_typesupport_introspection_cpp/my_robot_interfaces/msg/detail/turtle__type_support.cpp.o[0m
[ 52%] [32mBuilding C object CMakeFiles/my_robot_interfaces__rosidl_typesupport_introspection_c.dir/rosidl_typesupport_introspection_c/my_robot_interfaces/msg/detail/turtle_array__type_support.c.o[0m
[ 53%] [32mBuilding CXX object CMakeFiles/my_robot_interfaces__rosidl_typesupport_introspection_cpp.dir/rosidl_typesupport_introspection_cpp/my_robot_interfaces/msg/detail/turtle_array__type_support.cpp.o[0m
[ 54%] [32mBuilding C object CMakeFiles/my_robot_interfaces__rosidl_typesupport_introspection_c.dir/rosidl_typesupport_introspection_c/my_robot_interfaces/srv/detail/area_of_rectangle__type_support.c.o[0m
[ 56%] [32mBuilding C object CMakeFiles/my_robot_interfaces__rosidl_typesupport_introspection_c.dir/rosidl_typesupport_introspection_c/my_robot_interfaces/srv/detail/set_led__type_support.c.o[0m
[ 57%] [32mBuilding CXX object CMakeFiles/my_robot_interfaces__rosidl_typesupport_fastrtps_cpp.dir/rosidl_typesupport_fastrtps_cpp/my_robot_interfaces/msg/detail/dds_fastrtps/turtle__type_support.cpp.o[0m
[ 59%] [32m[1mLinking C shared library libmy_robot_interfaces__rosidl_typesupport_introspection_c.so[0m
[ 59%] Built target my_robot_interfaces__rosidl_typesupport_introspection_c
[ 60%] [32mBuilding CXX object CMakeFiles/my_robot_interfaces__rosidl_typesupport_fastrtps_c.dir/rosidl_typesupport_fastrtps_c/my_robot_interfaces/msg/detail/led_status__type_support_c.cpp.o[0m
[ 61%] [32mBuilding CXX object CMakeFiles/my_robot_interfaces__rosidl_typesupport_cpp.dir/rosidl_typesupport_cpp/my_robot_interfaces/srv/set_led__type_support.cpp.o[0m
[ 63%] [32mBuilding CXX object CMakeFiles/my_robot_interfaces__rosidl_typesupport_fastrtps_cpp.dir/rosidl_typesupport_fastrtps_cpp/my_robot_interfaces/msg/detail/dds_fastrtps/turtle_array__type_support.cpp.o[0m
[ 64%] [32mBuilding CXX object CMakeFiles/my_robot_interfaces__rosidl_typesupport_fastrtps_c.dir/rosidl_typesupport_fastrtps_c/my_robot_interfaces/msg/detail/turtle__type_support_c.cpp.o[0m
[ 66%] [32mBuilding CXX object CMakeFiles/my_robot_interfaces__rosidl_typesupport_fastrtps_c.dir/rosidl_typesupport_fastrtps_c/my_robot_interfaces/msg/detail/turtle_array__type_support_c.cpp.o[0m
[ 67%] [32mBuilding CXX object CMakeFiles/my_robot_interfaces__rosidl_typesupport_fastrtps_c.dir/rosidl_typesupport_fastrtps_c/my_robot_interfaces/srv/detail/area_of_rectangle__type_support_c.cpp.o[0m
[ 69%] [32mBuilding CXX object CMakeFiles/my_robot_interfaces__rosidl_typesupport_introspection_cpp.dir/rosidl_typesupport_introspection_cpp/my_robot_interfaces/srv/detail/area_of_rectangle__type_support.cpp.o[0m
[ 70%] [32m[1mLinking CXX shared library libmy_robot_interfaces__rosidl_typesupport_cpp.so[0m
[ 71%] [32mBuilding CXX object CMakeFiles/my_robot_interfaces__rosidl_typesupport_introspection_cpp.dir/rosidl_typesupport_introspection_cpp/my_robot_interfaces/srv/detail/set_led__type_support.cpp.o[0m
[ 71%] Built target my_robot_interfaces__rosidl_typesupport_cpp
[ 73%] [32mBuilding CXX object CMakeFiles/my_robot_interfaces__rosidl_typesupport_fastrtps_cpp.dir/rosidl_typesupport_fastrtps_cpp/my_robot_interfaces/srv/detail/dds_fastrtps/area_of_rectangle__type_support.cpp.o[0m
[ 74%] [32mBuilding CXX object CMakeFiles/my_robot_interfaces__rosidl_typesupport_fastrtps_c.dir/rosidl_typesupport_fastrtps_c/my_robot_interfaces/srv/detail/set_led__type_support_c.cpp.o[0m
[ 76%] [32mBuilding CXX object CMakeFiles/my_robot_interfaces__rosidl_typesupport_fastrtps_cpp.dir/rosidl_typesupport_fastrtps_cpp/my_robot_interfaces/srv/detail/dds_fastrtps/set_led__type_support.cpp.o[0m
[ 77%] [32m[1mLinking CXX shared library libmy_robot_interfaces__rosidl_typesupport_fastrtps_c.so[0m
[ 78%] [32m[1mLinking CXX shared library libmy_robot_interfaces__rosidl_typesupport_introspection_cpp.so[0m
[ 80%] [32m[1mLinking CXX shared library libmy_robot_interfaces__rosidl_typesupport_fastrtps_cpp.so[0m
[ 80%] Built target my_robot_interfaces__rosidl_typesupport_fastrtps_c
[ 80%] Built target my_robot_interfaces__rosidl_typesupport_introspection_cpp
[ 80%] Built target my_robot_interfaces__rosidl_typesupport_fastrtps_cpp
[ 80%] Built target my_robot_interfaces
[ 81%] [34m[1mGenerating Python code for ROS interfaces[0m
[ 81%] Built target my_robot_interfaces__py
[ 83%] [32mBuilding C object CMakeFiles/my_robot_interfaces__rosidl_generator_py.dir/rosidl_generator_py/my_robot_interfaces/msg/_led_status_s.c.o[0m
[ 84%] [32mBuilding C object CMakeFiles/my_robot_interfaces__rosidl_generator_py.dir/rosidl_generator_py/my_robot_interfaces/msg/_turtle_array_s.c.o[0m
[ 85%] [32mBuilding C object CMakeFiles/my_robot_interfaces__rosidl_generator_py.dir/rosidl_generator_py/my_robot_interfaces/msg/_hardware_status_s.c.o[0m
[ 87%] [32mBuilding C object CMakeFiles/my_robot_interfaces__rosidl_generator_py.dir/rosidl_generator_py/my_robot_interfaces/msg/_turtle_s.c.o[0m
[ 88%] [32mBuilding C object CMakeFiles/my_robot_interfaces__rosidl_generator_py.dir/rosidl_generator_py/my_robot_interfaces/srv/_area_of_rectangle_s.c.o[0m
[ 90%] [32mBuilding C object CMakeFiles/my_robot_interfaces__rosidl_generator_py.dir/rosidl_generator_py/my_robot_interfaces/srv/_set_led_s.c.o[0m
[ 91%] [32m[1mLinking C shared library rosidl_generator_py/my_robot_interfaces/libmy_robot_interfaces__rosidl_generator_py.so[0m
[ 91%] Built target my_robot_interfaces__rosidl_generator_py
[ 92%] [32mBuilding C object CMakeFiles/my_robot_interfaces__rosidl_typesupport_c__pyext.dir/rosidl_generator_py/my_robot_interfaces/_my_robot_interfaces_s.ep.rosidl_typesupport_c.c.o[0m
[ 95%] [32mBuilding C object CMakeFiles/my_robot_interfaces__rosidl_typesupport_introspection_c__pyext.dir/rosidl_generator_py/my_robot_interfaces/_my_robot_interfaces_s.ep.rosidl_typesupport_introspection_c.c.o[0m
[ 95%] [32mBuilding C object CMakeFiles/my_robot_interfaces__rosidl_typesupport_fastrtps_c__pyext.dir/rosidl_generator_py/my_robot_interfaces/_my_robot_interfaces_s.ep.rosidl_typesupport_fastrtps_c.c.o[0m
[ 97%] [32m[1mLinking C shared library rosidl_generator_py/my_robot_interfaces/my_robot_interfaces_s__rosidl_typesupport_c.cpython-310-x86_64-linux-gnu.so[0m
[ 98%] [32m[1mLinking C shared library rosidl_generator_py/my_robot_interfaces/my_robot_interfaces_s__rosidl_typesupport_introspection_c.cpython-310-x86_64-linux-gnu.so[0m
[100%] [32m[1mLinking C shared library rosidl_generator_py/my_robot_interfaces/my_robot_interfaces_s__rosidl_typesupport_fastrtps_c.cpython-310-x86_64-linux-gnu.so[0m
[100%] Built target my_robot_interfaces__rosidl_typesupport_c__pyext
[100%] Built target my_robot_interfaces__rosidl_typesupport_introspection_c__pyext
[100%] Built target my_robot_interfaces__rosidl_typesupport_fastrtps_c__pyext
-- Install configuration: ""
-- Installing: /home/ayush/Desktop/Learning_ROS2/ros2_ws/install/my_robot_interfaces/share/ament_index/resource_index/rosidl_interfaces/my_robot_interfaces
-- Installing: /home/ayush/Desktop/Learning_ROS2/ros2_ws/install/my_robot_interfaces/include/my_robot_interfaces/my_robot_interfaces
-- Installing: /home/ayush/Desktop/Learning_ROS2/ros2_ws/install/my_robot_interfaces/include/my_robot_interfaces/my_robot_interfaces/msg
-- Installing: /home/ayush/Desktop/Learning_ROS2/ros2_ws/install/my_robot_interfaces/include/my_robot_interfaces/my_robot_interfaces/msg/turtle.h
-- Installing: /home/ayush/Desktop/Learning_ROS2/ros2_ws/install/my_robot_interfaces/include/my_robot_interfaces/my_robot_interfaces/msg/rosidl_generator_c__visibility_control.h
-- Installing: /home/ayush/Desktop/Learning_ROS2/ros2_ws/install/my_robot_interfaces/include/my_robot_interfaces/my_robot_interfaces/msg/detail
-- Installing: /home/ayush/Desktop/Learning_ROS2/ros2_ws/install/my_robot_interfaces/include/my_robot_interfaces/my_robot_interfaces/msg/detail/turtle_array__functions.c
-- Installing: /home/ayush/Desktop/Learning_ROS2/ros2_ws/install/my_robot_interfaces/include/my_robot_interfaces/my_robot_interfaces/msg/detail/led_status__functions.c
-- Installing: /home/ayush/Desktop/Learning_ROS2/ros2_ws/install/my_robot_interfaces/include/my_robot_interfaces/my_robot_interfaces/msg/detail/hardware_status__type_support.h
-- Installing: /home/ayush/Desktop/Learning_ROS2/ros2_ws/install/my_robot_interfaces/include/my_robot_interfaces/my_robot_interfaces/msg/detail/hardware_status__functions.h
-- Installing: /home/ayush/Desktop/Learning_ROS2/ros2_ws/install/my_robot_interfaces/include/my_robot_interfaces/my_robot_interfaces/msg/detail/turtle__functions.c
-- Installing: /home/ayush/Desktop/Learning_ROS2/ros2_ws/install/my_robot_interfaces/include/my_robot_interfaces/my_robot_interfaces/msg/detail/hardware_status__struct.h
-- Installing: /home/ayush/Desktop/Learning_ROS2/ros2_ws/install/my_robot_interfaces/include/my_robot_interfaces/my_robot_interfaces/msg/detail/led_status__functions.h
-- Installing: /home/ayush/Desktop/Learning_ROS2/ros2_ws/install/my_robot_interfaces/include/my_robot_interfaces/my_robot_interfaces/msg/detail/turtle_array__type_support.h
-- Installing: /home/ayush/Desktop/Learning_ROS2/ros2_ws/install/my_robot_interfaces/include/my_robot_interfaces/my_robot_interfaces/msg/detail/led_status__struct.h
-- Installing: /home/ayush/Desktop/Learning_ROS2/ros2_ws/install/my_robot_interfaces/include/my_robot_interfaces/my_robot_interfaces/msg/detail/turtle__struct.h
-- Installing: /home/ayush/Desktop/Learning_ROS2/ros2_ws/install/my_robot_interfaces/include/my_robot_interfaces/my_robot_interfaces/msg/detail/turtle__functions.h
-- Installing: /home/ayush/Desktop/Learning_ROS2/ros2_ws/install/my_robot_interfaces/include/my_robot_interfaces/my_robot_interfaces/msg/detail/led_status__type_support.h
-- Installing: /home/ayush/Desktop/Learning_ROS2/ros2_ws/install/my_robot_interfaces/include/my_robot_interfaces/my_robot_interfaces/msg/detail/turtle__type_support.h
-- Installing: /home/ayush/Desktop/Learning_ROS2/ros2_ws/install/my_robot_interfaces/include/my_robot_interfaces/my_robot_interfaces/msg/detail/hardware_status__functions.c
-- Installing: /home/ayush/Desktop/Learning_ROS2/ros2_ws/install/my_robot_interfaces/include/my_robot_interfaces/my_robot_interfaces/msg/detail/turtle_array__functions.h
-- Installing: /home/ayush/Desktop/Learning_ROS2/ros2_ws/install/my_robot_interfaces/include/my_robot_interfaces/my_robot_interfaces/msg/detail/turtle_array__struct.h
-- Installing: /home/ayush/Desktop/Learning_ROS2/ros2_ws/install/my_robot_interfaces/include/my_robot_interfaces/my_robot_interfaces/msg/hardware_status.h
-- Installing: /home/ayush/Desktop/Learning_ROS2/ros2_ws/install/my_robot_interfaces/include/my_robot_interfaces/my_robot_interfaces/msg/turtle_array.h
-- Installing: /home/ayush/Desktop/Learning_ROS2/ros2_ws/install/my_robot_interfaces/include/my_robot_interfaces/my_robot_interfaces/msg/led_status.h
-- Installing: /home/ayush/Desktop/Learning_ROS2/ros2_ws/install/my_robot_interfaces/include/my_robot_interfaces/my_robot_interfaces/srv
-- Installing: /home/ayush/Desktop/Learning_ROS2/ros2_ws/install/my_robot_interfaces/include/my_robot_interfaces/my_robot_interfaces/srv/detail
-- Installing: /home/ayush/Desktop/Learning_ROS2/ros2_ws/install/my_robot_interfaces/include/my_robot_interfaces/my_robot_interfaces/srv/detail/area_of_rectangle__type_support.h
-- Installing: /home/ayush/Desktop/Learning_ROS2/ros2_ws/install/my_robot_interfaces/include/my_robot_interfaces/my_robot_interfaces/srv/detail/set_led__functions.h
-- Installing: /home/ayush/Desktop/Learning_ROS2/ros2_ws/install/my_robot_interfaces/include/my_robot_interfaces/my_robot_interfaces/srv/detail/area_of_rectangle__functions.c
-- Installing: /home/ayush/Desktop/Learning_ROS2/ros2_ws/install/my_robot_interfaces/include/my_robot_interfaces/my_robot_interfaces/srv/detail/set_led__functions.c
-- Installing: /home/ayush/Desktop/Learning_ROS2/ros2_ws/install/my_robot_interfaces/include/my_robot_interfaces/my_robot_interfaces/srv/detail/set_led__struct.h
-- Installing: /home/ayush/Desktop/Learning_ROS2/ros2_ws/install/my_robot_interfaces/include/my_robot_interfaces/my_robot_interfaces/srv/detail/area_of_rectangle__struct.h
-- Installing: /home/ayush/Desktop/Learning_ROS2/ros2_ws/install/my_robot_interfaces/include/my_robot_interfaces/my_robot_interfaces/srv/detail/set_led__type_support.h
-- Installing: /home/ayush/Desktop/Learning_ROS2/ros2_ws/install/my_robot_interfaces/include/my_robot_interfaces/my_robot_interfaces/srv/detail/area_of_rectangle__functions.h
-- Installing: /home/ayush/Desktop/Learning_ROS2/ros2_ws/install/my_robot_interfaces/include/my_robot_interfaces/my_robot_interfaces/srv/area_of_rectangle.h
-- Installing: /home/ayush/Desktop/Learning_ROS2/ros2_ws/install/my_robot_interfaces/include/my_robot_interfaces/my_robot_interfaces/srv/set_led.h
-- Installing: /home/ayush/Desktop/Learning_ROS2/ros2_ws/install/my_robot_interfaces/share/my_robot_interfaces/environment/library_path.sh
-- Installing: /home/ayush/Desktop/Learning_ROS2/ros2_ws/install/my_robot_interfaces/share/my_robot_interfaces/environment/library_path.dsv
-- Installing: /home/ayush/Desktop/Learning_ROS2/ros2_ws/install/my_robot_interfaces/lib/libmy_robot_interfaces__rosidl_generator_c.so
-- Set runtime path of "/home/ayush/Desktop/Learning_ROS2/ros2_ws/install/my_robot_interfaces/lib/libmy_robot_interfaces__rosidl_generator_c.so" to ""
-- Up-to-date: /home/ayush/Desktop/Learning_ROS2/ros2_ws/install/my_robot_interfaces/include/my_robot_interfaces/my_robot_interfaces
-- Up-to-date: /home/ayush/Desktop/Learning_ROS2/ros2_ws/install/my_robot_interfaces/include/my_robot_interfaces/my_robot_interfaces/msg
-- Up-to-date: /home/ayush/Desktop/Learning_ROS2/ros2_ws/install/my_robot_interfaces/include/my_robot_interfaces/my_robot_interfaces/msg/detail
-- Installing: /home/ayush/Desktop/Learning_ROS2/ros2_ws/install/my_robot_interfaces/include/my_robot_interfaces/my_robot_interfaces/msg/detail/turtle_array__rosidl_typesupport_fastrtps_c.h
-- Installing: /home/ayush/Desktop/Learning_ROS2/ros2_ws/install/my_robot_interfaces/include/my_robot_interfaces/my_robot_interfaces/msg/detail/hardware_status__rosidl_typesupport_fastrtps_c.h
-- Installing: /home/ayush/Desktop/Learning_ROS2/ros2_ws/install/my_robot_interfaces/include/my_robot_interfaces/my_robot_interfaces/msg/detail/led_status__rosidl_typesupport_fastrtps_c.h
-- Installing: /home/ayush/Desktop/Learning_ROS2/ros2_ws/install/my_robot_interfaces/include/my_robot_interfaces/my_robot_interfaces/msg/detail/turtle__rosidl_typesupport_fastrtps_c.h
-- Installing: /home/ayush/Desktop/Learning_ROS2/ros2_ws/install/my_robot_interfaces/include/my_robot_interfaces/my_robot_interfaces/msg/rosidl_typesupport_fastrtps_c__visibility_control.h
-- Up-to-date: /home/ayush/Desktop/Learning_ROS2/ros2_ws/install/my_robot_interfaces/include/my_robot_interfaces/my_robot_interfaces/srv
-- Up-to-date: /home/ayush/Desktop/Learning_ROS2/ros2_ws/install/my_robot_interfaces/include/my_robot_interfaces/my_robot_interfaces/srv/detail
-- Installing: /home/ayush/Desktop/Learning_ROS2/ros2_ws/install/my_robot_interfaces/include/my_robot_interfaces/my_robot_interfaces/srv/detail/area_of_rectangle__rosidl_typesupport_fastrtps_c.h
-- Installing: /home/ayush/Desktop/Learning_ROS2/ros2_ws/install/my_robot_interfaces/include/my_robot_interfaces/my_robot_interfaces/srv/detail/set_led__rosidl_typesupport_fastrtps_c.h
-- Installing: /home/ayush/Desktop/Learning_ROS2/ros2_ws/install/my_robot_interfaces/lib/libmy_robot_interfaces__rosidl_typesupport_fastrtps_c.so
-- Set runtime path of "/home/ayush/Desktop/Learning_ROS2/ros2_ws/install/my_robot_interfaces/lib/libmy_robot_interfaces__rosidl_typesupport_fastrtps_c.so" to ""
-- Up-to-date: /home/ayush/Desktop/Learning_ROS2/ros2_ws/install/my_robot_interfaces/include/my_robot_interfaces/my_robot_interfaces
-- Up-to-date: /home/ayush/Desktop/Learning_ROS2/ros2_ws/install/my_robot_interfaces/include/my_robot_interfaces/my_robot_interfaces/msg
-- Up-to-date: /home/ayush/Desktop/Learning_ROS2/ros2_ws/install/my_robot_interfaces/include/my_robot_interfaces/my_robot_interfaces/msg/detail
-- Installing: /home/ayush/Desktop/Learning_ROS2/ros2_ws/install/my_robot_interfaces/include/my_robot_interfaces/my_robot_interfaces/msg/detail/turtle__type_support.c
-- Installing: /home/ayush/Desktop/Learning_ROS2/ros2_ws/install/my_robot_interfaces/include/my_robot_interfaces/my_robot_interfaces/msg/detail/turtle_array__rosidl_typesupport_introspection_c.h
-- Installing: /home/ayush/Desktop/Learning_ROS2/ros2_ws/install/my_robot_interfaces/include/my_robot_interfaces/my_robot_interfaces/msg/detail/hardware_status__rosidl_typesupport_introspection_c.h
-- Installing: /home/ayush/Desktop/Learning_ROS2/ros2_ws/install/my_robot_interfaces/include/my_robot_interfaces/my_robot_interfaces/msg/detail/led_status__type_support.c
-- Installing: /home/ayush/Desktop/Learning_ROS2/ros2_ws/install/my_robot_interfaces/include/my_robot_interfaces/my_robot_interfaces/msg/detail/led_status__rosidl_typesupport_introspection_c.h
-- Installing: /home/ayush/Desktop/Learning_ROS2/ros2_ws/install/my_robot_interfaces/include/my_robot_interfaces/my_robot_interfaces/msg/detail/hardware_status__type_support.c
-- Installing: /home/ayush/Desktop/Learning_ROS2/ros2_ws/install/my_robot_interfaces/include/my_robot_interfaces/my_robot_interfaces/msg/detail/turtle__rosidl_typesupport_introspection_c.h
-- Installing: /home/ayush/Desktop/Learning_ROS2/ros2_ws/install/my_robot_interfaces/include/my_robot_interfaces/my_robot_interfaces/msg/detail/turtle_array__type_support.c
-- Installing: /home/ayush/Desktop/Learning_ROS2/ros2_ws/install/my_robot_interfaces/include/my_robot_interfaces/my_robot_interfaces/msg/rosidl_typesupport_introspection_c__visibility_control.h
-- Up-to-date: /home/ayush/Desktop/Learning_ROS2/ros2_ws/install/my_robot_interfaces/include/my_robot_interfaces/my_robot_interfaces/srv
-- Up-to-date: /home/ayush/Desktop/Learning_ROS2/ros2_ws/install/my_robot_interfaces/include/my_robot_interfaces/my_robot_interfaces/srv/detail
-- Installing: /home/ayush/Desktop/Learning_ROS2/ros2_ws/install/my_robot_interfaces/include/my_robot_interfaces/my_robot_interfaces/srv/detail/area_of_rectangle__type_support.c
-- Installing: /home/ayush/Desktop/Learning_ROS2/ros2_ws/install/my_robot_interfaces/include/my_robot_interfaces/my_robot_interfaces/srv/detail/set_led__type_support.c
-- Installing: /home/ayush/Desktop/Learning_ROS2/ros2_ws/install/my_robot_interfaces/include/my_robot_interfaces/my_robot_interfaces/srv/detail/area_of_rectangle__rosidl_typesupport_introspection_c.h
-- Installing: /home/ayush/Desktop/Learning_ROS2/ros2_ws/install/my_robot_interfaces/include/my_robot_interfaces/my_robot_interfaces/srv/detail/set_led__rosidl_typesupport_introspection_c.h
-- Installing: /home/ayush/Desktop/Learning_ROS2/ros2_ws/install/my_robot_interfaces/lib/libmy_robot_interfaces__rosidl_typesupport_introspection_c.so
-- Set runtime path of "/home/ayush/Desktop/Learning_ROS2/ros2_ws/install/my_robot_interfaces/lib/libmy_robot_interfaces__rosidl_typesupport_introspection_c.so" to ""
-- Installing: /home/ayush/Desktop/Learning_ROS2/ros2_ws/install/my_robot_interfaces/lib/libmy_robot_interfaces__rosidl_typesupport_c.so
-- Set runtime path of "/home/ayush/Desktop/Learning_ROS2/ros2_ws/install/my_robot_interfaces/lib/libmy_robot_interfaces__rosidl_typesupport_c.so" to ""
-- Up-to-date: /home/ayush/Desktop/Learning_ROS2/ros2_ws/install/my_robot_interfaces/include/my_robot_interfaces/my_robot_interfaces
-- Up-to-date: /home/ayush/Desktop/Learning_ROS2/ros2_ws/install/my_robot_interfaces/include/my_robot_interfaces/my_robot_interfaces/msg
-- Installing: /home/ayush/Desktop/Learning_ROS2/ros2_ws/install/my_robot_interfaces/include/my_robot_interfaces/my_robot_interfaces/msg/turtle.hpp
-- Installing: /home/ayush/Desktop/Learning_ROS2/ros2_ws/install/my_robot_interfaces/include/my_robot_interfaces/my_robot_interfaces/msg/hardware_status.hpp
-- Up-to-date: /home/ayush/Desktop/Learning_ROS2/ros2_ws/install/my_robot_interfaces/include/my_robot_interfaces/my_robot_interfaces/msg/detail
-- Installing: /home/ayush/Desktop/Learning_ROS2/ros2_ws/install/my_robot_interfaces/include/my_robot_interfaces/my_robot_interfaces/msg/detail/turtle__struct.hpp
-- Installing: /home/ayush/Desktop/Learning_ROS2/ros2_ws/install/my_robot_interfaces/include/my_robot_interfaces/my_robot_interfaces/msg/detail/turtle_array__struct.hpp
-- Installing: /home/ayush/Desktop/Learning_ROS2/ros2_ws/install/my_robot_interfaces/include/my_robot_interfaces/my_robot_interfaces/msg/detail/led_status__traits.hpp
-- Installing: /home/ayush/Desktop/Learning_ROS2/ros2_ws/install/my_robot_interfaces/include/my_robot_interfaces/my_robot_interfaces/msg/detail/led_status__struct.hpp
-- Installing: /home/ayush/Desktop/Learning_ROS2/ros2_ws/install/my_robot_interfaces/include/my_robot_interfaces/my_robot_interfaces/msg/detail/hardware_status__struct.hpp
-- Installing: /home/ayush/Desktop/Learning_ROS2/ros2_ws/install/my_robot_interfaces/include/my_robot_interfaces/my_robot_interfaces/msg/detail/led_status__builder.hpp
-- Installing: /home/ayush/Desktop/Learning_ROS2/ros2_ws/install/my_robot_interfaces/include/my_robot_interfaces/my_robot_interfaces/msg/detail/hardware_status__traits.hpp
-- Installing: /home/ayush/Desktop/Learning_ROS2/ros2_ws/install/my_robot_interfaces/include/my_robot_interfaces/my_robot_interfaces/msg/detail/turtle_array__builder.hpp
-- Installing: /home/ayush/Desktop/Learning_ROS2/ros2_ws/install/my_robot_interfaces/include/my_robot_interfaces/my_robot_interfaces/msg/detail/turtle_array__traits.hpp
-- Installing: /home/ayush/Desktop/Learning_ROS2/ros2_ws/install/my_robot_interfaces/include/my_robot_interfaces/my_robot_interfaces/msg/detail/turtle__traits.hpp
-- Installing: /home/ayush/Desktop/Learning_ROS2/ros2_ws/install/my_robot_interfaces/include/my_robot_interfaces/my_robot_interfaces/msg/detail/turtle__builder.hpp
-- Installing: /home/ayush/Desktop/Learning_ROS2/ros2_ws/install/my_robot_interfaces/include/my_robot_interfaces/my_robot_interfaces/msg/detail/hardware_status__builder.hpp
-- Installing: /home/ayush/Desktop/Learning_ROS2/ros2_ws/install/my_robot_interfaces/include/my_robot_interfaces/my_robot_interfaces/msg/led_status.hpp
-- Installing: /home/ayush/Desktop/Learning_ROS2/ros2_ws/install/my_robot_interfaces/include/my_robot_interfaces/my_robot_interfaces/msg/turtle_array.hpp
-- Up-to-date: /home/ayush/Desktop/Learning_ROS2/ros2_ws/install/my_robot_interfaces/include/my_robot_interfaces/my_robot_interfaces/srv
-- Installing: /home/ayush/Desktop/Learning_ROS2/ros2_ws/install/my_robot_interfaces/include/my_robot_interfaces/my_robot_interfaces/srv/area_of_rectangle.hpp
-- Up-to-date: /home/ayush/Desktop/Learning_ROS2/ros2_ws/install/my_robot_interfaces/include/my_robot_interfaces/my_robot_interfaces/srv/detail
-- Installing: /home/ayush/Desktop/Learning_ROS2/ros2_ws/install/my_robot_interfaces/include/my_robot_interfaces/my_robot_interfaces/srv/detail/set_led__struct.hpp
-- Installing: /home/ayush/Desktop/Learning_ROS2/ros2_ws/install/my_robot_interfaces/include/my_robot_interfaces/my_robot_interfaces/srv/detail/area_of_rectangle__builder.hpp
-- Installing: /home/ayush/Desktop/Learning_ROS2/ros2_ws/install/my_robot_interfaces/include/my_robot_interfaces/my_robot_interfaces/srv/detail/set_led__traits.hpp
-- Installing: /home/ayush/Desktop/Learning_ROS2/ros2_ws/install/my_robot_interfaces/include/my_robot_interfaces/my_robot_interfaces/srv/detail/area_of_rectangle__struct.hpp
-- Installing: /home/ayush/Desktop/Learning_ROS2/ros2_ws/install/my_robot_interfaces/include/my_robot_interfaces/my_robot_interfaces/srv/detail/set_led__builder.hpp
-- Installing: /home/ayush/Desktop/Learning_ROS2/ros2_ws/install/my_robot_interfaces/include/my_robot_interfaces/my_robot_interfaces/srv/detail/area_of_rectangle__traits.hpp
-- Installing: /home/ayush/Desktop/Learning_ROS2/ros2_ws/install/my_robot_interfaces/include/my_robot_interfaces/my_robot_interfaces/srv/set_led.hpp
-- Up-to-date: /home/ayush/Desktop/Learning_ROS2/ros2_ws/install/my_robot_interfaces/include/my_robot_interfaces/my_robot_interfaces
-- Up-to-date: /home/ayush/Desktop/Learning_ROS2/ros2_ws/install/my_robot_interfaces/include/my_robot_interfaces/my_robot_interfaces/msg
-- Up-to-date: /home/ayush/Desktop/Learning_ROS2/ros2_ws/install/my_robot_interfaces/include/my_robot_interfaces/my_robot_interfaces/msg/detail
-- Installing: /home/ayush/Desktop/Learning_ROS2/ros2_ws/install/my_robot_interfaces/include/my_robot_interfaces/my_robot_interfaces/msg/detail/turtle__rosidl_typesupport_fastrtps_cpp.hpp
-- Installing: /home/ayush/Desktop/Learning_ROS2/ros2_ws/install/my_robot_interfaces/include/my_robot_interfaces/my_robot_interfaces/msg/detail/turtle_array__rosidl_typesupport_fastrtps_cpp.hpp
-- Installing: /home/ayush/Desktop/Learning_ROS2/ros2_ws/install/my_robot_interfaces/include/my_robot_interfaces/my_robot_interfaces/msg/detail/led_status__rosidl_typesupport_fastrtps_cpp.hpp
-- Installing: /home/ayush/Desktop/Learning_ROS2/ros2_ws/install/my_robot_interfaces/include/my_robot_interfaces/my_robot_interfaces/msg/detail/dds_fastrtps
-- Installing: /home/ayush/Desktop/Learning_ROS2/ros2_ws/install/my_robot_interfaces/include/my_robot_interfaces/my_robot_interfaces/msg/detail/hardware_status__rosidl_typesupport_fastrtps_cpp.hpp
-- Installing: /home/ayush/Desktop/Learning_ROS2/ros2_ws/install/my_robot_interfaces/include/my_robot_interfaces/my_robot_interfaces/msg/rosidl_typesupport_fastrtps_cpp__visibility_control.h
-- Up-to-date: /home/ayush/Desktop/Learning_ROS2/ros2_ws/install/my_robot_interfaces/include/my_robot_interfaces/my_robot_interfaces/srv
-- Up-to-date: /home/ayush/Desktop/Learning_ROS2/ros2_ws/install/my_robot_interfaces/include/my_robot_interfaces/my_robot_interfaces/srv/detail
-- Installing: /home/ayush/Desktop/Learning_ROS2/ros2_ws/install/my_robot_interfaces/include/my_robot_interfaces/my_robot_interfaces/srv/detail/set_led__rosidl_typesupport_fastrtps_cpp.hpp
-- Installing: /home/ayush/Desktop/Learning_ROS2/ros2_ws/install/my_robot_interfaces/include/my_robot_interfaces/my_robot_interfaces/srv/detail/area_of_rectangle__rosidl_typesupport_fastrtps_cpp.hpp
-- Installing: /home/ayush/Desktop/Learning_ROS2/ros2_ws/install/my_robot_interfaces/include/my_robot_interfaces/my_robot_interfaces/srv/detail/dds_fastrtps
-- Installing: /home/ayush/Desktop/Learning_ROS2/ros2_ws/install/my_robot_interfaces/lib/libmy_robot_interfaces__rosidl_typesupport_fastrtps_cpp.so
-- Set runtime path of "/home/ayush/Desktop/Learning_ROS2/ros2_ws/install/my_robot_interfaces/lib/libmy_robot_interfaces__rosidl_typesupport_fastrtps_cpp.so" to ""
-- Up-to-date: /home/ayush/Desktop/Learning_ROS2/ros2_ws/install/my_robot_interfaces/include/my_robot_interfaces/my_robot_interfaces
-- Up-to-date: /home/ayush/Desktop/Learning_ROS2/ros2_ws/install/my_robot_interfaces/include/my_robot_interfaces/my_robot_interfaces/msg
-- Up-to-date: /home/ayush/Desktop/Learning_ROS2/ros2_ws/install/my_robot_interfaces/include/my_robot_interfaces/my_robot_interfaces/msg/detail
-- Installing: /home/ayush/Desktop/Learning_ROS2/ros2_ws/install/my_robot_interfaces/include/my_robot_interfaces/my_robot_interfaces/msg/detail/turtle__rosidl_typesupport_introspection_cpp.hpp
-- Installing: /home/ayush/Desktop/Learning_ROS2/ros2_ws/install/my_robot_interfaces/include/my_robot_interfaces/my_robot_interfaces/msg/detail/hardware_status__rosidl_typesupport_introspection_cpp.hpp
-- Installing: /home/ayush/Desktop/Learning_ROS2/ros2_ws/install/my_robot_interfaces/include/my_robot_interfaces/my_robot_interfaces/msg/detail/turtle_array__rosidl_typesupport_introspection_cpp.hpp
-- Installing: /home/ayush/Desktop/Learning_ROS2/ros2_ws/install/my_robot_interfaces/include/my_robot_interfaces/my_robot_interfaces/msg/detail/hardware_status__type_support.cpp
-- Installing: /home/ayush/Desktop/Learning_ROS2/ros2_ws/install/my_robot_interfaces/include/my_robot_interfaces/my_robot_interfaces/msg/detail/turtle__type_support.cpp
-- Installing: /home/ayush/Desktop/Learning_ROS2/ros2_ws/install/my_robot_interfaces/include/my_robot_interfaces/my_robot_interfaces/msg/detail/led_status__type_support.cpp
-- Installing: /home/ayush/Desktop/Learning_ROS2/ros2_ws/install/my_robot_interfaces/include/my_robot_interfaces/my_robot_interfaces/msg/detail/turtle_array__type_support.cpp
-- Installing: /home/ayush/Desktop/Learning_ROS2/ros2_ws/install/my_robot_interfaces/include/my_robot_interfaces/my_robot_interfaces/msg/detail/led_status__rosidl_typesupport_introspection_cpp.hpp
-- Up-to-date: /home/ayush/Desktop/Learning_ROS2/ros2_ws/install/my_robot_interfaces/include/my_robot_interfaces/my_robot_interfaces/srv
-- Up-to-date: /home/ayush/Desktop/Learning_ROS2/ros2_ws/install/my_robot_interfaces/include/my_robot_interfaces/my_robot_interfaces/srv/detail
-- Installing: /home/ayush/Desktop/Learning_ROS2/ros2_ws/install/my_robot_interfaces/include/my_robot_interfaces/my_robot_interfaces/srv/detail/area_of_rectangle__rosidl_typesupport_introspection_cpp.hpp
-- Installing: /home/ayush/Desktop/Learning_ROS2/ros2_ws/install/my_robot_interfaces/include/my_robot_interfaces/my_robot_interfaces/srv/detail/set_led__rosidl_typesupport_introspection_cpp.hpp
-- Installing: /home/ayush/Desktop/Learning_ROS2/ros2_ws/install/my_robot_interfaces/include/my_robot_interfaces/my_robot_interfaces/srv/detail/area_of_rectangle__type_support.cpp
-- Installing: /home/ayush/Desktop/Learning_ROS2/ros2_ws/install/my_robot_interfaces/include/my_robot_interfaces/my_robot_interfaces/srv/detail/set_led__type_support.cpp
-- Installing: /home/ayush/Desktop/Learning_ROS2/ros2_ws/install/my_robot_interfaces/lib/libmy_robot_interfaces__rosidl_typesupport_introspection_cpp.so
-- Set runtime path of "/home/ayush/Desktop/Learning_ROS2/ros2_ws/install/my_robot_interfaces/lib/libmy_robot_interfaces__rosidl_typesupport_introspection_cpp.so" to ""
-- Installing: /home/ayush/Desktop/Learning_ROS2/ros2_ws/install/my_robot_interfaces/lib/libmy_robot_interfaces__rosidl_typesupport_cpp.so
-- Set runtime path of "/home/ayush/Desktop/Learning_ROS2/ros2_ws/install/my_robot_interfaces/lib/libmy_robot_interfaces__rosidl_typesupport_cpp.so" to ""
-- Installing: /home/ayush/Desktop/Learning_ROS2/ros2_ws/install/my_robot_interfaces/share/my_robot_interfaces/environment/pythonpath.sh
-- Installing: /home/ayush/Desktop/Learning_ROS2/ros2_ws/install/my_robot_interfaces/share/my_robot_interfaces/environment/pythonpath.dsv
-- Installing: /home/ayush/Desktop/Learning_ROS2/ros2_ws/install/my_robot_interfaces/local/lib/python3.10/dist-packages/my_robot_interfaces-0.0.0-py3.10.egg-info
-- Installing: /home/ayush/Desktop/Learning_ROS2/ros2_ws/install/my_robot_interfaces/local/lib/python3.10/dist-packages/my_robot_interfaces-0.0.0-py3.10.egg-info/dependency_links.txt
-- Installing: /home/ayush/Desktop/Learning_ROS2/ros2_ws/install/my_robot_interfaces/local/lib/python3.10/dist-packages/my_robot_interfaces-0.0.0-py3.10.egg-info/PKG-INFO
-- Installing: /home/ayush/Desktop/Learning_ROS2/ros2_ws/install/my_robot_interfaces/local/lib/python3.10/dist-packages/my_robot_interfaces-0.0.0-py3.10.egg-info/top_level.txt
-- Installing: /home/ayush/Desktop/Learning_ROS2/ros2_ws/install/my_robot_interfaces/local/lib/python3.10/dist-packages/my_robot_interfaces-0.0.0-py3.10.egg-info/SOURCES.txt
-- Installing: /home/ayush/Desktop/Learning_ROS2/ros2_ws/install/my_robot_interfaces/local/lib/python3.10/dist-packages/my_robot_interfaces
-- Installing: /home/ayush/Desktop/Learning_ROS2/ros2_ws/install/my_robot_interfaces/local/lib/python3.10/dist-packages/my_robot_interfaces/msg
-- Installing: /home/ayush/Desktop/Learning_ROS2/ros2_ws/install/my_robot_interfaces/local/lib/python3.10/dist-packages/my_robot_interfaces/msg/_led_status.py
-- Installing: /home/ayush/Desktop/Learning_ROS2/ros2_ws/install/my_robot_interfaces/local/lib/python3.10/dist-packages/my_robot_interfaces/msg/_hardware_status.py
-- Installing: /home/ayush/Desktop/Learning_ROS2/ros2_ws/install/my_robot_interfaces/local/lib/python3.10/dist-packages/my_robot_interfaces/msg/_turtle.py
-- Installing: /home/ayush/Desktop/Learning_ROS2/ros2_ws/install/my_robot_interfaces/local/lib/python3.10/dist-packages/my_robot_interfaces/msg/_turtle_s.c
-- Installing: /home/ayush/Desktop/Learning_ROS2/ros2_ws/install/my_robot_interfaces/local/lib/python3.10/dist-packages/my_robot_interfaces/msg/__init__.py
-- Installing: /home/ayush/Desktop/Learning_ROS2/ros2_ws/install/my_robot_interfaces/local/lib/python3.10/dist-packages/my_robot_interfaces/msg/_turtle_array_s.c
-- Installing: /home/ayush/Desktop/Learning_ROS2/ros2_ws/install/my_robot_interfaces/local/lib/python3.10/dist-packages/my_robot_interfaces/msg/_hardware_status_s.c
-- Installing: /home/ayush/Desktop/Learning_ROS2/ros2_ws/install/my_robot_interfaces/local/lib/python3.10/dist-packages/my_robot_interfaces/msg/_led_status_s.c
-- Installing: /home/ayush/Desktop/Learning_ROS2/ros2_ws/install/my_robot_interfaces/local/lib/python3.10/dist-packages/my_robot_interfaces/msg/_turtle_array.py
-- Installing: /home/ayush/Desktop/Learning_ROS2/ros2_ws/install/my_robot_interfaces/local/lib/python3.10/dist-packages/my_robot_interfaces/my_robot_interfaces_s__rosidl_typesupport_introspection_c.cpython-310-x86_64-linux-gnu.so
-- Installing: /home/ayush/Desktop/Learning_ROS2/ros2_ws/install/my_robot_interfaces/local/lib/python3.10/dist-packages/my_robot_interfaces/srv
-- Installing: /home/ayush/Desktop/Learning_ROS2/ros2_ws/install/my_robot_interfaces/local/lib/python3.10/dist-packages/my_robot_interfaces/srv/_set_led.py
-- Installing: /home/ayush/Desktop/Learning_ROS2/ros2_ws/install/my_robot_interfaces/local/lib/python3.10/dist-packages/my_robot_interfaces/srv/_area_of_rectangle.py
-- Installing: /home/ayush/Desktop/Learning_ROS2/ros2_ws/install/my_robot_interfaces/local/lib/python3.10/dist-packages/my_robot_interfaces/srv/_set_led_s.c
-- Installing: /home/ayush/Desktop/Learning_ROS2/ros2_ws/install/my_robot_interfaces/local/lib/python3.10/dist-packages/my_robot_interfaces/srv/__init__.py
-- Installing: /home/ayush/Desktop/Learning_ROS2/ros2_ws/install/my_robot_interfaces/local/lib/python3.10/dist-packages/my_robot_interfaces/srv/_area_of_rectangle_s.c
-- Installing: /home/ayush/Desktop/Learning_ROS2/ros2_ws/install/my_robot_interfaces/local/lib/python3.10/dist-packages/my_robot_interfaces/my_robot_interfaces_s__rosidl_typesupport_fastrtps_c.cpython-310-x86_64-linux-gnu.so
-- Installing: /home/ayush/Desktop/Learning_ROS2/ros2_ws/install/my_robot_interfaces/local/lib/python3.10/dist-packages/my_robot_interfaces/__init__.py
-- Installing: /home/ayush/Desktop/Learning_ROS2/ros2_ws/install/my_robot_interfaces/local/lib/python3.10/dist-packages/my_robot_interfaces/my_robot_interfaces_s__rosidl_typesupport_c.cpython-310-x86_64-linux-gnu.so
-- Installing: /home/ayush/Desktop/Learning_ROS2/ros2_ws/install/my_robot_interfaces/local/lib/python3.10/dist-packages/my_robot_interfaces/_my_robot_interfaces_s.ep.rosidl_typesupport_introspection_c.c
-- Installing: /home/ayush/Desktop/Learning_ROS2/ros2_ws/install/my_robot_interfaces/local/lib/python3.10/dist-packages/my_robot_interfaces/libmy_robot_interfaces__rosidl_generator_py.so
-- Installing: /home/ayush/Desktop/Learning_ROS2/ros2_ws/install/my_robot_interfaces/local/lib/python3.10/dist-packages/my_robot_interfaces/_my_robot_interfaces_s.ep.rosidl_typesupport_fastrtps_c.c
-- Installing: /home/ayush/Desktop/Learning_ROS2/ros2_ws/install/my_robot_interfaces/local/lib/python3.10/dist-packages/my_robot_interfaces/_my_robot_interfaces_s.ep.rosidl_typesupport_c.c
Listing '/home/ayush/Desktop/Learning_ROS2/ros2_ws/install/my_robot_interfaces/local/lib/python3.10/dist-packages/my_robot_interfaces'...
Compiling '/home/ayush/Desktop/Learning_ROS2/ros2_ws/install/my_robot_interfaces/local/lib/python3.10/dist-packages/my_robot_interfaces/__init__.py'...
Listing '/home/ayush/Desktop/Learning_ROS2/ros2_ws/install/my_robot_interfaces/local/lib/python3.10/dist-packages/my_robot_interfaces/msg'...
Compiling '/home/ayush/Desktop/Learning_ROS2/ros2_ws/install/my_robot_interfaces/local/lib/python3.10/dist-packages/my_robot_interfaces/msg/__init__.py'...
Compiling '/home/ayush/Desktop/Learning_ROS2/ros2_ws/install/my_robot_interfaces/local/lib/python3.10/dist-packages/my_robot_interfaces/msg/_hardware_status.py'...
Compiling '/home/ayush/Desktop/Learning_ROS2/ros2_ws/install/my_robot_interfaces/local/lib/python3.10/dist-packages/my_robot_interfaces/msg/_led_status.py'...
Compiling '/home/ayush/Desktop/Learning_ROS2/ros2_ws/install/my_robot_interfaces/local/lib/python3.10/dist-packages/my_robot_interfaces/msg/_turtle.py'...
Compiling '/home/ayush/Desktop/Learning_ROS2/ros2_ws/install/my_robot_interfaces/local/lib/python3.10/dist-packages/my_robot_interfaces/msg/_turtle_array.py'...
Listing '/home/ayush/Desktop/Learning_ROS2/ros2_ws/install/my_robot_interfaces/local/lib/python3.10/dist-packages/my_robot_interfaces/srv'...
Compiling '/home/ayush/Desktop/Learning_ROS2/ros2_ws/install/my_robot_interfaces/local/lib/python3.10/dist-packages/my_robot_interfaces/srv/__init__.py'...
Compiling '/home/ayush/Desktop/Learning_ROS2/ros2_ws/install/my_robot_interfaces/local/lib/python3.10/dist-packages/my_robot_interfaces/srv/_area_of_rectangle.py'...
Compiling '/home/ayush/Desktop/Learning_ROS2/ros2_ws/install/my_robot_interfaces/local/lib/python3.10/dist-packages/my_robot_interfaces/srv/_set_led.py'...
-- Installing: /home/ayush/Desktop/Learning_ROS2/ros2_ws/install/my_robot_interfaces/local/lib/python3.10/dist-packages/my_robot_interfaces/my_robot_interfaces_s__rosidl_typesupport_fastrtps_c.cpython-310-x86_64-linux-gnu.so
-- Set runtime path of "/home/ayush/Desktop/Learning_ROS2/ros2_ws/install/my_robot_interfaces/local/lib/python3.10/dist-packages/my_robot_interfaces/my_robot_interfaces_s__rosidl_typesupport_fastrtps_c.cpython-310-x86_64-linux-gnu.so" to ""
-- Installing: /home/ayush/Desktop/Learning_ROS2/ros2_ws/install/my_robot_interfaces/local/lib/python3.10/dist-packages/my_robot_interfaces/my_robot_interfaces_s__rosidl_typesupport_introspection_c.cpython-310-x86_64-linux-gnu.so
-- Set runtime path of "/home/ayush/Desktop/Learning_ROS2/ros2_ws/install/my_robot_interfaces/local/lib/python3.10/dist-packages/my_robot_interfaces/my_robot_interfaces_s__rosidl_typesupport_introspection_c.cpython-310-x86_64-linux-gnu.so" to ""
-- Installing: /home/ayush/Desktop/Learning_ROS2/ros2_ws/install/my_robot_interfaces/local/lib/python3.10/dist-packages/my_robot_interfaces/my_robot_interfaces_s__rosidl_typesupport_c.cpython-310-x86_64-linux-gnu.so
-- Set runtime path of "/home/ayush/Desktop/Learning_ROS2/ros2_ws/install/my_robot_interfaces/local/lib/python3.10/dist-packages/my_robot_interfaces/my_robot_interfaces_s__rosidl_typesupport_c.cpython-310-x86_64-linux-gnu.so" to ""
-- Installing: /home/ayush/Desktop/Learning_ROS2/ros2_ws/install/my_robot_interfaces/lib/libmy_robot_interfaces__rosidl_generator_py.so
-- Set runtime path of "/home/ayush/Desktop/Learning_ROS2/ros2_ws/install/my_robot_interfaces/lib/libmy_robot_interfaces__rosidl_generator_py.so" to ""
-- Installing: /home/ayush/Desktop/Learning_ROS2/ros2_ws/install/my_robot_interfaces/share/my_robot_interfaces/msg/HardwareStatus.idl
-- Installing: /home/ayush/Desktop/Learning_ROS2/ros2_ws/install/my_robot_interfaces/share/my_robot_interfaces/msg/LedStatus.idl
-- Installing: /home/ayush/Desktop/Learning_ROS2/ros2_ws/install/my_robot_interfaces/share/my_robot_interfaces/msg/Turtle.idl
-- Installing: /home/ayush/Desktop/Learning_ROS2/ros2_ws/install/my_robot_interfaces/share/my_robot_interfaces/msg/TurtleArray.idl
-- Installing: /home/ayush/Desktop/Learning_ROS2/ros2_ws/install/my_robot_interfaces/share/my_robot_interfaces/srv/AreaOfRectangle.idl
-- Installing: /home/ayush/Desktop/Learning_ROS2/ros2_ws/install/my_robot_interfaces/share/my_robot_interfaces/srv/SetLed.idl
-- Installing: /home/ayush/Desktop/Learning_ROS2/ros2_ws/install/my_robot_interfaces/share/my_robot_interfaces/msg/HardwareStatus.msg
-- Installing: /home/ayush/Desktop/Learning_ROS2/ros2_ws/install/my_robot_interfaces/share/my_robot_interfaces/msg/LedStatus.msg
-- Installing: /home/ayush/Desktop/Learning_ROS2/ros2_ws/install/my_robot_interfaces/share/my_robot_interfaces/msg/Turtle.msg
-- Installing: /home/ayush/Desktop/Learning_ROS2/ros2_ws/install/my_robot_interfaces/share/my_robot_interfaces/msg/TurtleArray.msg
-- Installing: /home/ayush/Desktop/Learning_ROS2/ros2_ws/install/my_robot_interfaces/share/my_robot_interfaces/srv/AreaOfRectangle.srv
-- Installing: /home/ayush/Desktop/Learning_ROS2/ros2_ws/install/my_robot_interfaces/share/my_robot_interfaces/srv/AreaOfRectangle_Request.msg
-- Installing: /home/ayush/Desktop/Learning_ROS2/ros2_ws/install/my_robot_interfaces/share/my_robot_interfaces/srv/AreaOfRectangle_Response.msg
-- Installing: /home/ayush/Desktop/Learning_ROS2/ros2_ws/install/my_robot_interfaces/share/my_robot_interfaces/srv/SetLed.srv
-- Installing: /home/ayush/Desktop/Learning_ROS2/ros2_ws/install/my_robot_interfaces/share/my_robot_interfaces/srv/SetLed_Request.msg
-- Installing: /home/ayush/Desktop/Learning_ROS2/ros2_ws/install/my_robot_interfaces/share/my_robot_interfaces/srv/SetLed_Response.msg
-- Installing: /home/ayush/Desktop/Learning_ROS2/ros2_ws/install/my_robot_interfaces/share/ament_index/resource_index/package_run_dependencies/my_robot_interfaces
-- Installing: /home/ayush/Desktop/Learning_ROS2/ros2_ws/install/my_robot_interfaces/share/ament_index/resource_index/parent_prefix_path/my_robot_interfaces
-- Installing: /home/ayush/Desktop/Learning_ROS2/ros2_ws/install/my_robot_interfaces/share/my_robot_interfaces/environment/ament_prefix_path.sh
-- Installing: /home/ayush/Desktop/Learning_ROS2/ros2_ws/install/my_robot_interfaces/share/my_robot_interfaces/environment/ament_prefix_path.dsv
-- Installing: /home/ayush/Desktop/Learning_ROS2/ros2_ws/install/my_robot_interfaces/share/my_robot_interfaces/environment/path.sh
-- Installing: /home/ayush/Desktop/Learning_ROS2/ros2_ws/install/my_robot_interfaces/share/my_robot_interfaces/environment/path.dsv
-- Installing: /home/ayush/Desktop/Learning_ROS2/ros2_ws/install/my_robot_interfaces/share/my_robot_interfaces/local_setup.bash
-- Installing: /home/ayush/Desktop/Learning_ROS2/ros2_ws/install/my_robot_interfaces/share/my_robot_interfaces/local_setup.sh
-- Installing: /home/ayush/Desktop/Learning_ROS2/ros2_ws/install/my_robot_interfaces/share/my_robot_interfaces/local_setup.zsh
-- Installing: /home/ayush/Desktop/Learning_ROS2/ros2_ws/install/my_robot_interfaces/share/my_robot_interfaces/local_setup.dsv
-- Installing: /home/ayush/Desktop/Learning_ROS2/ros2_ws/install/my_robot_interfaces/share/my_robot_interfaces/package.dsv
-- Installing: /home/ayush/Desktop/Learning_ROS2/ros2_ws/install/my_robot_interfaces/share/ament_index/resource_index/packages/my_robot_interfaces
-- Installing: /home/ayush/Desktop/Learning_ROS2/ros2_ws/install/my_robot_interfaces/share/my_robot_interfaces/cmake/export_my_robot_interfaces__rosidl_generator_cExport.cmake
-- Installing: /home/ayush/Desktop/Learning_ROS2/ros2_ws/install/my_robot_interfaces/share/my_robot_interfaces/cmake/export_my_robot_interfaces__rosidl_generator_cExport-noconfig.cmake
-- Installing: /home/ayush/Desktop/Learning_ROS2/ros2_ws/install/my_robot_interfaces/share/my_robot_interfaces/cmake/export_my_robot_interfaces__rosidl_typesupport_fastrtps_cExport.cmake
-- Installing: /home/ayush/Desktop/Learning_ROS2/ros2_ws/install/my_robot_interfaces/share/my_robot_interfaces/cmake/export_my_robot_interfaces__rosidl_typesupport_fastrtps_cExport-noconfig.cmake
-- Installing: /home/ayush/Desktop/Learning_ROS2/ros2_ws/install/my_robot_interfaces/share/my_robot_interfaces/cmake/my_robot_interfaces__rosidl_typesupport_introspection_cExport.cmake
-- Installing: /home/ayush/Desktop/Learning_ROS2/ros2_ws/install/my_robot_interfaces/share/my_robot_interfaces/cmake/my_robot_interfaces__rosidl_typesupport_introspection_cExport-noconfig.cmake
-- Installing: /home/ayush/Desktop/Learning_ROS2/ros2_ws/install/my_robot_interfaces/share/my_robot_interfaces/cmake/my_robot_interfaces__rosidl_typesupport_cExport.cmake
-- Installing: /home/ayush/Desktop/Learning_ROS2/ros2_ws/install/my_robot_interfaces/share/my_robot_interfaces/cmake/my_robot_interfaces__rosidl_typesupport_cExport-noconfig.cmake
-- Installing: /home/ayush/Desktop/Learning_ROS2/ros2_ws/install/my_robot_interfaces/share/my_robot_interfaces/cmake/export_my_robot_interfaces__rosidl_generator_cppExport.cmake
-- Installing: /home/ayush/Desktop/Learning_ROS2/ros2_ws/install/my_robot_interfaces/share/my_robot_interfaces/cmake/export_my_robot_interfaces__rosidl_typesupport_fastrtps_cppExport.cmake
-- Installing: /home/ayush/Desktop/Learning_ROS2/ros2_ws/install/my_robot_interfaces/share/my_robot_interfaces/cmake/export_my_robot_interfaces__rosidl_typesupport_fastrtps_cppExport-noconfig.cmake
-- Installing: /home/ayush/Desktop/Learning_ROS2/ros2_ws/install/my_robot_interfaces/share/my_robot_interfaces/cmake/my_robot_interfaces__rosidl_typesupport_introspection_cppExport.cmake
-- Installing: /home/ayush/Desktop/Learning_ROS2/ros2_ws/install/my_robot_interfaces/share/my_robot_interfaces/cmake/my_robot_interfaces__rosidl_typesupport_introspection_cppExport-noconfig.cmake
-- Installing: /home/ayush/Desktop/Learning_ROS2/ros2_ws/install/my_robot_interfaces/share/my_robot_interfaces/cmake/my_robot_interfaces__rosidl_typesupport_cppExport.cmake
-- Installing: /home/ayush/Desktop/Learning_ROS2/ros2_ws/install/my_robot_interfaces/share/my_robot_interfaces/cmake/my_robot_interfaces__rosidl_typesupport_cppExport-noconfig.cmake
-- Installing: /home/ayush/Desktop/Learning_ROS2/ros2_ws/install/my_robot_interfaces/share/my_robot_interfaces/cmake/export_my_robot_interfaces__rosidl_generator_pyExport.cmake
-- Installing: /home/ayush/Desktop/Learning_ROS2/ros2_ws/install/my_robot_interfaces/share/my_robot_interfaces/cmake/export_my_robot_interfaces__rosidl_generator_pyExport-noconfig.cmake
-- Installing: /home/ayush/Desktop/Learning_ROS2/ros2_ws/install/my_robot_interfaces/share/my_robot_interfaces/cmake/rosidl_cmake-extras.cmake
-- Installing: /home/ayush/Desktop/Learning_ROS2/ros2_ws/install/my_robot_interfaces/share/my_robot_interfaces/cmake/ament_cmake_export_include_directories-extras.cmake
-- Installing: /home/ayush/Desktop/Learning_ROS2/ros2_ws/install/my_robot_interfaces/share/my_robot_interfaces/cmake/ament_cmake_export_libraries-extras.cmake
-- Installing: /home/ayush/Desktop/Learning_ROS2/ros2_ws/install/my_robot_interfaces/share/my_robot_interfaces/cmake/ament_cmake_export_targets-extras.cmake
-- Installing: /home/ayush/Desktop/Learning_ROS2/ros2_ws/install/my_robot_interfaces/share/my_robot_interfaces/cmake/rosidl_cmake_export_typesupport_targets-extras.cmake
-- Installing: /home/ayush/Desktop/Learning_ROS2/ros2_ws/install/my_robot_interfaces/share/my_robot_interfaces/cmake/ament_cmake_export_dependencies-extras.cmake
-- Installing: /home/ayush/Desktop/Learning_ROS2/ros2_ws/install/my_robot_interfaces/share/my_robot_interfaces/cmake/rosidl_cmake_export_typesupport_libraries-extras.cmake
-- Installing: /home/ayush/Desktop/Learning_ROS2/ros2_ws/install/my_robot_interfaces/share/my_robot_interfaces/cmake/my_robot_interfacesConfig.cmake
-- Installing: /home/ayush/Desktop/Learning_ROS2/ros2_ws/install/my_robot_interfaces/share/my_robot_interfaces/cmake/my_robot_interfacesConfig-version.cmake
-- Installing: /home/ayush/Desktop/Learning_ROS2/ros2_ws/install/my_robot_interfaces/share/my_robot_interfaces/package.xml
