[1.037s] Invoking command in '/home/ayush/Desktop/Learning_ROS2/ros2_ws/build/my_py_pkg': AMENT_PREFIX_PATH=/home/ayush/Desktop/Learning_ROS2/ros2_ws/install/my_robot_interfaces:${AMENT_PREFIX_PATH} CMAKE_PREFIX_PATH=/home/ayush/Desktop/Learning_ROS2/ros2_ws/install/my_robot_interfaces:${CMAKE_PREFIX_PATH} LD_LIBRARY_PATH=/home/ayush/Desktop/Learning_ROS2/ros2_ws/install/my_robot_interfaces/lib:${LD_LIBRARY_PATH} PYTHONPATH=/home/ayush/Desktop/Learning_ROS2/ros2_ws/build/my_py_pkg/prefix_override:/usr/lib/python3/dist-packages/colcon_core/task/python/colcon_distutils_commands:/home/ayush/Desktop/Learning_ROS2/ros2_ws/install/my_py_pkg/lib/python3.10/site-packages:/home/ayush/Desktop/Learning_ROS2/ros2_ws/install/my_robot_interfaces/local/lib/python3.10/dist-packages:${PYTHONPATH} /usr/bin/python3 -W ignore:setup.py install is deprecated setup.py develop --uninstall --editable --build-directory /home/ayush/Desktop/Learning_ROS2/ros2_ws/build/my_py_pkg/build
[1.401s] running develop
[1.402s] /usr/lib/python3/dist-packages/setuptools/command/easy_install.py:158: EasyInstallDeprecationWarning: easy_install command is deprecated. Use build and pip and other standards-based tools.
[1.402s]   warnings.warn(
[1.624s] Removing /home/ayush/Desktop/Learning_ROS2/ros2_ws/install/my_py_pkg/lib/python3.10/site-packages/my-py-pkg.egg-link (link to .)
[1.651s] Invoked command in '/home/ayush/Desktop/Learning_ROS2/ros2_ws/build/my_py_pkg' returned '0': AMENT_PREFIX_PATH=/home/ayush/Desktop/Learning_ROS2/ros2_ws/install/my_robot_interfaces:${AMENT_PREFIX_PATH} CMAKE_PREFIX_PATH=/home/ayush/Desktop/Learning_ROS2/ros2_ws/install/my_robot_interfaces:${CMAKE_PREFIX_PATH} LD_LIBRARY_PATH=/home/ayush/Desktop/Learning_ROS2/ros2_ws/install/my_robot_interfaces/lib:${LD_LIBRARY_PATH} PYTHONPATH=/home/ayush/Desktop/Learning_ROS2/ros2_ws/build/my_py_pkg/prefix_override:/usr/lib/python3/dist-packages/colcon_core/task/python/colcon_distutils_commands:/home/ayush/Desktop/Learning_ROS2/ros2_ws/install/my_py_pkg/lib/python3.10/site-packages:/home/ayush/Desktop/Learning_ROS2/ros2_ws/install/my_robot_interfaces/local/lib/python3.10/dist-packages:${PYTHONPATH} /usr/bin/python3 -W ignore:setup.py install is deprecated setup.py develop --uninstall --editable --build-directory /home/ayush/Desktop/Learning_ROS2/ros2_ws/build/my_py_pkg/build
[1.653s] Invoking command in '/home/ayush/Desktop/Learning_ROS2/ros2_ws/src/my_py_pkg': AMENT_PREFIX_PATH=/home/ayush/Desktop/Learning_ROS2/ros2_ws/install/my_robot_interfaces:${AMENT_PREFIX_PATH} CMAKE_PREFIX_PATH=/home/ayush/Desktop/Learning_ROS2/ros2_ws/install/my_robot_interfaces:${CMAKE_PREFIX_PATH} LD_LIBRARY_PATH=/home/ayush/Desktop/Learning_ROS2/ros2_ws/install/my_robot_interfaces/lib:${LD_LIBRARY_PATH} PYTHONPATH=/home/ayush/Desktop/Learning_ROS2/ros2_ws/build/my_py_pkg/prefix_override:/usr/lib/python3/dist-packages/colcon_core/task/python/colcon_distutils_commands:/home/ayush/Desktop/Learning_ROS2/ros2_ws/install/my_py_pkg/lib/python3.10/site-packages:/home/ayush/Desktop/Learning_ROS2/ros2_ws/install/my_robot_interfaces/local/lib/python3.10/dist-packages:${PYTHONPATH} /usr/bin/python3 -W ignore:setup.py install is deprecated setup.py egg_info --egg-base ../../build/my_py_pkg build --build-base /home/ayush/Desktop/Learning_ROS2/ros2_ws/build/my_py_pkg/build install --record /home/ayush/Desktop/Learning_ROS2/ros2_ws/build/my_py_pkg/install.log --single-version-externally-managed install_data --force
[1.926s] running egg_info
[1.927s] writing ../../build/my_py_pkg/my_py_pkg.egg-info/PKG-INFO
[1.927s] writing dependency_links to ../../build/my_py_pkg/my_py_pkg.egg-info/dependency_links.txt
[1.927s] writing entry points to ../../build/my_py_pkg/my_py_pkg.egg-info/entry_points.txt
[1.927s] writing requirements to ../../build/my_py_pkg/my_py_pkg.egg-info/requires.txt
[1.927s] writing top-level names to ../../build/my_py_pkg/my_py_pkg.egg-info/top_level.txt
[1.931s] reading manifest file '../../build/my_py_pkg/my_py_pkg.egg-info/SOURCES.txt'
[1.933s] writing manifest file '../../build/my_py_pkg/my_py_pkg.egg-info/SOURCES.txt'
[1.933s] running build
[1.933s] running build_py
[1.933s] copying my_py_pkg/hw_status_publisher.py -> /home/ayush/Desktop/Learning_ROS2/ros2_ws/build/my_py_pkg/build/lib/my_py_pkg
[1.934s] running install
[1.934s] running install_lib
[1.935s] copying /home/ayush/Desktop/Learning_ROS2/ros2_ws/build/my_py_pkg/build/lib/my_py_pkg/add_two_ints_client_no_oop.py -> /home/ayush/Desktop/Learning_ROS2/ros2_ws/install/my_py_pkg/lib/python3.10/site-packages/my_py_pkg
[1.936s] copying /home/ayush/Desktop/Learning_ROS2/ros2_ws/build/my_py_pkg/build/lib/my_py_pkg/add_two_ints_client.py -> /home/ayush/Desktop/Learning_ROS2/ros2_ws/install/my_py_pkg/lib/python3.10/site-packages/my_py_pkg
[1.936s] copying /home/ayush/Desktop/Learning_ROS2/ros2_ws/build/my_py_pkg/build/lib/my_py_pkg/robot_news_station.py -> /home/ayush/Desktop/Learning_ROS2/ros2_ws/install/my_py_pkg/lib/python3.10/site-packages/my_py_pkg
[1.936s] copying /home/ayush/Desktop/Learning_ROS2/ros2_ws/build/my_py_pkg/build/lib/my_py_pkg/smartphone.py -> /home/ayush/Desktop/Learning_ROS2/ros2_ws/install/my_py_pkg/lib/python3.10/site-packages/my_py_pkg
[1.937s] copying /home/ayush/Desktop/Learning_ROS2/ros2_ws/build/my_py_pkg/build/lib/my_py_pkg/template_node.py -> /home/ayush/Desktop/Learning_ROS2/ros2_ws/install/my_py_pkg/lib/python3.10/site-packages/my_py_pkg
[1.937s] copying /home/ayush/Desktop/Learning_ROS2/ros2_ws/build/my_py_pkg/build/lib/my_py_pkg/my_first_node.py -> /home/ayush/Desktop/Learning_ROS2/ros2_ws/install/my_py_pkg/lib/python3.10/site-packages/my_py_pkg
[1.937s] copying /home/ayush/Desktop/Learning_ROS2/ros2_ws/build/my_py_pkg/build/lib/my_py_pkg/hw_status_publisher.py -> /home/ayush/Desktop/Learning_ROS2/ros2_ws/install/my_py_pkg/lib/python3.10/site-packages/my_py_pkg
[1.937s] copying /home/ayush/Desktop/Learning_ROS2/ros2_ws/build/my_py_pkg/build/lib/my_py_pkg/add_two_ints_server.py -> /home/ayush/Desktop/Learning_ROS2/ros2_ws/install/my_py_pkg/lib/python3.10/site-packages/my_py_pkg
[1.938s] copying /home/ayush/Desktop/Learning_ROS2/ros2_ws/build/my_py_pkg/build/lib/my_py_pkg/__init__.py -> /home/ayush/Desktop/Learning_ROS2/ros2_ws/install/my_py_pkg/lib/python3.10/site-packages/my_py_pkg
[1.938s] byte-compiling /home/ayush/Desktop/Learning_ROS2/ros2_ws/install/my_py_pkg/lib/python3.10/site-packages/my_py_pkg/add_two_ints_client_no_oop.py to add_two_ints_client_no_oop.cpython-310.pyc
[1.939s] byte-compiling /home/ayush/Desktop/Learning_ROS2/ros2_ws/install/my_py_pkg/lib/python3.10/site-packages/my_py_pkg/add_two_ints_client.py to add_two_ints_client.cpython-310.pyc
[1.939s] byte-compiling /home/ayush/Desktop/Learning_ROS2/ros2_ws/install/my_py_pkg/lib/python3.10/site-packages/my_py_pkg/robot_news_station.py to robot_news_station.cpython-310.pyc
[1.940s] byte-compiling /home/ayush/Desktop/Learning_ROS2/ros2_ws/install/my_py_pkg/lib/python3.10/site-packages/my_py_pkg/smartphone.py to smartphone.cpython-310.pyc
[1.940s] byte-compiling /home/ayush/Desktop/Learning_ROS2/ros2_ws/install/my_py_pkg/lib/python3.10/site-packages/my_py_pkg/template_node.py to template_node.cpython-310.pyc
[1.941s] byte-compiling /home/ayush/Desktop/Learning_ROS2/ros2_ws/install/my_py_pkg/lib/python3.10/site-packages/my_py_pkg/my_first_node.py to my_first_node.cpython-310.pyc
[1.941s] byte-compiling /home/ayush/Desktop/Learning_ROS2/ros2_ws/install/my_py_pkg/lib/python3.10/site-packages/my_py_pkg/hw_status_publisher.py to hw_status_publisher.cpython-310.pyc
[1.941s] byte-compiling /home/ayush/Desktop/Learning_ROS2/ros2_ws/install/my_py_pkg/lib/python3.10/site-packages/my_py_pkg/add_two_ints_server.py to add_two_ints_server.cpython-310.pyc
[1.942s] byte-compiling /home/ayush/Desktop/Learning_ROS2/ros2_ws/install/my_py_pkg/lib/python3.10/site-packages/my_py_pkg/__init__.py to __init__.cpython-310.pyc
[1.942s] running install_data
[1.942s] copying resource/my_py_pkg -> /home/ayush/Desktop/Learning_ROS2/ros2_ws/install/my_py_pkg/share/ament_index/resource_index/packages
[1.942s] copying package.xml -> /home/ayush/Desktop/Learning_ROS2/ros2_ws/install/my_py_pkg/share/my_py_pkg
[1.942s] running install_egg_info
[1.945s] Copying ../../build/my_py_pkg/my_py_pkg.egg-info to /home/ayush/Desktop/Learning_ROS2/ros2_ws/install/my_py_pkg/lib/python3.10/site-packages/my_py_pkg-0.0.0-py3.10.egg-info
[1.946s] running install_scripts
[1.968s] Installing add_two_ints_client = my_py_pkg.add_two_ints_client:mainhw_status_publisher script to /home/ayush/Desktop/Learning_ROS2/ros2_ws/install/my_py_pkg/lib/my_py_pkg
[1.968s] Installing add_two_ints_client_no_oop script to /home/ayush/Desktop/Learning_ROS2/ros2_ws/install/my_py_pkg/lib/my_py_pkg
[1.969s] Installing add_two_ints_server script to /home/ayush/Desktop/Learning_ROS2/ros2_ws/install/my_py_pkg/lib/my_py_pkg
[1.969s] Installing py_node script to /home/ayush/Desktop/Learning_ROS2/ros2_ws/install/my_py_pkg/lib/my_py_pkg
[1.969s] Installing robot_news_station script to /home/ayush/Desktop/Learning_ROS2/ros2_ws/install/my_py_pkg/lib/my_py_pkg
[1.969s] Installing smartphone script to /home/ayush/Desktop/Learning_ROS2/ros2_ws/install/my_py_pkg/lib/my_py_pkg
[1.969s] writing list of installed files to '/home/ayush/Desktop/Learning_ROS2/ros2_ws/build/my_py_pkg/install.log'
[1.994s] Invoked command in '/home/ayush/Desktop/Learning_ROS2/ros2_ws/src/my_py_pkg' returned '0': AMENT_PREFIX_PATH=/home/ayush/Desktop/Learning_ROS2/ros2_ws/install/my_robot_interfaces:${AMENT_PREFIX_PATH} CMAKE_PREFIX_PATH=/home/ayush/Desktop/Learning_ROS2/ros2_ws/install/my_robot_interfaces:${CMAKE_PREFIX_PATH} LD_LIBRARY_PATH=/home/ayush/Desktop/Learning_ROS2/ros2_ws/install/my_robot_interfaces/lib:${LD_LIBRARY_PATH} PYTHONPATH=/home/ayush/Desktop/Learning_ROS2/ros2_ws/build/my_py_pkg/prefix_override:/usr/lib/python3/dist-packages/colcon_core/task/python/colcon_distutils_commands:/home/ayush/Desktop/Learning_ROS2/ros2_ws/install/my_py_pkg/lib/python3.10/site-packages:/home/ayush/Desktop/Learning_ROS2/ros2_ws/install/my_robot_interfaces/local/lib/python3.10/dist-packages:${PYTHONPATH} /usr/bin/python3 -W ignore:setup.py install is deprecated setup.py egg_info --egg-base ../../build/my_py_pkg build --build-base /home/ayush/Desktop/Learning_ROS2/ros2_ws/build/my_py_pkg/build install --record /home/ayush/Desktop/Learning_ROS2/ros2_ws/build/my_py_pkg/install.log --single-version-externally-managed install_data --force
