[0.011s] Invoking command in '/home/ayush/Desktop/Learning_ROS2/build/my_robot_bringup': AMENT_PREFIX_PATH=/home/ayush/Desktop/Learning_ROS2/install/my_py_pkg:/home/ayush/Desktop/Learning_ROS2/install/my_cpp_pkg:/home/ayush/Desktop/Learning_ROS2/install/my_robot_interfaces:${AMENT_PREFIX_PATH} CMAKE_PREFIX_PATH=/home/ayush/Desktop/Learning_ROS2/install/my_cpp_pkg:/home/ayush/Desktop/Learning_ROS2/install/my_robot_interfaces:/home/ayush/Desktop/Learning_ROS2/ros2_ws/install/my_robot_bringup:/home/ayush/Desktop/Learning_ROS2/ros2_ws/install/my_cpp_pkg:/home/ayush/Desktop/Learning_ROS2/ros2_ws/install/my_robot_interfaces:/home/ayush/Desktop/Learning_ROS2/ros2_ws/install/turtlesim_project:/home/ayush/Desktop/Learning_ROS2/ros2_ws/install/my_py_pkg:/opt/ros/humble LD_LIBRARY_PATH=/home/ayush/Desktop/Learning_ROS2/install/my_robot_interfaces/lib:${LD_LIBRARY_PATH} PYTHONPATH=/home/ayush/Desktop/Learning_ROS2/install/my_py_pkg/lib/python3.10/site-packages:/home/ayush/Desktop/Learning_ROS2/install/my_robot_interfaces/local/lib/python3.10/dist-packages:${PYTHONPATH} /usr/bin/cmake /home/ayush/Desktop/Learning_ROS2/ros2_ws/src/my_robot_bringup -DCMAKE_INSTALL_PREFIX=/home/ayush/Desktop/Learning_ROS2/install/my_robot_bringup
[0.068s] -- The C compiler identification is GNU 11.4.0
[0.124s] -- The CXX compiler identification is GNU 11.4.0
[0.131s] -- Detecting C compiler ABI info
[0.199s] -- Detecting C compiler ABI info - done
[0.206s] -- Check for working C compiler: /usr/bin/cc - skipped
[0.206s] -- Detecting C compile features
[0.207s] -- Detecting C compile features - done
[0.210s] -- Detecting CXX compiler ABI info
[0.289s] -- Detecting CXX compiler ABI info - done
[0.297s] -- Check for working CXX compiler: /usr/bin/c++ - skipped
[0.297s] -- Detecting CXX compile features
[0.298s] -- Detecting CXX compile features - done
[0.301s] -- Found ament_cmake: 1.3.10 (/opt/ros/humble/share/ament_cmake/cmake)
[0.462s] -- Found Python3: /usr/bin/python3 (found version "3.10.12") found components: Interpreter 
[0.635s] -- Configuring done
[0.637s] -- Generating done
[0.638s] -- Build files have been written to: /home/ayush/Desktop/Learning_ROS2/build/my_robot_bringup
[0.642s] Invoked command in '/home/ayush/Desktop/Learning_ROS2/build/my_robot_bringup' returned '0': AMENT_PREFIX_PATH=/home/ayush/Desktop/Learning_ROS2/install/my_py_pkg:/home/ayush/Desktop/Learning_ROS2/install/my_cpp_pkg:/home/ayush/Desktop/Learning_ROS2/install/my_robot_interfaces:${AMENT_PREFIX_PATH} CMAKE_PREFIX_PATH=/home/ayush/Desktop/Learning_ROS2/install/my_cpp_pkg:/home/ayush/Desktop/Learning_ROS2/install/my_robot_interfaces:/home/ayush/Desktop/Learning_ROS2/ros2_ws/install/my_robot_bringup:/home/ayush/Desktop/Learning_ROS2/ros2_ws/install/my_cpp_pkg:/home/ayush/Desktop/Learning_ROS2/ros2_ws/install/my_robot_interfaces:/home/ayush/Desktop/Learning_ROS2/ros2_ws/install/turtlesim_project:/home/ayush/Desktop/Learning_ROS2/ros2_ws/install/my_py_pkg:/opt/ros/humble LD_LIBRARY_PATH=/home/ayush/Desktop/Learning_ROS2/install/my_robot_interfaces/lib:${LD_LIBRARY_PATH} PYTHONPATH=/home/ayush/Desktop/Learning_ROS2/install/my_py_pkg/lib/python3.10/site-packages:/home/ayush/Desktop/Learning_ROS2/install/my_robot_interfaces/local/lib/python3.10/dist-packages:${PYTHONPATH} /usr/bin/cmake /home/ayush/Desktop/Learning_ROS2/ros2_ws/src/my_robot_bringup -DCMAKE_INSTALL_PREFIX=/home/ayush/Desktop/Learning_ROS2/install/my_robot_bringup
[0.644s] Invoking command in '/home/ayush/Desktop/Learning_ROS2/build/my_robot_bringup': AMENT_PREFIX_PATH=/home/ayush/Desktop/Learning_ROS2/install/my_py_pkg:/home/ayush/Desktop/Learning_ROS2/install/my_cpp_pkg:/home/ayush/Desktop/Learning_ROS2/install/my_robot_interfaces:${AMENT_PREFIX_PATH} CMAKE_PREFIX_PATH=/home/ayush/Desktop/Learning_ROS2/install/my_cpp_pkg:/home/ayush/Desktop/Learning_ROS2/install/my_robot_interfaces:/home/ayush/Desktop/Learning_ROS2/ros2_ws/install/my_robot_bringup:/home/ayush/Desktop/Learning_ROS2/ros2_ws/install/my_cpp_pkg:/home/ayush/Desktop/Learning_ROS2/ros2_ws/install/my_robot_interfaces:/home/ayush/Desktop/Learning_ROS2/ros2_ws/install/turtlesim_project:/home/ayush/Desktop/Learning_ROS2/ros2_ws/install/my_py_pkg:/opt/ros/humble LD_LIBRARY_PATH=/home/ayush/Desktop/Learning_ROS2/install/my_robot_interfaces/lib:${LD_LIBRARY_PATH} PYTHONPATH=/home/ayush/Desktop/Learning_ROS2/install/my_py_pkg/lib/python3.10/site-packages:/home/ayush/Desktop/Learning_ROS2/install/my_robot_interfaces/local/lib/python3.10/dist-packages:${PYTHONPATH} /usr/bin/cmake --build /home/ayush/Desktop/Learning_ROS2/build/my_robot_bringup -- -j8 -l8
[0.683s] Invoked command in '/home/ayush/Desktop/Learning_ROS2/build/my_robot_bringup' returned '0': AMENT_PREFIX_PATH=/home/ayush/Desktop/Learning_ROS2/install/my_py_pkg:/home/ayush/Desktop/Learning_ROS2/install/my_cpp_pkg:/home/ayush/Desktop/Learning_ROS2/install/my_robot_interfaces:${AMENT_PREFIX_PATH} CMAKE_PREFIX_PATH=/home/ayush/Desktop/Learning_ROS2/install/my_cpp_pkg:/home/ayush/Desktop/Learning_ROS2/install/my_robot_interfaces:/home/ayush/Desktop/Learning_ROS2/ros2_ws/install/my_robot_bringup:/home/ayush/Desktop/Learning_ROS2/ros2_ws/install/my_cpp_pkg:/home/ayush/Desktop/Learning_ROS2/ros2_ws/install/my_robot_interfaces:/home/ayush/Desktop/Learning_ROS2/ros2_ws/install/turtlesim_project:/home/ayush/Desktop/Learning_ROS2/ros2_ws/install/my_py_pkg:/opt/ros/humble LD_LIBRARY_PATH=/home/ayush/Desktop/Learning_ROS2/install/my_robot_interfaces/lib:${LD_LIBRARY_PATH} PYTHONPATH=/home/ayush/Desktop/Learning_ROS2/install/my_py_pkg/lib/python3.10/site-packages:/home/ayush/Desktop/Learning_ROS2/install/my_robot_interfaces/local/lib/python3.10/dist-packages:${PYTHONPATH} /usr/bin/cmake --build /home/ayush/Desktop/Learning_ROS2/build/my_robot_bringup -- -j8 -l8
[0.706s] Invoking command in '/home/ayush/Desktop/Learning_ROS2/build/my_robot_bringup': AMENT_PREFIX_PATH=/home/ayush/Desktop/Learning_ROS2/install/my_py_pkg:/home/ayush/Desktop/Learning_ROS2/install/my_cpp_pkg:/home/ayush/Desktop/Learning_ROS2/install/my_robot_interfaces:${AMENT_PREFIX_PATH} CMAKE_PREFIX_PATH=/home/ayush/Desktop/Learning_ROS2/install/my_cpp_pkg:/home/ayush/Desktop/Learning_ROS2/install/my_robot_interfaces:/home/ayush/Desktop/Learning_ROS2/ros2_ws/install/my_robot_bringup:/home/ayush/Desktop/Learning_ROS2/ros2_ws/install/my_cpp_pkg:/home/ayush/Desktop/Learning_ROS2/ros2_ws/install/my_robot_interfaces:/home/ayush/Desktop/Learning_ROS2/ros2_ws/install/turtlesim_project:/home/ayush/Desktop/Learning_ROS2/ros2_ws/install/my_py_pkg:/opt/ros/humble LD_LIBRARY_PATH=/home/ayush/Desktop/Learning_ROS2/install/my_robot_interfaces/lib:${LD_LIBRARY_PATH} PYTHONPATH=/home/ayush/Desktop/Learning_ROS2/install/my_py_pkg/lib/python3.10/site-packages:/home/ayush/Desktop/Learning_ROS2/install/my_robot_interfaces/local/lib/python3.10/dist-packages:${PYTHONPATH} /usr/bin/cmake --install /home/ayush/Desktop/Learning_ROS2/build/my_robot_bringup
[0.714s] -- Install configuration: ""
[0.714s] -- Installing: /home/ayush/Desktop/Learning_ROS2/install/my_robot_bringup/share/my_robot_bringup/launch
[0.714s] -- Installing: /home/ayush/Desktop/Learning_ROS2/install/my_robot_bringup/share/my_robot_bringup/launch/robot.launch.py
[0.714s] -- Installing: /home/ayush/Desktop/Learning_ROS2/install/my_robot_bringup/share/my_robot_bringup/launch/template.launch.py
[0.714s] -- Installing: /home/ayush/Desktop/Learning_ROS2/install/my_robot_bringup/share/ament_index/resource_index/package_run_dependencies/my_robot_bringup
[0.714s] -- Installing: /home/ayush/Desktop/Learning_ROS2/install/my_robot_bringup/share/ament_index/resource_index/parent_prefix_path/my_robot_bringup
[0.715s] -- Installing: /home/ayush/Desktop/Learning_ROS2/install/my_robot_bringup/share/my_robot_bringup/environment/ament_prefix_path.sh
[0.715s] -- Installing: /home/ayush/Desktop/Learning_ROS2/install/my_robot_bringup/share/my_robot_bringup/environment/ament_prefix_path.dsv
[0.715s] -- Installing: /home/ayush/Desktop/Learning_ROS2/install/my_robot_bringup/share/my_robot_bringup/environment/path.sh
[0.715s] -- Installing: /home/ayush/Desktop/Learning_ROS2/install/my_robot_bringup/share/my_robot_bringup/environment/path.dsv
[0.715s] -- Installing: /home/ayush/Desktop/Learning_ROS2/install/my_robot_bringup/share/my_robot_bringup/local_setup.bash
[0.715s] -- Installing: /home/ayush/Desktop/Learning_ROS2/install/my_robot_bringup/share/my_robot_bringup/local_setup.sh
[0.716s] -- Installing: /home/ayush/Desktop/Learning_ROS2/install/my_robot_bringup/share/my_robot_bringup/local_setup.zsh
[0.717s] -- Installing: /home/ayush/Desktop/Learning_ROS2/install/my_robot_bringup/share/my_robot_bringup/local_setup.dsv
[0.717s] -- Installing: /home/ayush/Desktop/Learning_ROS2/install/my_robot_bringup/share/my_robot_bringup/package.dsv
[0.718s] -- Installing: /home/ayush/Desktop/Learning_ROS2/install/my_robot_bringup/share/ament_index/resource_index/packages/my_robot_bringup
[0.718s] -- Installing: /home/ayush/Desktop/Learning_ROS2/install/my_robot_bringup/share/my_robot_bringup/cmake/my_robot_bringupConfig.cmake
[0.718s] -- Installing: /home/ayush/Desktop/Learning_ROS2/install/my_robot_bringup/share/my_robot_bringup/cmake/my_robot_bringupConfig-version.cmake
[0.719s] -- Installing: /home/ayush/Desktop/Learning_ROS2/install/my_robot_bringup/share/my_robot_bringup/package.xml
[0.720s] Invoked command in '/home/ayush/Desktop/Learning_ROS2/build/my_robot_bringup' returned '0': AMENT_PREFIX_PATH=/home/ayush/Desktop/Learning_ROS2/install/my_py_pkg:/home/ayush/Desktop/Learning_ROS2/install/my_cpp_pkg:/home/ayush/Desktop/Learning_ROS2/install/my_robot_interfaces:${AMENT_PREFIX_PATH} CMAKE_PREFIX_PATH=/home/ayush/Desktop/Learning_ROS2/install/my_cpp_pkg:/home/ayush/Desktop/Learning_ROS2/install/my_robot_interfaces:/home/ayush/Desktop/Learning_ROS2/ros2_ws/install/my_robot_bringup:/home/ayush/Desktop/Learning_ROS2/ros2_ws/install/my_cpp_pkg:/home/ayush/Desktop/Learning_ROS2/ros2_ws/install/my_robot_interfaces:/home/ayush/Desktop/Learning_ROS2/ros2_ws/install/turtlesim_project:/home/ayush/Desktop/Learning_ROS2/ros2_ws/install/my_py_pkg:/opt/ros/humble LD_LIBRARY_PATH=/home/ayush/Desktop/Learning_ROS2/install/my_robot_interfaces/lib:${LD_LIBRARY_PATH} PYTHONPATH=/home/ayush/Desktop/Learning_ROS2/install/my_py_pkg/lib/python3.10/site-packages:/home/ayush/Desktop/Learning_ROS2/install/my_robot_interfaces/local/lib/python3.10/dist-packages:${PYTHONPATH} /usr/bin/cmake --install /home/ayush/Desktop/Learning_ROS2/build/my_robot_bringup
