[0.009s] Invoking command in '/home/ayush/Desktop/Learning_ROS2/build/my_robot_interfaces': CMAKE_PREFIX_PATH=${CMAKE_PREFIX_PATH}:/home/ayush/Desktop/Learning_ROS2/ros2_ws/install/turtlesim_project:/home/ayush/Desktop/Learning_ROS2/ros2_ws/install/my_py_pkg:/opt/ros/humble /usr/bin/cmake /home/ayush/Desktop/Learning_ROS2/ros2_ws/src/my_robot_interfaces -DCMAKE_INSTALL_PREFIX=/home/ayush/Desktop/Learning_ROS2/install/my_robot_interfaces
[0.020s] -- Found ament_cmake: 1.3.10 (/opt/ros/humble/share/ament_cmake/cmake)
[0.144s] -- Found rosidl_default_generators: 1.2.0 (/opt/ros/humble/share/rosidl_default_generators/cmake)
[0.147s] -- Using all available rosidl_typesupport_c: rosidl_typesupport_fastrtps_c;rosidl_typesupport_introspection_c
[0.150s] -- Found rosidl_adapter: 3.1.5 (/opt/ros/humble/share/rosidl_adapter/cmake)
[0.178s] -- Using all available rosidl_typesupport_cpp: rosidl_typesupport_fastrtps_cpp;rosidl_typesupport_introspection_cpp
[0.450s] -- Found ament_cmake_ros: 0.10.0 (/opt/ros/humble/share/ament_cmake_ros/cmake)
[0.624s] -- Using all available rosidl_typesupport_c: rosidl_typesupport_fastrtps_c;rosidl_typesupport_introspection_c
[0.849s] -- Using all available rosidl_typesupport_cpp: rosidl_typesupport_fastrtps_cpp;rosidl_typesupport_introspection_cpp
[0.870s] -- Found PythonInterp: /usr/bin/python3 (found suitable version "3.10.12", minimum required is "3.6") 
[0.872s] -- Found python_cmake_module: 0.10.0 (/opt/ros/humble/share/python_cmake_module/cmake)
[0.896s] -- Found PythonLibs: /usr/lib/x86_64-linux-gnu/libpython3.10.so (found suitable version "3.10.12", minimum required is "3.5") 
[0.897s] -- Using PYTHON_EXECUTABLE: /usr/bin/python3
[0.897s] -- Using PYTHON_INCLUDE_DIRS: /usr/include/python3.10
[0.897s] -- Using PYTHON_LIBRARIES: /usr/lib/x86_64-linux-gnu/libpython3.10.so
[0.916s] -- Found PythonExtra: .so  
[0.955s] -- Configuring done
[0.989s] -- Generating done
[0.991s] -- Build files have been written to: /home/ayush/Desktop/Learning_ROS2/build/my_robot_interfaces
[0.996s] Invoked command in '/home/ayush/Desktop/Learning_ROS2/build/my_robot_interfaces' returned '0': CMAKE_PREFIX_PATH=${CMAKE_PREFIX_PATH}:/home/ayush/Desktop/Learning_ROS2/ros2_ws/install/turtlesim_project:/home/ayush/Desktop/Learning_ROS2/ros2_ws/install/my_py_pkg:/opt/ros/humble /usr/bin/cmake /home/ayush/Desktop/Learning_ROS2/ros2_ws/src/my_robot_interfaces -DCMAKE_INSTALL_PREFIX=/home/ayush/Desktop/Learning_ROS2/install/my_robot_interfaces
[0.998s] Invoking command in '/home/ayush/Desktop/Learning_ROS2/build/my_robot_interfaces': CMAKE_PREFIX_PATH=${CMAKE_PREFIX_PATH}:/home/ayush/Desktop/Learning_ROS2/ros2_ws/install/turtlesim_project:/home/ayush/Desktop/Learning_ROS2/ros2_ws/install/my_py_pkg:/opt/ros/humble /usr/bin/cmake --build /home/ayush/Desktop/Learning_ROS2/build/my_robot_interfaces -- -j8 -l8
[1.035s] [  1%] [34m[1mGenerating C code for ROS interfaces[0m
[1.044s] [  2%] [34m[1mGenerating C++ code for ROS interfaces[0m
[1.051s] [  2%] Built target ament_cmake_python_copy_my_robot_interfaces
[1.356s] running egg_info
[1.357s] creating my_robot_interfaces.egg-info
[1.358s] writing my_robot_interfaces.egg-info/PKG-INFO
[1.358s] writing dependency_links to my_robot_interfaces.egg-info/dependency_links.txt
[1.358s] writing top-level names to my_robot_interfaces.egg-info/top_level.txt
[1.358s] writing manifest file 'my_robot_interfaces.egg-info/SOURCES.txt'
[1.361s] reading manifest file 'my_robot_interfaces.egg-info/SOURCES.txt'
[1.362s] writing manifest file 'my_robot_interfaces.egg-info/SOURCES.txt'
[1.399s] [  2%] Built target ament_cmake_python_build_my_robot_interfaces_egg
[1.639s] [  2%] Built target my_robot_interfaces__cpp
[1.652s] [  5%] [34m[1mGenerating C++ introspection for ROS interfaces[0m
[1.652s] [  5%] [34m[1mGenerating C++ type support for eProsima Fast-RTPS[0m
[1.652s] [  7%] [34m[1mGenerating C++ type support dispatch for ROS interfaces[0m
[1.759s] [  8%] [32mBuilding C object CMakeFiles/my_robot_interfaces__rosidl_generator_c.dir/rosidl_generator_c/my_robot_interfaces/msg/detail/led_status__functions.c.o[0m
[1.762s] [  9%] [32mBuilding C object CMakeFiles/my_robot_interfaces__rosidl_generator_c.dir/rosidl_generator_c/my_robot_interfaces/msg/detail/turtle__functions.c.o[0m
[1.762s] [ 11%] [32mBuilding C object CMakeFiles/my_robot_interfaces__rosidl_generator_c.dir/rosidl_generator_c/my_robot_interfaces/msg/detail/turtle_array__functions.c.o[0m
[1.769s] [ 12%] [32mBuilding C object CMakeFiles/my_robot_interfaces__rosidl_generator_c.dir/rosidl_generator_c/my_robot_interfaces/msg/detail/hardware_status__functions.c.o[0m
[1.770s] [ 14%] [32mBuilding C object CMakeFiles/my_robot_interfaces__rosidl_generator_c.dir/rosidl_generator_c/my_robot_interfaces/srv/detail/area_of_rectangle__functions.c.o[0m
[1.864s] [ 15%] [32mBuilding C object CMakeFiles/my_robot_interfaces__rosidl_generator_c.dir/rosidl_generator_c/my_robot_interfaces/srv/detail/set_led__functions.c.o[0m
[1.952s] [ 16%] [32m[1mLinking C shared library libmy_robot_interfaces__rosidl_generator_c.so[0m
[1.998s] [ 16%] Built target my_robot_interfaces__rosidl_generator_c
[2.011s] [ 18%] [34m[1mGenerating C type support for eProsima Fast-RTPS[0m
[2.013s] [ 21%] [34m[1mGenerating C type support dispatch for ROS interfaces[0m
[2.013s] [ 21%] [34m[1mGenerating C introspection for ROS interfaces[0m
[2.350s] [ 22%] [32mBuilding CXX object CMakeFiles/my_robot_interfaces__rosidl_typesupport_cpp.dir/rosidl_typesupport_cpp/my_robot_interfaces/msg/hardware_status__type_support.cpp.o[0m
[2.353s] [ 23%] [32mBuilding CXX object CMakeFiles/my_robot_interfaces__rosidl_typesupport_cpp.dir/rosidl_typesupport_cpp/my_robot_interfaces/msg/led_status__type_support.cpp.o[0m
[2.357s] [ 25%] [32mBuilding CXX object CMakeFiles/my_robot_interfaces__rosidl_typesupport_cpp.dir/rosidl_typesupport_cpp/my_robot_interfaces/msg/turtle__type_support.cpp.o[0m
[2.633s] [ 26%] [32mBuilding CXX object CMakeFiles/my_robot_interfaces__rosidl_typesupport_c.dir/rosidl_typesupport_c/my_robot_interfaces/msg/hardware_status__type_support.cpp.o[0m
[2.690s] [ 28%] [32mBuilding CXX object CMakeFiles/my_robot_interfaces__rosidl_typesupport_fastrtps_cpp.dir/rosidl_typesupport_fastrtps_cpp/my_robot_interfaces/msg/detail/dds_fastrtps/hardware_status__type_support.cpp.o[0m
[2.698s] [ 29%] [32mBuilding CXX object CMakeFiles/my_robot_interfaces__rosidl_typesupport_introspection_cpp.dir/rosidl_typesupport_introspection_cpp/my_robot_interfaces/msg/detail/hardware_status__type_support.cpp.o[0m
[2.708s] [ 30%] [32mBuilding CXX object CMakeFiles/my_robot_interfaces__rosidl_typesupport_c.dir/rosidl_typesupport_c/my_robot_interfaces/msg/led_status__type_support.cpp.o[0m
[2.762s] [ 32%] [32mBuilding CXX object CMakeFiles/my_robot_interfaces__rosidl_typesupport_c.dir/rosidl_typesupport_c/my_robot_interfaces/msg/turtle__type_support.cpp.o[0m
[2.822s] [ 33%] [32mBuilding CXX object CMakeFiles/my_robot_interfaces__rosidl_typesupport_c.dir/rosidl_typesupport_c/my_robot_interfaces/msg/turtle_array__type_support.cpp.o[0m
[2.889s] [ 35%] [32mBuilding CXX object CMakeFiles/my_robot_interfaces__rosidl_typesupport_c.dir/rosidl_typesupport_c/my_robot_interfaces/srv/area_of_rectangle__type_support.cpp.o[0m
[2.909s] [ 36%] [32mBuilding CXX object CMakeFiles/my_robot_interfaces__rosidl_typesupport_introspection_cpp.dir/rosidl_typesupport_introspection_cpp/my_robot_interfaces/msg/detail/led_status__type_support.cpp.o[0m
[2.912s] [ 38%] [32mBuilding CXX object CMakeFiles/my_robot_interfaces__rosidl_typesupport_fastrtps_cpp.dir/rosidl_typesupport_fastrtps_cpp/my_robot_interfaces/msg/detail/dds_fastrtps/led_status__type_support.cpp.o[0m
[2.919s] [ 39%] [32mBuilding CXX object CMakeFiles/my_robot_interfaces__rosidl_typesupport_cpp.dir/rosidl_typesupport_cpp/my_robot_interfaces/msg/turtle_array__type_support.cpp.o[0m
[2.964s] [ 40%] [32mBuilding CXX object CMakeFiles/my_robot_interfaces__rosidl_typesupport_c.dir/rosidl_typesupport_c/my_robot_interfaces/srv/set_led__type_support.cpp.o[0m
[3.023s] [ 42%] [32m[1mLinking CXX shared library libmy_robot_interfaces__rosidl_typesupport_c.so[0m
[3.082s] [ 43%] [32mBuilding CXX object CMakeFiles/my_robot_interfaces__rosidl_typesupport_fastrtps_c.dir/rosidl_typesupport_fastrtps_c/my_robot_interfaces/msg/detail/hardware_status__type_support_c.cpp.o[0m
[3.100s] [ 43%] Built target my_robot_interfaces__rosidl_typesupport_c
[3.116s] [ 45%] [32mBuilding CXX object CMakeFiles/my_robot_interfaces__rosidl_typesupport_fastrtps_cpp.dir/rosidl_typesupport_fastrtps_cpp/my_robot_interfaces/msg/detail/dds_fastrtps/turtle__type_support.cpp.o[0m
[3.117s] [ 46%] [32mBuilding C object CMakeFiles/my_robot_interfaces__rosidl_typesupport_introspection_c.dir/rosidl_typesupport_introspection_c/my_robot_interfaces/msg/detail/hardware_status__type_support.c.o[0m
[3.179s] [ 47%] [32mBuilding C object CMakeFiles/my_robot_interfaces__rosidl_typesupport_introspection_c.dir/rosidl_typesupport_introspection_c/my_robot_interfaces/msg/detail/led_status__type_support.c.o[0m
[3.241s] [ 49%] [32mBuilding C object CMakeFiles/my_robot_interfaces__rosidl_typesupport_introspection_c.dir/rosidl_typesupport_introspection_c/my_robot_interfaces/msg/detail/turtle__type_support.c.o[0m
[3.299s] [ 50%] [32mBuilding C object CMakeFiles/my_robot_interfaces__rosidl_typesupport_introspection_c.dir/rosidl_typesupport_introspection_c/my_robot_interfaces/msg/detail/turtle_array__type_support.c.o[0m
[3.361s] [ 52%] [32mBuilding C object CMakeFiles/my_robot_interfaces__rosidl_typesupport_introspection_c.dir/rosidl_typesupport_introspection_c/my_robot_interfaces/srv/detail/area_of_rectangle__type_support.c.o[0m
[3.402s] [ 53%] [32mBuilding CXX object CMakeFiles/my_robot_interfaces__rosidl_typesupport_cpp.dir/rosidl_typesupport_cpp/my_robot_interfaces/srv/area_of_rectangle__type_support.cpp.o[0m
[3.423s] [ 54%] [32mBuilding C object CMakeFiles/my_robot_interfaces__rosidl_typesupport_introspection_c.dir/rosidl_typesupport_introspection_c/my_robot_interfaces/srv/detail/set_led__type_support.c.o[0m
[3.431s] [ 56%] [32mBuilding CXX object CMakeFiles/my_robot_interfaces__rosidl_typesupport_cpp.dir/rosidl_typesupport_cpp/my_robot_interfaces/srv/set_led__type_support.cpp.o[0m
[3.437s] [ 57%] [32mBuilding CXX object CMakeFiles/my_robot_interfaces__rosidl_typesupport_introspection_cpp.dir/rosidl_typesupport_introspection_cpp/my_robot_interfaces/msg/detail/turtle__type_support.cpp.o[0m
[3.553s] [ 59%] [32m[1mLinking C shared library libmy_robot_interfaces__rosidl_typesupport_introspection_c.so[0m
[3.621s] [ 59%] Built target my_robot_interfaces__rosidl_typesupport_introspection_c
[3.634s] [ 60%] [32mBuilding CXX object CMakeFiles/my_robot_interfaces__rosidl_typesupport_fastrtps_c.dir/rosidl_typesupport_fastrtps_c/my_robot_interfaces/msg/detail/led_status__type_support_c.cpp.o[0m
[3.689s] [ 61%] [32mBuilding CXX object CMakeFiles/my_robot_interfaces__rosidl_typesupport_fastrtps_cpp.dir/rosidl_typesupport_fastrtps_cpp/my_robot_interfaces/msg/detail/dds_fastrtps/turtle_array__type_support.cpp.o[0m
[3.709s] [ 63%] [32mBuilding CXX object CMakeFiles/my_robot_interfaces__rosidl_typesupport_fastrtps_c.dir/rosidl_typesupport_fastrtps_c/my_robot_interfaces/msg/detail/turtle__type_support_c.cpp.o[0m
[3.725s] [ 64%] [32mBuilding CXX object CMakeFiles/my_robot_interfaces__rosidl_typesupport_introspection_cpp.dir/rosidl_typesupport_introspection_cpp/my_robot_interfaces/msg/detail/turtle_array__type_support.cpp.o[0m
[3.850s] [ 66%] [32mBuilding CXX object CMakeFiles/my_robot_interfaces__rosidl_typesupport_fastrtps_cpp.dir/rosidl_typesupport_fastrtps_cpp/my_robot_interfaces/srv/detail/dds_fastrtps/area_of_rectangle__type_support.cpp.o[0m
[3.900s] [ 67%] [32mBuilding CXX object CMakeFiles/my_robot_interfaces__rosidl_typesupport_introspection_cpp.dir/rosidl_typesupport_introspection_cpp/my_robot_interfaces/srv/detail/area_of_rectangle__type_support.cpp.o[0m
[3.980s] [ 69%] [32m[1mLinking CXX shared library libmy_robot_interfaces__rosidl_typesupport_cpp.so[0m
[4.053s] [ 69%] Built target my_robot_interfaces__rosidl_typesupport_cpp
[4.067s] [ 70%] [32mBuilding CXX object CMakeFiles/my_robot_interfaces__rosidl_typesupport_fastrtps_c.dir/rosidl_typesupport_fastrtps_c/my_robot_interfaces/msg/detail/turtle_array__type_support_c.cpp.o[0m
[4.201s] [ 71%] [32mBuilding CXX object CMakeFiles/my_robot_interfaces__rosidl_typesupport_fastrtps_cpp.dir/rosidl_typesupport_fastrtps_cpp/my_robot_interfaces/srv/detail/dds_fastrtps/set_led__type_support.cpp.o[0m
[4.247s] [ 73%] [32mBuilding CXX object CMakeFiles/my_robot_interfaces__rosidl_typesupport_introspection_cpp.dir/rosidl_typesupport_introspection_cpp/my_robot_interfaces/srv/detail/set_led__type_support.cpp.o[0m
[4.348s] [ 74%] [32mBuilding CXX object CMakeFiles/my_robot_interfaces__rosidl_typesupport_fastrtps_c.dir/rosidl_typesupport_fastrtps_c/my_robot_interfaces/srv/detail/area_of_rectangle__type_support_c.cpp.o[0m
[4.508s] [ 76%] [32mBuilding CXX object CMakeFiles/my_robot_interfaces__rosidl_typesupport_fastrtps_c.dir/rosidl_typesupport_fastrtps_c/my_robot_interfaces/srv/detail/set_led__type_support_c.cpp.o[0m
[4.876s] [ 77%] [32m[1mLinking CXX shared library libmy_robot_interfaces__rosidl_typesupport_fastrtps_cpp.so[0m
[4.899s] [ 78%] [32m[1mLinking CXX shared library libmy_robot_interfaces__rosidl_typesupport_introspection_cpp.so[0m
[4.969s] [ 78%] Built target my_robot_interfaces__rosidl_typesupport_fastrtps_cpp
[4.977s] [ 80%] [32m[1mLinking CXX shared library libmy_robot_interfaces__rosidl_typesupport_fastrtps_c.so[0m
[4.990s] [ 80%] Built target my_robot_interfaces__rosidl_typesupport_introspection_cpp
[5.052s] [ 80%] Built target my_robot_interfaces__rosidl_typesupport_fastrtps_c
[5.070s] [ 80%] Built target my_robot_interfaces
[5.089s] [ 81%] [34m[1mGenerating Python code for ROS interfaces[0m
[5.934s] [ 81%] Built target my_robot_interfaces__py
[5.955s] [ 83%] [32mBuilding C object CMakeFiles/my_robot_interfaces__rosidl_generator_py.dir/rosidl_generator_py/my_robot_interfaces/msg/_turtle_s.c.o[0m
[5.955s] [ 84%] [32mBuilding C object CMakeFiles/my_robot_interfaces__rosidl_generator_py.dir/rosidl_generator_py/my_robot_interfaces/srv/_area_of_rectangle_s.c.o[0m
[5.955s] [ 85%] [32mBuilding C object CMakeFiles/my_robot_interfaces__rosidl_generator_py.dir/rosidl_generator_py/my_robot_interfaces/msg/_hardware_status_s.c.o[0m
[5.956s] [ 87%] [32mBuilding C object CMakeFiles/my_robot_interfaces__rosidl_generator_py.dir/rosidl_generator_py/my_robot_interfaces/msg/_led_status_s.c.o[0m
[5.956s] [ 88%] [32mBuilding C object CMakeFiles/my_robot_interfaces__rosidl_generator_py.dir/rosidl_generator_py/my_robot_interfaces/msg/_turtle_array_s.c.o[0m
[5.956s] [ 90%] [32mBuilding C object CMakeFiles/my_robot_interfaces__rosidl_generator_py.dir/rosidl_generator_py/my_robot_interfaces/srv/_set_led_s.c.o[0m
[6.137s] [ 91%] [32m[1mLinking C shared library rosidl_generator_py/my_robot_interfaces/libmy_robot_interfaces__rosidl_generator_py.so[0m
[6.178s] [ 91%] Built target my_robot_interfaces__rosidl_generator_py
[6.198s] [ 95%] [32mBuilding C object CMakeFiles/my_robot_interfaces__rosidl_typesupport_introspection_c__pyext.dir/rosidl_generator_py/my_robot_interfaces/_my_robot_interfaces_s.ep.rosidl_typesupport_introspection_c.c.o[0m
[6.198s] [ 95%] [32mBuilding C object CMakeFiles/my_robot_interfaces__rosidl_typesupport_fastrtps_c__pyext.dir/rosidl_generator_py/my_robot_interfaces/_my_robot_interfaces_s.ep.rosidl_typesupport_fastrtps_c.c.o[0m
[6.198s] [ 95%] [32mBuilding C object CMakeFiles/my_robot_interfaces__rosidl_typesupport_c__pyext.dir/rosidl_generator_py/my_robot_interfaces/_my_robot_interfaces_s.ep.rosidl_typesupport_c.c.o[0m
[6.321s] [ 97%] [32m[1mLinking C shared library rosidl_generator_py/my_robot_interfaces/my_robot_interfaces_s__rosidl_typesupport_c.cpython-310-x86_64-linux-gnu.so[0m
[6.332s] [ 98%] [32m[1mLinking C shared library rosidl_generator_py/my_robot_interfaces/my_robot_interfaces_s__rosidl_typesupport_fastrtps_c.cpython-310-x86_64-linux-gnu.so[0m
[6.334s] [100%] [32m[1mLinking C shared library rosidl_generator_py/my_robot_interfaces/my_robot_interfaces_s__rosidl_typesupport_introspection_c.cpython-310-x86_64-linux-gnu.so[0m
[6.358s] [100%] Built target my_robot_interfaces__rosidl_typesupport_c__pyext
[6.369s] [100%] Built target my_robot_interfaces__rosidl_typesupport_fastrtps_c__pyext
[6.370s] [100%] Built target my_robot_interfaces__rosidl_typesupport_introspection_c__pyext
[6.382s] Invoked command in '/home/ayush/Desktop/Learning_ROS2/build/my_robot_interfaces' returned '0': CMAKE_PREFIX_PATH=${CMAKE_PREFIX_PATH}:/home/ayush/Desktop/Learning_ROS2/ros2_ws/install/turtlesim_project:/home/ayush/Desktop/Learning_ROS2/ros2_ws/install/my_py_pkg:/opt/ros/humble /usr/bin/cmake --build /home/ayush/Desktop/Learning_ROS2/build/my_robot_interfaces -- -j8 -l8
[6.540s] Invoking command in '/home/ayush/Desktop/Learning_ROS2/build/my_robot_interfaces': CMAKE_PREFIX_PATH=${CMAKE_PREFIX_PATH}:/home/ayush/Desktop/Learning_ROS2/ros2_ws/install/turtlesim_project:/home/ayush/Desktop/Learning_ROS2/ros2_ws/install/my_py_pkg:/opt/ros/humble /usr/bin/cmake --install /home/ayush/Desktop/Learning_ROS2/build/my_robot_interfaces
[6.548s] -- Install configuration: ""
[6.553s] -- Installing: /home/ayush/Desktop/Learning_ROS2/install/my_robot_interfaces/share/ament_index/resource_index/rosidl_interfaces/my_robot_interfaces
[6.553s] -- Installing: /home/ayush/Desktop/Learning_ROS2/install/my_robot_interfaces/include/my_robot_interfaces/my_robot_interfaces
[6.553s] -- Installing: /home/ayush/Desktop/Learning_ROS2/install/my_robot_interfaces/include/my_robot_interfaces/my_robot_interfaces/msg
[6.554s] -- Installing: /home/ayush/Desktop/Learning_ROS2/install/my_robot_interfaces/include/my_robot_interfaces/my_robot_interfaces/msg/turtle.h
[6.554s] -- Installing: /home/ayush/Desktop/Learning_ROS2/install/my_robot_interfaces/include/my_robot_interfaces/my_robot_interfaces/msg/rosidl_generator_c__visibility_control.h
[6.554s] -- Installing: /home/ayush/Desktop/Learning_ROS2/install/my_robot_interfaces/include/my_robot_interfaces/my_robot_interfaces/msg/detail
[6.554s] -- Installing: /home/ayush/Desktop/Learning_ROS2/install/my_robot_interfaces/include/my_robot_interfaces/my_robot_interfaces/msg/detail/turtle_array__functions.c
[6.554s] -- Installing: /home/ayush/Desktop/Learning_ROS2/install/my_robot_interfaces/include/my_robot_interfaces/my_robot_interfaces/msg/detail/led_status__functions.c
[6.554s] -- Installing: /home/ayush/Desktop/Learning_ROS2/install/my_robot_interfaces/include/my_robot_interfaces/my_robot_interfaces/msg/detail/hardware_status__type_support.h
[6.555s] -- Installing: /home/ayush/Desktop/Learning_ROS2/install/my_robot_interfaces/include/my_robot_interfaces/my_robot_interfaces/msg/detail/hardware_status__functions.h
[6.555s] -- Installing: /home/ayush/Desktop/Learning_ROS2/install/my_robot_interfaces/include/my_robot_interfaces/my_robot_interfaces/msg/detail/turtle__functions.c
[6.555s] -- Installing: /home/ayush/Desktop/Learning_ROS2/install/my_robot_interfaces/include/my_robot_interfaces/my_robot_interfaces/msg/detail/hardware_status__struct.h
[6.555s] -- Installing: /home/ayush/Desktop/Learning_ROS2/install/my_robot_interfaces/include/my_robot_interfaces/my_robot_interfaces/msg/detail/led_status__functions.h
[6.555s] -- Installing: /home/ayush/Desktop/Learning_ROS2/install/my_robot_interfaces/include/my_robot_interfaces/my_robot_interfaces/msg/detail/turtle_array__type_support.h
[6.555s] -- Installing: /home/ayush/Desktop/Learning_ROS2/install/my_robot_interfaces/include/my_robot_interfaces/my_robot_interfaces/msg/detail/led_status__struct.h
[6.556s] -- Installing: /home/ayush/Desktop/Learning_ROS2/install/my_robot_interfaces/include/my_robot_interfaces/my_robot_interfaces/msg/detail/turtle__struct.h
[6.556s] -- Installing: /home/ayush/Desktop/Learning_ROS2/install/my_robot_interfaces/include/my_robot_interfaces/my_robot_interfaces/msg/detail/turtle__functions.h
[6.556s] -- Installing: /home/ayush/Desktop/Learning_ROS2/install/my_robot_interfaces/include/my_robot_interfaces/my_robot_interfaces/msg/detail/led_status__type_support.h
[6.556s] -- Installing: /home/ayush/Desktop/Learning_ROS2/install/my_robot_interfaces/include/my_robot_interfaces/my_robot_interfaces/msg/detail/turtle__type_support.h
[6.556s] -- Installing: /home/ayush/Desktop/Learning_ROS2/install/my_robot_interfaces/include/my_robot_interfaces/my_robot_interfaces/msg/detail/hardware_status__functions.c
[6.556s] -- Installing: /home/ayush/Desktop/Learning_ROS2/install/my_robot_interfaces/include/my_robot_interfaces/my_robot_interfaces/msg/detail/turtle_array__functions.h
[6.557s] -- Installing: /home/ayush/Desktop/Learning_ROS2/install/my_robot_interfaces/include/my_robot_interfaces/my_robot_interfaces/msg/detail/turtle_array__struct.h
[6.557s] -- Installing: /home/ayush/Desktop/Learning_ROS2/install/my_robot_interfaces/include/my_robot_interfaces/my_robot_interfaces/msg/hardware_status.h
[6.557s] -- Installing: /home/ayush/Desktop/Learning_ROS2/install/my_robot_interfaces/include/my_robot_interfaces/my_robot_interfaces/msg/turtle_array.h
[6.557s] -- Installing: /home/ayush/Desktop/Learning_ROS2/install/my_robot_interfaces/include/my_robot_interfaces/my_robot_interfaces/msg/led_status.h
[6.557s] -- Installing: /home/ayush/Desktop/Learning_ROS2/install/my_robot_interfaces/include/my_robot_interfaces/my_robot_interfaces/srv
[6.557s] -- Installing: /home/ayush/Desktop/Learning_ROS2/install/my_robot_interfaces/include/my_robot_interfaces/my_robot_interfaces/srv/detail
[6.557s] -- Installing: /home/ayush/Desktop/Learning_ROS2/install/my_robot_interfaces/include/my_robot_interfaces/my_robot_interfaces/srv/detail/area_of_rectangle__type_support.h
[6.558s] -- Installing: /home/ayush/Desktop/Learning_ROS2/install/my_robot_interfaces/include/my_robot_interfaces/my_robot_interfaces/srv/detail/set_led__functions.h
[6.558s] -- Installing: /home/ayush/Desktop/Learning_ROS2/install/my_robot_interfaces/include/my_robot_interfaces/my_robot_interfaces/srv/detail/area_of_rectangle__functions.c
[6.558s] -- Installing: /home/ayush/Desktop/Learning_ROS2/install/my_robot_interfaces/include/my_robot_interfaces/my_robot_interfaces/srv/detail/set_led__functions.c
[6.558s] -- Installing: /home/ayush/Desktop/Learning_ROS2/install/my_robot_interfaces/include/my_robot_interfaces/my_robot_interfaces/srv/detail/set_led__struct.h
[6.558s] -- Installing: /home/ayush/Desktop/Learning_ROS2/install/my_robot_interfaces/include/my_robot_interfaces/my_robot_interfaces/srv/detail/area_of_rectangle__struct.h
[6.558s] -- Installing: /home/ayush/Desktop/Learning_ROS2/install/my_robot_interfaces/include/my_robot_interfaces/my_robot_interfaces/srv/detail/set_led__type_support.h
[6.559s] -- Installing: /home/ayush/Desktop/Learning_ROS2/install/my_robot_interfaces/include/my_robot_interfaces/my_robot_interfaces/srv/detail/area_of_rectangle__functions.h
[6.559s] -- Installing: /home/ayush/Desktop/Learning_ROS2/install/my_robot_interfaces/include/my_robot_interfaces/my_robot_interfaces/srv/area_of_rectangle.h
[6.559s] -- Installing: /home/ayush/Desktop/Learning_ROS2/install/my_robot_interfaces/include/my_robot_interfaces/my_robot_interfaces/srv/set_led.h
[6.559s] -- Installing: /home/ayush/Desktop/Learning_ROS2/install/my_robot_interfaces/share/my_robot_interfaces/environment/library_path.sh
[6.559s] -- Installing: /home/ayush/Desktop/Learning_ROS2/install/my_robot_interfaces/share/my_robot_interfaces/environment/library_path.dsv
[6.559s] -- Installing: /home/ayush/Desktop/Learning_ROS2/install/my_robot_interfaces/lib/libmy_robot_interfaces__rosidl_generator_c.so
[6.560s] -- Set runtime path of "/home/ayush/Desktop/Learning_ROS2/install/my_robot_interfaces/lib/libmy_robot_interfaces__rosidl_generator_c.so" to ""
[6.560s] -- Up-to-date: /home/ayush/Desktop/Learning_ROS2/install/my_robot_interfaces/include/my_robot_interfaces/my_robot_interfaces
[6.560s] -- Up-to-date: /home/ayush/Desktop/Learning_ROS2/install/my_robot_interfaces/include/my_robot_interfaces/my_robot_interfaces/msg
[6.560s] -- Up-to-date: /home/ayush/Desktop/Learning_ROS2/install/my_robot_interfaces/include/my_robot_interfaces/my_robot_interfaces/msg/detail
[6.560s] -- Installing: /home/ayush/Desktop/Learning_ROS2/install/my_robot_interfaces/include/my_robot_interfaces/my_robot_interfaces/msg/detail/turtle_array__rosidl_typesupport_fastrtps_c.h
[6.561s] -- Installing: /home/ayush/Desktop/Learning_ROS2/install/my_robot_interfaces/include/my_robot_interfaces/my_robot_interfaces/msg/detail/hardware_status__rosidl_typesupport_fastrtps_c.h
[6.561s] -- Installing: /home/ayush/Desktop/Learning_ROS2/install/my_robot_interfaces/include/my_robot_interfaces/my_robot_interfaces/msg/detail/led_status__rosidl_typesupport_fastrtps_c.h
[6.561s] -- Installing: /home/ayush/Desktop/Learning_ROS2/install/my_robot_interfaces/include/my_robot_interfaces/my_robot_interfaces/msg/detail/turtle__rosidl_typesupport_fastrtps_c.h
[6.561s] -- Installing: /home/ayush/Desktop/Learning_ROS2/install/my_robot_interfaces/include/my_robot_interfaces/my_robot_interfaces/msg/rosidl_typesupport_fastrtps_c__visibility_control.h
[6.561s] -- Up-to-date: /home/ayush/Desktop/Learning_ROS2/install/my_robot_interfaces/include/my_robot_interfaces/my_robot_interfaces/srv
[6.561s] -- Up-to-date: /home/ayush/Desktop/Learning_ROS2/install/my_robot_interfaces/include/my_robot_interfaces/my_robot_interfaces/srv/detail
[6.561s] -- Installing: /home/ayush/Desktop/Learning_ROS2/install/my_robot_interfaces/include/my_robot_interfaces/my_robot_interfaces/srv/detail/area_of_rectangle__rosidl_typesupport_fastrtps_c.h
[6.562s] -- Installing: /home/ayush/Desktop/Learning_ROS2/install/my_robot_interfaces/include/my_robot_interfaces/my_robot_interfaces/srv/detail/set_led__rosidl_typesupport_fastrtps_c.h
[6.562s] -- Installing: /home/ayush/Desktop/Learning_ROS2/install/my_robot_interfaces/lib/libmy_robot_interfaces__rosidl_typesupport_fastrtps_c.so
[6.562s] -- Set runtime path of "/home/ayush/Desktop/Learning_ROS2/install/my_robot_interfaces/lib/libmy_robot_interfaces__rosidl_typesupport_fastrtps_c.so" to ""
[6.562s] -- Up-to-date: /home/ayush/Desktop/Learning_ROS2/install/my_robot_interfaces/include/my_robot_interfaces/my_robot_interfaces
[6.562s] -- Up-to-date: /home/ayush/Desktop/Learning_ROS2/install/my_robot_interfaces/include/my_robot_interfaces/my_robot_interfaces/msg
[6.562s] -- Up-to-date: /home/ayush/Desktop/Learning_ROS2/install/my_robot_interfaces/include/my_robot_interfaces/my_robot_interfaces/msg/detail
[6.563s] -- Installing: /home/ayush/Desktop/Learning_ROS2/install/my_robot_interfaces/include/my_robot_interfaces/my_robot_interfaces/msg/detail/turtle__type_support.c
[6.563s] -- Installing: /home/ayush/Desktop/Learning_ROS2/install/my_robot_interfaces/include/my_robot_interfaces/my_robot_interfaces/msg/detail/turtle_array__rosidl_typesupport_introspection_c.h
[6.563s] -- Installing: /home/ayush/Desktop/Learning_ROS2/install/my_robot_interfaces/include/my_robot_interfaces/my_robot_interfaces/msg/detail/hardware_status__rosidl_typesupport_introspection_c.h
[6.563s] -- Installing: /home/ayush/Desktop/Learning_ROS2/install/my_robot_interfaces/include/my_robot_interfaces/my_robot_interfaces/msg/detail/led_status__type_support.c
[6.563s] -- Installing: /home/ayush/Desktop/Learning_ROS2/install/my_robot_interfaces/include/my_robot_interfaces/my_robot_interfaces/msg/detail/led_status__rosidl_typesupport_introspection_c.h
[6.563s] -- Installing: /home/ayush/Desktop/Learning_ROS2/install/my_robot_interfaces/include/my_robot_interfaces/my_robot_interfaces/msg/detail/hardware_status__type_support.c
[6.563s] -- Installing: /home/ayush/Desktop/Learning_ROS2/install/my_robot_interfaces/include/my_robot_interfaces/my_robot_interfaces/msg/detail/turtle__rosidl_typesupport_introspection_c.h
[6.564s] -- Installing: /home/ayush/Desktop/Learning_ROS2/install/my_robot_interfaces/include/my_robot_interfaces/my_robot_interfaces/msg/detail/turtle_array__type_support.c
[6.564s] -- Installing: /home/ayush/Desktop/Learning_ROS2/install/my_robot_interfaces/include/my_robot_interfaces/my_robot_interfaces/msg/rosidl_typesupport_introspection_c__visibility_control.h
[6.564s] -- Up-to-date: /home/ayush/Desktop/Learning_ROS2/install/my_robot_interfaces/include/my_robot_interfaces/my_robot_interfaces/srv
[6.564s] -- Up-to-date: /home/ayush/Desktop/Learning_ROS2/install/my_robot_interfaces/include/my_robot_interfaces/my_robot_interfaces/srv/detail
[6.564s] -- Installing: /home/ayush/Desktop/Learning_ROS2/install/my_robot_interfaces/include/my_robot_interfaces/my_robot_interfaces/srv/detail/area_of_rectangle__type_support.c
[6.564s] -- Installing: /home/ayush/Desktop/Learning_ROS2/install/my_robot_interfaces/include/my_robot_interfaces/my_robot_interfaces/srv/detail/set_led__type_support.c
[6.564s] -- Installing: /home/ayush/Desktop/Learning_ROS2/install/my_robot_interfaces/include/my_robot_interfaces/my_robot_interfaces/srv/detail/area_of_rectangle__rosidl_typesupport_introspection_c.h
[6.565s] -- Installing: /home/ayush/Desktop/Learning_ROS2/install/my_robot_interfaces/include/my_robot_interfaces/my_robot_interfaces/srv/detail/set_led__rosidl_typesupport_introspection_c.h
[6.565s] -- Installing: /home/ayush/Desktop/Learning_ROS2/install/my_robot_interfaces/lib/libmy_robot_interfaces__rosidl_typesupport_introspection_c.so
[6.565s] -- Set runtime path of "/home/ayush/Desktop/Learning_ROS2/install/my_robot_interfaces/lib/libmy_robot_interfaces__rosidl_typesupport_introspection_c.so" to ""
[6.565s] -- Installing: /home/ayush/Desktop/Learning_ROS2/install/my_robot_interfaces/lib/libmy_robot_interfaces__rosidl_typesupport_c.so
[6.565s] -- Set runtime path of "/home/ayush/Desktop/Learning_ROS2/install/my_robot_interfaces/lib/libmy_robot_interfaces__rosidl_typesupport_c.so" to ""
[6.565s] -- Up-to-date: /home/ayush/Desktop/Learning_ROS2/install/my_robot_interfaces/include/my_robot_interfaces/my_robot_interfaces
[6.566s] -- Up-to-date: /home/ayush/Desktop/Learning_ROS2/install/my_robot_interfaces/include/my_robot_interfaces/my_robot_interfaces/msg
[6.566s] -- Installing: /home/ayush/Desktop/Learning_ROS2/install/my_robot_interfaces/include/my_robot_interfaces/my_robot_interfaces/msg/turtle.hpp
[6.566s] -- Installing: /home/ayush/Desktop/Learning_ROS2/install/my_robot_interfaces/include/my_robot_interfaces/my_robot_interfaces/msg/hardware_status.hpp
[6.566s] -- Up-to-date: /home/ayush/Desktop/Learning_ROS2/install/my_robot_interfaces/include/my_robot_interfaces/my_robot_interfaces/msg/detail
[6.566s] -- Installing: /home/ayush/Desktop/Learning_ROS2/install/my_robot_interfaces/include/my_robot_interfaces/my_robot_interfaces/msg/detail/turtle__struct.hpp
[6.566s] -- Installing: /home/ayush/Desktop/Learning_ROS2/install/my_robot_interfaces/include/my_robot_interfaces/my_robot_interfaces/msg/detail/turtle_array__struct.hpp
[6.566s] -- Installing: /home/ayush/Desktop/Learning_ROS2/install/my_robot_interfaces/include/my_robot_interfaces/my_robot_interfaces/msg/detail/led_status__traits.hpp
[6.567s] -- Installing: /home/ayush/Desktop/Learning_ROS2/install/my_robot_interfaces/include/my_robot_interfaces/my_robot_interfaces/msg/detail/led_status__struct.hpp
[6.567s] -- Installing: /home/ayush/Desktop/Learning_ROS2/install/my_robot_interfaces/include/my_robot_interfaces/my_robot_interfaces/msg/detail/hardware_status__struct.hpp
[6.567s] -- Installing: /home/ayush/Desktop/Learning_ROS2/install/my_robot_interfaces/include/my_robot_interfaces/my_robot_interfaces/msg/detail/led_status__builder.hpp
[6.567s] -- Installing: /home/ayush/Desktop/Learning_ROS2/install/my_robot_interfaces/include/my_robot_interfaces/my_robot_interfaces/msg/detail/hardware_status__traits.hpp
[6.567s] -- Installing: /home/ayush/Desktop/Learning_ROS2/install/my_robot_interfaces/include/my_robot_interfaces/my_robot_interfaces/msg/detail/turtle_array__builder.hpp
[6.567s] -- Installing: /home/ayush/Desktop/Learning_ROS2/install/my_robot_interfaces/include/my_robot_interfaces/my_robot_interfaces/msg/detail/turtle_array__traits.hpp
[6.568s] -- Installing: /home/ayush/Desktop/Learning_ROS2/install/my_robot_interfaces/include/my_robot_interfaces/my_robot_interfaces/msg/detail/turtle__traits.hpp
[6.568s] -- Installing: /home/ayush/Desktop/Learning_ROS2/install/my_robot_interfaces/include/my_robot_interfaces/my_robot_interfaces/msg/detail/turtle__builder.hpp
[6.568s] -- Installing: /home/ayush/Desktop/Learning_ROS2/install/my_robot_interfaces/include/my_robot_interfaces/my_robot_interfaces/msg/detail/hardware_status__builder.hpp
[6.568s] -- Installing: /home/ayush/Desktop/Learning_ROS2/install/my_robot_interfaces/include/my_robot_interfaces/my_robot_interfaces/msg/led_status.hpp
[6.568s] -- Installing: /home/ayush/Desktop/Learning_ROS2/install/my_robot_interfaces/include/my_robot_interfaces/my_robot_interfaces/msg/turtle_array.hpp
[6.568s] -- Up-to-date: /home/ayush/Desktop/Learning_ROS2/install/my_robot_interfaces/include/my_robot_interfaces/my_robot_interfaces/srv
[6.568s] -- Installing: /home/ayush/Desktop/Learning_ROS2/install/my_robot_interfaces/include/my_robot_interfaces/my_robot_interfaces/srv/area_of_rectangle.hpp
[6.569s] -- Up-to-date: /home/ayush/Desktop/Learning_ROS2/install/my_robot_interfaces/include/my_robot_interfaces/my_robot_interfaces/srv/detail
[6.569s] -- Installing: /home/ayush/Desktop/Learning_ROS2/install/my_robot_interfaces/include/my_robot_interfaces/my_robot_interfaces/srv/detail/set_led__struct.hpp
[6.569s] -- Installing: /home/ayush/Desktop/Learning_ROS2/install/my_robot_interfaces/include/my_robot_interfaces/my_robot_interfaces/srv/detail/area_of_rectangle__builder.hpp
[6.569s] -- Installing: /home/ayush/Desktop/Learning_ROS2/install/my_robot_interfaces/include/my_robot_interfaces/my_robot_interfaces/srv/detail/set_led__traits.hpp
[6.569s] -- Installing: /home/ayush/Desktop/Learning_ROS2/install/my_robot_interfaces/include/my_robot_interfaces/my_robot_interfaces/srv/detail/area_of_rectangle__struct.hpp
[6.569s] -- Installing: /home/ayush/Desktop/Learning_ROS2/install/my_robot_interfaces/include/my_robot_interfaces/my_robot_interfaces/srv/detail/set_led__builder.hpp
[6.570s] -- Installing: /home/ayush/Desktop/Learning_ROS2/install/my_robot_interfaces/include/my_robot_interfaces/my_robot_interfaces/srv/detail/area_of_rectangle__traits.hpp
[6.570s] -- Installing: /home/ayush/Desktop/Learning_ROS2/install/my_robot_interfaces/include/my_robot_interfaces/my_robot_interfaces/srv/set_led.hpp
[6.570s] -- Up-to-date: /home/ayush/Desktop/Learning_ROS2/install/my_robot_interfaces/include/my_robot_interfaces/my_robot_interfaces
[6.570s] -- Up-to-date: /home/ayush/Desktop/Learning_ROS2/install/my_robot_interfaces/include/my_robot_interfaces/my_robot_interfaces/msg
[6.570s] -- Up-to-date: /home/ayush/Desktop/Learning_ROS2/install/my_robot_interfaces/include/my_robot_interfaces/my_robot_interfaces/msg/detail
[6.570s] -- Installing: /home/ayush/Desktop/Learning_ROS2/install/my_robot_interfaces/include/my_robot_interfaces/my_robot_interfaces/msg/detail/turtle__rosidl_typesupport_fastrtps_cpp.hpp
[6.571s] -- Installing: /home/ayush/Desktop/Learning_ROS2/install/my_robot_interfaces/include/my_robot_interfaces/my_robot_interfaces/msg/detail/turtle_array__rosidl_typesupport_fastrtps_cpp.hpp
[6.571s] -- Installing: /home/ayush/Desktop/Learning_ROS2/install/my_robot_interfaces/include/my_robot_interfaces/my_robot_interfaces/msg/detail/led_status__rosidl_typesupport_fastrtps_cpp.hpp
[6.571s] -- Installing: /home/ayush/Desktop/Learning_ROS2/install/my_robot_interfaces/include/my_robot_interfaces/my_robot_interfaces/msg/detail/dds_fastrtps
[6.571s] -- Installing: /home/ayush/Desktop/Learning_ROS2/install/my_robot_interfaces/include/my_robot_interfaces/my_robot_interfaces/msg/detail/hardware_status__rosidl_typesupport_fastrtps_cpp.hpp
[6.571s] -- Installing: /home/ayush/Desktop/Learning_ROS2/install/my_robot_interfaces/include/my_robot_interfaces/my_robot_interfaces/msg/rosidl_typesupport_fastrtps_cpp__visibility_control.h
[6.571s] -- Up-to-date: /home/ayush/Desktop/Learning_ROS2/install/my_robot_interfaces/include/my_robot_interfaces/my_robot_interfaces/srv
[6.571s] -- Up-to-date: /home/ayush/Desktop/Learning_ROS2/install/my_robot_interfaces/include/my_robot_interfaces/my_robot_interfaces/srv/detail
[6.572s] -- Installing: /home/ayush/Desktop/Learning_ROS2/install/my_robot_interfaces/include/my_robot_interfaces/my_robot_interfaces/srv/detail/set_led__rosidl_typesupport_fastrtps_cpp.hpp
[6.572s] -- Installing: /home/ayush/Desktop/Learning_ROS2/install/my_robot_interfaces/include/my_robot_interfaces/my_robot_interfaces/srv/detail/area_of_rectangle__rosidl_typesupport_fastrtps_cpp.hpp
[6.572s] -- Installing: /home/ayush/Desktop/Learning_ROS2/install/my_robot_interfaces/include/my_robot_interfaces/my_robot_interfaces/srv/detail/dds_fastrtps
[6.572s] -- Installing: /home/ayush/Desktop/Learning_ROS2/install/my_robot_interfaces/lib/libmy_robot_interfaces__rosidl_typesupport_fastrtps_cpp.so
[6.572s] -- Set runtime path of "/home/ayush/Desktop/Learning_ROS2/install/my_robot_interfaces/lib/libmy_robot_interfaces__rosidl_typesupport_fastrtps_cpp.so" to ""
[6.572s] -- Up-to-date: /home/ayush/Desktop/Learning_ROS2/install/my_robot_interfaces/include/my_robot_interfaces/my_robot_interfaces
[6.573s] -- Up-to-date: /home/ayush/Desktop/Learning_ROS2/install/my_robot_interfaces/include/my_robot_interfaces/my_robot_interfaces/msg
[6.573s] -- Up-to-date: /home/ayush/Desktop/Learning_ROS2/install/my_robot_interfaces/include/my_robot_interfaces/my_robot_interfaces/msg/detail
[6.573s] -- Installing: /home/ayush/Desktop/Learning_ROS2/install/my_robot_interfaces/include/my_robot_interfaces/my_robot_interfaces/msg/detail/turtle__rosidl_typesupport_introspection_cpp.hpp
[6.573s] -- Installing: /home/ayush/Desktop/Learning_ROS2/install/my_robot_interfaces/include/my_robot_interfaces/my_robot_interfaces/msg/detail/hardware_status__rosidl_typesupport_introspection_cpp.hpp
[6.573s] -- Installing: /home/ayush/Desktop/Learning_ROS2/install/my_robot_interfaces/include/my_robot_interfaces/my_robot_interfaces/msg/detail/turtle_array__rosidl_typesupport_introspection_cpp.hpp
[6.573s] -- Installing: /home/ayush/Desktop/Learning_ROS2/install/my_robot_interfaces/include/my_robot_interfaces/my_robot_interfaces/msg/detail/hardware_status__type_support.cpp
[6.574s] -- Installing: /home/ayush/Desktop/Learning_ROS2/install/my_robot_interfaces/include/my_robot_interfaces/my_robot_interfaces/msg/detail/turtle__type_support.cpp
[6.574s] -- Installing: /home/ayush/Desktop/Learning_ROS2/install/my_robot_interfaces/include/my_robot_interfaces/my_robot_interfaces/msg/detail/led_status__type_support.cpp
[6.574s] -- Installing: /home/ayush/Desktop/Learning_ROS2/install/my_robot_interfaces/include/my_robot_interfaces/my_robot_interfaces/msg/detail/turtle_array__type_support.cpp
[6.574s] -- Installing: /home/ayush/Desktop/Learning_ROS2/install/my_robot_interfaces/include/my_robot_interfaces/my_robot_interfaces/msg/detail/led_status__rosidl_typesupport_introspection_cpp.hpp
[6.574s] -- Up-to-date: /home/ayush/Desktop/Learning_ROS2/install/my_robot_interfaces/include/my_robot_interfaces/my_robot_interfaces/srv
[6.574s] -- Up-to-date: /home/ayush/Desktop/Learning_ROS2/install/my_robot_interfaces/include/my_robot_interfaces/my_robot_interfaces/srv/detail
[6.574s] -- Installing: /home/ayush/Desktop/Learning_ROS2/install/my_robot_interfaces/include/my_robot_interfaces/my_robot_interfaces/srv/detail/area_of_rectangle__rosidl_typesupport_introspection_cpp.hpp
[6.575s] -- Installing: /home/ayush/Desktop/Learning_ROS2/install/my_robot_interfaces/include/my_robot_interfaces/my_robot_interfaces/srv/detail/set_led__rosidl_typesupport_introspection_cpp.hpp
[6.575s] -- Installing: /home/ayush/Desktop/Learning_ROS2/install/my_robot_interfaces/include/my_robot_interfaces/my_robot_interfaces/srv/detail/area_of_rectangle__type_support.cpp
[6.575s] -- Installing: /home/ayush/Desktop/Learning_ROS2/install/my_robot_interfaces/include/my_robot_interfaces/my_robot_interfaces/srv/detail/set_led__type_support.cpp
[6.575s] -- Installing: /home/ayush/Desktop/Learning_ROS2/install/my_robot_interfaces/lib/libmy_robot_interfaces__rosidl_typesupport_introspection_cpp.so
[6.575s] -- Set runtime path of "/home/ayush/Desktop/Learning_ROS2/install/my_robot_interfaces/lib/libmy_robot_interfaces__rosidl_typesupport_introspection_cpp.so" to ""
[6.575s] -- Installing: /home/ayush/Desktop/Learning_ROS2/install/my_robot_interfaces/lib/libmy_robot_interfaces__rosidl_typesupport_cpp.so
[6.575s] -- Set runtime path of "/home/ayush/Desktop/Learning_ROS2/install/my_robot_interfaces/lib/libmy_robot_interfaces__rosidl_typesupport_cpp.so" to ""
[6.576s] -- Installing: /home/ayush/Desktop/Learning_ROS2/install/my_robot_interfaces/share/my_robot_interfaces/environment/pythonpath.sh
[6.576s] -- Installing: /home/ayush/Desktop/Learning_ROS2/install/my_robot_interfaces/share/my_robot_interfaces/environment/pythonpath.dsv
[6.576s] -- Installing: /home/ayush/Desktop/Learning_ROS2/install/my_robot_interfaces/local/lib/python3.10/dist-packages/my_robot_interfaces-0.0.0-py3.10.egg-info
[6.576s] -- Installing: /home/ayush/Desktop/Learning_ROS2/install/my_robot_interfaces/local/lib/python3.10/dist-packages/my_robot_interfaces-0.0.0-py3.10.egg-info/dependency_links.txt
[6.576s] -- Installing: /home/ayush/Desktop/Learning_ROS2/install/my_robot_interfaces/local/lib/python3.10/dist-packages/my_robot_interfaces-0.0.0-py3.10.egg-info/PKG-INFO
[6.576s] -- Installing: /home/ayush/Desktop/Learning_ROS2/install/my_robot_interfaces/local/lib/python3.10/dist-packages/my_robot_interfaces-0.0.0-py3.10.egg-info/top_level.txt
[6.577s] -- Installing: /home/ayush/Desktop/Learning_ROS2/install/my_robot_interfaces/local/lib/python3.10/dist-packages/my_robot_interfaces-0.0.0-py3.10.egg-info/SOURCES.txt
[6.577s] -- Installing: /home/ayush/Desktop/Learning_ROS2/install/my_robot_interfaces/local/lib/python3.10/dist-packages/my_robot_interfaces
[6.577s] -- Installing: /home/ayush/Desktop/Learning_ROS2/install/my_robot_interfaces/local/lib/python3.10/dist-packages/my_robot_interfaces/msg
[6.577s] -- Installing: /home/ayush/Desktop/Learning_ROS2/install/my_robot_interfaces/local/lib/python3.10/dist-packages/my_robot_interfaces/msg/_led_status.py
[6.577s] -- Installing: /home/ayush/Desktop/Learning_ROS2/install/my_robot_interfaces/local/lib/python3.10/dist-packages/my_robot_interfaces/msg/_hardware_status.py
[6.578s] -- Installing: /home/ayush/Desktop/Learning_ROS2/install/my_robot_interfaces/local/lib/python3.10/dist-packages/my_robot_interfaces/msg/_turtle.py
[6.578s] -- Installing: /home/ayush/Desktop/Learning_ROS2/install/my_robot_interfaces/local/lib/python3.10/dist-packages/my_robot_interfaces/msg/_turtle_s.c
[6.578s] -- Installing: /home/ayush/Desktop/Learning_ROS2/install/my_robot_interfaces/local/lib/python3.10/dist-packages/my_robot_interfaces/msg/__init__.py
[6.578s] -- Installing: /home/ayush/Desktop/Learning_ROS2/install/my_robot_interfaces/local/lib/python3.10/dist-packages/my_robot_interfaces/msg/_turtle_array_s.c
[6.578s] -- Installing: /home/ayush/Desktop/Learning_ROS2/install/my_robot_interfaces/local/lib/python3.10/dist-packages/my_robot_interfaces/msg/_hardware_status_s.c
[6.578s] -- Installing: /home/ayush/Desktop/Learning_ROS2/install/my_robot_interfaces/local/lib/python3.10/dist-packages/my_robot_interfaces/msg/_led_status_s.c
[6.579s] -- Installing: /home/ayush/Desktop/Learning_ROS2/install/my_robot_interfaces/local/lib/python3.10/dist-packages/my_robot_interfaces/msg/_turtle_array.py
[6.579s] -- Installing: /home/ayush/Desktop/Learning_ROS2/install/my_robot_interfaces/local/lib/python3.10/dist-packages/my_robot_interfaces/my_robot_interfaces_s__rosidl_typesupport_introspection_c.cpython-310-x86_64-linux-gnu.so
[6.579s] -- Installing: /home/ayush/Desktop/Learning_ROS2/install/my_robot_interfaces/local/lib/python3.10/dist-packages/my_robot_interfaces/srv
[6.579s] -- Installing: /home/ayush/Desktop/Learning_ROS2/install/my_robot_interfaces/local/lib/python3.10/dist-packages/my_robot_interfaces/srv/_set_led.py
[6.579s] -- Installing: /home/ayush/Desktop/Learning_ROS2/install/my_robot_interfaces/local/lib/python3.10/dist-packages/my_robot_interfaces/srv/_area_of_rectangle.py
[6.579s] -- Installing: /home/ayush/Desktop/Learning_ROS2/install/my_robot_interfaces/local/lib/python3.10/dist-packages/my_robot_interfaces/srv/_set_led_s.c
[6.579s] -- Installing: /home/ayush/Desktop/Learning_ROS2/install/my_robot_interfaces/local/lib/python3.10/dist-packages/my_robot_interfaces/srv/__init__.py
[6.580s] -- Installing: /home/ayush/Desktop/Learning_ROS2/install/my_robot_interfaces/local/lib/python3.10/dist-packages/my_robot_interfaces/srv/_area_of_rectangle_s.c
[6.580s] -- Installing: /home/ayush/Desktop/Learning_ROS2/install/my_robot_interfaces/local/lib/python3.10/dist-packages/my_robot_interfaces/my_robot_interfaces_s__rosidl_typesupport_fastrtps_c.cpython-310-x86_64-linux-gnu.so
[6.580s] -- Installing: /home/ayush/Desktop/Learning_ROS2/install/my_robot_interfaces/local/lib/python3.10/dist-packages/my_robot_interfaces/__init__.py
[6.580s] -- Installing: /home/ayush/Desktop/Learning_ROS2/install/my_robot_interfaces/local/lib/python3.10/dist-packages/my_robot_interfaces/my_robot_interfaces_s__rosidl_typesupport_c.cpython-310-x86_64-linux-gnu.so
[6.580s] -- Installing: /home/ayush/Desktop/Learning_ROS2/install/my_robot_interfaces/local/lib/python3.10/dist-packages/my_robot_interfaces/_my_robot_interfaces_s.ep.rosidl_typesupport_introspection_c.c
[6.580s] -- Installing: /home/ayush/Desktop/Learning_ROS2/install/my_robot_interfaces/local/lib/python3.10/dist-packages/my_robot_interfaces/libmy_robot_interfaces__rosidl_generator_py.so
[6.581s] -- Installing: /home/ayush/Desktop/Learning_ROS2/install/my_robot_interfaces/local/lib/python3.10/dist-packages/my_robot_interfaces/_my_robot_interfaces_s.ep.rosidl_typesupport_fastrtps_c.c
[6.581s] -- Installing: /home/ayush/Desktop/Learning_ROS2/install/my_robot_interfaces/local/lib/python3.10/dist-packages/my_robot_interfaces/_my_robot_interfaces_s.ep.rosidl_typesupport_c.c
[6.617s] Listing '/home/ayush/Desktop/Learning_ROS2/install/my_robot_interfaces/local/lib/python3.10/dist-packages/my_robot_interfaces'...
[6.617s] Compiling '/home/ayush/Desktop/Learning_ROS2/install/my_robot_interfaces/local/lib/python3.10/dist-packages/my_robot_interfaces/__init__.py'...
[6.617s] Listing '/home/ayush/Desktop/Learning_ROS2/install/my_robot_interfaces/local/lib/python3.10/dist-packages/my_robot_interfaces/msg'...
[6.617s] Compiling '/home/ayush/Desktop/Learning_ROS2/install/my_robot_interfaces/local/lib/python3.10/dist-packages/my_robot_interfaces/msg/__init__.py'...
[6.617s] Compiling '/home/ayush/Desktop/Learning_ROS2/install/my_robot_interfaces/local/lib/python3.10/dist-packages/my_robot_interfaces/msg/_hardware_status.py'...
[6.617s] Compiling '/home/ayush/Desktop/Learning_ROS2/install/my_robot_interfaces/local/lib/python3.10/dist-packages/my_robot_interfaces/msg/_led_status.py'...
[6.617s] Compiling '/home/ayush/Desktop/Learning_ROS2/install/my_robot_interfaces/local/lib/python3.10/dist-packages/my_robot_interfaces/msg/_turtle.py'...
[6.617s] Compiling '/home/ayush/Desktop/Learning_ROS2/install/my_robot_interfaces/local/lib/python3.10/dist-packages/my_robot_interfaces/msg/_turtle_array.py'...
[6.617s] Listing '/home/ayush/Desktop/Learning_ROS2/install/my_robot_interfaces/local/lib/python3.10/dist-packages/my_robot_interfaces/srv'...
[6.617s] Compiling '/home/ayush/Desktop/Learning_ROS2/install/my_robot_interfaces/local/lib/python3.10/dist-packages/my_robot_interfaces/srv/__init__.py'...
[6.617s] Compiling '/home/ayush/Desktop/Learning_ROS2/install/my_robot_interfaces/local/lib/python3.10/dist-packages/my_robot_interfaces/srv/_area_of_rectangle.py'...
[6.617s] Compiling '/home/ayush/Desktop/Learning_ROS2/install/my_robot_interfaces/local/lib/python3.10/dist-packages/my_robot_interfaces/srv/_set_led.py'...
[6.621s] -- Installing: /home/ayush/Desktop/Learning_ROS2/install/my_robot_interfaces/local/lib/python3.10/dist-packages/my_robot_interfaces/my_robot_interfaces_s__rosidl_typesupport_fastrtps_c.cpython-310-x86_64-linux-gnu.so
[6.621s] -- Set runtime path of "/home/ayush/Desktop/Learning_ROS2/install/my_robot_interfaces/local/lib/python3.10/dist-packages/my_robot_interfaces/my_robot_interfaces_s__rosidl_typesupport_fastrtps_c.cpython-310-x86_64-linux-gnu.so" to ""
[6.622s] -- Installing: /home/ayush/Desktop/Learning_ROS2/install/my_robot_interfaces/local/lib/python3.10/dist-packages/my_robot_interfaces/my_robot_interfaces_s__rosidl_typesupport_introspection_c.cpython-310-x86_64-linux-gnu.so
[6.622s] -- Set runtime path of "/home/ayush/Desktop/Learning_ROS2/install/my_robot_interfaces/local/lib/python3.10/dist-packages/my_robot_interfaces/my_robot_interfaces_s__rosidl_typesupport_introspection_c.cpython-310-x86_64-linux-gnu.so" to ""
[6.622s] -- Installing: /home/ayush/Desktop/Learning_ROS2/install/my_robot_interfaces/local/lib/python3.10/dist-packages/my_robot_interfaces/my_robot_interfaces_s__rosidl_typesupport_c.cpython-310-x86_64-linux-gnu.so
[6.623s] -- Set runtime path of "/home/ayush/Desktop/Learning_ROS2/install/my_robot_interfaces/local/lib/python3.10/dist-packages/my_robot_interfaces/my_robot_interfaces_s__rosidl_typesupport_c.cpython-310-x86_64-linux-gnu.so" to ""
[6.623s] -- Installing: /home/ayush/Desktop/Learning_ROS2/install/my_robot_interfaces/lib/libmy_robot_interfaces__rosidl_generator_py.so
[6.623s] -- Set runtime path of "/home/ayush/Desktop/Learning_ROS2/install/my_robot_interfaces/lib/libmy_robot_interfaces__rosidl_generator_py.so" to ""
[6.623s] -- Installing: /home/ayush/Desktop/Learning_ROS2/install/my_robot_interfaces/share/my_robot_interfaces/msg/HardwareStatus.idl
[6.624s] -- Installing: /home/ayush/Desktop/Learning_ROS2/install/my_robot_interfaces/share/my_robot_interfaces/msg/LedStatus.idl
[6.624s] -- Installing: /home/ayush/Desktop/Learning_ROS2/install/my_robot_interfaces/share/my_robot_interfaces/msg/Turtle.idl
[6.624s] -- Installing: /home/ayush/Desktop/Learning_ROS2/install/my_robot_interfaces/share/my_robot_interfaces/msg/TurtleArray.idl
[6.624s] -- Installing: /home/ayush/Desktop/Learning_ROS2/install/my_robot_interfaces/share/my_robot_interfaces/srv/AreaOfRectangle.idl
[6.624s] -- Installing: /home/ayush/Desktop/Learning_ROS2/install/my_robot_interfaces/share/my_robot_interfaces/srv/SetLed.idl
[6.625s] -- Installing: /home/ayush/Desktop/Learning_ROS2/install/my_robot_interfaces/share/my_robot_interfaces/msg/HardwareStatus.msg
[6.625s] -- Installing: /home/ayush/Desktop/Learning_ROS2/install/my_robot_interfaces/share/my_robot_interfaces/msg/LedStatus.msg
[6.625s] -- Installing: /home/ayush/Desktop/Learning_ROS2/install/my_robot_interfaces/share/my_robot_interfaces/msg/Turtle.msg
[6.625s] -- Installing: /home/ayush/Desktop/Learning_ROS2/install/my_robot_interfaces/share/my_robot_interfaces/msg/TurtleArray.msg
[6.625s] -- Installing: /home/ayush/Desktop/Learning_ROS2/install/my_robot_interfaces/share/my_robot_interfaces/srv/AreaOfRectangle.srv
[6.625s] -- Installing: /home/ayush/Desktop/Learning_ROS2/install/my_robot_interfaces/share/my_robot_interfaces/srv/AreaOfRectangle_Request.msg
[6.626s] -- Installing: /home/ayush/Desktop/Learning_ROS2/install/my_robot_interfaces/share/my_robot_interfaces/srv/AreaOfRectangle_Response.msg
[6.626s] -- Installing: /home/ayush/Desktop/Learning_ROS2/install/my_robot_interfaces/share/my_robot_interfaces/srv/SetLed.srv
[6.626s] -- Installing: /home/ayush/Desktop/Learning_ROS2/install/my_robot_interfaces/share/my_robot_interfaces/srv/SetLed_Request.msg
[6.626s] -- Installing: /home/ayush/Desktop/Learning_ROS2/install/my_robot_interfaces/share/my_robot_interfaces/srv/SetLed_Response.msg
[6.626s] -- Installing: /home/ayush/Desktop/Learning_ROS2/install/my_robot_interfaces/share/ament_index/resource_index/package_run_dependencies/my_robot_interfaces
[6.627s] -- Installing: /home/ayush/Desktop/Learning_ROS2/install/my_robot_interfaces/share/ament_index/resource_index/parent_prefix_path/my_robot_interfaces
[6.627s] -- Installing: /home/ayush/Desktop/Learning_ROS2/install/my_robot_interfaces/share/my_robot_interfaces/environment/ament_prefix_path.sh
[6.627s] -- Installing: /home/ayush/Desktop/Learning_ROS2/install/my_robot_interfaces/share/my_robot_interfaces/environment/ament_prefix_path.dsv
[6.627s] -- Installing: /home/ayush/Desktop/Learning_ROS2/install/my_robot_interfaces/share/my_robot_interfaces/environment/path.sh
[6.627s] -- Installing: /home/ayush/Desktop/Learning_ROS2/install/my_robot_interfaces/share/my_robot_interfaces/environment/path.dsv
[6.627s] -- Installing: /home/ayush/Desktop/Learning_ROS2/install/my_robot_interfaces/share/my_robot_interfaces/local_setup.bash
[6.628s] -- Installing: /home/ayush/Desktop/Learning_ROS2/install/my_robot_interfaces/share/my_robot_interfaces/local_setup.sh
[6.628s] -- Installing: /home/ayush/Desktop/Learning_ROS2/install/my_robot_interfaces/share/my_robot_interfaces/local_setup.zsh
[6.628s] -- Installing: /home/ayush/Desktop/Learning_ROS2/install/my_robot_interfaces/share/my_robot_interfaces/local_setup.dsv
[6.628s] -- Installing: /home/ayush/Desktop/Learning_ROS2/install/my_robot_interfaces/share/my_robot_interfaces/package.dsv
[6.628s] -- Installing: /home/ayush/Desktop/Learning_ROS2/install/my_robot_interfaces/share/ament_index/resource_index/packages/my_robot_interfaces
[6.629s] -- Installing: /home/ayush/Desktop/Learning_ROS2/install/my_robot_interfaces/share/my_robot_interfaces/cmake/export_my_robot_interfaces__rosidl_generator_cExport.cmake
[6.629s] -- Installing: /home/ayush/Desktop/Learning_ROS2/install/my_robot_interfaces/share/my_robot_interfaces/cmake/export_my_robot_interfaces__rosidl_generator_cExport-noconfig.cmake
[6.629s] -- Installing: /home/ayush/Desktop/Learning_ROS2/install/my_robot_interfaces/share/my_robot_interfaces/cmake/export_my_robot_interfaces__rosidl_typesupport_fastrtps_cExport.cmake
[6.629s] -- Installing: /home/ayush/Desktop/Learning_ROS2/install/my_robot_interfaces/share/my_robot_interfaces/cmake/export_my_robot_interfaces__rosidl_typesupport_fastrtps_cExport-noconfig.cmake
[6.629s] -- Installing: /home/ayush/Desktop/Learning_ROS2/install/my_robot_interfaces/share/my_robot_interfaces/cmake/my_robot_interfaces__rosidl_typesupport_introspection_cExport.cmake
[6.630s] -- Installing: /home/ayush/Desktop/Learning_ROS2/install/my_robot_interfaces/share/my_robot_interfaces/cmake/my_robot_interfaces__rosidl_typesupport_introspection_cExport-noconfig.cmake
[6.630s] -- Installing: /home/ayush/Desktop/Learning_ROS2/install/my_robot_interfaces/share/my_robot_interfaces/cmake/my_robot_interfaces__rosidl_typesupport_cExport.cmake
[6.630s] -- Installing: /home/ayush/Desktop/Learning_ROS2/install/my_robot_interfaces/share/my_robot_interfaces/cmake/my_robot_interfaces__rosidl_typesupport_cExport-noconfig.cmake
[6.630s] -- Installing: /home/ayush/Desktop/Learning_ROS2/install/my_robot_interfaces/share/my_robot_interfaces/cmake/export_my_robot_interfaces__rosidl_generator_cppExport.cmake
[6.630s] -- Installing: /home/ayush/Desktop/Learning_ROS2/install/my_robot_interfaces/share/my_robot_interfaces/cmake/export_my_robot_interfaces__rosidl_typesupport_fastrtps_cppExport.cmake
[6.631s] -- Installing: /home/ayush/Desktop/Learning_ROS2/install/my_robot_interfaces/share/my_robot_interfaces/cmake/export_my_robot_interfaces__rosidl_typesupport_fastrtps_cppExport-noconfig.cmake
[6.631s] -- Installing: /home/ayush/Desktop/Learning_ROS2/install/my_robot_interfaces/share/my_robot_interfaces/cmake/my_robot_interfaces__rosidl_typesupport_introspection_cppExport.cmake
[6.631s] -- Installing: /home/ayush/Desktop/Learning_ROS2/install/my_robot_interfaces/share/my_robot_interfaces/cmake/my_robot_interfaces__rosidl_typesupport_introspection_cppExport-noconfig.cmake
[6.631s] -- Installing: /home/ayush/Desktop/Learning_ROS2/install/my_robot_interfaces/share/my_robot_interfaces/cmake/my_robot_interfaces__rosidl_typesupport_cppExport.cmake
[6.631s] -- Installing: /home/ayush/Desktop/Learning_ROS2/install/my_robot_interfaces/share/my_robot_interfaces/cmake/my_robot_interfaces__rosidl_typesupport_cppExport-noconfig.cmake
[6.632s] -- Installing: /home/ayush/Desktop/Learning_ROS2/install/my_robot_interfaces/share/my_robot_interfaces/cmake/export_my_robot_interfaces__rosidl_generator_pyExport.cmake
[6.632s] -- Installing: /home/ayush/Desktop/Learning_ROS2/install/my_robot_interfaces/share/my_robot_interfaces/cmake/export_my_robot_interfaces__rosidl_generator_pyExport-noconfig.cmake
[6.632s] -- Installing: /home/ayush/Desktop/Learning_ROS2/install/my_robot_interfaces/share/my_robot_interfaces/cmake/rosidl_cmake-extras.cmake
[6.632s] -- Installing: /home/ayush/Desktop/Learning_ROS2/install/my_robot_interfaces/share/my_robot_interfaces/cmake/ament_cmake_export_include_directories-extras.cmake
[6.632s] -- Installing: /home/ayush/Desktop/Learning_ROS2/install/my_robot_interfaces/share/my_robot_interfaces/cmake/ament_cmake_export_libraries-extras.cmake
[6.633s] -- Installing: /home/ayush/Desktop/Learning_ROS2/install/my_robot_interfaces/share/my_robot_interfaces/cmake/ament_cmake_export_targets-extras.cmake
[6.633s] -- Installing: /home/ayush/Desktop/Learning_ROS2/install/my_robot_interfaces/share/my_robot_interfaces/cmake/rosidl_cmake_export_typesupport_targets-extras.cmake
[6.633s] -- Installing: /home/ayush/Desktop/Learning_ROS2/install/my_robot_interfaces/share/my_robot_interfaces/cmake/ament_cmake_export_dependencies-extras.cmake
[6.633s] -- Installing: /home/ayush/Desktop/Learning_ROS2/install/my_robot_interfaces/share/my_robot_interfaces/cmake/rosidl_cmake_export_typesupport_libraries-extras.cmake
[6.633s] -- Installing: /home/ayush/Desktop/Learning_ROS2/install/my_robot_interfaces/share/my_robot_interfaces/cmake/my_robot_interfacesConfig.cmake
[6.633s] -- Installing: /home/ayush/Desktop/Learning_ROS2/install/my_robot_interfaces/share/my_robot_interfaces/cmake/my_robot_interfacesConfig-version.cmake
[6.633s] -- Installing: /home/ayush/Desktop/Learning_ROS2/install/my_robot_interfaces/share/my_robot_interfaces/package.xml
[6.638s] Invoked command in '/home/ayush/Desktop/Learning_ROS2/build/my_robot_interfaces' returned '0': CMAKE_PREFIX_PATH=${CMAKE_PREFIX_PATH}:/home/ayush/Desktop/Learning_ROS2/ros2_ws/install/turtlesim_project:/home/ayush/Desktop/Learning_ROS2/ros2_ws/install/my_py_pkg:/opt/ros/humble /usr/bin/cmake --install /home/ayush/Desktop/Learning_ROS2/build/my_robot_interfaces
