[0.012s] Invoking command in '/home/ayush/Desktop/Learning_ROS2/ros2_ws/build/my_robot_interfaces': CMAKE_PREFIX_PATH=${CMAKE_PREFIX_PATH}:/home/ayush/Desktop/Learning_ROS2/ros2_ws/install/my_py_pkg:/opt/ros/humble /usr/bin/cmake --build /home/ayush/Desktop/Learning_ROS2/ros2_ws/build/my_robot_interfaces -- -j8 -l8
[0.034s] -- Found ament_cmake: 1.3.10 (/opt/ros/humble/share/ament_cmake/cmake)
[0.152s] -- Found rosidl_default_generators: 1.2.0 (/opt/ros/humble/share/rosidl_default_generators/cmake)
[0.154s] -- Using all available rosidl_typesupport_c: rosidl_typesupport_fastrtps_c;rosidl_typesupport_introspection_c
[0.159s] -- Found rosidl_adapter: 3.1.5 (/opt/ros/humble/share/rosidl_adapter/cmake)
[0.203s] -- Using all available rosidl_typesupport_cpp: rosidl_typesupport_fastrtps_cpp;rosidl_typesupport_introspection_cpp
[0.478s] -- Found ament_cmake_ros: 0.10.0 (/opt/ros/humble/share/ament_cmake_ros/cmake)
[0.653s] -- Using all available rosidl_typesupport_c: rosidl_typesupport_fastrtps_c;rosidl_typesupport_introspection_c
[0.884s] -- Using all available rosidl_typesupport_cpp: rosidl_typesupport_fastrtps_cpp;rosidl_typesupport_introspection_cpp
[0.906s] -- Found python_cmake_module: 0.10.0 (/opt/ros/humble/share/python_cmake_module/cmake)
[0.929s] -- Using PYTHON_EXECUTABLE: /usr/bin/python3
[0.929s] -- Using PYTHON_INCLUDE_DIRS: /usr/include/python3.10
[0.929s] -- Using PYTHON_LIBRARIES: /usr/lib/x86_64-linux-gnu/libpython3.10.so
[0.946s] -- Configuring done
[0.979s] -- Generating done
[0.982s] -- Build files have been written to: /home/ayush/Desktop/Learning_ROS2/ros2_ws/build/my_robot_interfaces
[1.004s] [  1%] [34m[1mGenerating C code for ROS interfaces[0m
[1.017s] [  3%] [34m[1mGenerating C++ code for ROS interfaces[0m
[1.030s] [  3%] Built target ament_cmake_python_copy_my_robot_interfaces
[1.590s] [  3%] Built target my_robot_interfaces__cpp
[1.603s] [  5%] [34m[1mGenerating C++ type support dispatch for ROS interfaces[0m
[1.606s] [  9%] [34m[1mGenerating C++ introspection for ROS interfaces[0m
[1.606s] [  9%] [34m[1mGenerating C++ type support for eProsima Fast-RTPS[0m
[1.647s] running egg_info
[1.647s] writing my_robot_interfaces.egg-info/PKG-INFO
[1.647s] writing dependency_links to my_robot_interfaces.egg-info/dependency_links.txt
[1.648s] writing top-level names to my_robot_interfaces.egg-info/top_level.txt
[1.654s] reading manifest file 'my_robot_interfaces.egg-info/SOURCES.txt'
[1.655s] writing manifest file 'my_robot_interfaces.egg-info/SOURCES.txt'
[1.707s] [  9%] Built target ament_cmake_python_build_my_robot_interfaces_egg
[1.776s] [35m[1mConsolidate compiler generated dependencies of target my_robot_interfaces__rosidl_generator_c[0m
[1.809s] [ 12%] [32mBuilding C object CMakeFiles/my_robot_interfaces__rosidl_generator_c.dir/rosidl_generator_c/my_robot_interfaces/srv/detail/set_led__functions.c.o[0m
[1.810s] [ 12%] [32mBuilding C object CMakeFiles/my_robot_interfaces__rosidl_generator_c.dir/rosidl_generator_c/my_robot_interfaces/msg/detail/led_status__functions.c.o[0m
[1.810s] [ 14%] [32mBuilding C object CMakeFiles/my_robot_interfaces__rosidl_generator_c.dir/rosidl_generator_c/my_robot_interfaces/msg/detail/hardware_status__functions.c.o[0m
[1.815s] [ 16%] [32mBuilding C object CMakeFiles/my_robot_interfaces__rosidl_generator_c.dir/rosidl_generator_c/my_robot_interfaces/srv/detail/area_of_rectangle__functions.c.o[0m
[1.964s] [ 18%] [32m[1mLinking C shared library libmy_robot_interfaces__rosidl_generator_c.so[0m
[2.023s] [ 18%] Built target my_robot_interfaces__rosidl_generator_c
[2.044s] [ 20%] [34m[1mGenerating C introspection for ROS interfaces[0m
[2.044s] [ 21%] [34m[1mGenerating C type support dispatch for ROS interfaces[0m
[2.044s] [ 23%] [34m[1mGenerating C type support for eProsima Fast-RTPS[0m
[2.267s] [35m[1mConsolidate compiler generated dependencies of target my_robot_interfaces__rosidl_typesupport_cpp[0m
[2.295s] [ 25%] [32mBuilding CXX object CMakeFiles/my_robot_interfaces__rosidl_typesupport_cpp.dir/rosidl_typesupport_cpp/my_robot_interfaces/msg/hardware_status__type_support.cpp.o[0m
[2.303s] [ 27%] [32mBuilding CXX object CMakeFiles/my_robot_interfaces__rosidl_typesupport_cpp.dir/rosidl_typesupport_cpp/my_robot_interfaces/msg/led_status__type_support.cpp.o[0m
[2.309s] [ 29%] [32mBuilding CXX object CMakeFiles/my_robot_interfaces__rosidl_typesupport_cpp.dir/rosidl_typesupport_cpp/my_robot_interfaces/srv/area_of_rectangle__type_support.cpp.o[0m
[2.495s] [35m[1mConsolidate compiler generated dependencies of target my_robot_interfaces__rosidl_typesupport_introspection_cpp[0m
[2.551s] [ 30%] [32mBuilding CXX object CMakeFiles/my_robot_interfaces__rosidl_typesupport_introspection_cpp.dir/rosidl_typesupport_introspection_cpp/my_robot_interfaces/msg/detail/hardware_status__type_support.cpp.o[0m
[2.732s] [35m[1mConsolidate compiler generated dependencies of target my_robot_interfaces__rosidl_typesupport_c[0m
[2.759s] [ 32%] [32mBuilding CXX object CMakeFiles/my_robot_interfaces__rosidl_typesupport_c.dir/rosidl_typesupport_c/my_robot_interfaces/msg/hardware_status__type_support.cpp.o[0m
[2.784s] [ 34%] [32mBuilding CXX object CMakeFiles/my_robot_interfaces__rosidl_typesupport_c.dir/rosidl_typesupport_c/my_robot_interfaces/msg/led_status__type_support.cpp.o[0m
[2.795s] [35m[1mConsolidate compiler generated dependencies of target my_robot_interfaces__rosidl_typesupport_fastrtps_cpp[0m
[2.806s] [ 36%] [32mBuilding CXX object CMakeFiles/my_robot_interfaces__rosidl_typesupport_c.dir/rosidl_typesupport_c/my_robot_interfaces/srv/area_of_rectangle__type_support.cpp.o[0m
[2.843s] [ 38%] [32mBuilding CXX object CMakeFiles/my_robot_interfaces__rosidl_typesupport_fastrtps_cpp.dir/rosidl_typesupport_fastrtps_cpp/my_robot_interfaces/srv/detail/dds_fastrtps/area_of_rectangle__type_support.cpp.o[0m
[2.849s] [ 40%] [32mBuilding CXX object CMakeFiles/my_robot_interfaces__rosidl_typesupport_fastrtps_cpp.dir/rosidl_typesupport_fastrtps_cpp/my_robot_interfaces/msg/detail/dds_fastrtps/hardware_status__type_support.cpp.o[0m
[2.858s] [ 41%] [32mBuilding CXX object CMakeFiles/my_robot_interfaces__rosidl_typesupport_fastrtps_cpp.dir/rosidl_typesupport_fastrtps_cpp/my_robot_interfaces/msg/detail/dds_fastrtps/led_status__type_support.cpp.o[0m
[2.909s] [ 43%] [32mBuilding CXX object CMakeFiles/my_robot_interfaces__rosidl_typesupport_c.dir/rosidl_typesupport_c/my_robot_interfaces/srv/set_led__type_support.cpp.o[0m
[3.020s] [35m[1mConsolidate compiler generated dependencies of target my_robot_interfaces__rosidl_typesupport_fastrtps_c[0m
[3.022s] [ 45%] [32m[1mLinking CXX shared library libmy_robot_interfaces__rosidl_typesupport_c.so[0m
[3.050s] [ 47%] [32mBuilding CXX object CMakeFiles/my_robot_interfaces__rosidl_typesupport_cpp.dir/rosidl_typesupport_cpp/my_robot_interfaces/srv/set_led__type_support.cpp.o[0m
[3.078s] [ 49%] [32mBuilding CXX object CMakeFiles/my_robot_interfaces__rosidl_typesupport_fastrtps_c.dir/rosidl_typesupport_fastrtps_c/my_robot_interfaces/msg/detail/hardware_status__type_support_c.cpp.o[0m
[3.152s] [35m[1mConsolidate compiler generated dependencies of target my_robot_interfaces__rosidl_typesupport_introspection_c[0m
[3.173s] [ 49%] Built target my_robot_interfaces__rosidl_typesupport_c
[3.191s] [ 50%] [32mBuilding C object CMakeFiles/my_robot_interfaces__rosidl_typesupport_introspection_c.dir/rosidl_typesupport_introspection_c/my_robot_interfaces/msg/detail/hardware_status__type_support.c.o[0m
[3.197s] [ 52%] [32mBuilding CXX object CMakeFiles/my_robot_interfaces__rosidl_typesupport_fastrtps_c.dir/rosidl_typesupport_fastrtps_c/my_robot_interfaces/msg/detail/led_status__type_support_c.cpp.o[0m
[3.307s] [ 54%] [32mBuilding CXX object CMakeFiles/my_robot_interfaces__rosidl_typesupport_introspection_cpp.dir/rosidl_typesupport_introspection_cpp/my_robot_interfaces/msg/detail/led_status__type_support.cpp.o[0m
[3.307s] [ 56%] [32mBuilding C object CMakeFiles/my_robot_interfaces__rosidl_typesupport_introspection_c.dir/rosidl_typesupport_introspection_c/my_robot_interfaces/msg/detail/led_status__type_support.c.o[0m
[3.383s] [ 58%] [32mBuilding C object CMakeFiles/my_robot_interfaces__rosidl_typesupport_introspection_c.dir/rosidl_typesupport_introspection_c/my_robot_interfaces/srv/detail/area_of_rectangle__type_support.c.o[0m
[3.457s] [ 60%] [32mBuilding C object CMakeFiles/my_robot_interfaces__rosidl_typesupport_introspection_c.dir/rosidl_typesupport_introspection_c/my_robot_interfaces/srv/detail/set_led__type_support.c.o[0m
[3.549s] [ 61%] [32m[1mLinking C shared library libmy_robot_interfaces__rosidl_typesupport_introspection_c.so[0m
[3.638s] [ 61%] Built target my_robot_interfaces__rosidl_typesupport_introspection_c
[3.652s] [ 63%] [32mBuilding CXX object CMakeFiles/my_robot_interfaces__rosidl_typesupport_fastrtps_cpp.dir/rosidl_typesupport_fastrtps_cpp/my_robot_interfaces/srv/detail/dds_fastrtps/set_led__type_support.cpp.o[0m
[3.666s] [ 65%] [32mBuilding CXX object CMakeFiles/my_robot_interfaces__rosidl_typesupport_fastrtps_c.dir/rosidl_typesupport_fastrtps_c/my_robot_interfaces/srv/detail/area_of_rectangle__type_support_c.cpp.o[0m
[3.682s] [ 67%] [32m[1mLinking CXX shared library libmy_robot_interfaces__rosidl_typesupport_cpp.so[0m
[3.740s] [ 69%] [32mBuilding CXX object CMakeFiles/my_robot_interfaces__rosidl_typesupport_introspection_cpp.dir/rosidl_typesupport_introspection_cpp/my_robot_interfaces/srv/detail/area_of_rectangle__type_support.cpp.o[0m
[3.788s] [ 69%] Built target my_robot_interfaces__rosidl_typesupport_cpp
[3.798s] [ 70%] [32mBuilding CXX object CMakeFiles/my_robot_interfaces__rosidl_typesupport_introspection_cpp.dir/rosidl_typesupport_introspection_cpp/my_robot_interfaces/srv/detail/set_led__type_support.cpp.o[0m
[3.822s] [ 72%] [32mBuilding CXX object CMakeFiles/my_robot_interfaces__rosidl_typesupport_fastrtps_c.dir/rosidl_typesupport_fastrtps_c/my_robot_interfaces/srv/detail/set_led__type_support_c.cpp.o[0m
[4.407s] [ 74%] [32m[1mLinking CXX shared library libmy_robot_interfaces__rosidl_typesupport_fastrtps_c.so[0m
[4.452s] [ 76%] [32m[1mLinking CXX shared library libmy_robot_interfaces__rosidl_typesupport_introspection_cpp.so[0m
[4.490s] [ 78%] [32m[1mLinking CXX shared library libmy_robot_interfaces__rosidl_typesupport_fastrtps_cpp.so[0m
[4.493s] [ 78%] Built target my_robot_interfaces__rosidl_typesupport_fastrtps_c
[4.542s] [ 78%] Built target my_robot_interfaces__rosidl_typesupport_introspection_cpp
[4.580s] [ 78%] Built target my_robot_interfaces__rosidl_typesupport_fastrtps_cpp
[4.600s] [ 78%] Built target my_robot_interfaces
[4.623s] [ 80%] [34m[1mGenerating Python code for ROS interfaces[0m
[5.370s] [ 80%] Built target my_robot_interfaces__py
[5.380s] [35m[1mConsolidate compiler generated dependencies of target my_robot_interfaces__rosidl_generator_py[0m
[5.393s] [ 83%] [32mBuilding C object CMakeFiles/my_robot_interfaces__rosidl_generator_py.dir/rosidl_generator_py/my_robot_interfaces/msg/_led_status_s.c.o[0m
[5.394s] [ 83%] [32mBuilding C object CMakeFiles/my_robot_interfaces__rosidl_generator_py.dir/rosidl_generator_py/my_robot_interfaces/msg/_hardware_status_s.c.o[0m
[5.394s] [ 85%] [32mBuilding C object CMakeFiles/my_robot_interfaces__rosidl_generator_py.dir/rosidl_generator_py/my_robot_interfaces/srv/_area_of_rectangle_s.c.o[0m
[5.394s] [ 87%] [32mBuilding C object CMakeFiles/my_robot_interfaces__rosidl_generator_py.dir/rosidl_generator_py/my_robot_interfaces/srv/_set_led_s.c.o[0m
[5.520s] [ 89%] [32m[1mLinking C shared library rosidl_generator_py/my_robot_interfaces/libmy_robot_interfaces__rosidl_generator_py.so[0m
[5.557s] [ 89%] Built target my_robot_interfaces__rosidl_generator_py
[5.567s] [35m[1mConsolidate compiler generated dependencies of target my_robot_interfaces__rosidl_typesupport_fastrtps_c__pyext[0m
[5.567s] [35m[1mConsolidate compiler generated dependencies of target my_robot_interfaces__rosidl_typesupport_introspection_c__pyext[0m
[5.567s] [35m[1mConsolidate compiler generated dependencies of target my_robot_interfaces__rosidl_typesupport_c__pyext[0m
[5.579s] [ 92%] [32mBuilding C object CMakeFiles/my_robot_interfaces__rosidl_typesupport_introspection_c__pyext.dir/rosidl_generator_py/my_robot_interfaces/_my_robot_interfaces_s.ep.rosidl_typesupport_introspection_c.c.o[0m
[5.580s] [ 92%] [32mBuilding C object CMakeFiles/my_robot_interfaces__rosidl_typesupport_fastrtps_c__pyext.dir/rosidl_generator_py/my_robot_interfaces/_my_robot_interfaces_s.ep.rosidl_typesupport_fastrtps_c.c.o[0m
[5.580s] [ 94%] [32mBuilding C object CMakeFiles/my_robot_interfaces__rosidl_typesupport_c__pyext.dir/rosidl_generator_py/my_robot_interfaces/_my_robot_interfaces_s.ep.rosidl_typesupport_c.c.o[0m
[5.712s] [ 96%] [32m[1mLinking C shared library rosidl_generator_py/my_robot_interfaces/my_robot_interfaces_s__rosidl_typesupport_c.cpython-310-x86_64-linux-gnu.so[0m
[5.718s] [ 98%] [32m[1mLinking C shared library rosidl_generator_py/my_robot_interfaces/my_robot_interfaces_s__rosidl_typesupport_fastrtps_c.cpython-310-x86_64-linux-gnu.so[0m
[5.719s] [100%] [32m[1mLinking C shared library rosidl_generator_py/my_robot_interfaces/my_robot_interfaces_s__rosidl_typesupport_introspection_c.cpython-310-x86_64-linux-gnu.so[0m
[5.751s] [100%] Built target my_robot_interfaces__rosidl_typesupport_c__pyext
[5.757s] [100%] Built target my_robot_interfaces__rosidl_typesupport_fastrtps_c__pyext
[5.763s] [100%] Built target my_robot_interfaces__rosidl_typesupport_introspection_c__pyext
[5.776s] Invoked command in '/home/ayush/Desktop/Learning_ROS2/ros2_ws/build/my_robot_interfaces' returned '0': CMAKE_PREFIX_PATH=${CMAKE_PREFIX_PATH}:/home/ayush/Desktop/Learning_ROS2/ros2_ws/install/my_py_pkg:/opt/ros/humble /usr/bin/cmake --build /home/ayush/Desktop/Learning_ROS2/ros2_ws/build/my_robot_interfaces -- -j8 -l8
[5.898s] Invoking command in '/home/ayush/Desktop/Learning_ROS2/ros2_ws/build/my_robot_interfaces': CMAKE_PREFIX_PATH=${CMAKE_PREFIX_PATH}:/home/ayush/Desktop/Learning_ROS2/ros2_ws/install/my_py_pkg:/opt/ros/humble /usr/bin/cmake --install /home/ayush/Desktop/Learning_ROS2/ros2_ws/build/my_robot_interfaces
[5.906s] -- Install configuration: ""
[5.906s] -- Up-to-date: /home/ayush/Desktop/Learning_ROS2/ros2_ws/install/my_robot_interfaces/share/ament_index/resource_index/rosidl_interfaces/my_robot_interfaces
[5.906s] -- Up-to-date: /home/ayush/Desktop/Learning_ROS2/ros2_ws/install/my_robot_interfaces/include/my_robot_interfaces/my_robot_interfaces
[5.906s] -- Up-to-date: /home/ayush/Desktop/Learning_ROS2/ros2_ws/install/my_robot_interfaces/include/my_robot_interfaces/my_robot_interfaces/msg
[5.907s] -- Up-to-date: /home/ayush/Desktop/Learning_ROS2/ros2_ws/install/my_robot_interfaces/include/my_robot_interfaces/my_robot_interfaces/msg/rosidl_generator_c__visibility_control.h
[5.907s] -- Up-to-date: /home/ayush/Desktop/Learning_ROS2/ros2_ws/install/my_robot_interfaces/include/my_robot_interfaces/my_robot_interfaces/msg/detail
[5.907s] -- Installing: /home/ayush/Desktop/Learning_ROS2/ros2_ws/install/my_robot_interfaces/include/my_robot_interfaces/my_robot_interfaces/msg/detail/led_status__functions.c
[5.907s] -- Installing: /home/ayush/Desktop/Learning_ROS2/ros2_ws/install/my_robot_interfaces/include/my_robot_interfaces/my_robot_interfaces/msg/detail/hardware_status__type_support.h
[5.907s] -- Installing: /home/ayush/Desktop/Learning_ROS2/ros2_ws/install/my_robot_interfaces/include/my_robot_interfaces/my_robot_interfaces/msg/detail/hardware_status__functions.h
[5.907s] -- Installing: /home/ayush/Desktop/Learning_ROS2/ros2_ws/install/my_robot_interfaces/include/my_robot_interfaces/my_robot_interfaces/msg/detail/hardware_status__struct.h
[5.907s] -- Installing: /home/ayush/Desktop/Learning_ROS2/ros2_ws/install/my_robot_interfaces/include/my_robot_interfaces/my_robot_interfaces/msg/detail/led_status__functions.h
[5.907s] -- Installing: /home/ayush/Desktop/Learning_ROS2/ros2_ws/install/my_robot_interfaces/include/my_robot_interfaces/my_robot_interfaces/msg/detail/led_status__struct.h
[5.907s] -- Installing: /home/ayush/Desktop/Learning_ROS2/ros2_ws/install/my_robot_interfaces/include/my_robot_interfaces/my_robot_interfaces/msg/detail/led_status__type_support.h
[5.907s] -- Installing: /home/ayush/Desktop/Learning_ROS2/ros2_ws/install/my_robot_interfaces/include/my_robot_interfaces/my_robot_interfaces/msg/detail/hardware_status__functions.c
[5.908s] -- Installing: /home/ayush/Desktop/Learning_ROS2/ros2_ws/install/my_robot_interfaces/include/my_robot_interfaces/my_robot_interfaces/msg/hardware_status.h
[5.908s] -- Installing: /home/ayush/Desktop/Learning_ROS2/ros2_ws/install/my_robot_interfaces/include/my_robot_interfaces/my_robot_interfaces/msg/led_status.h
[5.908s] -- Up-to-date: /home/ayush/Desktop/Learning_ROS2/ros2_ws/install/my_robot_interfaces/include/my_robot_interfaces/my_robot_interfaces/srv
[5.908s] -- Up-to-date: /home/ayush/Desktop/Learning_ROS2/ros2_ws/install/my_robot_interfaces/include/my_robot_interfaces/my_robot_interfaces/srv/detail
[5.908s] -- Installing: /home/ayush/Desktop/Learning_ROS2/ros2_ws/install/my_robot_interfaces/include/my_robot_interfaces/my_robot_interfaces/srv/detail/area_of_rectangle__type_support.h
[5.908s] -- Installing: /home/ayush/Desktop/Learning_ROS2/ros2_ws/install/my_robot_interfaces/include/my_robot_interfaces/my_robot_interfaces/srv/detail/set_led__functions.h
[5.909s] -- Installing: /home/ayush/Desktop/Learning_ROS2/ros2_ws/install/my_robot_interfaces/include/my_robot_interfaces/my_robot_interfaces/srv/detail/area_of_rectangle__functions.c
[5.909s] -- Installing: /home/ayush/Desktop/Learning_ROS2/ros2_ws/install/my_robot_interfaces/include/my_robot_interfaces/my_robot_interfaces/srv/detail/set_led__functions.c
[5.909s] -- Installing: /home/ayush/Desktop/Learning_ROS2/ros2_ws/install/my_robot_interfaces/include/my_robot_interfaces/my_robot_interfaces/srv/detail/set_led__struct.h
[5.909s] -- Installing: /home/ayush/Desktop/Learning_ROS2/ros2_ws/install/my_robot_interfaces/include/my_robot_interfaces/my_robot_interfaces/srv/detail/area_of_rectangle__struct.h
[5.909s] -- Installing: /home/ayush/Desktop/Learning_ROS2/ros2_ws/install/my_robot_interfaces/include/my_robot_interfaces/my_robot_interfaces/srv/detail/set_led__type_support.h
[5.910s] -- Installing: /home/ayush/Desktop/Learning_ROS2/ros2_ws/install/my_robot_interfaces/include/my_robot_interfaces/my_robot_interfaces/srv/detail/area_of_rectangle__functions.h
[5.910s] -- Installing: /home/ayush/Desktop/Learning_ROS2/ros2_ws/install/my_robot_interfaces/include/my_robot_interfaces/my_robot_interfaces/srv/area_of_rectangle.h
[5.910s] -- Installing: /home/ayush/Desktop/Learning_ROS2/ros2_ws/install/my_robot_interfaces/include/my_robot_interfaces/my_robot_interfaces/srv/set_led.h
[5.910s] -- Up-to-date: /home/ayush/Desktop/Learning_ROS2/ros2_ws/install/my_robot_interfaces/share/my_robot_interfaces/environment/library_path.sh
[5.910s] -- Installing: /home/ayush/Desktop/Learning_ROS2/ros2_ws/install/my_robot_interfaces/share/my_robot_interfaces/environment/library_path.dsv
[5.911s] -- Installing: /home/ayush/Desktop/Learning_ROS2/ros2_ws/install/my_robot_interfaces/lib/libmy_robot_interfaces__rosidl_generator_c.so
[5.911s] -- Set runtime path of "/home/ayush/Desktop/Learning_ROS2/ros2_ws/install/my_robot_interfaces/lib/libmy_robot_interfaces__rosidl_generator_c.so" to ""
[5.912s] -- Up-to-date: /home/ayush/Desktop/Learning_ROS2/ros2_ws/install/my_robot_interfaces/include/my_robot_interfaces/my_robot_interfaces
[5.912s] -- Up-to-date: /home/ayush/Desktop/Learning_ROS2/ros2_ws/install/my_robot_interfaces/include/my_robot_interfaces/my_robot_interfaces/msg
[5.912s] -- Up-to-date: /home/ayush/Desktop/Learning_ROS2/ros2_ws/install/my_robot_interfaces/include/my_robot_interfaces/my_robot_interfaces/msg/detail
[5.912s] -- Installing: /home/ayush/Desktop/Learning_ROS2/ros2_ws/install/my_robot_interfaces/include/my_robot_interfaces/my_robot_interfaces/msg/detail/hardware_status__rosidl_typesupport_fastrtps_c.h
[5.912s] -- Installing: /home/ayush/Desktop/Learning_ROS2/ros2_ws/install/my_robot_interfaces/include/my_robot_interfaces/my_robot_interfaces/msg/detail/led_status__rosidl_typesupport_fastrtps_c.h
[5.912s] -- Up-to-date: /home/ayush/Desktop/Learning_ROS2/ros2_ws/install/my_robot_interfaces/include/my_robot_interfaces/my_robot_interfaces/msg/rosidl_typesupport_fastrtps_c__visibility_control.h
[5.912s] -- Up-to-date: /home/ayush/Desktop/Learning_ROS2/ros2_ws/install/my_robot_interfaces/include/my_robot_interfaces/my_robot_interfaces/srv
[5.912s] -- Up-to-date: /home/ayush/Desktop/Learning_ROS2/ros2_ws/install/my_robot_interfaces/include/my_robot_interfaces/my_robot_interfaces/srv/detail
[5.912s] -- Installing: /home/ayush/Desktop/Learning_ROS2/ros2_ws/install/my_robot_interfaces/include/my_robot_interfaces/my_robot_interfaces/srv/detail/area_of_rectangle__rosidl_typesupport_fastrtps_c.h
[5.912s] -- Installing: /home/ayush/Desktop/Learning_ROS2/ros2_ws/install/my_robot_interfaces/include/my_robot_interfaces/my_robot_interfaces/srv/detail/set_led__rosidl_typesupport_fastrtps_c.h
[5.913s] -- Installing: /home/ayush/Desktop/Learning_ROS2/ros2_ws/install/my_robot_interfaces/lib/libmy_robot_interfaces__rosidl_typesupport_fastrtps_c.so
[5.913s] -- Set runtime path of "/home/ayush/Desktop/Learning_ROS2/ros2_ws/install/my_robot_interfaces/lib/libmy_robot_interfaces__rosidl_typesupport_fastrtps_c.so" to ""
[5.913s] -- Up-to-date: /home/ayush/Desktop/Learning_ROS2/ros2_ws/install/my_robot_interfaces/include/my_robot_interfaces/my_robot_interfaces
[5.913s] -- Up-to-date: /home/ayush/Desktop/Learning_ROS2/ros2_ws/install/my_robot_interfaces/include/my_robot_interfaces/my_robot_interfaces/msg
[5.914s] -- Up-to-date: /home/ayush/Desktop/Learning_ROS2/ros2_ws/install/my_robot_interfaces/include/my_robot_interfaces/my_robot_interfaces/msg/detail
[5.914s] -- Installing: /home/ayush/Desktop/Learning_ROS2/ros2_ws/install/my_robot_interfaces/include/my_robot_interfaces/my_robot_interfaces/msg/detail/hardware_status__rosidl_typesupport_introspection_c.h
[5.914s] -- Installing: /home/ayush/Desktop/Learning_ROS2/ros2_ws/install/my_robot_interfaces/include/my_robot_interfaces/my_robot_interfaces/msg/detail/led_status__type_support.c
[5.914s] -- Installing: /home/ayush/Desktop/Learning_ROS2/ros2_ws/install/my_robot_interfaces/include/my_robot_interfaces/my_robot_interfaces/msg/detail/led_status__rosidl_typesupport_introspection_c.h
[5.914s] -- Installing: /home/ayush/Desktop/Learning_ROS2/ros2_ws/install/my_robot_interfaces/include/my_robot_interfaces/my_robot_interfaces/msg/detail/hardware_status__type_support.c
[5.914s] -- Up-to-date: /home/ayush/Desktop/Learning_ROS2/ros2_ws/install/my_robot_interfaces/include/my_robot_interfaces/my_robot_interfaces/msg/rosidl_typesupport_introspection_c__visibility_control.h
[5.914s] -- Up-to-date: /home/ayush/Desktop/Learning_ROS2/ros2_ws/install/my_robot_interfaces/include/my_robot_interfaces/my_robot_interfaces/srv
[5.914s] -- Up-to-date: /home/ayush/Desktop/Learning_ROS2/ros2_ws/install/my_robot_interfaces/include/my_robot_interfaces/my_robot_interfaces/srv/detail
[5.914s] -- Installing: /home/ayush/Desktop/Learning_ROS2/ros2_ws/install/my_robot_interfaces/include/my_robot_interfaces/my_robot_interfaces/srv/detail/area_of_rectangle__type_support.c
[5.914s] -- Installing: /home/ayush/Desktop/Learning_ROS2/ros2_ws/install/my_robot_interfaces/include/my_robot_interfaces/my_robot_interfaces/srv/detail/set_led__type_support.c
[5.915s] -- Installing: /home/ayush/Desktop/Learning_ROS2/ros2_ws/install/my_robot_interfaces/include/my_robot_interfaces/my_robot_interfaces/srv/detail/area_of_rectangle__rosidl_typesupport_introspection_c.h
[5.915s] -- Installing: /home/ayush/Desktop/Learning_ROS2/ros2_ws/install/my_robot_interfaces/include/my_robot_interfaces/my_robot_interfaces/srv/detail/set_led__rosidl_typesupport_introspection_c.h
[5.915s] -- Installing: /home/ayush/Desktop/Learning_ROS2/ros2_ws/install/my_robot_interfaces/lib/libmy_robot_interfaces__rosidl_typesupport_introspection_c.so
[5.916s] -- Set runtime path of "/home/ayush/Desktop/Learning_ROS2/ros2_ws/install/my_robot_interfaces/lib/libmy_robot_interfaces__rosidl_typesupport_introspection_c.so" to ""
[5.916s] -- Installing: /home/ayush/Desktop/Learning_ROS2/ros2_ws/install/my_robot_interfaces/lib/libmy_robot_interfaces__rosidl_typesupport_c.so
[5.916s] -- Set runtime path of "/home/ayush/Desktop/Learning_ROS2/ros2_ws/install/my_robot_interfaces/lib/libmy_robot_interfaces__rosidl_typesupport_c.so" to ""
[5.916s] -- Up-to-date: /home/ayush/Desktop/Learning_ROS2/ros2_ws/install/my_robot_interfaces/include/my_robot_interfaces/my_robot_interfaces
[5.916s] -- Up-to-date: /home/ayush/Desktop/Learning_ROS2/ros2_ws/install/my_robot_interfaces/include/my_robot_interfaces/my_robot_interfaces/msg
[5.917s] -- Installing: /home/ayush/Desktop/Learning_ROS2/ros2_ws/install/my_robot_interfaces/include/my_robot_interfaces/my_robot_interfaces/msg/hardware_status.hpp
[5.917s] -- Up-to-date: /home/ayush/Desktop/Learning_ROS2/ros2_ws/install/my_robot_interfaces/include/my_robot_interfaces/my_robot_interfaces/msg/detail
[5.917s] -- Installing: /home/ayush/Desktop/Learning_ROS2/ros2_ws/install/my_robot_interfaces/include/my_robot_interfaces/my_robot_interfaces/msg/detail/led_status__traits.hpp
[5.917s] -- Installing: /home/ayush/Desktop/Learning_ROS2/ros2_ws/install/my_robot_interfaces/include/my_robot_interfaces/my_robot_interfaces/msg/detail/led_status__struct.hpp
[5.917s] -- Installing: /home/ayush/Desktop/Learning_ROS2/ros2_ws/install/my_robot_interfaces/include/my_robot_interfaces/my_robot_interfaces/msg/detail/hardware_status__struct.hpp
[5.917s] -- Installing: /home/ayush/Desktop/Learning_ROS2/ros2_ws/install/my_robot_interfaces/include/my_robot_interfaces/my_robot_interfaces/msg/detail/led_status__builder.hpp
[5.917s] -- Installing: /home/ayush/Desktop/Learning_ROS2/ros2_ws/install/my_robot_interfaces/include/my_robot_interfaces/my_robot_interfaces/msg/detail/hardware_status__traits.hpp
[5.917s] -- Installing: /home/ayush/Desktop/Learning_ROS2/ros2_ws/install/my_robot_interfaces/include/my_robot_interfaces/my_robot_interfaces/msg/detail/hardware_status__builder.hpp
[5.918s] -- Installing: /home/ayush/Desktop/Learning_ROS2/ros2_ws/install/my_robot_interfaces/include/my_robot_interfaces/my_robot_interfaces/msg/led_status.hpp
[5.918s] -- Up-to-date: /home/ayush/Desktop/Learning_ROS2/ros2_ws/install/my_robot_interfaces/include/my_robot_interfaces/my_robot_interfaces/srv
[5.918s] -- Installing: /home/ayush/Desktop/Learning_ROS2/ros2_ws/install/my_robot_interfaces/include/my_robot_interfaces/my_robot_interfaces/srv/area_of_rectangle.hpp
[5.918s] -- Up-to-date: /home/ayush/Desktop/Learning_ROS2/ros2_ws/install/my_robot_interfaces/include/my_robot_interfaces/my_robot_interfaces/srv/detail
[5.918s] -- Installing: /home/ayush/Desktop/Learning_ROS2/ros2_ws/install/my_robot_interfaces/include/my_robot_interfaces/my_robot_interfaces/srv/detail/set_led__struct.hpp
[5.918s] -- Installing: /home/ayush/Desktop/Learning_ROS2/ros2_ws/install/my_robot_interfaces/include/my_robot_interfaces/my_robot_interfaces/srv/detail/area_of_rectangle__builder.hpp
[5.918s] -- Installing: /home/ayush/Desktop/Learning_ROS2/ros2_ws/install/my_robot_interfaces/include/my_robot_interfaces/my_robot_interfaces/srv/detail/set_led__traits.hpp
[5.918s] -- Installing: /home/ayush/Desktop/Learning_ROS2/ros2_ws/install/my_robot_interfaces/include/my_robot_interfaces/my_robot_interfaces/srv/detail/area_of_rectangle__struct.hpp
[5.919s] -- Installing: /home/ayush/Desktop/Learning_ROS2/ros2_ws/install/my_robot_interfaces/include/my_robot_interfaces/my_robot_interfaces/srv/detail/set_led__builder.hpp
[5.919s] -- Installing: /home/ayush/Desktop/Learning_ROS2/ros2_ws/install/my_robot_interfaces/include/my_robot_interfaces/my_robot_interfaces/srv/detail/area_of_rectangle__traits.hpp
[5.919s] -- Installing: /home/ayush/Desktop/Learning_ROS2/ros2_ws/install/my_robot_interfaces/include/my_robot_interfaces/my_robot_interfaces/srv/set_led.hpp
[5.919s] -- Up-to-date: /home/ayush/Desktop/Learning_ROS2/ros2_ws/install/my_robot_interfaces/include/my_robot_interfaces/my_robot_interfaces
[5.919s] -- Up-to-date: /home/ayush/Desktop/Learning_ROS2/ros2_ws/install/my_robot_interfaces/include/my_robot_interfaces/my_robot_interfaces/msg
[5.919s] -- Up-to-date: /home/ayush/Desktop/Learning_ROS2/ros2_ws/install/my_robot_interfaces/include/my_robot_interfaces/my_robot_interfaces/msg/detail
[5.919s] -- Installing: /home/ayush/Desktop/Learning_ROS2/ros2_ws/install/my_robot_interfaces/include/my_robot_interfaces/my_robot_interfaces/msg/detail/led_status__rosidl_typesupport_fastrtps_cpp.hpp
[5.919s] -- Up-to-date: /home/ayush/Desktop/Learning_ROS2/ros2_ws/install/my_robot_interfaces/include/my_robot_interfaces/my_robot_interfaces/msg/detail/dds_fastrtps
[5.920s] -- Installing: /home/ayush/Desktop/Learning_ROS2/ros2_ws/install/my_robot_interfaces/include/my_robot_interfaces/my_robot_interfaces/msg/detail/hardware_status__rosidl_typesupport_fastrtps_cpp.hpp
[5.920s] -- Up-to-date: /home/ayush/Desktop/Learning_ROS2/ros2_ws/install/my_robot_interfaces/include/my_robot_interfaces/my_robot_interfaces/msg/rosidl_typesupport_fastrtps_cpp__visibility_control.h
[5.920s] -- Up-to-date: /home/ayush/Desktop/Learning_ROS2/ros2_ws/install/my_robot_interfaces/include/my_robot_interfaces/my_robot_interfaces/srv
[5.920s] -- Up-to-date: /home/ayush/Desktop/Learning_ROS2/ros2_ws/install/my_robot_interfaces/include/my_robot_interfaces/my_robot_interfaces/srv/detail
[5.920s] -- Installing: /home/ayush/Desktop/Learning_ROS2/ros2_ws/install/my_robot_interfaces/include/my_robot_interfaces/my_robot_interfaces/srv/detail/set_led__rosidl_typesupport_fastrtps_cpp.hpp
[5.920s] -- Installing: /home/ayush/Desktop/Learning_ROS2/ros2_ws/install/my_robot_interfaces/include/my_robot_interfaces/my_robot_interfaces/srv/detail/area_of_rectangle__rosidl_typesupport_fastrtps_cpp.hpp
[5.920s] -- Up-to-date: /home/ayush/Desktop/Learning_ROS2/ros2_ws/install/my_robot_interfaces/include/my_robot_interfaces/my_robot_interfaces/srv/detail/dds_fastrtps
[5.920s] -- Installing: /home/ayush/Desktop/Learning_ROS2/ros2_ws/install/my_robot_interfaces/lib/libmy_robot_interfaces__rosidl_typesupport_fastrtps_cpp.so
[5.921s] -- Set runtime path of "/home/ayush/Desktop/Learning_ROS2/ros2_ws/install/my_robot_interfaces/lib/libmy_robot_interfaces__rosidl_typesupport_fastrtps_cpp.so" to ""
[5.921s] -- Up-to-date: /home/ayush/Desktop/Learning_ROS2/ros2_ws/install/my_robot_interfaces/include/my_robot_interfaces/my_robot_interfaces
[5.921s] -- Up-to-date: /home/ayush/Desktop/Learning_ROS2/ros2_ws/install/my_robot_interfaces/include/my_robot_interfaces/my_robot_interfaces/msg
[5.921s] -- Up-to-date: /home/ayush/Desktop/Learning_ROS2/ros2_ws/install/my_robot_interfaces/include/my_robot_interfaces/my_robot_interfaces/msg/detail
[5.921s] -- Installing: /home/ayush/Desktop/Learning_ROS2/ros2_ws/install/my_robot_interfaces/include/my_robot_interfaces/my_robot_interfaces/msg/detail/hardware_status__rosidl_typesupport_introspection_cpp.hpp
[5.922s] -- Installing: /home/ayush/Desktop/Learning_ROS2/ros2_ws/install/my_robot_interfaces/include/my_robot_interfaces/my_robot_interfaces/msg/detail/hardware_status__type_support.cpp
[5.922s] -- Installing: /home/ayush/Desktop/Learning_ROS2/ros2_ws/install/my_robot_interfaces/include/my_robot_interfaces/my_robot_interfaces/msg/detail/led_status__type_support.cpp
[5.922s] -- Installing: /home/ayush/Desktop/Learning_ROS2/ros2_ws/install/my_robot_interfaces/include/my_robot_interfaces/my_robot_interfaces/msg/detail/led_status__rosidl_typesupport_introspection_cpp.hpp
[5.922s] -- Up-to-date: /home/ayush/Desktop/Learning_ROS2/ros2_ws/install/my_robot_interfaces/include/my_robot_interfaces/my_robot_interfaces/srv
[5.922s] -- Up-to-date: /home/ayush/Desktop/Learning_ROS2/ros2_ws/install/my_robot_interfaces/include/my_robot_interfaces/my_robot_interfaces/srv/detail
[5.922s] -- Installing: /home/ayush/Desktop/Learning_ROS2/ros2_ws/install/my_robot_interfaces/include/my_robot_interfaces/my_robot_interfaces/srv/detail/area_of_rectangle__rosidl_typesupport_introspection_cpp.hpp
[5.922s] -- Installing: /home/ayush/Desktop/Learning_ROS2/ros2_ws/install/my_robot_interfaces/include/my_robot_interfaces/my_robot_interfaces/srv/detail/set_led__rosidl_typesupport_introspection_cpp.hpp
[5.922s] -- Installing: /home/ayush/Desktop/Learning_ROS2/ros2_ws/install/my_robot_interfaces/include/my_robot_interfaces/my_robot_interfaces/srv/detail/area_of_rectangle__type_support.cpp
[5.922s] -- Installing: /home/ayush/Desktop/Learning_ROS2/ros2_ws/install/my_robot_interfaces/include/my_robot_interfaces/my_robot_interfaces/srv/detail/set_led__type_support.cpp
[5.923s] -- Installing: /home/ayush/Desktop/Learning_ROS2/ros2_ws/install/my_robot_interfaces/lib/libmy_robot_interfaces__rosidl_typesupport_introspection_cpp.so
[5.923s] -- Set runtime path of "/home/ayush/Desktop/Learning_ROS2/ros2_ws/install/my_robot_interfaces/lib/libmy_robot_interfaces__rosidl_typesupport_introspection_cpp.so" to ""
[5.923s] -- Installing: /home/ayush/Desktop/Learning_ROS2/ros2_ws/install/my_robot_interfaces/lib/libmy_robot_interfaces__rosidl_typesupport_cpp.so
[5.924s] -- Set runtime path of "/home/ayush/Desktop/Learning_ROS2/ros2_ws/install/my_robot_interfaces/lib/libmy_robot_interfaces__rosidl_typesupport_cpp.so" to ""
[5.924s] -- Up-to-date: /home/ayush/Desktop/Learning_ROS2/ros2_ws/install/my_robot_interfaces/share/my_robot_interfaces/environment/pythonpath.sh
[5.924s] -- Installing: /home/ayush/Desktop/Learning_ROS2/ros2_ws/install/my_robot_interfaces/share/my_robot_interfaces/environment/pythonpath.dsv
[5.924s] -- Up-to-date: /home/ayush/Desktop/Learning_ROS2/ros2_ws/install/my_robot_interfaces/local/lib/python3.10/dist-packages/my_robot_interfaces-0.0.0-py3.10.egg-info
[5.925s] -- Installing: /home/ayush/Desktop/Learning_ROS2/ros2_ws/install/my_robot_interfaces/local/lib/python3.10/dist-packages/my_robot_interfaces-0.0.0-py3.10.egg-info/dependency_links.txt
[5.925s] -- Installing: /home/ayush/Desktop/Learning_ROS2/ros2_ws/install/my_robot_interfaces/local/lib/python3.10/dist-packages/my_robot_interfaces-0.0.0-py3.10.egg-info/PKG-INFO
[5.925s] -- Installing: /home/ayush/Desktop/Learning_ROS2/ros2_ws/install/my_robot_interfaces/local/lib/python3.10/dist-packages/my_robot_interfaces-0.0.0-py3.10.egg-info/top_level.txt
[5.925s] -- Installing: /home/ayush/Desktop/Learning_ROS2/ros2_ws/install/my_robot_interfaces/local/lib/python3.10/dist-packages/my_robot_interfaces-0.0.0-py3.10.egg-info/SOURCES.txt
[5.925s] -- Up-to-date: /home/ayush/Desktop/Learning_ROS2/ros2_ws/install/my_robot_interfaces/local/lib/python3.10/dist-packages/my_robot_interfaces
[5.926s] -- Up-to-date: /home/ayush/Desktop/Learning_ROS2/ros2_ws/install/my_robot_interfaces/local/lib/python3.10/dist-packages/my_robot_interfaces/msg
[5.926s] -- Installing: /home/ayush/Desktop/Learning_ROS2/ros2_ws/install/my_robot_interfaces/local/lib/python3.10/dist-packages/my_robot_interfaces/msg/_led_status.py
[5.926s] -- Installing: /home/ayush/Desktop/Learning_ROS2/ros2_ws/install/my_robot_interfaces/local/lib/python3.10/dist-packages/my_robot_interfaces/msg/_hardware_status.py
[5.926s] -- Installing: /home/ayush/Desktop/Learning_ROS2/ros2_ws/install/my_robot_interfaces/local/lib/python3.10/dist-packages/my_robot_interfaces/msg/__init__.py
[5.926s] -- Installing: /home/ayush/Desktop/Learning_ROS2/ros2_ws/install/my_robot_interfaces/local/lib/python3.10/dist-packages/my_robot_interfaces/msg/_hardware_status_s.c
[5.926s] -- Installing: /home/ayush/Desktop/Learning_ROS2/ros2_ws/install/my_robot_interfaces/local/lib/python3.10/dist-packages/my_robot_interfaces/msg/_led_status_s.c
[5.926s] -- Installing: /home/ayush/Desktop/Learning_ROS2/ros2_ws/install/my_robot_interfaces/local/lib/python3.10/dist-packages/my_robot_interfaces/my_robot_interfaces_s__rosidl_typesupport_introspection_c.cpython-310-x86_64-linux-gnu.so
[5.926s] -- Up-to-date: /home/ayush/Desktop/Learning_ROS2/ros2_ws/install/my_robot_interfaces/local/lib/python3.10/dist-packages/my_robot_interfaces/srv
[5.927s] -- Installing: /home/ayush/Desktop/Learning_ROS2/ros2_ws/install/my_robot_interfaces/local/lib/python3.10/dist-packages/my_robot_interfaces/srv/_set_led.py
[5.927s] -- Installing: /home/ayush/Desktop/Learning_ROS2/ros2_ws/install/my_robot_interfaces/local/lib/python3.10/dist-packages/my_robot_interfaces/srv/_area_of_rectangle.py
[5.927s] -- Installing: /home/ayush/Desktop/Learning_ROS2/ros2_ws/install/my_robot_interfaces/local/lib/python3.10/dist-packages/my_robot_interfaces/srv/_set_led_s.c
[5.927s] -- Installing: /home/ayush/Desktop/Learning_ROS2/ros2_ws/install/my_robot_interfaces/local/lib/python3.10/dist-packages/my_robot_interfaces/srv/__init__.py
[5.927s] -- Installing: /home/ayush/Desktop/Learning_ROS2/ros2_ws/install/my_robot_interfaces/local/lib/python3.10/dist-packages/my_robot_interfaces/srv/_area_of_rectangle_s.c
[5.927s] -- Installing: /home/ayush/Desktop/Learning_ROS2/ros2_ws/install/my_robot_interfaces/local/lib/python3.10/dist-packages/my_robot_interfaces/my_robot_interfaces_s__rosidl_typesupport_fastrtps_c.cpython-310-x86_64-linux-gnu.so
[5.928s] -- Installing: /home/ayush/Desktop/Learning_ROS2/ros2_ws/install/my_robot_interfaces/local/lib/python3.10/dist-packages/my_robot_interfaces/__init__.py
[5.928s] -- Installing: /home/ayush/Desktop/Learning_ROS2/ros2_ws/install/my_robot_interfaces/local/lib/python3.10/dist-packages/my_robot_interfaces/my_robot_interfaces_s__rosidl_typesupport_c.cpython-310-x86_64-linux-gnu.so
[5.928s] -- Installing: /home/ayush/Desktop/Learning_ROS2/ros2_ws/install/my_robot_interfaces/local/lib/python3.10/dist-packages/my_robot_interfaces/_my_robot_interfaces_s.ep.rosidl_typesupport_introspection_c.c
[5.928s] -- Installing: /home/ayush/Desktop/Learning_ROS2/ros2_ws/install/my_robot_interfaces/local/lib/python3.10/dist-packages/my_robot_interfaces/libmy_robot_interfaces__rosidl_generator_py.so
[5.928s] -- Installing: /home/ayush/Desktop/Learning_ROS2/ros2_ws/install/my_robot_interfaces/local/lib/python3.10/dist-packages/my_robot_interfaces/_my_robot_interfaces_s.ep.rosidl_typesupport_fastrtps_c.c
[5.928s] -- Installing: /home/ayush/Desktop/Learning_ROS2/ros2_ws/install/my_robot_interfaces/local/lib/python3.10/dist-packages/my_robot_interfaces/_my_robot_interfaces_s.ep.rosidl_typesupport_c.c
[5.967s] Listing '/home/ayush/Desktop/Learning_ROS2/ros2_ws/install/my_robot_interfaces/local/lib/python3.10/dist-packages/my_robot_interfaces'...
[5.967s] Compiling '/home/ayush/Desktop/Learning_ROS2/ros2_ws/install/my_robot_interfaces/local/lib/python3.10/dist-packages/my_robot_interfaces/__init__.py'...
[5.967s] Listing '/home/ayush/Desktop/Learning_ROS2/ros2_ws/install/my_robot_interfaces/local/lib/python3.10/dist-packages/my_robot_interfaces/msg'...
[5.967s] Compiling '/home/ayush/Desktop/Learning_ROS2/ros2_ws/install/my_robot_interfaces/local/lib/python3.10/dist-packages/my_robot_interfaces/msg/__init__.py'...
[5.968s] Compiling '/home/ayush/Desktop/Learning_ROS2/ros2_ws/install/my_robot_interfaces/local/lib/python3.10/dist-packages/my_robot_interfaces/msg/_hardware_status.py'...
[5.968s] Compiling '/home/ayush/Desktop/Learning_ROS2/ros2_ws/install/my_robot_interfaces/local/lib/python3.10/dist-packages/my_robot_interfaces/msg/_led_status.py'...
[5.968s] Listing '/home/ayush/Desktop/Learning_ROS2/ros2_ws/install/my_robot_interfaces/local/lib/python3.10/dist-packages/my_robot_interfaces/srv'...
[5.968s] Compiling '/home/ayush/Desktop/Learning_ROS2/ros2_ws/install/my_robot_interfaces/local/lib/python3.10/dist-packages/my_robot_interfaces/srv/__init__.py'...
[5.968s] Compiling '/home/ayush/Desktop/Learning_ROS2/ros2_ws/install/my_robot_interfaces/local/lib/python3.10/dist-packages/my_robot_interfaces/srv/_area_of_rectangle.py'...
[5.968s] Compiling '/home/ayush/Desktop/Learning_ROS2/ros2_ws/install/my_robot_interfaces/local/lib/python3.10/dist-packages/my_robot_interfaces/srv/_set_led.py'...
[5.972s] -- Installing: /home/ayush/Desktop/Learning_ROS2/ros2_ws/install/my_robot_interfaces/local/lib/python3.10/dist-packages/my_robot_interfaces/my_robot_interfaces_s__rosidl_typesupport_fastrtps_c.cpython-310-x86_64-linux-gnu.so
[5.974s] -- Set runtime path of "/home/ayush/Desktop/Learning_ROS2/ros2_ws/install/my_robot_interfaces/local/lib/python3.10/dist-packages/my_robot_interfaces/my_robot_interfaces_s__rosidl_typesupport_fastrtps_c.cpython-310-x86_64-linux-gnu.so" to ""
[5.974s] -- Installing: /home/ayush/Desktop/Learning_ROS2/ros2_ws/install/my_robot_interfaces/local/lib/python3.10/dist-packages/my_robot_interfaces/my_robot_interfaces_s__rosidl_typesupport_introspection_c.cpython-310-x86_64-linux-gnu.so
[5.974s] -- Set runtime path of "/home/ayush/Desktop/Learning_ROS2/ros2_ws/install/my_robot_interfaces/local/lib/python3.10/dist-packages/my_robot_interfaces/my_robot_interfaces_s__rosidl_typesupport_introspection_c.cpython-310-x86_64-linux-gnu.so" to ""
[5.974s] -- Installing: /home/ayush/Desktop/Learning_ROS2/ros2_ws/install/my_robot_interfaces/local/lib/python3.10/dist-packages/my_robot_interfaces/my_robot_interfaces_s__rosidl_typesupport_c.cpython-310-x86_64-linux-gnu.so
[5.974s] -- Set runtime path of "/home/ayush/Desktop/Learning_ROS2/ros2_ws/install/my_robot_interfaces/local/lib/python3.10/dist-packages/my_robot_interfaces/my_robot_interfaces_s__rosidl_typesupport_c.cpython-310-x86_64-linux-gnu.so" to ""
[5.975s] -- Installing: /home/ayush/Desktop/Learning_ROS2/ros2_ws/install/my_robot_interfaces/lib/libmy_robot_interfaces__rosidl_generator_py.so
[5.975s] -- Set runtime path of "/home/ayush/Desktop/Learning_ROS2/ros2_ws/install/my_robot_interfaces/lib/libmy_robot_interfaces__rosidl_generator_py.so" to ""
[5.976s] -- Up-to-date: /home/ayush/Desktop/Learning_ROS2/ros2_ws/install/my_robot_interfaces/share/my_robot_interfaces/msg/HardwareStatus.idl
[5.976s] -- Up-to-date: /home/ayush/Desktop/Learning_ROS2/ros2_ws/install/my_robot_interfaces/share/my_robot_interfaces/msg/LedStatus.idl
[5.976s] -- Up-to-date: /home/ayush/Desktop/Learning_ROS2/ros2_ws/install/my_robot_interfaces/share/my_robot_interfaces/srv/AreaOfRectangle.idl
[5.976s] -- Installing: /home/ayush/Desktop/Learning_ROS2/ros2_ws/install/my_robot_interfaces/share/my_robot_interfaces/srv/SetLed.idl
[5.976s] -- Up-to-date: /home/ayush/Desktop/Learning_ROS2/ros2_ws/install/my_robot_interfaces/share/my_robot_interfaces/msg/HardwareStatus.msg
[5.976s] -- Up-to-date: /home/ayush/Desktop/Learning_ROS2/ros2_ws/install/my_robot_interfaces/share/my_robot_interfaces/msg/LedStatus.msg
[5.976s] -- Up-to-date: /home/ayush/Desktop/Learning_ROS2/ros2_ws/install/my_robot_interfaces/share/my_robot_interfaces/srv/AreaOfRectangle.srv
[5.976s] -- Up-to-date: /home/ayush/Desktop/Learning_ROS2/ros2_ws/install/my_robot_interfaces/share/my_robot_interfaces/srv/AreaOfRectangle_Request.msg
[5.976s] -- Up-to-date: /home/ayush/Desktop/Learning_ROS2/ros2_ws/install/my_robot_interfaces/share/my_robot_interfaces/srv/AreaOfRectangle_Response.msg
[5.976s] -- Installing: /home/ayush/Desktop/Learning_ROS2/ros2_ws/install/my_robot_interfaces/share/my_robot_interfaces/srv/SetLed.srv
[5.976s] -- Installing: /home/ayush/Desktop/Learning_ROS2/ros2_ws/install/my_robot_interfaces/share/my_robot_interfaces/srv/SetLed_Request.msg
[5.977s] -- Installing: /home/ayush/Desktop/Learning_ROS2/ros2_ws/install/my_robot_interfaces/share/my_robot_interfaces/srv/SetLed_Response.msg
[5.977s] -- Up-to-date: /home/ayush/Desktop/Learning_ROS2/ros2_ws/install/my_robot_interfaces/share/ament_index/resource_index/package_run_dependencies/my_robot_interfaces
[5.977s] -- Up-to-date: /home/ayush/Desktop/Learning_ROS2/ros2_ws/install/my_robot_interfaces/share/ament_index/resource_index/parent_prefix_path/my_robot_interfaces
[5.977s] -- Up-to-date: /home/ayush/Desktop/Learning_ROS2/ros2_ws/install/my_robot_interfaces/share/my_robot_interfaces/environment/ament_prefix_path.sh
[5.977s] -- Installing: /home/ayush/Desktop/Learning_ROS2/ros2_ws/install/my_robot_interfaces/share/my_robot_interfaces/environment/ament_prefix_path.dsv
[5.978s] -- Up-to-date: /home/ayush/Desktop/Learning_ROS2/ros2_ws/install/my_robot_interfaces/share/my_robot_interfaces/environment/path.sh
[5.978s] -- Installing: /home/ayush/Desktop/Learning_ROS2/ros2_ws/install/my_robot_interfaces/share/my_robot_interfaces/environment/path.dsv
[5.978s] -- Up-to-date: /home/ayush/Desktop/Learning_ROS2/ros2_ws/install/my_robot_interfaces/share/my_robot_interfaces/local_setup.bash
[5.978s] -- Up-to-date: /home/ayush/Desktop/Learning_ROS2/ros2_ws/install/my_robot_interfaces/share/my_robot_interfaces/local_setup.sh
[5.978s] -- Up-to-date: /home/ayush/Desktop/Learning_ROS2/ros2_ws/install/my_robot_interfaces/share/my_robot_interfaces/local_setup.zsh
[5.978s] -- Installing: /home/ayush/Desktop/Learning_ROS2/ros2_ws/install/my_robot_interfaces/share/my_robot_interfaces/local_setup.dsv
[5.978s] -- Installing: /home/ayush/Desktop/Learning_ROS2/ros2_ws/install/my_robot_interfaces/share/my_robot_interfaces/package.dsv
[5.979s] -- Up-to-date: /home/ayush/Desktop/Learning_ROS2/ros2_ws/install/my_robot_interfaces/share/ament_index/resource_index/packages/my_robot_interfaces
[5.979s] -- Up-to-date: /home/ayush/Desktop/Learning_ROS2/ros2_ws/install/my_robot_interfaces/share/my_robot_interfaces/cmake/export_my_robot_interfaces__rosidl_generator_cExport.cmake
[5.979s] -- Up-to-date: /home/ayush/Desktop/Learning_ROS2/ros2_ws/install/my_robot_interfaces/share/my_robot_interfaces/cmake/export_my_robot_interfaces__rosidl_generator_cExport-noconfig.cmake
[5.979s] -- Up-to-date: /home/ayush/Desktop/Learning_ROS2/ros2_ws/install/my_robot_interfaces/share/my_robot_interfaces/cmake/export_my_robot_interfaces__rosidl_typesupport_fastrtps_cExport.cmake
[5.979s] -- Up-to-date: /home/ayush/Desktop/Learning_ROS2/ros2_ws/install/my_robot_interfaces/share/my_robot_interfaces/cmake/export_my_robot_interfaces__rosidl_typesupport_fastrtps_cExport-noconfig.cmake
[5.979s] -- Up-to-date: /home/ayush/Desktop/Learning_ROS2/ros2_ws/install/my_robot_interfaces/share/my_robot_interfaces/cmake/my_robot_interfaces__rosidl_typesupport_introspection_cExport.cmake
[5.979s] -- Up-to-date: /home/ayush/Desktop/Learning_ROS2/ros2_ws/install/my_robot_interfaces/share/my_robot_interfaces/cmake/my_robot_interfaces__rosidl_typesupport_introspection_cExport-noconfig.cmake
[5.979s] -- Up-to-date: /home/ayush/Desktop/Learning_ROS2/ros2_ws/install/my_robot_interfaces/share/my_robot_interfaces/cmake/my_robot_interfaces__rosidl_typesupport_cExport.cmake
[5.980s] -- Up-to-date: /home/ayush/Desktop/Learning_ROS2/ros2_ws/install/my_robot_interfaces/share/my_robot_interfaces/cmake/my_robot_interfaces__rosidl_typesupport_cExport-noconfig.cmake
[5.982s] -- Up-to-date: /home/ayush/Desktop/Learning_ROS2/ros2_ws/install/my_robot_interfaces/share/my_robot_interfaces/cmake/export_my_robot_interfaces__rosidl_generator_cppExport.cmake
[5.983s] -- Up-to-date: /home/ayush/Desktop/Learning_ROS2/ros2_ws/install/my_robot_interfaces/share/my_robot_interfaces/cmake/export_my_robot_interfaces__rosidl_typesupport_fastrtps_cppExport.cmake
[5.983s] -- Up-to-date: /home/ayush/Desktop/Learning_ROS2/ros2_ws/install/my_robot_interfaces/share/my_robot_interfaces/cmake/export_my_robot_interfaces__rosidl_typesupport_fastrtps_cppExport-noconfig.cmake
[5.983s] -- Up-to-date: /home/ayush/Desktop/Learning_ROS2/ros2_ws/install/my_robot_interfaces/share/my_robot_interfaces/cmake/my_robot_interfaces__rosidl_typesupport_introspection_cppExport.cmake
[5.983s] -- Up-to-date: /home/ayush/Desktop/Learning_ROS2/ros2_ws/install/my_robot_interfaces/share/my_robot_interfaces/cmake/my_robot_interfaces__rosidl_typesupport_introspection_cppExport-noconfig.cmake
[5.983s] -- Up-to-date: /home/ayush/Desktop/Learning_ROS2/ros2_ws/install/my_robot_interfaces/share/my_robot_interfaces/cmake/my_robot_interfaces__rosidl_typesupport_cppExport.cmake
[5.983s] -- Up-to-date: /home/ayush/Desktop/Learning_ROS2/ros2_ws/install/my_robot_interfaces/share/my_robot_interfaces/cmake/my_robot_interfaces__rosidl_typesupport_cppExport-noconfig.cmake
[5.983s] -- Up-to-date: /home/ayush/Desktop/Learning_ROS2/ros2_ws/install/my_robot_interfaces/share/my_robot_interfaces/cmake/export_my_robot_interfaces__rosidl_generator_pyExport.cmake
[5.983s] -- Up-to-date: /home/ayush/Desktop/Learning_ROS2/ros2_ws/install/my_robot_interfaces/share/my_robot_interfaces/cmake/export_my_robot_interfaces__rosidl_generator_pyExport-noconfig.cmake
[5.983s] -- Up-to-date: /home/ayush/Desktop/Learning_ROS2/ros2_ws/install/my_robot_interfaces/share/my_robot_interfaces/cmake/rosidl_cmake-extras.cmake
[5.983s] -- Up-to-date: /home/ayush/Desktop/Learning_ROS2/ros2_ws/install/my_robot_interfaces/share/my_robot_interfaces/cmake/ament_cmake_export_include_directories-extras.cmake
[5.984s] -- Up-to-date: /home/ayush/Desktop/Learning_ROS2/ros2_ws/install/my_robot_interfaces/share/my_robot_interfaces/cmake/ament_cmake_export_libraries-extras.cmake
[5.984s] -- Up-to-date: /home/ayush/Desktop/Learning_ROS2/ros2_ws/install/my_robot_interfaces/share/my_robot_interfaces/cmake/ament_cmake_export_targets-extras.cmake
[5.984s] -- Up-to-date: /home/ayush/Desktop/Learning_ROS2/ros2_ws/install/my_robot_interfaces/share/my_robot_interfaces/cmake/rosidl_cmake_export_typesupport_targets-extras.cmake
[5.984s] -- Up-to-date: /home/ayush/Desktop/Learning_ROS2/ros2_ws/install/my_robot_interfaces/share/my_robot_interfaces/cmake/ament_cmake_export_dependencies-extras.cmake
[5.984s] -- Up-to-date: /home/ayush/Desktop/Learning_ROS2/ros2_ws/install/my_robot_interfaces/share/my_robot_interfaces/cmake/rosidl_cmake_export_typesupport_libraries-extras.cmake
[5.984s] -- Up-to-date: /home/ayush/Desktop/Learning_ROS2/ros2_ws/install/my_robot_interfaces/share/my_robot_interfaces/cmake/my_robot_interfacesConfig.cmake
[5.984s] -- Up-to-date: /home/ayush/Desktop/Learning_ROS2/ros2_ws/install/my_robot_interfaces/share/my_robot_interfaces/cmake/my_robot_interfacesConfig-version.cmake
[5.984s] -- Up-to-date: /home/ayush/Desktop/Learning_ROS2/ros2_ws/install/my_robot_interfaces/share/my_robot_interfaces/package.xml
[5.985s] Invoked command in '/home/ayush/Desktop/Learning_ROS2/ros2_ws/build/my_robot_interfaces' returned '0': CMAKE_PREFIX_PATH=${CMAKE_PREFIX_PATH}:/home/ayush/Desktop/Learning_ROS2/ros2_ws/install/my_py_pkg:/opt/ros/humble /usr/bin/cmake --install /home/ayush/Desktop/Learning_ROS2/ros2_ws/build/my_robot_interfaces
