[0.107s] DEBUG:colcon:Command line arguments: ['/usr/bin/colcon', 'build']
[0.107s] DEBUG:colcon:Parsed command line arguments: Namespace(log_base=None, log_level=None, verb_name='build', build_base='build', install_base='install', merge_install=False, symlink_install=False, test_result_base=None, continue_on_error=False, executor='parallel', parallel_workers=8, event_handlers=None, ignore_user_meta=False, metas=['./colcon.meta'], base_paths=['.'], packages_ignore=None, packages_ignore_regex=None, paths=None, packages_up_to=None, packages_up_to_regex=None, packages_above=None, packages_above_and_dependencies=None, packages_above_depth=None, packages_select_by_dep=None, packages_skip_by_dep=None, packages_skip_up_to=None, packages_select_build_failed=False, packages_skip_build_finished=False, packages_select_test_failures=False, packages_skip_test_passed=False, packages_select=None, packages_skip=None, packages_select_regex=None, packages_skip_regex=None, packages_start=None, packages_end=None, allow_overriding=[], cmake_args=None, cmake_target=None, cmake_target_skip_unavailable=False, cmake_clean_cache=False, cmake_clean_first=False, cmake_force_configure=False, ament_cmake_args=None, catkin_cmake_args=None, catkin_skip_building_tests=False, mixin_files=None, mixin=None, verb_parser=<colcon_mixin.mixin.mixin_argument.MixinArgumentDecorator object at 0x7a0aa1d3f640>, verb_extension=<colcon_core.verb.build.BuildVerb object at 0x7a0aa1d3e9e0>, main=<bound method BuildVerb.main of <colcon_core.verb.build.BuildVerb object at 0x7a0aa1d3e9e0>>, mixin_verb=('build',))
[0.304s] Level 1:colcon.colcon_core.package_discovery:discover_packages(colcon_meta) check parameters
[0.304s] Level 1:colcon.colcon_core.package_discovery:discover_packages(recursive) check parameters
[0.304s] Level 1:colcon.colcon_core.package_discovery:discover_packages(ignore) check parameters
[0.304s] Level 1:colcon.colcon_core.package_discovery:discover_packages(path) check parameters
[0.304s] Level 1:colcon.colcon_core.package_discovery:discover_packages(colcon_meta) discover
[0.304s] Level 1:colcon.colcon_core.package_discovery:discover_packages(recursive) discover
[0.304s] INFO:colcon.colcon_core.package_discovery:Crawling recursively for packages in '/home/ayush/Desktop/Learning_ROS2/ros2_ws'
[0.304s] Level 1:colcon.colcon_core.package_identification:_identify(.) by extensions ['ignore', 'ignore_ament_install']
[0.304s] Level 1:colcon.colcon_core.package_identification:_identify(.) by extension 'ignore'
[0.305s] Level 1:colcon.colcon_core.package_identification:_identify(.) by extension 'ignore_ament_install'
[0.305s] Level 1:colcon.colcon_core.package_identification:_identify(.) by extensions ['colcon_pkg']
[0.305s] Level 1:colcon.colcon_core.package_identification:_identify(.) by extension 'colcon_pkg'
[0.305s] Level 1:colcon.colcon_core.package_identification:_identify(.) by extensions ['colcon_meta']
[0.305s] Level 1:colcon.colcon_core.package_identification:_identify(.) by extension 'colcon_meta'
[0.305s] Level 1:colcon.colcon_core.package_identification:_identify(.) by extensions ['ros']
[0.305s] Level 1:colcon.colcon_core.package_identification:_identify(.) by extension 'ros'
[0.315s] Level 1:colcon.colcon_core.package_identification:_identify(.) by extensions ['cmake', 'python']
[0.315s] Level 1:colcon.colcon_core.package_identification:_identify(.) by extension 'cmake'
[0.316s] Level 1:colcon.colcon_core.package_identification:_identify(.) by extension 'python'
[0.316s] Level 1:colcon.colcon_core.package_identification:_identify(.) by extensions ['python_setup_py']
[0.316s] Level 1:colcon.colcon_core.package_identification:_identify(.) by extension 'python_setup_py'
[0.316s] Level 1:colcon.colcon_core.package_identification:_identify(build) by extensions ['ignore', 'ignore_ament_install']
[0.316s] Level 1:colcon.colcon_core.package_identification:_identify(build) by extension 'ignore'
[0.316s] Level 1:colcon.colcon_core.package_identification:_identify(build) ignored
[0.316s] Level 1:colcon.colcon_core.package_identification:_identify(install) by extensions ['ignore', 'ignore_ament_install']
[0.316s] Level 1:colcon.colcon_core.package_identification:_identify(install) by extension 'ignore'
[0.316s] Level 1:colcon.colcon_core.package_identification:_identify(install) ignored
[0.316s] Level 1:colcon.colcon_core.package_identification:_identify(log) by extensions ['ignore', 'ignore_ament_install']
[0.316s] Level 1:colcon.colcon_core.package_identification:_identify(log) by extension 'ignore'
[0.316s] Level 1:colcon.colcon_core.package_identification:_identify(log) ignored
[0.316s] Level 1:colcon.colcon_core.package_identification:_identify(src) by extensions ['ignore', 'ignore_ament_install']
[0.317s] Level 1:colcon.colcon_core.package_identification:_identify(src) by extension 'ignore'
[0.317s] Level 1:colcon.colcon_core.package_identification:_identify(src) by extension 'ignore_ament_install'
[0.317s] Level 1:colcon.colcon_core.package_identification:_identify(src) by extensions ['colcon_pkg']
[0.317s] Level 1:colcon.colcon_core.package_identification:_identify(src) by extension 'colcon_pkg'
[0.317s] Level 1:colcon.colcon_core.package_identification:_identify(src) by extensions ['colcon_meta']
[0.317s] Level 1:colcon.colcon_core.package_identification:_identify(src) by extension 'colcon_meta'
[0.317s] Level 1:colcon.colcon_core.package_identification:_identify(src) by extensions ['ros']
[0.317s] Level 1:colcon.colcon_core.package_identification:_identify(src) by extension 'ros'
[0.317s] Level 1:colcon.colcon_core.package_identification:_identify(src) by extensions ['cmake', 'python']
[0.317s] Level 1:colcon.colcon_core.package_identification:_identify(src) by extension 'cmake'
[0.317s] Level 1:colcon.colcon_core.package_identification:_identify(src) by extension 'python'
[0.317s] Level 1:colcon.colcon_core.package_identification:_identify(src) by extensions ['python_setup_py']
[0.317s] Level 1:colcon.colcon_core.package_identification:_identify(src) by extension 'python_setup_py'
[0.317s] Level 1:colcon.colcon_core.package_identification:_identify(src/build) by extensions ['ignore', 'ignore_ament_install']
[0.317s] Level 1:colcon.colcon_core.package_identification:_identify(src/build) by extension 'ignore'
[0.317s] Level 1:colcon.colcon_core.package_identification:_identify(src/build) ignored
[0.317s] Level 1:colcon.colcon_core.package_identification:_identify(src/install) by extensions ['ignore', 'ignore_ament_install']
[0.317s] Level 1:colcon.colcon_core.package_identification:_identify(src/install) by extension 'ignore'
[0.317s] Level 1:colcon.colcon_core.package_identification:_identify(src/install) ignored
[0.318s] Level 1:colcon.colcon_core.package_identification:_identify(src/log) by extensions ['ignore', 'ignore_ament_install']
[0.318s] Level 1:colcon.colcon_core.package_identification:_identify(src/log) by extension 'ignore'
[0.318s] Level 1:colcon.colcon_core.package_identification:_identify(src/log) ignored
[0.318s] Level 1:colcon.colcon_core.package_identification:_identify(src/my_cpp_pkg) by extensions ['ignore', 'ignore_ament_install']
[0.318s] Level 1:colcon.colcon_core.package_identification:_identify(src/my_cpp_pkg) by extension 'ignore'
[0.318s] Level 1:colcon.colcon_core.package_identification:_identify(src/my_cpp_pkg) by extension 'ignore_ament_install'
[0.318s] Level 1:colcon.colcon_core.package_identification:_identify(src/my_cpp_pkg) by extensions ['colcon_pkg']
[0.318s] Level 1:colcon.colcon_core.package_identification:_identify(src/my_cpp_pkg) by extension 'colcon_pkg'
[0.318s] Level 1:colcon.colcon_core.package_identification:_identify(src/my_cpp_pkg) by extensions ['colcon_meta']
[0.318s] Level 1:colcon.colcon_core.package_identification:_identify(src/my_cpp_pkg) by extension 'colcon_meta'
[0.318s] Level 1:colcon.colcon_core.package_identification:_identify(src/my_cpp_pkg) by extensions ['ros']
[0.318s] Level 1:colcon.colcon_core.package_identification:_identify(src/my_cpp_pkg) by extension 'ros'
[0.320s] DEBUG:colcon.colcon_core.package_identification:Package 'src/my_cpp_pkg' with type 'ros.ament_cmake' and name 'my_cpp_pkg'
[0.320s] Level 1:colcon.colcon_core.package_identification:_identify(src/my_py_pkg) by extensions ['ignore', 'ignore_ament_install']
[0.320s] Level 1:colcon.colcon_core.package_identification:_identify(src/my_py_pkg) by extension 'ignore'
[0.321s] Level 1:colcon.colcon_core.package_identification:_identify(src/my_py_pkg) by extension 'ignore_ament_install'
[0.321s] Level 1:colcon.colcon_core.package_identification:_identify(src/my_py_pkg) by extensions ['colcon_pkg']
[0.321s] Level 1:colcon.colcon_core.package_identification:_identify(src/my_py_pkg) by extension 'colcon_pkg'
[0.321s] Level 1:colcon.colcon_core.package_identification:_identify(src/my_py_pkg) by extensions ['colcon_meta']
[0.321s] Level 1:colcon.colcon_core.package_identification:_identify(src/my_py_pkg) by extension 'colcon_meta'
[0.321s] Level 1:colcon.colcon_core.package_identification:_identify(src/my_py_pkg) by extensions ['ros']
[0.321s] Level 1:colcon.colcon_core.package_identification:_identify(src/my_py_pkg) by extension 'ros'
[0.321s] DEBUG:colcon.colcon_core.package_identification:Package 'src/my_py_pkg' with type 'ros.ament_python' and name 'my_py_pkg'
[0.322s] Level 1:colcon.colcon_core.package_identification:_identify(src/my_robot_interfaces) by extensions ['ignore', 'ignore_ament_install']
[0.322s] Level 1:colcon.colcon_core.package_identification:_identify(src/my_robot_interfaces) by extension 'ignore'
[0.322s] Level 1:colcon.colcon_core.package_identification:_identify(src/my_robot_interfaces) by extension 'ignore_ament_install'
[0.322s] Level 1:colcon.colcon_core.package_identification:_identify(src/my_robot_interfaces) by extensions ['colcon_pkg']
[0.322s] Level 1:colcon.colcon_core.package_identification:_identify(src/my_robot_interfaces) by extension 'colcon_pkg'
[0.322s] Level 1:colcon.colcon_core.package_identification:_identify(src/my_robot_interfaces) by extensions ['colcon_meta']
[0.322s] Level 1:colcon.colcon_core.package_identification:_identify(src/my_robot_interfaces) by extension 'colcon_meta'
[0.322s] Level 1:colcon.colcon_core.package_identification:_identify(src/my_robot_interfaces) by extensions ['ros']
[0.322s] Level 1:colcon.colcon_core.package_identification:_identify(src/my_robot_interfaces) by extension 'ros'
[0.322s] DEBUG:colcon.colcon_core.package_identification:Package 'src/my_robot_interfaces' with type 'ros.ament_cmake' and name 'my_robot_interfaces'
[0.322s] Level 1:colcon.colcon_core.package_discovery:discover_packages(recursive) using defaults
[0.322s] Level 1:colcon.colcon_core.package_discovery:discover_packages(ignore) discover
[0.323s] Level 1:colcon.colcon_core.package_discovery:discover_packages(ignore) using defaults
[0.323s] Level 1:colcon.colcon_core.package_discovery:discover_packages(path) discover
[0.323s] Level 1:colcon.colcon_core.package_discovery:discover_packages(path) using defaults
[0.349s] Level 1:colcon.colcon_core.package_discovery:discover_packages(prefix_path) check parameters
[0.350s] Level 1:colcon.colcon_core.package_discovery:discover_packages(prefix_path) discover
[0.351s] DEBUG:colcon.colcon_installed_package_information.package_discovery:Found 2 installed packages in /home/ayush/Desktop/Learning_ROS2/ros2_ws/src/install
[0.352s] DEBUG:colcon.colcon_installed_package_information.package_discovery:Found 314 installed packages in /opt/ros/humble
[0.354s] Level 1:colcon.colcon_core.package_discovery:discover_packages(prefix_path) using defaults
[0.394s] Level 5:colcon.colcon_core.verb:set package 'my_cpp_pkg' build argument 'cmake_args' from command line to 'None'
[0.394s] Level 5:colcon.colcon_core.verb:set package 'my_cpp_pkg' build argument 'cmake_target' from command line to 'None'
[0.394s] Level 5:colcon.colcon_core.verb:set package 'my_cpp_pkg' build argument 'cmake_target_skip_unavailable' from command line to 'False'
[0.394s] Level 5:colcon.colcon_core.verb:set package 'my_cpp_pkg' build argument 'cmake_clean_cache' from command line to 'False'
[0.394s] Level 5:colcon.colcon_core.verb:set package 'my_cpp_pkg' build argument 'cmake_clean_first' from command line to 'False'
[0.394s] Level 5:colcon.colcon_core.verb:set package 'my_cpp_pkg' build argument 'cmake_force_configure' from command line to 'False'
[0.394s] Level 5:colcon.colcon_core.verb:set package 'my_cpp_pkg' build argument 'ament_cmake_args' from command line to 'None'
[0.394s] Level 5:colcon.colcon_core.verb:set package 'my_cpp_pkg' build argument 'catkin_cmake_args' from command line to 'None'
[0.394s] Level 5:colcon.colcon_core.verb:set package 'my_cpp_pkg' build argument 'catkin_skip_building_tests' from command line to 'False'
[0.394s] DEBUG:colcon.colcon_core.verb:Building package 'my_cpp_pkg' with the following arguments: {'ament_cmake_args': None, 'build_base': '/home/ayush/Desktop/Learning_ROS2/ros2_ws/build/my_cpp_pkg', 'catkin_cmake_args': None, 'catkin_skip_building_tests': False, 'cmake_args': None, 'cmake_clean_cache': False, 'cmake_clean_first': False, 'cmake_force_configure': False, 'cmake_target': None, 'cmake_target_skip_unavailable': False, 'install_base': '/home/ayush/Desktop/Learning_ROS2/ros2_ws/install/my_cpp_pkg', 'merge_install': False, 'path': '/home/ayush/Desktop/Learning_ROS2/ros2_ws/src/my_cpp_pkg', 'symlink_install': False, 'test_result_base': None}
[0.395s] Level 5:colcon.colcon_core.verb:set package 'my_robot_interfaces' build argument 'cmake_args' from command line to 'None'
[0.395s] Level 5:colcon.colcon_core.verb:set package 'my_robot_interfaces' build argument 'cmake_target' from command line to 'None'
[0.395s] Level 5:colcon.colcon_core.verb:set package 'my_robot_interfaces' build argument 'cmake_target_skip_unavailable' from command line to 'False'
[0.395s] Level 5:colcon.colcon_core.verb:set package 'my_robot_interfaces' build argument 'cmake_clean_cache' from command line to 'False'
[0.395s] Level 5:colcon.colcon_core.verb:set package 'my_robot_interfaces' build argument 'cmake_clean_first' from command line to 'False'
[0.395s] Level 5:colcon.colcon_core.verb:set package 'my_robot_interfaces' build argument 'cmake_force_configure' from command line to 'False'
[0.395s] Level 5:colcon.colcon_core.verb:set package 'my_robot_interfaces' build argument 'ament_cmake_args' from command line to 'None'
[0.395s] Level 5:colcon.colcon_core.verb:set package 'my_robot_interfaces' build argument 'catkin_cmake_args' from command line to 'None'
[0.395s] Level 5:colcon.colcon_core.verb:set package 'my_robot_interfaces' build argument 'catkin_skip_building_tests' from command line to 'False'
[0.395s] DEBUG:colcon.colcon_core.verb:Building package 'my_robot_interfaces' with the following arguments: {'ament_cmake_args': None, 'build_base': '/home/ayush/Desktop/Learning_ROS2/ros2_ws/build/my_robot_interfaces', 'catkin_cmake_args': None, 'catkin_skip_building_tests': False, 'cmake_args': None, 'cmake_clean_cache': False, 'cmake_clean_first': False, 'cmake_force_configure': False, 'cmake_target': None, 'cmake_target_skip_unavailable': False, 'install_base': '/home/ayush/Desktop/Learning_ROS2/ros2_ws/install/my_robot_interfaces', 'merge_install': False, 'path': '/home/ayush/Desktop/Learning_ROS2/ros2_ws/src/my_robot_interfaces', 'symlink_install': False, 'test_result_base': None}
[0.395s] Level 5:colcon.colcon_core.verb:set package 'my_py_pkg' build argument 'cmake_args' from command line to 'None'
[0.395s] Level 5:colcon.colcon_core.verb:set package 'my_py_pkg' build argument 'cmake_target' from command line to 'None'
[0.395s] Level 5:colcon.colcon_core.verb:set package 'my_py_pkg' build argument 'cmake_target_skip_unavailable' from command line to 'False'
[0.395s] Level 5:colcon.colcon_core.verb:set package 'my_py_pkg' build argument 'cmake_clean_cache' from command line to 'False'
[0.395s] Level 5:colcon.colcon_core.verb:set package 'my_py_pkg' build argument 'cmake_clean_first' from command line to 'False'
[0.395s] Level 5:colcon.colcon_core.verb:set package 'my_py_pkg' build argument 'cmake_force_configure' from command line to 'False'
[0.395s] Level 5:colcon.colcon_core.verb:set package 'my_py_pkg' build argument 'ament_cmake_args' from command line to 'None'
[0.395s] Level 5:colcon.colcon_core.verb:set package 'my_py_pkg' build argument 'catkin_cmake_args' from command line to 'None'
[0.395s] Level 5:colcon.colcon_core.verb:set package 'my_py_pkg' build argument 'catkin_skip_building_tests' from command line to 'False'
[0.395s] DEBUG:colcon.colcon_core.verb:Building package 'my_py_pkg' with the following arguments: {'ament_cmake_args': None, 'build_base': '/home/ayush/Desktop/Learning_ROS2/ros2_ws/build/my_py_pkg', 'catkin_cmake_args': None, 'catkin_skip_building_tests': False, 'cmake_args': None, 'cmake_clean_cache': False, 'cmake_clean_first': False, 'cmake_force_configure': False, 'cmake_target': None, 'cmake_target_skip_unavailable': False, 'install_base': '/home/ayush/Desktop/Learning_ROS2/ros2_ws/install/my_py_pkg', 'merge_install': False, 'path': '/home/ayush/Desktop/Learning_ROS2/ros2_ws/src/my_py_pkg', 'symlink_install': False, 'test_result_base': None}
[0.396s] INFO:colcon.colcon_core.executor:Executing jobs using 'parallel' executor
[0.396s] DEBUG:colcon.colcon_parallel_executor.executor.parallel:run_until_complete
[0.397s] INFO:colcon.colcon_ros.task.ament_cmake.build:Building ROS package in '/home/ayush/Desktop/Learning_ROS2/ros2_ws/src/my_robot_interfaces' with build type 'ament_cmake'
[0.397s] INFO:colcon.colcon_cmake.task.cmake.build:Building CMake package in '/home/ayush/Desktop/Learning_ROS2/ros2_ws/src/my_robot_interfaces'
[0.399s] INFO:colcon.colcon_core.plugin_system:Skipping extension 'colcon_core.shell.bat': Not used on non-Windows systems
[0.399s] INFO:colcon.colcon_core.shell:Skip shell extension 'powershell' for command environment: Not usable outside of PowerShell
[0.399s] DEBUG:colcon.colcon_core.shell:Skip shell extension 'dsv' for command environment
[0.402s] INFO:colcon.colcon_ros.task.ament_cmake.build:Building ROS package in '/home/ayush/Desktop/Learning_ROS2/ros2_ws/src/my_cpp_pkg' with build type 'ament_cmake'
[0.402s] INFO:colcon.colcon_cmake.task.cmake.build:Building CMake package in '/home/ayush/Desktop/Learning_ROS2/ros2_ws/src/my_cpp_pkg'
[0.402s] INFO:colcon.colcon_core.shell:Skip shell extension 'powershell' for command environment: Not usable outside of PowerShell
[0.403s] DEBUG:colcon.colcon_core.shell:Skip shell extension 'dsv' for command environment
[0.413s] DEBUG:colcon.colcon_core.event_handler.log_command:Invoking command in '/home/ayush/Desktop/Learning_ROS2/ros2_ws/build/my_robot_interfaces': CMAKE_PREFIX_PATH=${CMAKE_PREFIX_PATH}:/opt/ros/humble /usr/bin/cmake --build /home/ayush/Desktop/Learning_ROS2/ros2_ws/build/my_robot_interfaces -- -j8 -l8
[0.419s] DEBUG:colcon.colcon_core.event_handler.log_command:Invoking command in '/home/ayush/Desktop/Learning_ROS2/ros2_ws/build/my_cpp_pkg': CMAKE_PREFIX_PATH=${CMAKE_PREFIX_PATH}:/opt/ros/humble /usr/bin/cmake --build /home/ayush/Desktop/Learning_ROS2/ros2_ws/build/my_cpp_pkg -- -j8 -l8
[0.549s] DEBUG:colcon.colcon_core.event_handler.log_command:Invoked command in '/home/ayush/Desktop/Learning_ROS2/ros2_ws/build/my_cpp_pkg' returned '0': CMAKE_PREFIX_PATH=${CMAKE_PREFIX_PATH}:/opt/ros/humble /usr/bin/cmake --build /home/ayush/Desktop/Learning_ROS2/ros2_ws/build/my_cpp_pkg -- -j8 -l8
[0.605s] DEBUG:colcon.colcon_core.event_handler.log_command:Invoking command in '/home/ayush/Desktop/Learning_ROS2/ros2_ws/build/my_cpp_pkg': CMAKE_PREFIX_PATH=${CMAKE_PREFIX_PATH}:/opt/ros/humble /usr/bin/cmake --install /home/ayush/Desktop/Learning_ROS2/ros2_ws/build/my_cpp_pkg
[0.638s] Level 1:colcon.colcon_core.environment:create_environment_scripts_only(my_cpp_pkg)
[0.639s] DEBUG:colcon.colcon_core.event_handler.log_command:Invoked command in '/home/ayush/Desktop/Learning_ROS2/ros2_ws/build/my_cpp_pkg' returned '0': CMAKE_PREFIX_PATH=${CMAKE_PREFIX_PATH}:/opt/ros/humble /usr/bin/cmake --install /home/ayush/Desktop/Learning_ROS2/ros2_ws/build/my_cpp_pkg
[0.642s] Level 1:colcon.colcon_core.environment:checking '/home/ayush/Desktop/Learning_ROS2/ros2_ws/install/my_cpp_pkg' for CMake module files
[0.643s] Level 1:colcon.colcon_core.environment:checking '/home/ayush/Desktop/Learning_ROS2/ros2_ws/install/my_cpp_pkg' for CMake config files
[0.644s] Level 1:colcon.colcon_core.shell:create_environment_hook('my_cpp_pkg', 'cmake_prefix_path')
[0.644s] INFO:colcon.colcon_core.shell:Creating environment hook '/home/ayush/Desktop/Learning_ROS2/ros2_ws/install/my_cpp_pkg/share/my_cpp_pkg/hook/cmake_prefix_path.ps1'
[0.645s] INFO:colcon.colcon_core.shell:Creating environment descriptor '/home/ayush/Desktop/Learning_ROS2/ros2_ws/install/my_cpp_pkg/share/my_cpp_pkg/hook/cmake_prefix_path.dsv'
[0.646s] INFO:colcon.colcon_core.shell:Creating environment hook '/home/ayush/Desktop/Learning_ROS2/ros2_ws/install/my_cpp_pkg/share/my_cpp_pkg/hook/cmake_prefix_path.sh'
[0.648s] Level 1:colcon.colcon_core.environment:checking '/home/ayush/Desktop/Learning_ROS2/ros2_ws/install/my_cpp_pkg/lib'
[0.648s] Level 1:colcon.colcon_core.environment:checking '/home/ayush/Desktop/Learning_ROS2/ros2_ws/install/my_cpp_pkg/bin'
[0.648s] Level 1:colcon.colcon_core.environment:checking '/home/ayush/Desktop/Learning_ROS2/ros2_ws/install/my_cpp_pkg/lib/pkgconfig/my_cpp_pkg.pc'
[0.648s] Level 1:colcon.colcon_core.environment:checking '/home/ayush/Desktop/Learning_ROS2/ros2_ws/install/my_cpp_pkg/lib/python3.10/site-packages'
[0.649s] Level 1:colcon.colcon_core.environment:checking '/home/ayush/Desktop/Learning_ROS2/ros2_ws/install/my_cpp_pkg/bin'
[0.649s] INFO:colcon.colcon_core.shell:Creating package script '/home/ayush/Desktop/Learning_ROS2/ros2_ws/install/my_cpp_pkg/share/my_cpp_pkg/package.ps1'
[0.651s] INFO:colcon.colcon_core.shell:Creating package descriptor '/home/ayush/Desktop/Learning_ROS2/ros2_ws/install/my_cpp_pkg/share/my_cpp_pkg/package.dsv'
[0.652s] INFO:colcon.colcon_core.shell:Creating package script '/home/ayush/Desktop/Learning_ROS2/ros2_ws/install/my_cpp_pkg/share/my_cpp_pkg/package.sh'
[0.653s] INFO:colcon.colcon_core.shell:Creating package script '/home/ayush/Desktop/Learning_ROS2/ros2_ws/install/my_cpp_pkg/share/my_cpp_pkg/package.bash'
[0.655s] INFO:colcon.colcon_core.shell:Creating package script '/home/ayush/Desktop/Learning_ROS2/ros2_ws/install/my_cpp_pkg/share/my_cpp_pkg/package.zsh'
[0.657s] Level 1:colcon.colcon_core.environment:create_file_with_runtime_dependencies(/home/ayush/Desktop/Learning_ROS2/ros2_ws/install/my_cpp_pkg/share/colcon-core/packages/my_cpp_pkg)
[0.699s] Level 1:colcon.colcon_core.environment:create_environment_scripts_only(my_cpp_pkg)
[0.699s] Level 1:colcon.colcon_core.environment:checking '/home/ayush/Desktop/Learning_ROS2/ros2_ws/install/my_cpp_pkg' for CMake module files
[0.699s] Level 1:colcon.colcon_core.environment:checking '/home/ayush/Desktop/Learning_ROS2/ros2_ws/install/my_cpp_pkg' for CMake config files
[0.700s] Level 1:colcon.colcon_core.shell:create_environment_hook('my_cpp_pkg', 'cmake_prefix_path')
[0.700s] INFO:colcon.colcon_core.shell:Creating environment hook '/home/ayush/Desktop/Learning_ROS2/ros2_ws/install/my_cpp_pkg/share/my_cpp_pkg/hook/cmake_prefix_path.ps1'
[0.701s] INFO:colcon.colcon_core.shell:Creating environment descriptor '/home/ayush/Desktop/Learning_ROS2/ros2_ws/install/my_cpp_pkg/share/my_cpp_pkg/hook/cmake_prefix_path.dsv'
[0.701s] INFO:colcon.colcon_core.shell:Creating environment hook '/home/ayush/Desktop/Learning_ROS2/ros2_ws/install/my_cpp_pkg/share/my_cpp_pkg/hook/cmake_prefix_path.sh'
[0.702s] Level 1:colcon.colcon_core.environment:checking '/home/ayush/Desktop/Learning_ROS2/ros2_ws/install/my_cpp_pkg/lib'
[0.702s] Level 1:colcon.colcon_core.environment:checking '/home/ayush/Desktop/Learning_ROS2/ros2_ws/install/my_cpp_pkg/bin'
[0.702s] Level 1:colcon.colcon_core.environment:checking '/home/ayush/Desktop/Learning_ROS2/ros2_ws/install/my_cpp_pkg/lib/pkgconfig/my_cpp_pkg.pc'
[0.702s] Level 1:colcon.colcon_core.environment:checking '/home/ayush/Desktop/Learning_ROS2/ros2_ws/install/my_cpp_pkg/lib/python3.10/site-packages'
[0.702s] Level 1:colcon.colcon_core.environment:checking '/home/ayush/Desktop/Learning_ROS2/ros2_ws/install/my_cpp_pkg/bin'
[0.703s] INFO:colcon.colcon_core.shell:Creating package script '/home/ayush/Desktop/Learning_ROS2/ros2_ws/install/my_cpp_pkg/share/my_cpp_pkg/package.ps1'
[0.703s] INFO:colcon.colcon_core.shell:Creating package descriptor '/home/ayush/Desktop/Learning_ROS2/ros2_ws/install/my_cpp_pkg/share/my_cpp_pkg/package.dsv'
[0.704s] INFO:colcon.colcon_core.shell:Creating package script '/home/ayush/Desktop/Learning_ROS2/ros2_ws/install/my_cpp_pkg/share/my_cpp_pkg/package.sh'
[0.704s] INFO:colcon.colcon_core.shell:Creating package script '/home/ayush/Desktop/Learning_ROS2/ros2_ws/install/my_cpp_pkg/share/my_cpp_pkg/package.bash'
[0.705s] INFO:colcon.colcon_core.shell:Creating package script '/home/ayush/Desktop/Learning_ROS2/ros2_ws/install/my_cpp_pkg/share/my_cpp_pkg/package.zsh'
[0.705s] Level 1:colcon.colcon_core.environment:create_file_with_runtime_dependencies(/home/ayush/Desktop/Learning_ROS2/ros2_ws/install/my_cpp_pkg/share/colcon-core/packages/my_cpp_pkg)
[0.927s] DEBUG:colcon.colcon_core.event_handler.log_command:Invoked command in '/home/ayush/Desktop/Learning_ROS2/ros2_ws/build/my_robot_interfaces' returned '0': CMAKE_PREFIX_PATH=${CMAKE_PREFIX_PATH}:/opt/ros/humble /usr/bin/cmake --build /home/ayush/Desktop/Learning_ROS2/ros2_ws/build/my_robot_interfaces -- -j8 -l8
[0.990s] DEBUG:colcon.colcon_core.event_handler.log_command:Invoking command in '/home/ayush/Desktop/Learning_ROS2/ros2_ws/build/my_robot_interfaces': CMAKE_PREFIX_PATH=${CMAKE_PREFIX_PATH}:/opt/ros/humble /usr/bin/cmake --install /home/ayush/Desktop/Learning_ROS2/ros2_ws/build/my_robot_interfaces
[1.053s] Level 1:colcon.colcon_core.environment:create_environment_scripts_only(my_robot_interfaces)
[1.053s] Level 1:colcon.colcon_core.environment:checking '/home/ayush/Desktop/Learning_ROS2/ros2_ws/install/my_robot_interfaces' for CMake module files
[1.054s] DEBUG:colcon.colcon_core.event_handler.log_command:Invoked command in '/home/ayush/Desktop/Learning_ROS2/ros2_ws/build/my_robot_interfaces' returned '0': CMAKE_PREFIX_PATH=${CMAKE_PREFIX_PATH}:/opt/ros/humble /usr/bin/cmake --install /home/ayush/Desktop/Learning_ROS2/ros2_ws/build/my_robot_interfaces
[1.055s] Level 1:colcon.colcon_core.environment:checking '/home/ayush/Desktop/Learning_ROS2/ros2_ws/install/my_robot_interfaces' for CMake config files
[1.056s] Level 1:colcon.colcon_core.shell:create_environment_hook('my_robot_interfaces', 'cmake_prefix_path')
[1.056s] INFO:colcon.colcon_core.shell:Creating environment hook '/home/ayush/Desktop/Learning_ROS2/ros2_ws/install/my_robot_interfaces/share/my_robot_interfaces/hook/cmake_prefix_path.ps1'
[1.056s] INFO:colcon.colcon_core.shell:Creating environment descriptor '/home/ayush/Desktop/Learning_ROS2/ros2_ws/install/my_robot_interfaces/share/my_robot_interfaces/hook/cmake_prefix_path.dsv'
[1.057s] INFO:colcon.colcon_core.shell:Creating environment hook '/home/ayush/Desktop/Learning_ROS2/ros2_ws/install/my_robot_interfaces/share/my_robot_interfaces/hook/cmake_prefix_path.sh'
[1.057s] Level 1:colcon.colcon_core.environment:checking '/home/ayush/Desktop/Learning_ROS2/ros2_ws/install/my_robot_interfaces/lib'
[1.057s] Level 1:colcon.colcon_core.shell:create_environment_hook('my_robot_interfaces', 'ld_library_path_lib')
[1.057s] INFO:colcon.colcon_core.shell:Creating environment hook '/home/ayush/Desktop/Learning_ROS2/ros2_ws/install/my_robot_interfaces/share/my_robot_interfaces/hook/ld_library_path_lib.ps1'
[1.058s] INFO:colcon.colcon_core.shell:Creating environment descriptor '/home/ayush/Desktop/Learning_ROS2/ros2_ws/install/my_robot_interfaces/share/my_robot_interfaces/hook/ld_library_path_lib.dsv'
[1.058s] INFO:colcon.colcon_core.shell:Creating environment hook '/home/ayush/Desktop/Learning_ROS2/ros2_ws/install/my_robot_interfaces/share/my_robot_interfaces/hook/ld_library_path_lib.sh'
[1.058s] Level 1:colcon.colcon_core.environment:checking '/home/ayush/Desktop/Learning_ROS2/ros2_ws/install/my_robot_interfaces/bin'
[1.059s] Level 1:colcon.colcon_core.environment:checking '/home/ayush/Desktop/Learning_ROS2/ros2_ws/install/my_robot_interfaces/lib/pkgconfig/my_robot_interfaces.pc'
[1.059s] Level 1:colcon.colcon_core.environment:checking '/home/ayush/Desktop/Learning_ROS2/ros2_ws/install/my_robot_interfaces/lib/python3.10/site-packages'
[1.059s] Level 1:colcon.colcon_core.environment:checking '/home/ayush/Desktop/Learning_ROS2/ros2_ws/install/my_robot_interfaces/bin'
[1.059s] INFO:colcon.colcon_core.shell:Creating package script '/home/ayush/Desktop/Learning_ROS2/ros2_ws/install/my_robot_interfaces/share/my_robot_interfaces/package.ps1'
[1.060s] INFO:colcon.colcon_core.shell:Creating package descriptor '/home/ayush/Desktop/Learning_ROS2/ros2_ws/install/my_robot_interfaces/share/my_robot_interfaces/package.dsv'
[1.060s] INFO:colcon.colcon_core.shell:Creating package script '/home/ayush/Desktop/Learning_ROS2/ros2_ws/install/my_robot_interfaces/share/my_robot_interfaces/package.sh'
[1.061s] INFO:colcon.colcon_core.shell:Creating package script '/home/ayush/Desktop/Learning_ROS2/ros2_ws/install/my_robot_interfaces/share/my_robot_interfaces/package.bash'
[1.061s] INFO:colcon.colcon_core.shell:Creating package script '/home/ayush/Desktop/Learning_ROS2/ros2_ws/install/my_robot_interfaces/share/my_robot_interfaces/package.zsh'
[1.061s] Level 1:colcon.colcon_core.environment:create_file_with_runtime_dependencies(/home/ayush/Desktop/Learning_ROS2/ros2_ws/install/my_robot_interfaces/share/colcon-core/packages/my_robot_interfaces)
[1.125s] Level 1:colcon.colcon_core.environment:create_environment_scripts_only(my_robot_interfaces)
[1.125s] Level 1:colcon.colcon_core.environment:checking '/home/ayush/Desktop/Learning_ROS2/ros2_ws/install/my_robot_interfaces' for CMake module files
[1.126s] Level 1:colcon.colcon_core.environment:checking '/home/ayush/Desktop/Learning_ROS2/ros2_ws/install/my_robot_interfaces' for CMake config files
[1.126s] Level 1:colcon.colcon_core.shell:create_environment_hook('my_robot_interfaces', 'cmake_prefix_path')
[1.126s] INFO:colcon.colcon_core.shell:Creating environment hook '/home/ayush/Desktop/Learning_ROS2/ros2_ws/install/my_robot_interfaces/share/my_robot_interfaces/hook/cmake_prefix_path.ps1'
[1.127s] INFO:colcon.colcon_core.shell:Creating environment descriptor '/home/ayush/Desktop/Learning_ROS2/ros2_ws/install/my_robot_interfaces/share/my_robot_interfaces/hook/cmake_prefix_path.dsv'
[1.127s] INFO:colcon.colcon_core.shell:Creating environment hook '/home/ayush/Desktop/Learning_ROS2/ros2_ws/install/my_robot_interfaces/share/my_robot_interfaces/hook/cmake_prefix_path.sh'
[1.128s] Level 1:colcon.colcon_core.environment:checking '/home/ayush/Desktop/Learning_ROS2/ros2_ws/install/my_robot_interfaces/lib'
[1.128s] Level 1:colcon.colcon_core.shell:create_environment_hook('my_robot_interfaces', 'ld_library_path_lib')
[1.128s] INFO:colcon.colcon_core.shell:Creating environment hook '/home/ayush/Desktop/Learning_ROS2/ros2_ws/install/my_robot_interfaces/share/my_robot_interfaces/hook/ld_library_path_lib.ps1'
[1.129s] INFO:colcon.colcon_core.shell:Creating environment descriptor '/home/ayush/Desktop/Learning_ROS2/ros2_ws/install/my_robot_interfaces/share/my_robot_interfaces/hook/ld_library_path_lib.dsv'
[1.129s] INFO:colcon.colcon_core.shell:Creating environment hook '/home/ayush/Desktop/Learning_ROS2/ros2_ws/install/my_robot_interfaces/share/my_robot_interfaces/hook/ld_library_path_lib.sh'
[1.130s] Level 1:colcon.colcon_core.environment:checking '/home/ayush/Desktop/Learning_ROS2/ros2_ws/install/my_robot_interfaces/bin'
[1.130s] Level 1:colcon.colcon_core.environment:checking '/home/ayush/Desktop/Learning_ROS2/ros2_ws/install/my_robot_interfaces/lib/pkgconfig/my_robot_interfaces.pc'
[1.130s] Level 1:colcon.colcon_core.environment:checking '/home/ayush/Desktop/Learning_ROS2/ros2_ws/install/my_robot_interfaces/lib/python3.10/site-packages'
[1.130s] Level 1:colcon.colcon_core.environment:checking '/home/ayush/Desktop/Learning_ROS2/ros2_ws/install/my_robot_interfaces/bin'
[1.131s] INFO:colcon.colcon_core.shell:Creating package script '/home/ayush/Desktop/Learning_ROS2/ros2_ws/install/my_robot_interfaces/share/my_robot_interfaces/package.ps1'
[1.131s] INFO:colcon.colcon_core.shell:Creating package descriptor '/home/ayush/Desktop/Learning_ROS2/ros2_ws/install/my_robot_interfaces/share/my_robot_interfaces/package.dsv'
[1.132s] INFO:colcon.colcon_core.shell:Creating package script '/home/ayush/Desktop/Learning_ROS2/ros2_ws/install/my_robot_interfaces/share/my_robot_interfaces/package.sh'
[1.132s] INFO:colcon.colcon_core.shell:Creating package script '/home/ayush/Desktop/Learning_ROS2/ros2_ws/install/my_robot_interfaces/share/my_robot_interfaces/package.bash'
[1.132s] INFO:colcon.colcon_core.shell:Creating package script '/home/ayush/Desktop/Learning_ROS2/ros2_ws/install/my_robot_interfaces/share/my_robot_interfaces/package.zsh'
[1.133s] Level 1:colcon.colcon_core.environment:create_file_with_runtime_dependencies(/home/ayush/Desktop/Learning_ROS2/ros2_ws/install/my_robot_interfaces/share/colcon-core/packages/my_robot_interfaces)
[1.133s] INFO:colcon.colcon_ros.task.ament_python.build:Building ROS package in '/home/ayush/Desktop/Learning_ROS2/ros2_ws/src/my_py_pkg' with build type 'ament_python'
[1.133s] Level 1:colcon.colcon_core.shell:create_environment_hook('my_py_pkg', 'ament_prefix_path')
[1.134s] INFO:colcon.colcon_core.shell:Creating environment hook '/home/ayush/Desktop/Learning_ROS2/ros2_ws/install/my_py_pkg/share/my_py_pkg/hook/ament_prefix_path.ps1'
[1.135s] INFO:colcon.colcon_core.shell:Creating environment descriptor '/home/ayush/Desktop/Learning_ROS2/ros2_ws/install/my_py_pkg/share/my_py_pkg/hook/ament_prefix_path.dsv'
[1.135s] INFO:colcon.colcon_core.shell:Creating environment hook '/home/ayush/Desktop/Learning_ROS2/ros2_ws/install/my_py_pkg/share/my_py_pkg/hook/ament_prefix_path.sh'
[1.135s] INFO:colcon.colcon_core.shell:Skip shell extension 'powershell' for command environment: Not usable outside of PowerShell
[1.135s] DEBUG:colcon.colcon_core.shell:Skip shell extension 'dsv' for command environment
[1.469s] INFO:colcon.colcon_core.task.python.build:Building Python package in '/home/ayush/Desktop/Learning_ROS2/ros2_ws/src/my_py_pkg'
[1.470s] INFO:colcon.colcon_core.shell:Skip shell extension 'powershell' for command environment: Not usable outside of PowerShell
[1.470s] DEBUG:colcon.colcon_core.shell:Skip shell extension 'dsv' for command environment
[1.934s] DEBUG:colcon.colcon_core.event_handler.log_command:Invoking command in '/home/ayush/Desktop/Learning_ROS2/ros2_ws/build/my_py_pkg': AMENT_PREFIX_PATH=/home/ayush/Desktop/Learning_ROS2/ros2_ws/install/my_robot_interfaces:${AMENT_PREFIX_PATH} CMAKE_PREFIX_PATH=/home/ayush/Desktop/Learning_ROS2/ros2_ws/install/my_robot_interfaces:${CMAKE_PREFIX_PATH} LD_LIBRARY_PATH=/home/ayush/Desktop/Learning_ROS2/ros2_ws/install/my_robot_interfaces/lib:${LD_LIBRARY_PATH} PYTHONPATH=/home/ayush/Desktop/Learning_ROS2/ros2_ws/build/my_py_pkg/prefix_override:/usr/lib/python3/dist-packages/colcon_core/task/python/colcon_distutils_commands:/home/ayush/Desktop/Learning_ROS2/ros2_ws/install/my_py_pkg/lib/python3.10/site-packages:/home/ayush/Desktop/Learning_ROS2/ros2_ws/install/my_robot_interfaces/local/lib/python3.10/dist-packages:${PYTHONPATH} /usr/bin/python3 -W ignore:setup.py install is deprecated setup.py develop --uninstall --editable --build-directory /home/ayush/Desktop/Learning_ROS2/ros2_ws/build/my_py_pkg/build
[2.432s] DEBUG:colcon.colcon_core.event_handler.log_command:Invoked command in '/home/ayush/Desktop/Learning_ROS2/ros2_ws/build/my_py_pkg' returned '0': AMENT_PREFIX_PATH=/home/ayush/Desktop/Learning_ROS2/ros2_ws/install/my_robot_interfaces:${AMENT_PREFIX_PATH} CMAKE_PREFIX_PATH=/home/ayush/Desktop/Learning_ROS2/ros2_ws/install/my_robot_interfaces:${CMAKE_PREFIX_PATH} LD_LIBRARY_PATH=/home/ayush/Desktop/Learning_ROS2/ros2_ws/install/my_robot_interfaces/lib:${LD_LIBRARY_PATH} PYTHONPATH=/home/ayush/Desktop/Learning_ROS2/ros2_ws/build/my_py_pkg/prefix_override:/usr/lib/python3/dist-packages/colcon_core/task/python/colcon_distutils_commands:/home/ayush/Desktop/Learning_ROS2/ros2_ws/install/my_py_pkg/lib/python3.10/site-packages:/home/ayush/Desktop/Learning_ROS2/ros2_ws/install/my_robot_interfaces/local/lib/python3.10/dist-packages:${PYTHONPATH} /usr/bin/python3 -W ignore:setup.py install is deprecated setup.py develop --uninstall --editable --build-directory /home/ayush/Desktop/Learning_ROS2/ros2_ws/build/my_py_pkg/build
[2.433s] DEBUG:colcon.colcon_core.event_handler.log_command:Invoking command in '/home/ayush/Desktop/Learning_ROS2/ros2_ws/src/my_py_pkg': AMENT_PREFIX_PATH=/home/ayush/Desktop/Learning_ROS2/ros2_ws/install/my_robot_interfaces:${AMENT_PREFIX_PATH} CMAKE_PREFIX_PATH=/home/ayush/Desktop/Learning_ROS2/ros2_ws/install/my_robot_interfaces:${CMAKE_PREFIX_PATH} LD_LIBRARY_PATH=/home/ayush/Desktop/Learning_ROS2/ros2_ws/install/my_robot_interfaces/lib:${LD_LIBRARY_PATH} PYTHONPATH=/home/ayush/Desktop/Learning_ROS2/ros2_ws/build/my_py_pkg/prefix_override:/usr/lib/python3/dist-packages/colcon_core/task/python/colcon_distutils_commands:/home/ayush/Desktop/Learning_ROS2/ros2_ws/install/my_py_pkg/lib/python3.10/site-packages:/home/ayush/Desktop/Learning_ROS2/ros2_ws/install/my_robot_interfaces/local/lib/python3.10/dist-packages:${PYTHONPATH} /usr/bin/python3 -W ignore:setup.py install is deprecated setup.py egg_info --egg-base ../../build/my_py_pkg build --build-base /home/ayush/Desktop/Learning_ROS2/ros2_ws/build/my_py_pkg/build install --record /home/ayush/Desktop/Learning_ROS2/ros2_ws/build/my_py_pkg/install.log --single-version-externally-managed install_data --force
[2.758s] Level 1:colcon.colcon_core.environment:checking '/home/ayush/Desktop/Learning_ROS2/ros2_ws/install/my_py_pkg' for CMake module files
[2.759s] Level 1:colcon.colcon_core.environment:checking '/home/ayush/Desktop/Learning_ROS2/ros2_ws/install/my_py_pkg' for CMake config files
[2.760s] Level 1:colcon.colcon_core.environment:checking '/home/ayush/Desktop/Learning_ROS2/ros2_ws/install/my_py_pkg/lib'
[2.760s] Level 1:colcon.colcon_core.environment:checking '/home/ayush/Desktop/Learning_ROS2/ros2_ws/install/my_py_pkg/bin'
[2.760s] Level 1:colcon.colcon_core.environment:checking '/home/ayush/Desktop/Learning_ROS2/ros2_ws/install/my_py_pkg/lib/pkgconfig/my_py_pkg.pc'
[2.761s] Level 1:colcon.colcon_core.environment:checking '/home/ayush/Desktop/Learning_ROS2/ros2_ws/install/my_py_pkg/lib/python3.10/site-packages'
[2.761s] DEBUG:colcon.colcon_core.event_handler.log_command:Invoked command in '/home/ayush/Desktop/Learning_ROS2/ros2_ws/src/my_py_pkg' returned '0': AMENT_PREFIX_PATH=/home/ayush/Desktop/Learning_ROS2/ros2_ws/install/my_robot_interfaces:${AMENT_PREFIX_PATH} CMAKE_PREFIX_PATH=/home/ayush/Desktop/Learning_ROS2/ros2_ws/install/my_robot_interfaces:${CMAKE_PREFIX_PATH} LD_LIBRARY_PATH=/home/ayush/Desktop/Learning_ROS2/ros2_ws/install/my_robot_interfaces/lib:${LD_LIBRARY_PATH} PYTHONPATH=/home/ayush/Desktop/Learning_ROS2/ros2_ws/build/my_py_pkg/prefix_override:/usr/lib/python3/dist-packages/colcon_core/task/python/colcon_distutils_commands:/home/ayush/Desktop/Learning_ROS2/ros2_ws/install/my_py_pkg/lib/python3.10/site-packages:/home/ayush/Desktop/Learning_ROS2/ros2_ws/install/my_robot_interfaces/local/lib/python3.10/dist-packages:${PYTHONPATH} /usr/bin/python3 -W ignore:setup.py install is deprecated setup.py egg_info --egg-base ../../build/my_py_pkg build --build-base /home/ayush/Desktop/Learning_ROS2/ros2_ws/build/my_py_pkg/build install --record /home/ayush/Desktop/Learning_ROS2/ros2_ws/build/my_py_pkg/install.log --single-version-externally-managed install_data --force
[2.761s] Level 1:colcon.colcon_core.shell:create_environment_hook('my_py_pkg', 'pythonpath')
[2.762s] INFO:colcon.colcon_core.shell:Creating environment hook '/home/ayush/Desktop/Learning_ROS2/ros2_ws/install/my_py_pkg/share/my_py_pkg/hook/pythonpath.ps1'
[2.763s] INFO:colcon.colcon_core.shell:Creating environment descriptor '/home/ayush/Desktop/Learning_ROS2/ros2_ws/install/my_py_pkg/share/my_py_pkg/hook/pythonpath.dsv'
[2.763s] INFO:colcon.colcon_core.shell:Creating environment hook '/home/ayush/Desktop/Learning_ROS2/ros2_ws/install/my_py_pkg/share/my_py_pkg/hook/pythonpath.sh'
[2.764s] Level 1:colcon.colcon_core.environment:checking '/home/ayush/Desktop/Learning_ROS2/ros2_ws/install/my_py_pkg/bin'
[2.764s] Level 1:colcon.colcon_core.environment:create_environment_scripts_only(my_py_pkg)
[2.765s] INFO:colcon.colcon_core.shell:Creating package script '/home/ayush/Desktop/Learning_ROS2/ros2_ws/install/my_py_pkg/share/my_py_pkg/package.ps1'
[2.765s] INFO:colcon.colcon_core.shell:Creating package descriptor '/home/ayush/Desktop/Learning_ROS2/ros2_ws/install/my_py_pkg/share/my_py_pkg/package.dsv'
[2.766s] INFO:colcon.colcon_core.shell:Creating package script '/home/ayush/Desktop/Learning_ROS2/ros2_ws/install/my_py_pkg/share/my_py_pkg/package.sh'
[2.766s] INFO:colcon.colcon_core.shell:Creating package script '/home/ayush/Desktop/Learning_ROS2/ros2_ws/install/my_py_pkg/share/my_py_pkg/package.bash'
[2.767s] INFO:colcon.colcon_core.shell:Creating package script '/home/ayush/Desktop/Learning_ROS2/ros2_ws/install/my_py_pkg/share/my_py_pkg/package.zsh'
[2.767s] Level 1:colcon.colcon_core.environment:create_file_with_runtime_dependencies(/home/ayush/Desktop/Learning_ROS2/ros2_ws/install/my_py_pkg/share/colcon-core/packages/my_py_pkg)
[2.767s] DEBUG:colcon.colcon_parallel_executor.executor.parallel:closing loop
[2.768s] DEBUG:colcon.colcon_parallel_executor.executor.parallel:loop closed
[2.768s] DEBUG:colcon.colcon_parallel_executor.executor.parallel:run_until_complete finished with '0'
[2.768s] DEBUG:colcon.colcon_core.event_reactor:joining thread
[2.773s] INFO:colcon.colcon_core.plugin_system:Skipping extension 'colcon_notification.desktop_notification.terminal_notifier': Not used on non-Darwin systems
[2.773s] INFO:colcon.colcon_core.plugin_system:Skipping extension 'colcon_notification.desktop_notification.win32': Not used on non-Windows systems
[2.773s] INFO:colcon.colcon_notification.desktop_notification:Sending desktop notification using 'notify2'
[2.782s] DEBUG:colcon.colcon_core.event_reactor:joined thread
[2.783s] INFO:colcon.colcon_core.shell:Creating prefix script '/home/ayush/Desktop/Learning_ROS2/ros2_ws/install/local_setup.ps1'
[2.785s] INFO:colcon.colcon_core.shell:Creating prefix util module '/home/ayush/Desktop/Learning_ROS2/ros2_ws/install/_local_setup_util_ps1.py'
[2.788s] INFO:colcon.colcon_core.shell:Creating prefix chain script '/home/ayush/Desktop/Learning_ROS2/ros2_ws/install/setup.ps1'
[2.790s] INFO:colcon.colcon_core.shell:Creating prefix script '/home/ayush/Desktop/Learning_ROS2/ros2_ws/install/local_setup.sh'
[2.791s] INFO:colcon.colcon_core.shell:Creating prefix util module '/home/ayush/Desktop/Learning_ROS2/ros2_ws/install/_local_setup_util_sh.py'
[2.791s] INFO:colcon.colcon_core.shell:Creating prefix chain script '/home/ayush/Desktop/Learning_ROS2/ros2_ws/install/setup.sh'
[2.793s] INFO:colcon.colcon_core.shell:Creating prefix script '/home/ayush/Desktop/Learning_ROS2/ros2_ws/install/local_setup.bash'
[2.794s] INFO:colcon.colcon_core.shell:Creating prefix chain script '/home/ayush/Desktop/Learning_ROS2/ros2_ws/install/setup.bash'
[2.796s] INFO:colcon.colcon_core.shell:Creating prefix script '/home/ayush/Desktop/Learning_ROS2/ros2_ws/install/local_setup.zsh'
[2.797s] INFO:colcon.colcon_core.shell:Creating prefix chain script '/home/ayush/Desktop/Learning_ROS2/ros2_ws/install/setup.zsh'
