[0.775s] Invoking command in '/home/ayush/Desktop/Learning_ROS2/ros2_ws/src/my_py_pkg': PYTHONPATH=/home/ayush/Desktop/Learning_ROS2/ros2_ws/build/my_py_pkg/prefix_override:/usr/lib/python3/dist-packages/colcon_core/task/python/colcon_distutils_commands:/home/ayush/Desktop/Learning_ROS2/ros2_ws/install/my_py_pkg/lib/python3.10/site-packages:${PYTHONPATH} /usr/bin/python3 -W ignore:setup.py install is deprecated setup.py egg_info --egg-base ../../build/my_py_pkg build --build-base /home/ayush/Desktop/Learning_ROS2/ros2_ws/build/my_py_pkg/build install --record /home/ayush/Desktop/Learning_ROS2/ros2_ws/build/my_py_pkg/install.log --single-version-externally-managed install_data
[1.016s] running egg_info
[1.016s] writing ../../build/my_py_pkg/my_py_pkg.egg-info/PKG-INFO
[1.016s] writing dependency_links to ../../build/my_py_pkg/my_py_pkg.egg-info/dependency_links.txt
[1.017s] writing entry points to ../../build/my_py_pkg/my_py_pkg.egg-info/entry_points.txt
[1.017s] writing requirements to ../../build/my_py_pkg/my_py_pkg.egg-info/requires.txt
[1.017s] writing top-level names to ../../build/my_py_pkg/my_py_pkg.egg-info/top_level.txt
[1.019s] reading manifest file '../../build/my_py_pkg/my_py_pkg.egg-info/SOURCES.txt'
[1.020s] writing manifest file '../../build/my_py_pkg/my_py_pkg.egg-info/SOURCES.txt'
[1.020s] running build
[1.020s] running build_py
[1.021s] copying my_py_pkg/my_first_node.py -> /home/ayush/Desktop/Learning_ROS2/ros2_ws/build/my_py_pkg/build/lib/my_py_pkg
[1.021s] running install
[1.021s] running install_lib
[1.022s] copying /home/ayush/Desktop/Learning_ROS2/ros2_ws/build/my_py_pkg/build/lib/my_py_pkg/my_first_node.py -> /home/ayush/Desktop/Learning_ROS2/ros2_ws/install/my_py_pkg/lib/python3.10/site-packages/my_py_pkg
[1.022s] byte-compiling /home/ayush/Desktop/Learning_ROS2/ros2_ws/install/my_py_pkg/lib/python3.10/site-packages/my_py_pkg/my_first_node.py to my_first_node.cpython-310.pyc
[1.023s]   File "/home/ayush/Desktop/Learning_ROS2/ros2_ws/install/my_py_pkg/lib/python3.10/site-packages/my_py_pkg/my_first_node.py", line 14
[1.023s]     self.get_logger().info("Hello to the World, " str(self.counter_))
[1.023s]                            ^^^^^^^^^^^^^^^^^^^^^^^^^^^^^^^^^^^^^^^^^
[1.023s] SyntaxError: invalid syntax. Perhaps you forgot a comma?
[1.023s] 
[1.023s] running install_data
[1.023s] running install_egg_info
[1.024s] removing '/home/ayush/Desktop/Learning_ROS2/ros2_ws/install/my_py_pkg/lib/python3.10/site-packages/my_py_pkg-0.0.0-py3.10.egg-info' (and everything under it)
[1.025s] Copying ../../build/my_py_pkg/my_py_pkg.egg-info to /home/ayush/Desktop/Learning_ROS2/ros2_ws/install/my_py_pkg/lib/python3.10/site-packages/my_py_pkg-0.0.0-py3.10.egg-info
[1.026s] running install_scripts
[1.044s] Installing py_node script to /home/ayush/Desktop/Learning_ROS2/ros2_ws/install/my_py_pkg/lib/my_py_pkg
[1.044s] writing list of installed files to '/home/ayush/Desktop/Learning_ROS2/ros2_ws/build/my_py_pkg/install.log'
[1.063s] Invoked command in '/home/ayush/Desktop/Learning_ROS2/ros2_ws/src/my_py_pkg' returned '0': PYTHONPATH=/home/ayush/Desktop/Learning_ROS2/ros2_ws/build/my_py_pkg/prefix_override:/usr/lib/python3/dist-packages/colcon_core/task/python/colcon_distutils_commands:/home/ayush/Desktop/Learning_ROS2/ros2_ws/install/my_py_pkg/lib/python3.10/site-packages:${PYTHONPATH} /usr/bin/python3 -W ignore:setup.py install is deprecated setup.py egg_info --egg-base ../../build/my_py_pkg build --build-base /home/ayush/Desktop/Learning_ROS2/ros2_ws/build/my_py_pkg/build install --record /home/ayush/Desktop/Learning_ROS2/ros2_ws/build/my_py_pkg/install.log --single-version-externally-managed install_data
