[0.008s] Invoking command in '/home/ayush/Desktop/Learning_ROS2/build/my_robot_interfaces': CMAKE_PREFIX_PATH=${CMAKE_PREFIX_PATH}:/home/ayush/Desktop/Learning_ROS2/ros2_ws/install/turtlesim_project:/home/ayush/Desktop/Learning_ROS2/ros2_ws/install/my_py_pkg:/opt/ros/humble /usr/bin/cmake /home/ayush/Desktop/Learning_ROS2/ros2_ws/src/my_robot_interfaces -DCMAKE_INSTALL_PREFIX=/home/ayush/Desktop/Learning_ROS2/install/my_robot_interfaces
[0.113s] -- The C compiler identification is GNU 11.4.0
[0.204s] -- The CXX compiler identification is GNU 11.4.0
[0.211s] -- Detecting C compiler ABI info
[0.275s] -- Detecting C compiler ABI info - done
[0.283s] -- Check for working C compiler: /usr/bin/cc - skipped
[0.283s] -- Detecting C compile features
[0.284s] -- Detecting C compile features - done
[0.287s] -- Detecting CXX compiler ABI info
[0.361s] -- Detecting CXX compiler ABI info - done
[0.368s] -- Check for working CXX compiler: /usr/bin/c++ - skipped
[0.369s] -- Detecting CXX compile features
[0.369s] -- Detecting CXX compile features - done
[0.377s] -- Found ament_cmake: 1.3.10 (/opt/ros/humble/share/ament_cmake/cmake)
[0.517s] -- Found Python3: /usr/bin/python3 (found version "3.10.12") found components: Interpreter 
[0.607s] -- Found rosidl_default_generators: 1.2.0 (/opt/ros/humble/share/rosidl_default_generators/cmake)
[0.610s] -- Using all available rosidl_typesupport_c: rosidl_typesupport_fastrtps_c;rosidl_typesupport_introspection_c
[0.617s] -- Found rosidl_adapter: 3.1.5 (/opt/ros/humble/share/rosidl_adapter/cmake)
[0.663s] -- Using all available rosidl_typesupport_cpp: rosidl_typesupport_fastrtps_cpp;rosidl_typesupport_introspection_cpp
[0.878s] [31mCMake Error at /opt/ros/humble/share/rosidl_adapter/cmake/rosidl_adapt_interfaces.cmake:59 (message):
[0.878s]   execute_process(/usr/bin/python3 -m rosidl_adapter --package-name
[0.878s]   my_robot_interfaces --arguments-file
[0.878s]   /home/ayush/Desktop/Learning_ROS2/build/my_robot_interfaces/rosidl_adapter__arguments__my_robot_interfaces.json
[0.878s]   --output-dir
[0.878s]   /home/ayush/Desktop/Learning_ROS2/build/my_robot_interfaces/rosidl_adapter/my_robot_interfaces
[0.878s]   --output-file
[0.878s]   /home/ayush/Desktop/Learning_ROS2/build/my_robot_interfaces/rosidl_adapter/my_robot_interfaces.idls)
[0.878s]   returned error code 1:
[0.879s] 
[0.879s]   Error processing 'float x' of 'my_robot_interfaces/Turtle': ''float' is an
[0.879s]   invalid message name.  It should have the pattern '^[A-Z][A-Za-z0-9]*$''
[0.879s] 
[0.879s]   Traceback (most recent call last):
[0.879s] 
[0.879s]     File "/usr/lib/python3.10/runpy.py", line 196, in _run_module_as_main
[0.879s]       return _run_code(code, main_globals, None,
[0.879s]     File "/usr/lib/python3.10/runpy.py", line 86, in _run_code
[0.879s]       exec(code, run_globals)
[0.879s]     File "/opt/ros/humble/local/lib/python3.10/dist-packages/rosidl_adapter/__main__.py", line 19, in <module>
[0.879s]       sys.exit(main())
[0.879s]     File "/opt/ros/humble/local/lib/python3.10/dist-packages/rosidl_adapter/main.py", line 53, in main
[0.879s]       abs_idl_file = convert_to_idl(
[0.879s]     File "/opt/ros/humble/local/lib/python3.10/dist-packages/rosidl_adapter/__init__.py", line 19, in convert_to_idl
[0.879s]       return convert_msg_to_idl(
[0.879s]     File "/opt/ros/humble/local/lib/python3.10/dist-packages/rosidl_adapter/msg/__init__.py", line 28, in convert_msg_to_idl
[0.879s]       msg = parse_message_string(package_name, input_file.stem, content)
[0.879s]     File "/opt/ros/humble/local/lib/python3.10/dist-packages/rosidl_adapter/parser.py", line 520, in parse_message_string
[0.879s]       Type(type_string, context_package_name=pkg_name),
[0.880s]     File "/opt/ros/humble/local/lib/python3.10/dist-packages/rosidl_adapter/parser.py", line 277, in __init__
[0.880s]       super(Type, self).__init__(
[0.880s]     File "/opt/ros/humble/local/lib/python3.10/dist-packages/rosidl_adapter/parser.py", line 205, in __init__
[0.880s]       raise InvalidResourceName(
[0.880s] 
[0.880s]   rosidl_adapter.parser.InvalidResourceName: 'float' is an invalid message
[0.880s]   name.  It should have the pattern '^[A-Z][A-Za-z0-9]*$'
[0.880s] 
[0.880s] Call Stack (most recent call first):
[0.880s]   /opt/ros/humble/share/rosidl_cmake/cmake/rosidl_generate_interfaces.cmake:130 (rosidl_adapt_interfaces)
[0.880s]   CMakeLists.txt:12 (rosidl_generate_interfaces)
[0.880s] 
[0.880s] [0m
[0.880s] -- Configuring incomplete, errors occurred!
[0.880s] See also "/home/ayush/Desktop/Learning_ROS2/build/my_robot_interfaces/CMakeFiles/CMakeOutput.log".
[0.884s] Invoked command in '/home/ayush/Desktop/Learning_ROS2/build/my_robot_interfaces' returned '1': CMAKE_PREFIX_PATH=${CMAKE_PREFIX_PATH}:/home/ayush/Desktop/Learning_ROS2/ros2_ws/install/turtlesim_project:/home/ayush/Desktop/Learning_ROS2/ros2_ws/install/my_py_pkg:/opt/ros/humble /usr/bin/cmake /home/ayush/Desktop/Learning_ROS2/ros2_ws/src/my_robot_interfaces -DCMAKE_INSTALL_PREFIX=/home/ayush/Desktop/Learning_ROS2/install/my_robot_interfaces
