-- The C compiler identification is GNU 11.4.0
-- The CXX compiler identification is GNU 11.4.0
-- Detecting C compiler ABI info
-- Detecting C compiler ABI info - done
-- Check for working C compiler: /usr/bin/cc - skipped
-- Detecting C compile features
-- Detecting C compile features - done
-- Detecting CXX compiler ABI info
-- Detecting CXX compiler ABI info - done
-- Check for working CXX compiler: /usr/bin/c++ - skipped
-- Detecting CXX compile features
-- Detecting CXX compile features - done
-- Found ament_cmake: 1.3.10 (/opt/ros/humble/share/ament_cmake/cmake)
-- Found Python3: /usr/bin/python3 (found version "3.10.12") found components: Interpreter 
-- Found rclcpp: 16.0.10 (/opt/ros/humble/share/rclcpp/cmake)
-- Found rosidl_generator_c: 3.1.5 (/opt/ros/humble/share/rosidl_generator_c/cmake)
-- Found rosidl_adapter: 3.1.5 (/opt/ros/humble/share/rosidl_adapter/cmake)
-- Found rosidl_generator_cpp: 3.1.5 (/opt/ros/humble/share/rosidl_generator_cpp/cmake)
-- Using all available rosidl_typesupport_c: rosidl_typesupport_fastrtps_c;rosidl_typesupport_introspection_c
-- Using all available rosidl_typesupport_cpp: rosidl_typesupport_fastrtps_cpp;rosidl_typesupport_introspection_cpp
-- Found rmw_implementation_cmake: 6.1.2 (/opt/ros/humble/share/rmw_implementation_cmake/cmake)
-- Found rmw_fastrtps_cpp: 6.2.7 (/opt/ros/humble/share/rmw_fastrtps_cpp/cmake)
-- Found OpenSSL: /usr/lib/x86_64-linux-gnu/libcrypto.so (found version "3.0.2")  
-- Found FastRTPS: /opt/ros/humble/include  
-- Using RMW implementation 'rmw_fastrtps_cpp' as default
-- Looking for pthread.h
-- Looking for pthread.h - found
-- Performing Test CMAKE_HAVE_LIBC_PTHREAD
-- Performing Test CMAKE_HAVE_LIBC_PTHREAD - Success
-- Found Threads: TRUE  
-- Found example_interfaces: 0.9.3 (/opt/ros/humble/share/example_interfaces/cmake)
-- Found my_robot_interfaces: 0.0.0 (/home/ayush/Desktop/Learning_ROS2/install/my_robot_interfaces/share/my_robot_interfaces/cmake)
-- Configuring done
-- Generating done
-- Build files have been written to: /home/ayush/Desktop/Learning_ROS2/build/my_cpp_pkg
[ 12%] [32mBuilding CXX object CMakeFiles/hw_status_cpp.dir/src/hw_status_publisher.cpp.o[0m
[ 25%] [32mBuilding CXX object CMakeFiles/robot_news_station.dir/src/robot_news_station.cpp.o[0m
[ 37%] [32mBuilding CXX object CMakeFiles/smartphone.dir/src/smartphone.cpp.o[0m
[ 50%] [32mBuilding CXX object CMakeFiles/cpp_node.dir/src/my_first_node.cpp.o[0m
[ 62%] [32m[1mLinking CXX executable cpp_node[0m
[ 62%] Built target cpp_node
[ 75%] [32m[1mLinking CXX executable hw_status_cpp[0m
[ 87%] [32m[1mLinking CXX executable robot_news_station[0m
[ 87%] Built target hw_status_cpp
[ 87%] Built target robot_news_station
[100%] [32m[1mLinking CXX executable smartphone[0m
[100%] Built target smartphone
-- Install configuration: ""
-- Installing: /home/ayush/Desktop/Learning_ROS2/install/my_cpp_pkg/lib/my_cpp_pkg/cpp_node
-- Set runtime path of "/home/ayush/Desktop/Learning_ROS2/install/my_cpp_pkg/lib/my_cpp_pkg/cpp_node" to ""
-- Installing: /home/ayush/Desktop/Learning_ROS2/install/my_cpp_pkg/lib/my_cpp_pkg/robot_news_station
-- Set runtime path of "/home/ayush/Desktop/Learning_ROS2/install/my_cpp_pkg/lib/my_cpp_pkg/robot_news_station" to ""
-- Installing: /home/ayush/Desktop/Learning_ROS2/install/my_cpp_pkg/lib/my_cpp_pkg/smartphone
-- Set runtime path of "/home/ayush/Desktop/Learning_ROS2/install/my_cpp_pkg/lib/my_cpp_pkg/smartphone" to ""
-- Installing: /home/ayush/Desktop/Learning_ROS2/install/my_cpp_pkg/lib/my_cpp_pkg/hw_status_cpp
-- Set runtime path of "/home/ayush/Desktop/Learning_ROS2/install/my_cpp_pkg/lib/my_cpp_pkg/hw_status_cpp" to ""
-- Installing: /home/ayush/Desktop/Learning_ROS2/install/my_cpp_pkg/share/ament_index/resource_index/package_run_dependencies/my_cpp_pkg
-- Installing: /home/ayush/Desktop/Learning_ROS2/install/my_cpp_pkg/share/ament_index/resource_index/parent_prefix_path/my_cpp_pkg
-- Installing: /home/ayush/Desktop/Learning_ROS2/install/my_cpp_pkg/share/my_cpp_pkg/environment/ament_prefix_path.sh
-- Installing: /home/ayush/Desktop/Learning_ROS2/install/my_cpp_pkg/share/my_cpp_pkg/environment/ament_prefix_path.dsv
-- Installing: /home/ayush/Desktop/Learning_ROS2/install/my_cpp_pkg/share/my_cpp_pkg/environment/path.sh
-- Installing: /home/ayush/Desktop/Learning_ROS2/install/my_cpp_pkg/share/my_cpp_pkg/environment/path.dsv
-- Installing: /home/ayush/Desktop/Learning_ROS2/install/my_cpp_pkg/share/my_cpp_pkg/local_setup.bash
-- Installing: /home/ayush/Desktop/Learning_ROS2/install/my_cpp_pkg/share/my_cpp_pkg/local_setup.sh
-- Installing: /home/ayush/Desktop/Learning_ROS2/install/my_cpp_pkg/share/my_cpp_pkg/local_setup.zsh
-- Installing: /home/ayush/Desktop/Learning_ROS2/install/my_cpp_pkg/share/my_cpp_pkg/local_setup.dsv
-- Installing: /home/ayush/Desktop/Learning_ROS2/install/my_cpp_pkg/share/my_cpp_pkg/package.dsv
-- Installing: /home/ayush/Desktop/Learning_ROS2/install/my_cpp_pkg/share/ament_index/resource_index/packages/my_cpp_pkg
-- Installing: /home/ayush/Desktop/Learning_ROS2/install/my_cpp_pkg/share/my_cpp_pkg/cmake/my_cpp_pkgConfig.cmake
-- Installing: /home/ayush/Desktop/Learning_ROS2/install/my_cpp_pkg/share/my_cpp_pkg/cmake/my_cpp_pkgConfig-version.cmake
-- Installing: /home/ayush/Desktop/Learning_ROS2/install/my_cpp_pkg/share/my_cpp_pkg/package.xml
