[0.020s] Invoking command in '/home/ayush/Desktop/Learning_ROS2/build/my_cpp_pkg': AMENT_PREFIX_PATH=/home/ayush/Desktop/Learning_ROS2/install/my_robot_interfaces:${AMENT_PREFIX_PATH} CMAKE_PREFIX_PATH=/home/ayush/Desktop/Learning_ROS2/install/my_robot_interfaces:/home/ayush/Desktop/Learning_ROS2/ros2_ws/install/my_robot_bringup:/home/ayush/Desktop/Learning_ROS2/ros2_ws/install/my_cpp_pkg:/home/ayush/Desktop/Learning_ROS2/ros2_ws/install/my_robot_interfaces:/home/ayush/Desktop/Learning_ROS2/ros2_ws/install/turtlesim_project:/home/ayush/Desktop/Learning_ROS2/ros2_ws/install/my_py_pkg:/opt/ros/humble LD_LIBRARY_PATH=/home/ayush/Desktop/Learning_ROS2/install/my_robot_interfaces/lib:${LD_LIBRARY_PATH} PYTHONPATH=/home/ayush/Desktop/Learning_ROS2/install/my_robot_interfaces/local/lib/python3.10/dist-packages:${PYTHONPATH} /usr/bin/cmake /home/ayush/Desktop/Learning_ROS2/ros2_ws/src/my_cpp_pkg -DCMAKE_INSTALL_PREFIX=/home/ayush/Desktop/Learning_ROS2/install/my_cpp_pkg
[0.375s] -- The C compiler identification is GNU 11.4.0
[0.375s] -- The CXX compiler identification is GNU 11.4.0
[0.375s] -- Detecting C compiler ABI info
[0.375s] -- Detecting C compiler ABI info - done
[0.375s] -- Check for working C compiler: /usr/bin/cc - skipped
[0.376s] -- Detecting C compile features
[0.376s] -- Detecting C compile features - done
[0.376s] -- Detecting CXX compiler ABI info
[0.377s] -- Detecting CXX compiler ABI info - done
[0.377s] -- Check for working CXX compiler: /usr/bin/c++ - skipped
[0.377s] -- Detecting CXX compile features
[0.377s] -- Detecting CXX compile features - done
[0.377s] -- Found ament_cmake: 1.3.10 (/opt/ros/humble/share/ament_cmake/cmake)
[0.533s] -- Found Python3: /usr/bin/python3 (found version "3.10.12") found components: Interpreter 
[0.647s] -- Found rclcpp: 16.0.10 (/opt/ros/humble/share/rclcpp/cmake)
[0.704s] -- Found rosidl_generator_c: 3.1.5 (/opt/ros/humble/share/rosidl_generator_c/cmake)
[0.711s] -- Found rosidl_adapter: 3.1.5 (/opt/ros/humble/share/rosidl_adapter/cmake)
[0.721s] -- Found rosidl_generator_cpp: 3.1.5 (/opt/ros/humble/share/rosidl_generator_cpp/cmake)
[0.740s] -- Using all available rosidl_typesupport_c: rosidl_typesupport_fastrtps_c;rosidl_typesupport_introspection_c
[0.765s] -- Using all available rosidl_typesupport_cpp: rosidl_typesupport_fastrtps_cpp;rosidl_typesupport_introspection_cpp
[0.842s] -- Found rmw_implementation_cmake: 6.1.2 (/opt/ros/humble/share/rmw_implementation_cmake/cmake)
[0.847s] -- Found rmw_fastrtps_cpp: 6.2.7 (/opt/ros/humble/share/rmw_fastrtps_cpp/cmake)
[0.993s] -- Found OpenSSL: /usr/lib/x86_64-linux-gnu/libcrypto.so (found version "3.0.2")  
[1.024s] -- Found FastRTPS: /opt/ros/humble/include  
[1.069s] -- Using RMW implementation 'rmw_fastrtps_cpp' as default
[1.084s] -- Looking for pthread.h
[1.157s] -- Looking for pthread.h - found
[1.157s] -- Performing Test CMAKE_HAVE_LIBC_PTHREAD
[1.245s] -- Performing Test CMAKE_HAVE_LIBC_PTHREAD - Success
[1.246s] -- Found Threads: TRUE  
[1.319s] -- Found example_interfaces: 0.9.3 (/opt/ros/humble/share/example_interfaces/cmake)
[1.374s] -- Found my_robot_interfaces: 0.0.0 (/home/ayush/Desktop/Learning_ROS2/install/my_robot_interfaces/share/my_robot_interfaces/cmake)
[1.455s] -- Configuring done
[1.474s] -- Generating done
[1.475s] -- Build files have been written to: /home/ayush/Desktop/Learning_ROS2/build/my_cpp_pkg
[1.485s] Invoked command in '/home/ayush/Desktop/Learning_ROS2/build/my_cpp_pkg' returned '0': AMENT_PREFIX_PATH=/home/ayush/Desktop/Learning_ROS2/install/my_robot_interfaces:${AMENT_PREFIX_PATH} CMAKE_PREFIX_PATH=/home/ayush/Desktop/Learning_ROS2/install/my_robot_interfaces:/home/ayush/Desktop/Learning_ROS2/ros2_ws/install/my_robot_bringup:/home/ayush/Desktop/Learning_ROS2/ros2_ws/install/my_cpp_pkg:/home/ayush/Desktop/Learning_ROS2/ros2_ws/install/my_robot_interfaces:/home/ayush/Desktop/Learning_ROS2/ros2_ws/install/turtlesim_project:/home/ayush/Desktop/Learning_ROS2/ros2_ws/install/my_py_pkg:/opt/ros/humble LD_LIBRARY_PATH=/home/ayush/Desktop/Learning_ROS2/install/my_robot_interfaces/lib:${LD_LIBRARY_PATH} PYTHONPATH=/home/ayush/Desktop/Learning_ROS2/install/my_robot_interfaces/local/lib/python3.10/dist-packages:${PYTHONPATH} /usr/bin/cmake /home/ayush/Desktop/Learning_ROS2/ros2_ws/src/my_cpp_pkg -DCMAKE_INSTALL_PREFIX=/home/ayush/Desktop/Learning_ROS2/install/my_cpp_pkg
[1.486s] Invoking command in '/home/ayush/Desktop/Learning_ROS2/build/my_cpp_pkg': AMENT_PREFIX_PATH=/home/ayush/Desktop/Learning_ROS2/install/my_robot_interfaces:${AMENT_PREFIX_PATH} CMAKE_PREFIX_PATH=/home/ayush/Desktop/Learning_ROS2/install/my_robot_interfaces:/home/ayush/Desktop/Learning_ROS2/ros2_ws/install/my_robot_bringup:/home/ayush/Desktop/Learning_ROS2/ros2_ws/install/my_cpp_pkg:/home/ayush/Desktop/Learning_ROS2/ros2_ws/install/my_robot_interfaces:/home/ayush/Desktop/Learning_ROS2/ros2_ws/install/turtlesim_project:/home/ayush/Desktop/Learning_ROS2/ros2_ws/install/my_py_pkg:/opt/ros/humble LD_LIBRARY_PATH=/home/ayush/Desktop/Learning_ROS2/install/my_robot_interfaces/lib:${LD_LIBRARY_PATH} PYTHONPATH=/home/ayush/Desktop/Learning_ROS2/install/my_robot_interfaces/local/lib/python3.10/dist-packages:${PYTHONPATH} /usr/bin/cmake --build /home/ayush/Desktop/Learning_ROS2/build/my_cpp_pkg -- -j8 -l8
[1.544s] [ 12%] [32mBuilding CXX object CMakeFiles/hw_status_cpp.dir/src/hw_status_publisher.cpp.o[0m
[1.547s] [ 25%] [32mBuilding CXX object CMakeFiles/robot_news_station.dir/src/robot_news_station.cpp.o[0m
[1.547s] [ 37%] [32mBuilding CXX object CMakeFiles/smartphone.dir/src/smartphone.cpp.o[0m
[1.551s] [ 50%] [32mBuilding CXX object CMakeFiles/cpp_node.dir/src/my_first_node.cpp.o[0m
[5.180s] [ 62%] [32m[1mLinking CXX executable cpp_node[0m
[5.383s] [ 62%] Built target cpp_node
[6.468s] [ 75%] [32m[1mLinking CXX executable hw_status_cpp[0m
[6.565s] [ 87%] [32m[1mLinking CXX executable robot_news_station[0m
[6.683s] [ 87%] Built target hw_status_cpp
[6.785s] [ 87%] Built target robot_news_station
[10.508s] [100%] [32m[1mLinking CXX executable smartphone[0m
[10.892s] [100%] Built target smartphone
[10.904s] Invoked command in '/home/ayush/Desktop/Learning_ROS2/build/my_cpp_pkg' returned '0': AMENT_PREFIX_PATH=/home/ayush/Desktop/Learning_ROS2/install/my_robot_interfaces:${AMENT_PREFIX_PATH} CMAKE_PREFIX_PATH=/home/ayush/Desktop/Learning_ROS2/install/my_robot_interfaces:/home/ayush/Desktop/Learning_ROS2/ros2_ws/install/my_robot_bringup:/home/ayush/Desktop/Learning_ROS2/ros2_ws/install/my_cpp_pkg:/home/ayush/Desktop/Learning_ROS2/ros2_ws/install/my_robot_interfaces:/home/ayush/Desktop/Learning_ROS2/ros2_ws/install/turtlesim_project:/home/ayush/Desktop/Learning_ROS2/ros2_ws/install/my_py_pkg:/opt/ros/humble LD_LIBRARY_PATH=/home/ayush/Desktop/Learning_ROS2/install/my_robot_interfaces/lib:${LD_LIBRARY_PATH} PYTHONPATH=/home/ayush/Desktop/Learning_ROS2/install/my_robot_interfaces/local/lib/python3.10/dist-packages:${PYTHONPATH} /usr/bin/cmake --build /home/ayush/Desktop/Learning_ROS2/build/my_cpp_pkg -- -j8 -l8
[10.940s] Invoking command in '/home/ayush/Desktop/Learning_ROS2/build/my_cpp_pkg': AMENT_PREFIX_PATH=/home/ayush/Desktop/Learning_ROS2/install/my_robot_interfaces:${AMENT_PREFIX_PATH} CMAKE_PREFIX_PATH=/home/ayush/Desktop/Learning_ROS2/install/my_robot_interfaces:/home/ayush/Desktop/Learning_ROS2/ros2_ws/install/my_robot_bringup:/home/ayush/Desktop/Learning_ROS2/ros2_ws/install/my_cpp_pkg:/home/ayush/Desktop/Learning_ROS2/ros2_ws/install/my_robot_interfaces:/home/ayush/Desktop/Learning_ROS2/ros2_ws/install/turtlesim_project:/home/ayush/Desktop/Learning_ROS2/ros2_ws/install/my_py_pkg:/opt/ros/humble LD_LIBRARY_PATH=/home/ayush/Desktop/Learning_ROS2/install/my_robot_interfaces/lib:${LD_LIBRARY_PATH} PYTHONPATH=/home/ayush/Desktop/Learning_ROS2/install/my_robot_interfaces/local/lib/python3.10/dist-packages:${PYTHONPATH} /usr/bin/cmake --install /home/ayush/Desktop/Learning_ROS2/build/my_cpp_pkg
[10.948s] -- Install configuration: ""
[10.948s] -- Installing: /home/ayush/Desktop/Learning_ROS2/install/my_cpp_pkg/lib/my_cpp_pkg/cpp_node
[10.948s] -- Set runtime path of "/home/ayush/Desktop/Learning_ROS2/install/my_cpp_pkg/lib/my_cpp_pkg/cpp_node" to ""
[10.948s] -- Installing: /home/ayush/Desktop/Learning_ROS2/install/my_cpp_pkg/lib/my_cpp_pkg/robot_news_station
[10.950s] -- Set runtime path of "/home/ayush/Desktop/Learning_ROS2/install/my_cpp_pkg/lib/my_cpp_pkg/robot_news_station" to ""
[10.950s] -- Installing: /home/ayush/Desktop/Learning_ROS2/install/my_cpp_pkg/lib/my_cpp_pkg/smartphone
[10.953s] -- Set runtime path of "/home/ayush/Desktop/Learning_ROS2/install/my_cpp_pkg/lib/my_cpp_pkg/smartphone" to ""
[10.953s] -- Installing: /home/ayush/Desktop/Learning_ROS2/install/my_cpp_pkg/lib/my_cpp_pkg/hw_status_cpp
[10.954s] -- Set runtime path of "/home/ayush/Desktop/Learning_ROS2/install/my_cpp_pkg/lib/my_cpp_pkg/hw_status_cpp" to ""
[10.954s] -- Installing: /home/ayush/Desktop/Learning_ROS2/install/my_cpp_pkg/share/ament_index/resource_index/package_run_dependencies/my_cpp_pkg
[10.954s] -- Installing: /home/ayush/Desktop/Learning_ROS2/install/my_cpp_pkg/share/ament_index/resource_index/parent_prefix_path/my_cpp_pkg
[10.955s] -- Installing: /home/ayush/Desktop/Learning_ROS2/install/my_cpp_pkg/share/my_cpp_pkg/environment/ament_prefix_path.sh
[10.955s] -- Installing: /home/ayush/Desktop/Learning_ROS2/install/my_cpp_pkg/share/my_cpp_pkg/environment/ament_prefix_path.dsv
[10.955s] -- Installing: /home/ayush/Desktop/Learning_ROS2/install/my_cpp_pkg/share/my_cpp_pkg/environment/path.sh
[10.955s] -- Installing: /home/ayush/Desktop/Learning_ROS2/install/my_cpp_pkg/share/my_cpp_pkg/environment/path.dsv
[10.955s] -- Installing: /home/ayush/Desktop/Learning_ROS2/install/my_cpp_pkg/share/my_cpp_pkg/local_setup.bash
[10.955s] -- Installing: /home/ayush/Desktop/Learning_ROS2/install/my_cpp_pkg/share/my_cpp_pkg/local_setup.sh
[10.956s] -- Installing: /home/ayush/Desktop/Learning_ROS2/install/my_cpp_pkg/share/my_cpp_pkg/local_setup.zsh
[10.956s] -- Installing: /home/ayush/Desktop/Learning_ROS2/install/my_cpp_pkg/share/my_cpp_pkg/local_setup.dsv
[10.956s] -- Installing: /home/ayush/Desktop/Learning_ROS2/install/my_cpp_pkg/share/my_cpp_pkg/package.dsv
[10.956s] -- Installing: /home/ayush/Desktop/Learning_ROS2/install/my_cpp_pkg/share/ament_index/resource_index/packages/my_cpp_pkg
[10.956s] -- Installing: /home/ayush/Desktop/Learning_ROS2/install/my_cpp_pkg/share/my_cpp_pkg/cmake/my_cpp_pkgConfig.cmake
[10.956s] -- Installing: /home/ayush/Desktop/Learning_ROS2/install/my_cpp_pkg/share/my_cpp_pkg/cmake/my_cpp_pkgConfig-version.cmake
[10.957s] -- Installing: /home/ayush/Desktop/Learning_ROS2/install/my_cpp_pkg/share/my_cpp_pkg/package.xml
[10.959s] Invoked command in '/home/ayush/Desktop/Learning_ROS2/build/my_cpp_pkg' returned '0': AMENT_PREFIX_PATH=/home/ayush/Desktop/Learning_ROS2/install/my_robot_interfaces:${AMENT_PREFIX_PATH} CMAKE_PREFIX_PATH=/home/ayush/Desktop/Learning_ROS2/install/my_robot_interfaces:/home/ayush/Desktop/Learning_ROS2/ros2_ws/install/my_robot_bringup:/home/ayush/Desktop/Learning_ROS2/ros2_ws/install/my_cpp_pkg:/home/ayush/Desktop/Learning_ROS2/ros2_ws/install/my_robot_interfaces:/home/ayush/Desktop/Learning_ROS2/ros2_ws/install/turtlesim_project:/home/ayush/Desktop/Learning_ROS2/ros2_ws/install/my_py_pkg:/opt/ros/humble LD_LIBRARY_PATH=/home/ayush/Desktop/Learning_ROS2/install/my_robot_interfaces/lib:${LD_LIBRARY_PATH} PYTHONPATH=/home/ayush/Desktop/Learning_ROS2/install/my_robot_interfaces/local/lib/python3.10/dist-packages:${PYTHONPATH} /usr/bin/cmake --install /home/ayush/Desktop/Learning_ROS2/build/my_cpp_pkg
