[0.011s] Invoking command in '/home/ayush/Desktop/Learning_ROS2/ros2_ws/src/build/my_robot_interfaces': CMAKE_PREFIX_PATH=/opt/ros/humble /usr/bin/cmake /home/ayush/Desktop/Learning_ROS2/ros2_ws/src/my_robot_interfaces -DCMAKE_INSTALL_PREFIX=/home/ayush/Desktop/Learning_ROS2/ros2_ws/src/install/my_robot_interfaces
[0.125s] -- The C compiler identification is GNU 11.4.0
[0.237s] -- The CXX compiler identification is GNU 11.4.0
[0.253s] -- Detecting C compiler ABI info
[0.361s] -- Detecting C compiler ABI info - done
[0.386s] -- Check for working C compiler: /usr/bin/cc - skipped
[0.387s] -- Detecting C compile features
[0.393s] -- Detecting C compile features - done
[0.396s] -- Detecting CXX compiler ABI info
[0.496s] -- Detecting CXX compiler ABI info - done
[0.523s] -- Check for working CXX compiler: /usr/bin/c++ - skipped
[0.523s] -- Detecting CXX compile features
[0.524s] -- Detecting CXX compile features - done
[0.540s] -- Found ament_cmake: 1.3.10 (/opt/ros/humble/share/ament_cmake/cmake)
[0.738s] -- Found Python3: /usr/bin/python3 (found version "3.10.12") found components: Interpreter 
[0.863s] -- Found rosidl_default_generators: 1.2.0 (/opt/ros/humble/share/rosidl_default_generators/cmake)
[0.872s] -- Using all available rosidl_typesupport_c: rosidl_typesupport_fastrtps_c;rosidl_typesupport_introspection_c
[0.882s] -- Found rosidl_adapter: 3.1.5 (/opt/ros/humble/share/rosidl_adapter/cmake)
[0.966s] -- Using all available rosidl_typesupport_cpp: rosidl_typesupport_fastrtps_cpp;rosidl_typesupport_introspection_cpp
[1.378s] -- Found ament_cmake_ros: 0.10.0 (/opt/ros/humble/share/ament_cmake_ros/cmake)
[1.624s] -- Using all available rosidl_typesupport_c: rosidl_typesupport_fastrtps_c;rosidl_typesupport_introspection_c
[1.925s] -- Using all available rosidl_typesupport_cpp: rosidl_typesupport_fastrtps_cpp;rosidl_typesupport_introspection_cpp
[1.955s] -- Found PythonInterp: /usr/bin/python3 (found suitable version "3.10.12", minimum required is "3.6") 
[1.958s] -- Found python_cmake_module: 0.10.0 (/opt/ros/humble/share/python_cmake_module/cmake)
[2.008s] -- Found PythonLibs: /usr/lib/x86_64-linux-gnu/libpython3.10.so (found suitable version "3.10.12", minimum required is "3.5") 
[2.009s] -- Using PYTHON_EXECUTABLE: /usr/bin/python3
[2.009s] -- Using PYTHON_INCLUDE_DIRS: /usr/include/python3.10
[2.009s] -- Using PYTHON_LIBRARIES: /usr/lib/x86_64-linux-gnu/libpython3.10.so
[2.041s] -- Found PythonExtra: .so  
[2.097s] -- Configuring done
[2.160s] -- Generating done
[2.166s] -- Build files have been written to: /home/ayush/Desktop/Learning_ROS2/ros2_ws/src/build/my_robot_interfaces
[2.180s] Invoked command in '/home/ayush/Desktop/Learning_ROS2/ros2_ws/src/build/my_robot_interfaces' returned '0': CMAKE_PREFIX_PATH=/opt/ros/humble /usr/bin/cmake /home/ayush/Desktop/Learning_ROS2/ros2_ws/src/my_robot_interfaces -DCMAKE_INSTALL_PREFIX=/home/ayush/Desktop/Learning_ROS2/ros2_ws/src/install/my_robot_interfaces
[2.184s] Invoking command in '/home/ayush/Desktop/Learning_ROS2/ros2_ws/src/build/my_robot_interfaces': CMAKE_PREFIX_PATH=/opt/ros/humble /usr/bin/cmake --build /home/ayush/Desktop/Learning_ROS2/ros2_ws/src/build/my_robot_interfaces -- -j8 -l8
[2.239s] [  3%] [34m[1mGenerating C code for ROS interfaces[0m
[2.257s] [  6%] [34m[1mGenerating C++ code for ROS interfaces[0m
[2.275s] [  6%] Built target ament_cmake_python_copy_my_robot_interfaces
[2.769s] [  9%] [32mBuilding C object CMakeFiles/my_robot_interfaces__rosidl_generator_c.dir/rosidl_generator_c/my_robot_interfaces/msg/detail/hardware_status__functions.c.o[0m
[2.807s] [  9%] Built target my_robot_interfaces__cpp
[2.822s] [ 12%] [34m[1mGenerating C++ introspection for ROS interfaces[0m
[2.824s] [ 19%] [34m[1mGenerating C++ type support for eProsima Fast-RTPS[0m
[2.825s] [ 19%] [34m[1mGenerating C++ type support dispatch for ROS interfaces[0m
[2.842s] running egg_info
[2.842s] creating my_robot_interfaces.egg-info
[2.842s] writing my_robot_interfaces.egg-info/PKG-INFO
[2.842s] writing dependency_links to my_robot_interfaces.egg-info/dependency_links.txt
[2.843s] writing top-level names to my_robot_interfaces.egg-info/top_level.txt
[2.843s] writing manifest file 'my_robot_interfaces.egg-info/SOURCES.txt'
[2.846s] reading manifest file 'my_robot_interfaces.egg-info/SOURCES.txt'
[2.847s] writing manifest file 'my_robot_interfaces.egg-info/SOURCES.txt'
[2.870s] [ 22%] [32m[1mLinking C shared library libmy_robot_interfaces__rosidl_generator_c.so[0m
[2.896s] [ 22%] Built target ament_cmake_python_build_my_robot_interfaces_egg
[2.937s] [ 22%] Built target my_robot_interfaces__rosidl_generator_c
[2.951s] [ 25%] [34m[1mGenerating C introspection for ROS interfaces[0m
[2.953s] [ 32%] [34m[1mGenerating C type support dispatch for ROS interfaces[0m
[2.954s] [ 32%] [34m[1mGenerating C type support for eProsima Fast-RTPS[0m
[3.307s] [ 35%] [32mBuilding CXX object CMakeFiles/my_robot_interfaces__rosidl_typesupport_cpp.dir/rosidl_typesupport_cpp/my_robot_interfaces/msg/hardware_status__type_support.cpp.o[0m
[3.425s] [ 38%] [32mBuilding CXX object CMakeFiles/my_robot_interfaces__rosidl_typesupport_fastrtps_cpp.dir/rosidl_typesupport_fastrtps_cpp/my_robot_interfaces/msg/detail/dds_fastrtps/hardware_status__type_support.cpp.o[0m
[3.445s] [ 41%] [32mBuilding CXX object CMakeFiles/my_robot_interfaces__rosidl_typesupport_introspection_cpp.dir/rosidl_typesupport_introspection_cpp/my_robot_interfaces/msg/detail/hardware_status__type_support.cpp.o[0m
[3.509s] [ 45%] [32mBuilding C object CMakeFiles/my_robot_interfaces__rosidl_typesupport_introspection_c.dir/rosidl_typesupport_introspection_c/my_robot_interfaces/msg/detail/hardware_status__type_support.c.o[0m
[3.510s] [ 48%] [32mBuilding CXX object CMakeFiles/my_robot_interfaces__rosidl_typesupport_fastrtps_c.dir/rosidl_typesupport_fastrtps_c/my_robot_interfaces/msg/detail/hardware_status__type_support_c.cpp.o[0m
[3.524s] [ 51%] [32mBuilding CXX object CMakeFiles/my_robot_interfaces__rosidl_typesupport_c.dir/rosidl_typesupport_c/my_robot_interfaces/msg/hardware_status__type_support.cpp.o[0m
[3.581s] [ 54%] [32m[1mLinking C shared library libmy_robot_interfaces__rosidl_typesupport_introspection_c.so[0m
[3.605s] [ 58%] [32m[1mLinking CXX shared library libmy_robot_interfaces__rosidl_typesupport_c.so[0m
[3.643s] [ 58%] Built target my_robot_interfaces__rosidl_typesupport_introspection_c
[3.693s] [ 58%] Built target my_robot_interfaces__rosidl_typesupport_c
[3.878s] [ 61%] [32m[1mLinking CXX shared library libmy_robot_interfaces__rosidl_typesupport_cpp.so[0m
[3.950s] [ 61%] Built target my_robot_interfaces__rosidl_typesupport_cpp
[4.097s] [ 64%] [32m[1mLinking CXX shared library libmy_robot_interfaces__rosidl_typesupport_fastrtps_c.so[0m
[4.113s] [ 67%] [32m[1mLinking CXX shared library libmy_robot_interfaces__rosidl_typesupport_introspection_cpp.so[0m
[4.129s] [ 70%] [32m[1mLinking CXX shared library libmy_robot_interfaces__rosidl_typesupport_fastrtps_cpp.so[0m
[4.225s] [ 70%] Built target my_robot_interfaces__rosidl_typesupport_introspection_cpp
[4.225s] [ 70%] Built target my_robot_interfaces__rosidl_typesupport_fastrtps_c
[4.245s] [ 70%] Built target my_robot_interfaces__rosidl_typesupport_fastrtps_cpp
[4.267s] [ 70%] Built target my_robot_interfaces
[4.290s] [ 74%] [34m[1mGenerating Python code for ROS interfaces[0m
[4.678s] [ 74%] Built target my_robot_interfaces__py
[4.703s] [ 77%] [32mBuilding C object CMakeFiles/my_robot_interfaces__rosidl_generator_py.dir/rosidl_generator_py/my_robot_interfaces/msg/_hardware_status_s.c.o[0m
[4.825s] [ 80%] [32m[1mLinking C shared library rosidl_generator_py/my_robot_interfaces/libmy_robot_interfaces__rosidl_generator_py.so[0m
[4.871s] [ 80%] Built target my_robot_interfaces__rosidl_generator_py
[4.893s] [ 87%] [32mBuilding C object CMakeFiles/my_robot_interfaces__rosidl_typesupport_c__pyext.dir/rosidl_generator_py/my_robot_interfaces/_my_robot_interfaces_s.ep.rosidl_typesupport_c.c.o[0m
[4.893s] [ 87%] [32mBuilding C object CMakeFiles/my_robot_interfaces__rosidl_typesupport_fastrtps_c__pyext.dir/rosidl_generator_py/my_robot_interfaces/_my_robot_interfaces_s.ep.rosidl_typesupport_fastrtps_c.c.o[0m
[4.895s] [ 90%] [32mBuilding C object CMakeFiles/my_robot_interfaces__rosidl_typesupport_introspection_c__pyext.dir/rosidl_generator_py/my_robot_interfaces/_my_robot_interfaces_s.ep.rosidl_typesupport_introspection_c.c.o[0m
[5.020s] [ 93%] [32m[1mLinking C shared library rosidl_generator_py/my_robot_interfaces/my_robot_interfaces_s__rosidl_typesupport_c.cpython-310-x86_64-linux-gnu.so[0m
[5.028s] [ 96%] [32m[1mLinking C shared library rosidl_generator_py/my_robot_interfaces/my_robot_interfaces_s__rosidl_typesupport_fastrtps_c.cpython-310-x86_64-linux-gnu.so[0m
[5.034s] [100%] [32m[1mLinking C shared library rosidl_generator_py/my_robot_interfaces/my_robot_interfaces_s__rosidl_typesupport_introspection_c.cpython-310-x86_64-linux-gnu.so[0m
[5.074s] [100%] Built target my_robot_interfaces__rosidl_typesupport_c__pyext
[5.082s] [100%] Built target my_robot_interfaces__rosidl_typesupport_fastrtps_c__pyext
[5.090s] [100%] Built target my_robot_interfaces__rosidl_typesupport_introspection_c__pyext
[5.105s] Invoked command in '/home/ayush/Desktop/Learning_ROS2/ros2_ws/src/build/my_robot_interfaces' returned '0': CMAKE_PREFIX_PATH=/opt/ros/humble /usr/bin/cmake --build /home/ayush/Desktop/Learning_ROS2/ros2_ws/src/build/my_robot_interfaces -- -j8 -l8
[5.187s] Invoking command in '/home/ayush/Desktop/Learning_ROS2/ros2_ws/src/build/my_robot_interfaces': CMAKE_PREFIX_PATH=/opt/ros/humble /usr/bin/cmake --install /home/ayush/Desktop/Learning_ROS2/ros2_ws/src/build/my_robot_interfaces
[5.196s] -- Install configuration: ""
[5.197s] -- Installing: /home/ayush/Desktop/Learning_ROS2/ros2_ws/src/install/my_robot_interfaces/share/ament_index/resource_index/rosidl_interfaces/my_robot_interfaces
[5.197s] -- Installing: /home/ayush/Desktop/Learning_ROS2/ros2_ws/src/install/my_robot_interfaces/include/my_robot_interfaces/my_robot_interfaces
[5.198s] -- Installing: /home/ayush/Desktop/Learning_ROS2/ros2_ws/src/install/my_robot_interfaces/include/my_robot_interfaces/my_robot_interfaces/msg
[5.198s] -- Installing: /home/ayush/Desktop/Learning_ROS2/ros2_ws/src/install/my_robot_interfaces/include/my_robot_interfaces/my_robot_interfaces/msg/rosidl_generator_c__visibility_control.h
[5.198s] -- Installing: /home/ayush/Desktop/Learning_ROS2/ros2_ws/src/install/my_robot_interfaces/include/my_robot_interfaces/my_robot_interfaces/msg/detail
[5.198s] -- Installing: /home/ayush/Desktop/Learning_ROS2/ros2_ws/src/install/my_robot_interfaces/include/my_robot_interfaces/my_robot_interfaces/msg/detail/hardware_status__type_support.h
[5.198s] -- Installing: /home/ayush/Desktop/Learning_ROS2/ros2_ws/src/install/my_robot_interfaces/include/my_robot_interfaces/my_robot_interfaces/msg/detail/hardware_status__functions.h
[5.199s] -- Installing: /home/ayush/Desktop/Learning_ROS2/ros2_ws/src/install/my_robot_interfaces/include/my_robot_interfaces/my_robot_interfaces/msg/detail/hardware_status__struct.h
[5.199s] -- Installing: /home/ayush/Desktop/Learning_ROS2/ros2_ws/src/install/my_robot_interfaces/include/my_robot_interfaces/my_robot_interfaces/msg/detail/hardware_status__functions.c
[5.199s] -- Installing: /home/ayush/Desktop/Learning_ROS2/ros2_ws/src/install/my_robot_interfaces/include/my_robot_interfaces/my_robot_interfaces/msg/hardware_status.h
[5.199s] -- Installing: /home/ayush/Desktop/Learning_ROS2/ros2_ws/src/install/my_robot_interfaces/share/my_robot_interfaces/environment/library_path.sh
[5.200s] -- Installing: /home/ayush/Desktop/Learning_ROS2/ros2_ws/src/install/my_robot_interfaces/share/my_robot_interfaces/environment/library_path.dsv
[5.200s] -- Installing: /home/ayush/Desktop/Learning_ROS2/ros2_ws/src/install/my_robot_interfaces/lib/libmy_robot_interfaces__rosidl_generator_c.so
[5.201s] -- Set runtime path of "/home/ayush/Desktop/Learning_ROS2/ros2_ws/src/install/my_robot_interfaces/lib/libmy_robot_interfaces__rosidl_generator_c.so" to ""
[5.202s] -- Up-to-date: /home/ayush/Desktop/Learning_ROS2/ros2_ws/src/install/my_robot_interfaces/include/my_robot_interfaces/my_robot_interfaces
[5.202s] -- Up-to-date: /home/ayush/Desktop/Learning_ROS2/ros2_ws/src/install/my_robot_interfaces/include/my_robot_interfaces/my_robot_interfaces/msg
[5.202s] -- Up-to-date: /home/ayush/Desktop/Learning_ROS2/ros2_ws/src/install/my_robot_interfaces/include/my_robot_interfaces/my_robot_interfaces/msg/detail
[5.202s] -- Installing: /home/ayush/Desktop/Learning_ROS2/ros2_ws/src/install/my_robot_interfaces/include/my_robot_interfaces/my_robot_interfaces/msg/detail/hardware_status__rosidl_typesupport_fastrtps_c.h
[5.202s] -- Installing: /home/ayush/Desktop/Learning_ROS2/ros2_ws/src/install/my_robot_interfaces/include/my_robot_interfaces/my_robot_interfaces/msg/rosidl_typesupport_fastrtps_c__visibility_control.h
[5.202s] -- Installing: /home/ayush/Desktop/Learning_ROS2/ros2_ws/src/install/my_robot_interfaces/lib/libmy_robot_interfaces__rosidl_typesupport_fastrtps_c.so
[5.203s] -- Set runtime path of "/home/ayush/Desktop/Learning_ROS2/ros2_ws/src/install/my_robot_interfaces/lib/libmy_robot_interfaces__rosidl_typesupport_fastrtps_c.so" to ""
[5.203s] -- Up-to-date: /home/ayush/Desktop/Learning_ROS2/ros2_ws/src/install/my_robot_interfaces/include/my_robot_interfaces/my_robot_interfaces
[5.203s] -- Up-to-date: /home/ayush/Desktop/Learning_ROS2/ros2_ws/src/install/my_robot_interfaces/include/my_robot_interfaces/my_robot_interfaces/msg
[5.203s] -- Up-to-date: /home/ayush/Desktop/Learning_ROS2/ros2_ws/src/install/my_robot_interfaces/include/my_robot_interfaces/my_robot_interfaces/msg/detail
[5.203s] -- Installing: /home/ayush/Desktop/Learning_ROS2/ros2_ws/src/install/my_robot_interfaces/include/my_robot_interfaces/my_robot_interfaces/msg/detail/hardware_status__rosidl_typesupport_introspection_c.h
[5.203s] -- Installing: /home/ayush/Desktop/Learning_ROS2/ros2_ws/src/install/my_robot_interfaces/include/my_robot_interfaces/my_robot_interfaces/msg/detail/hardware_status__type_support.c
[5.203s] -- Installing: /home/ayush/Desktop/Learning_ROS2/ros2_ws/src/install/my_robot_interfaces/include/my_robot_interfaces/my_robot_interfaces/msg/rosidl_typesupport_introspection_c__visibility_control.h
[5.203s] -- Installing: /home/ayush/Desktop/Learning_ROS2/ros2_ws/src/install/my_robot_interfaces/lib/libmy_robot_interfaces__rosidl_typesupport_introspection_c.so
[5.204s] -- Set runtime path of "/home/ayush/Desktop/Learning_ROS2/ros2_ws/src/install/my_robot_interfaces/lib/libmy_robot_interfaces__rosidl_typesupport_introspection_c.so" to ""
[5.204s] -- Installing: /home/ayush/Desktop/Learning_ROS2/ros2_ws/src/install/my_robot_interfaces/lib/libmy_robot_interfaces__rosidl_typesupport_c.so
[5.205s] -- Set runtime path of "/home/ayush/Desktop/Learning_ROS2/ros2_ws/src/install/my_robot_interfaces/lib/libmy_robot_interfaces__rosidl_typesupport_c.so" to ""
[5.205s] -- Up-to-date: /home/ayush/Desktop/Learning_ROS2/ros2_ws/src/install/my_robot_interfaces/include/my_robot_interfaces/my_robot_interfaces
[5.205s] -- Up-to-date: /home/ayush/Desktop/Learning_ROS2/ros2_ws/src/install/my_robot_interfaces/include/my_robot_interfaces/my_robot_interfaces/msg
[5.205s] -- Installing: /home/ayush/Desktop/Learning_ROS2/ros2_ws/src/install/my_robot_interfaces/include/my_robot_interfaces/my_robot_interfaces/msg/hardware_status.hpp
[5.205s] -- Up-to-date: /home/ayush/Desktop/Learning_ROS2/ros2_ws/src/install/my_robot_interfaces/include/my_robot_interfaces/my_robot_interfaces/msg/detail
[5.205s] -- Installing: /home/ayush/Desktop/Learning_ROS2/ros2_ws/src/install/my_robot_interfaces/include/my_robot_interfaces/my_robot_interfaces/msg/detail/hardware_status__struct.hpp
[5.206s] -- Installing: /home/ayush/Desktop/Learning_ROS2/ros2_ws/src/install/my_robot_interfaces/include/my_robot_interfaces/my_robot_interfaces/msg/detail/hardware_status__traits.hpp
[5.206s] -- Installing: /home/ayush/Desktop/Learning_ROS2/ros2_ws/src/install/my_robot_interfaces/include/my_robot_interfaces/my_robot_interfaces/msg/detail/hardware_status__builder.hpp
[5.206s] -- Up-to-date: /home/ayush/Desktop/Learning_ROS2/ros2_ws/src/install/my_robot_interfaces/include/my_robot_interfaces/my_robot_interfaces
[5.206s] -- Up-to-date: /home/ayush/Desktop/Learning_ROS2/ros2_ws/src/install/my_robot_interfaces/include/my_robot_interfaces/my_robot_interfaces/msg
[5.206s] -- Up-to-date: /home/ayush/Desktop/Learning_ROS2/ros2_ws/src/install/my_robot_interfaces/include/my_robot_interfaces/my_robot_interfaces/msg/detail
[5.206s] -- Installing: /home/ayush/Desktop/Learning_ROS2/ros2_ws/src/install/my_robot_interfaces/include/my_robot_interfaces/my_robot_interfaces/msg/detail/dds_fastrtps
[5.206s] -- Installing: /home/ayush/Desktop/Learning_ROS2/ros2_ws/src/install/my_robot_interfaces/include/my_robot_interfaces/my_robot_interfaces/msg/detail/hardware_status__rosidl_typesupport_fastrtps_cpp.hpp
[5.207s] -- Installing: /home/ayush/Desktop/Learning_ROS2/ros2_ws/src/install/my_robot_interfaces/include/my_robot_interfaces/my_robot_interfaces/msg/rosidl_typesupport_fastrtps_cpp__visibility_control.h
[5.207s] -- Installing: /home/ayush/Desktop/Learning_ROS2/ros2_ws/src/install/my_robot_interfaces/lib/libmy_robot_interfaces__rosidl_typesupport_fastrtps_cpp.so
[5.207s] -- Set runtime path of "/home/ayush/Desktop/Learning_ROS2/ros2_ws/src/install/my_robot_interfaces/lib/libmy_robot_interfaces__rosidl_typesupport_fastrtps_cpp.so" to ""
[5.208s] -- Up-to-date: /home/ayush/Desktop/Learning_ROS2/ros2_ws/src/install/my_robot_interfaces/include/my_robot_interfaces/my_robot_interfaces
[5.208s] -- Up-to-date: /home/ayush/Desktop/Learning_ROS2/ros2_ws/src/install/my_robot_interfaces/include/my_robot_interfaces/my_robot_interfaces/msg
[5.208s] -- Up-to-date: /home/ayush/Desktop/Learning_ROS2/ros2_ws/src/install/my_robot_interfaces/include/my_robot_interfaces/my_robot_interfaces/msg/detail
[5.208s] -- Installing: /home/ayush/Desktop/Learning_ROS2/ros2_ws/src/install/my_robot_interfaces/include/my_robot_interfaces/my_robot_interfaces/msg/detail/hardware_status__rosidl_typesupport_introspection_cpp.hpp
[5.208s] -- Installing: /home/ayush/Desktop/Learning_ROS2/ros2_ws/src/install/my_robot_interfaces/include/my_robot_interfaces/my_robot_interfaces/msg/detail/hardware_status__type_support.cpp
[5.208s] -- Installing: /home/ayush/Desktop/Learning_ROS2/ros2_ws/src/install/my_robot_interfaces/lib/libmy_robot_interfaces__rosidl_typesupport_introspection_cpp.so
[5.209s] -- Set runtime path of "/home/ayush/Desktop/Learning_ROS2/ros2_ws/src/install/my_robot_interfaces/lib/libmy_robot_interfaces__rosidl_typesupport_introspection_cpp.so" to ""
[5.209s] -- Installing: /home/ayush/Desktop/Learning_ROS2/ros2_ws/src/install/my_robot_interfaces/lib/libmy_robot_interfaces__rosidl_typesupport_cpp.so
[5.209s] -- Set runtime path of "/home/ayush/Desktop/Learning_ROS2/ros2_ws/src/install/my_robot_interfaces/lib/libmy_robot_interfaces__rosidl_typesupport_cpp.so" to ""
[5.209s] -- Installing: /home/ayush/Desktop/Learning_ROS2/ros2_ws/src/install/my_robot_interfaces/share/my_robot_interfaces/environment/pythonpath.sh
[5.209s] -- Installing: /home/ayush/Desktop/Learning_ROS2/ros2_ws/src/install/my_robot_interfaces/share/my_robot_interfaces/environment/pythonpath.dsv
[5.210s] -- Installing: /home/ayush/Desktop/Learning_ROS2/ros2_ws/src/install/my_robot_interfaces/local/lib/python3.10/dist-packages/my_robot_interfaces-0.0.0-py3.10.egg-info
[5.210s] -- Installing: /home/ayush/Desktop/Learning_ROS2/ros2_ws/src/install/my_robot_interfaces/local/lib/python3.10/dist-packages/my_robot_interfaces-0.0.0-py3.10.egg-info/dependency_links.txt
[5.210s] -- Installing: /home/ayush/Desktop/Learning_ROS2/ros2_ws/src/install/my_robot_interfaces/local/lib/python3.10/dist-packages/my_robot_interfaces-0.0.0-py3.10.egg-info/PKG-INFO
[5.210s] -- Installing: /home/ayush/Desktop/Learning_ROS2/ros2_ws/src/install/my_robot_interfaces/local/lib/python3.10/dist-packages/my_robot_interfaces-0.0.0-py3.10.egg-info/top_level.txt
[5.211s] -- Installing: /home/ayush/Desktop/Learning_ROS2/ros2_ws/src/install/my_robot_interfaces/local/lib/python3.10/dist-packages/my_robot_interfaces-0.0.0-py3.10.egg-info/SOURCES.txt
[5.211s] -- Installing: /home/ayush/Desktop/Learning_ROS2/ros2_ws/src/install/my_robot_interfaces/local/lib/python3.10/dist-packages/my_robot_interfaces
[5.211s] -- Installing: /home/ayush/Desktop/Learning_ROS2/ros2_ws/src/install/my_robot_interfaces/local/lib/python3.10/dist-packages/my_robot_interfaces/msg
[5.212s] -- Installing: /home/ayush/Desktop/Learning_ROS2/ros2_ws/src/install/my_robot_interfaces/local/lib/python3.10/dist-packages/my_robot_interfaces/msg/_hardware_status.py
[5.212s] -- Installing: /home/ayush/Desktop/Learning_ROS2/ros2_ws/src/install/my_robot_interfaces/local/lib/python3.10/dist-packages/my_robot_interfaces/msg/__init__.py
[5.213s] -- Installing: /home/ayush/Desktop/Learning_ROS2/ros2_ws/src/install/my_robot_interfaces/local/lib/python3.10/dist-packages/my_robot_interfaces/msg/_hardware_status_s.c
[5.213s] -- Installing: /home/ayush/Desktop/Learning_ROS2/ros2_ws/src/install/my_robot_interfaces/local/lib/python3.10/dist-packages/my_robot_interfaces/my_robot_interfaces_s__rosidl_typesupport_introspection_c.cpython-310-x86_64-linux-gnu.so
[5.213s] -- Installing: /home/ayush/Desktop/Learning_ROS2/ros2_ws/src/install/my_robot_interfaces/local/lib/python3.10/dist-packages/my_robot_interfaces/my_robot_interfaces_s__rosidl_typesupport_fastrtps_c.cpython-310-x86_64-linux-gnu.so
[5.213s] -- Installing: /home/ayush/Desktop/Learning_ROS2/ros2_ws/src/install/my_robot_interfaces/local/lib/python3.10/dist-packages/my_robot_interfaces/__init__.py
[5.213s] -- Installing: /home/ayush/Desktop/Learning_ROS2/ros2_ws/src/install/my_robot_interfaces/local/lib/python3.10/dist-packages/my_robot_interfaces/my_robot_interfaces_s__rosidl_typesupport_c.cpython-310-x86_64-linux-gnu.so
[5.213s] -- Installing: /home/ayush/Desktop/Learning_ROS2/ros2_ws/src/install/my_robot_interfaces/local/lib/python3.10/dist-packages/my_robot_interfaces/_my_robot_interfaces_s.ep.rosidl_typesupport_introspection_c.c
[5.213s] -- Installing: /home/ayush/Desktop/Learning_ROS2/ros2_ws/src/install/my_robot_interfaces/local/lib/python3.10/dist-packages/my_robot_interfaces/libmy_robot_interfaces__rosidl_generator_py.so
[5.213s] -- Installing: /home/ayush/Desktop/Learning_ROS2/ros2_ws/src/install/my_robot_interfaces/local/lib/python3.10/dist-packages/my_robot_interfaces/_my_robot_interfaces_s.ep.rosidl_typesupport_fastrtps_c.c
[5.213s] -- Installing: /home/ayush/Desktop/Learning_ROS2/ros2_ws/src/install/my_robot_interfaces/local/lib/python3.10/dist-packages/my_robot_interfaces/_my_robot_interfaces_s.ep.rosidl_typesupport_c.c
[5.256s] Listing '/home/ayush/Desktop/Learning_ROS2/ros2_ws/src/install/my_robot_interfaces/local/lib/python3.10/dist-packages/my_robot_interfaces'...
[5.256s] Compiling '/home/ayush/Desktop/Learning_ROS2/ros2_ws/src/install/my_robot_interfaces/local/lib/python3.10/dist-packages/my_robot_interfaces/__init__.py'...
[5.256s] Listing '/home/ayush/Desktop/Learning_ROS2/ros2_ws/src/install/my_robot_interfaces/local/lib/python3.10/dist-packages/my_robot_interfaces/msg'...
[5.256s] Compiling '/home/ayush/Desktop/Learning_ROS2/ros2_ws/src/install/my_robot_interfaces/local/lib/python3.10/dist-packages/my_robot_interfaces/msg/__init__.py'...
[5.256s] Compiling '/home/ayush/Desktop/Learning_ROS2/ros2_ws/src/install/my_robot_interfaces/local/lib/python3.10/dist-packages/my_robot_interfaces/msg/_hardware_status.py'...
[5.262s] -- Installing: /home/ayush/Desktop/Learning_ROS2/ros2_ws/src/install/my_robot_interfaces/local/lib/python3.10/dist-packages/my_robot_interfaces/my_robot_interfaces_s__rosidl_typesupport_fastrtps_c.cpython-310-x86_64-linux-gnu.so
[5.262s] -- Set runtime path of "/home/ayush/Desktop/Learning_ROS2/ros2_ws/src/install/my_robot_interfaces/local/lib/python3.10/dist-packages/my_robot_interfaces/my_robot_interfaces_s__rosidl_typesupport_fastrtps_c.cpython-310-x86_64-linux-gnu.so" to ""
[5.263s] -- Installing: /home/ayush/Desktop/Learning_ROS2/ros2_ws/src/install/my_robot_interfaces/local/lib/python3.10/dist-packages/my_robot_interfaces/my_robot_interfaces_s__rosidl_typesupport_introspection_c.cpython-310-x86_64-linux-gnu.so
[5.263s] -- Set runtime path of "/home/ayush/Desktop/Learning_ROS2/ros2_ws/src/install/my_robot_interfaces/local/lib/python3.10/dist-packages/my_robot_interfaces/my_robot_interfaces_s__rosidl_typesupport_introspection_c.cpython-310-x86_64-linux-gnu.so" to ""
[5.264s] -- Installing: /home/ayush/Desktop/Learning_ROS2/ros2_ws/src/install/my_robot_interfaces/local/lib/python3.10/dist-packages/my_robot_interfaces/my_robot_interfaces_s__rosidl_typesupport_c.cpython-310-x86_64-linux-gnu.so
[5.264s] -- Set runtime path of "/home/ayush/Desktop/Learning_ROS2/ros2_ws/src/install/my_robot_interfaces/local/lib/python3.10/dist-packages/my_robot_interfaces/my_robot_interfaces_s__rosidl_typesupport_c.cpython-310-x86_64-linux-gnu.so" to ""
[5.264s] -- Installing: /home/ayush/Desktop/Learning_ROS2/ros2_ws/src/install/my_robot_interfaces/lib/libmy_robot_interfaces__rosidl_generator_py.so
[5.265s] -- Set runtime path of "/home/ayush/Desktop/Learning_ROS2/ros2_ws/src/install/my_robot_interfaces/lib/libmy_robot_interfaces__rosidl_generator_py.so" to ""
[5.265s] -- Installing: /home/ayush/Desktop/Learning_ROS2/ros2_ws/src/install/my_robot_interfaces/share/my_robot_interfaces/msg/HardwareStatus.idl
[5.266s] -- Installing: /home/ayush/Desktop/Learning_ROS2/ros2_ws/src/install/my_robot_interfaces/share/my_robot_interfaces/msg/HardwareStatus.msg
[5.266s] -- Installing: /home/ayush/Desktop/Learning_ROS2/ros2_ws/src/install/my_robot_interfaces/share/ament_index/resource_index/package_run_dependencies/my_robot_interfaces
[5.266s] -- Installing: /home/ayush/Desktop/Learning_ROS2/ros2_ws/src/install/my_robot_interfaces/share/ament_index/resource_index/parent_prefix_path/my_robot_interfaces
[5.267s] -- Installing: /home/ayush/Desktop/Learning_ROS2/ros2_ws/src/install/my_robot_interfaces/share/my_robot_interfaces/environment/ament_prefix_path.sh
[5.267s] -- Installing: /home/ayush/Desktop/Learning_ROS2/ros2_ws/src/install/my_robot_interfaces/share/my_robot_interfaces/environment/ament_prefix_path.dsv
[5.267s] -- Installing: /home/ayush/Desktop/Learning_ROS2/ros2_ws/src/install/my_robot_interfaces/share/my_robot_interfaces/environment/path.sh
[5.268s] -- Installing: /home/ayush/Desktop/Learning_ROS2/ros2_ws/src/install/my_robot_interfaces/share/my_robot_interfaces/environment/path.dsv
[5.268s] -- Installing: /home/ayush/Desktop/Learning_ROS2/ros2_ws/src/install/my_robot_interfaces/share/my_robot_interfaces/local_setup.bash
[5.268s] -- Installing: /home/ayush/Desktop/Learning_ROS2/ros2_ws/src/install/my_robot_interfaces/share/my_robot_interfaces/local_setup.sh
[5.268s] -- Installing: /home/ayush/Desktop/Learning_ROS2/ros2_ws/src/install/my_robot_interfaces/share/my_robot_interfaces/local_setup.zsh
[5.269s] -- Installing: /home/ayush/Desktop/Learning_ROS2/ros2_ws/src/install/my_robot_interfaces/share/my_robot_interfaces/local_setup.dsv
[5.269s] -- Installing: /home/ayush/Desktop/Learning_ROS2/ros2_ws/src/install/my_robot_interfaces/share/my_robot_interfaces/package.dsv
[5.270s] -- Installing: /home/ayush/Desktop/Learning_ROS2/ros2_ws/src/install/my_robot_interfaces/share/ament_index/resource_index/packages/my_robot_interfaces
[5.270s] -- Installing: /home/ayush/Desktop/Learning_ROS2/ros2_ws/src/install/my_robot_interfaces/share/my_robot_interfaces/cmake/export_my_robot_interfaces__rosidl_generator_cExport.cmake
[5.270s] -- Installing: /home/ayush/Desktop/Learning_ROS2/ros2_ws/src/install/my_robot_interfaces/share/my_robot_interfaces/cmake/export_my_robot_interfaces__rosidl_generator_cExport-noconfig.cmake
[5.270s] -- Installing: /home/ayush/Desktop/Learning_ROS2/ros2_ws/src/install/my_robot_interfaces/share/my_robot_interfaces/cmake/export_my_robot_interfaces__rosidl_typesupport_fastrtps_cExport.cmake
[5.270s] -- Installing: /home/ayush/Desktop/Learning_ROS2/ros2_ws/src/install/my_robot_interfaces/share/my_robot_interfaces/cmake/export_my_robot_interfaces__rosidl_typesupport_fastrtps_cExport-noconfig.cmake
[5.271s] -- Installing: /home/ayush/Desktop/Learning_ROS2/ros2_ws/src/install/my_robot_interfaces/share/my_robot_interfaces/cmake/my_robot_interfaces__rosidl_typesupport_introspection_cExport.cmake
[5.271s] -- Installing: /home/ayush/Desktop/Learning_ROS2/ros2_ws/src/install/my_robot_interfaces/share/my_robot_interfaces/cmake/my_robot_interfaces__rosidl_typesupport_introspection_cExport-noconfig.cmake
[5.271s] -- Installing: /home/ayush/Desktop/Learning_ROS2/ros2_ws/src/install/my_robot_interfaces/share/my_robot_interfaces/cmake/my_robot_interfaces__rosidl_typesupport_cExport.cmake
[5.271s] -- Installing: /home/ayush/Desktop/Learning_ROS2/ros2_ws/src/install/my_robot_interfaces/share/my_robot_interfaces/cmake/my_robot_interfaces__rosidl_typesupport_cExport-noconfig.cmake
[5.272s] -- Installing: /home/ayush/Desktop/Learning_ROS2/ros2_ws/src/install/my_robot_interfaces/share/my_robot_interfaces/cmake/export_my_robot_interfaces__rosidl_generator_cppExport.cmake
[5.272s] -- Installing: /home/ayush/Desktop/Learning_ROS2/ros2_ws/src/install/my_robot_interfaces/share/my_robot_interfaces/cmake/export_my_robot_interfaces__rosidl_typesupport_fastrtps_cppExport.cmake
[5.272s] -- Installing: /home/ayush/Desktop/Learning_ROS2/ros2_ws/src/install/my_robot_interfaces/share/my_robot_interfaces/cmake/export_my_robot_interfaces__rosidl_typesupport_fastrtps_cppExport-noconfig.cmake
[5.272s] -- Installing: /home/ayush/Desktop/Learning_ROS2/ros2_ws/src/install/my_robot_interfaces/share/my_robot_interfaces/cmake/my_robot_interfaces__rosidl_typesupport_introspection_cppExport.cmake
[5.272s] -- Installing: /home/ayush/Desktop/Learning_ROS2/ros2_ws/src/install/my_robot_interfaces/share/my_robot_interfaces/cmake/my_robot_interfaces__rosidl_typesupport_introspection_cppExport-noconfig.cmake
[5.273s] -- Installing: /home/ayush/Desktop/Learning_ROS2/ros2_ws/src/install/my_robot_interfaces/share/my_robot_interfaces/cmake/my_robot_interfaces__rosidl_typesupport_cppExport.cmake
[5.273s] -- Installing: /home/ayush/Desktop/Learning_ROS2/ros2_ws/src/install/my_robot_interfaces/share/my_robot_interfaces/cmake/my_robot_interfaces__rosidl_typesupport_cppExport-noconfig.cmake
[5.273s] -- Installing: /home/ayush/Desktop/Learning_ROS2/ros2_ws/src/install/my_robot_interfaces/share/my_robot_interfaces/cmake/export_my_robot_interfaces__rosidl_generator_pyExport.cmake
[5.273s] -- Installing: /home/ayush/Desktop/Learning_ROS2/ros2_ws/src/install/my_robot_interfaces/share/my_robot_interfaces/cmake/export_my_robot_interfaces__rosidl_generator_pyExport-noconfig.cmake
[5.274s] -- Installing: /home/ayush/Desktop/Learning_ROS2/ros2_ws/src/install/my_robot_interfaces/share/my_robot_interfaces/cmake/rosidl_cmake-extras.cmake
[5.274s] -- Installing: /home/ayush/Desktop/Learning_ROS2/ros2_ws/src/install/my_robot_interfaces/share/my_robot_interfaces/cmake/ament_cmake_export_include_directories-extras.cmake
[5.274s] -- Installing: /home/ayush/Desktop/Learning_ROS2/ros2_ws/src/install/my_robot_interfaces/share/my_robot_interfaces/cmake/ament_cmake_export_libraries-extras.cmake
[5.274s] -- Installing: /home/ayush/Desktop/Learning_ROS2/ros2_ws/src/install/my_robot_interfaces/share/my_robot_interfaces/cmake/ament_cmake_export_targets-extras.cmake
[5.274s] -- Installing: /home/ayush/Desktop/Learning_ROS2/ros2_ws/src/install/my_robot_interfaces/share/my_robot_interfaces/cmake/rosidl_cmake_export_typesupport_targets-extras.cmake
[5.275s] -- Installing: /home/ayush/Desktop/Learning_ROS2/ros2_ws/src/install/my_robot_interfaces/share/my_robot_interfaces/cmake/ament_cmake_export_dependencies-extras.cmake
[5.275s] -- Installing: /home/ayush/Desktop/Learning_ROS2/ros2_ws/src/install/my_robot_interfaces/share/my_robot_interfaces/cmake/rosidl_cmake_export_typesupport_libraries-extras.cmake
[5.276s] -- Installing: /home/ayush/Desktop/Learning_ROS2/ros2_ws/src/install/my_robot_interfaces/share/my_robot_interfaces/cmake/my_robot_interfacesConfig.cmake
[5.276s] -- Installing: /home/ayush/Desktop/Learning_ROS2/ros2_ws/src/install/my_robot_interfaces/share/my_robot_interfaces/cmake/my_robot_interfacesConfig-version.cmake
[5.276s] -- Installing: /home/ayush/Desktop/Learning_ROS2/ros2_ws/src/install/my_robot_interfaces/share/my_robot_interfaces/package.xml
[5.279s] Invoked command in '/home/ayush/Desktop/Learning_ROS2/ros2_ws/src/build/my_robot_interfaces' returned '0': CMAKE_PREFIX_PATH=/opt/ros/humble /usr/bin/cmake --install /home/ayush/Desktop/Learning_ROS2/ros2_ws/src/build/my_robot_interfaces
