[0.932s] Invoking command in '/home/ayush/Desktop/Learning_ROS2/ros2_ws/src/my_py_pkg': PYTHONPATH=/home/ayush/Desktop/Learning_ROS2/ros2_ws/build/my_py_pkg/prefix_override:/usr/lib/python3/dist-packages/colcon_core/task/python/colcon_distutils_commands:/home/ayush/Desktop/Learning_ROS2/ros2_ws/install/my_py_pkg/lib/python3.10/site-packages:${PYTHONPATH} /usr/bin/python3 -W ignore:setup.py install is deprecated setup.py egg_info --egg-base ../../build/my_py_pkg build --build-base /home/ayush/Desktop/Learning_ROS2/ros2_ws/build/my_py_pkg/build install --record /home/ayush/Desktop/Learning_ROS2/ros2_ws/build/my_py_pkg/install.log --single-version-externally-managed install_data
[1.273s] running egg_info
[1.273s] writing ../../build/my_py_pkg/my_py_pkg.egg-info/PKG-INFO
[1.274s] writing dependency_links to ../../build/my_py_pkg/my_py_pkg.egg-info/dependency_links.txt
[1.274s] writing entry points to ../../build/my_py_pkg/my_py_pkg.egg-info/entry_points.txt
[1.274s] writing requirements to ../../build/my_py_pkg/my_py_pkg.egg-info/requires.txt
[1.274s] writing top-level names to ../../build/my_py_pkg/my_py_pkg.egg-info/top_level.txt
[1.277s] reading manifest file '../../build/my_py_pkg/my_py_pkg.egg-info/SOURCES.txt'
[1.283s] writing manifest file '../../build/my_py_pkg/my_py_pkg.egg-info/SOURCES.txt'
[1.283s] running build
[1.283s] running build_py
[1.283s] copying my_py_pkg/led_status_node.py -> /home/ayush/Desktop/Learning_ROS2/ros2_ws/build/my_py_pkg/build/lib/my_py_pkg
[1.284s] running install
[1.284s] running install_lib
[1.285s] copying /home/ayush/Desktop/Learning_ROS2/ros2_ws/build/my_py_pkg/build/lib/my_py_pkg/led_status_node.py -> /home/ayush/Desktop/Learning_ROS2/ros2_ws/install/my_py_pkg/lib/python3.10/site-packages/my_py_pkg
[1.286s] byte-compiling /home/ayush/Desktop/Learning_ROS2/ros2_ws/install/my_py_pkg/lib/python3.10/site-packages/my_py_pkg/led_status_node.py to led_status_node.cpython-310.pyc
[1.286s] running install_data
[1.286s] running install_egg_info
[1.288s] removing '/home/ayush/Desktop/Learning_ROS2/ros2_ws/install/my_py_pkg/lib/python3.10/site-packages/my_py_pkg-0.0.0-py3.10.egg-info' (and everything under it)
[1.288s] Copying ../../build/my_py_pkg/my_py_pkg.egg-info to /home/ayush/Desktop/Learning_ROS2/ros2_ws/install/my_py_pkg/lib/python3.10/site-packages/my_py_pkg-0.0.0-py3.10.egg-info
[1.289s] running install_scripts
[1.311s] Installing add_two_ints_client script to /home/ayush/Desktop/Learning_ROS2/ros2_ws/install/my_py_pkg/lib/my_py_pkg
[1.312s] Installing add_two_ints_client_no_oop script to /home/ayush/Desktop/Learning_ROS2/ros2_ws/install/my_py_pkg/lib/my_py_pkg
[1.312s] Installing add_two_ints_server script to /home/ayush/Desktop/Learning_ROS2/ros2_ws/install/my_py_pkg/lib/my_py_pkg
[1.312s] Installing hw_status_publisher script to /home/ayush/Desktop/Learning_ROS2/ros2_ws/install/my_py_pkg/lib/my_py_pkg
[1.312s] Installing led_status_node script to /home/ayush/Desktop/Learning_ROS2/ros2_ws/install/my_py_pkg/lib/my_py_pkg
[1.312s] Installing py_node script to /home/ayush/Desktop/Learning_ROS2/ros2_ws/install/my_py_pkg/lib/my_py_pkg
[1.313s] Installing robot_news_station script to /home/ayush/Desktop/Learning_ROS2/ros2_ws/install/my_py_pkg/lib/my_py_pkg
[1.313s] Installing smartphone script to /home/ayush/Desktop/Learning_ROS2/ros2_ws/install/my_py_pkg/lib/my_py_pkg
[1.313s] writing list of installed files to '/home/ayush/Desktop/Learning_ROS2/ros2_ws/build/my_py_pkg/install.log'
[1.346s] Invoked command in '/home/ayush/Desktop/Learning_ROS2/ros2_ws/src/my_py_pkg' returned '0': PYTHONPATH=/home/ayush/Desktop/Learning_ROS2/ros2_ws/build/my_py_pkg/prefix_override:/usr/lib/python3/dist-packages/colcon_core/task/python/colcon_distutils_commands:/home/ayush/Desktop/Learning_ROS2/ros2_ws/install/my_py_pkg/lib/python3.10/site-packages:${PYTHONPATH} /usr/bin/python3 -W ignore:setup.py install is deprecated setup.py egg_info --egg-base ../../build/my_py_pkg build --build-base /home/ayush/Desktop/Learning_ROS2/ros2_ws/build/my_py_pkg/build install --record /home/ayush/Desktop/Learning_ROS2/ros2_ws/build/my_py_pkg/install.log --single-version-externally-managed install_data
