[0.734s] Invoking command in '/home/ayush/Desktop/Learning_ROS2/ros2_ws/build/my_py_pkg': AMENT_PREFIX_PATH=/home/ayush/Desktop/Learning_ROS2/ros2_ws/install/my_robot_interfaces:${AMENT_PREFIX_PATH} CMAKE_PREFIX_PATH=/home/ayush/Desktop/Learning_ROS2/ros2_ws/install/my_robot_interfaces:${CMAKE_PREFIX_PATH} LD_LIBRARY_PATH=/home/ayush/Desktop/Learning_ROS2/ros2_ws/install/my_robot_interfaces/lib:${LD_LIBRARY_PATH} PYTHONPATH=/home/ayush/Desktop/Learning_ROS2/ros2_ws/build/my_py_pkg/prefix_override:/usr/lib/python3/dist-packages/colcon_core/task/python/colcon_distutils_commands:/home/ayush/Desktop/Learning_ROS2/ros2_ws/install/my_py_pkg/lib/python3.10/site-packages:/home/ayush/Desktop/Learning_ROS2/ros2_ws/install/my_robot_interfaces/local/lib/python3.10/dist-packages:${PYTHONPATH} /usr/bin/python3 -W ignore:setup.py install is deprecated setup.py develop --editable --build-directory /home/ayush/Desktop/Learning_ROS2/ros2_ws/build/my_py_pkg/build --no-deps symlink_data --force
[1.038s] running develop
[1.038s] /usr/lib/python3/dist-packages/setuptools/command/easy_install.py:158: EasyInstallDeprecationWarning: easy_install command is deprecated. Use build and pip and other standards-based tools.
[1.038s]   warnings.warn(
[1.237s] running egg_info
[1.237s] writing my_py_pkg.egg-info/PKG-INFO
[1.237s] writing dependency_links to my_py_pkg.egg-info/dependency_links.txt
[1.237s] writing entry points to my_py_pkg.egg-info/entry_points.txt
[1.237s] writing requirements to my_py_pkg.egg-info/requires.txt
[1.237s] writing top-level names to my_py_pkg.egg-info/top_level.txt
[1.240s] reading manifest file 'my_py_pkg.egg-info/SOURCES.txt'
[1.241s] writing manifest file 'my_py_pkg.egg-info/SOURCES.txt'
[1.293s] running build_ext
[1.293s] Creating /home/ayush/Desktop/Learning_ROS2/ros2_ws/install/my_py_pkg/lib/python3.10/site-packages/my-py-pkg.egg-link (link to .)
[1.294s] Installing add_two_ints_client script to /home/ayush/Desktop/Learning_ROS2/ros2_ws/install/my_py_pkg/lib/my_py_pkg
[1.295s] Installing add_two_ints_client_no_oop script to /home/ayush/Desktop/Learning_ROS2/ros2_ws/install/my_py_pkg/lib/my_py_pkg
[1.295s] Installing add_two_ints_server script to /home/ayush/Desktop/Learning_ROS2/ros2_ws/install/my_py_pkg/lib/my_py_pkg
[1.295s] Installing hw_status_publisher script to /home/ayush/Desktop/Learning_ROS2/ros2_ws/install/my_py_pkg/lib/my_py_pkg
[1.295s] Installing py_node script to /home/ayush/Desktop/Learning_ROS2/ros2_ws/install/my_py_pkg/lib/my_py_pkg
[1.295s] Installing robot_news_station script to /home/ayush/Desktop/Learning_ROS2/ros2_ws/install/my_py_pkg/lib/my_py_pkg
[1.295s] Installing smartphone script to /home/ayush/Desktop/Learning_ROS2/ros2_ws/install/my_py_pkg/lib/my_py_pkg
[1.295s] 
[1.295s] Installed /home/ayush/Desktop/Learning_ROS2/ros2_ws/build/my_py_pkg
[1.296s] running symlink_data
[1.296s] symbolically linking /home/ayush/Desktop/Learning_ROS2/ros2_ws/build/my_py_pkg/resource/my_py_pkg -> /home/ayush/Desktop/Learning_ROS2/ros2_ws/install/my_py_pkg/share/ament_index/resource_index/packages
[1.296s] symbolically linking /home/ayush/Desktop/Learning_ROS2/ros2_ws/build/my_py_pkg/package.xml -> /home/ayush/Desktop/Learning_ROS2/ros2_ws/install/my_py_pkg/share/my_py_pkg
[1.330s] Invoked command in '/home/ayush/Desktop/Learning_ROS2/ros2_ws/build/my_py_pkg' returned '0': AMENT_PREFIX_PATH=/home/ayush/Desktop/Learning_ROS2/ros2_ws/install/my_robot_interfaces:${AMENT_PREFIX_PATH} CMAKE_PREFIX_PATH=/home/ayush/Desktop/Learning_ROS2/ros2_ws/install/my_robot_interfaces:${CMAKE_PREFIX_PATH} LD_LIBRARY_PATH=/home/ayush/Desktop/Learning_ROS2/ros2_ws/install/my_robot_interfaces/lib:${LD_LIBRARY_PATH} PYTHONPATH=/home/ayush/Desktop/Learning_ROS2/ros2_ws/build/my_py_pkg/prefix_override:/usr/lib/python3/dist-packages/colcon_core/task/python/colcon_distutils_commands:/home/ayush/Desktop/Learning_ROS2/ros2_ws/install/my_py_pkg/lib/python3.10/site-packages:/home/ayush/Desktop/Learning_ROS2/ros2_ws/install/my_robot_interfaces/local/lib/python3.10/dist-packages:${PYTHONPATH} /usr/bin/python3 -W ignore:setup.py install is deprecated setup.py develop --editable --build-directory /home/ayush/Desktop/Learning_ROS2/ros2_ws/build/my_py_pkg/build --no-deps symlink_data --force
